/home/runner/work/test-zip-extract-repository/test-zip-extract-repository/workdir/tests/invenio-config/original/.venv/lib/python3.14/site-packages/_pytest/config/__init__.py:324: PluggyTeardownRaisedWarning: A plugin raised an exception during an old-style hookwrapper teardown.
Plugin: helpconfig, Hook: pytest_cmdline_parse
AttributeError: module 'ast' has no attribute 'Str'
For more information see https://pluggy.readthedocs.io/en/stable/api_reference.html#pluggy.PluggyTeardownRaisedWarning
  config = pluginmanager.hook.pytest_cmdline_parse(
Traceback (most recent call last):
  File "<frozen runpy>", line 198, in _run_module_as_main
  File "<frozen runpy>", line 88, in _run_code
  File "/home/runner/work/test-zip-extract-repository/test-zip-extract-repository/workdir/tests/invenio-config/original/.venv/lib/python3.14/site-packages/pytest/__main__.py", line 5, in <module>
    raise SystemExit(pytest.console_main())
                     ~~~~~~~~~~~~~~~~~~~^^
  File "/home/runner/work/test-zip-extract-repository/test-zip-extract-repository/workdir/tests/invenio-config/original/.venv/lib/python3.14/site-packages/_pytest/config/__init__.py", line 187, in console_main
    code = main()
  File "/home/runner/work/test-zip-extract-repository/test-zip-extract-repository/workdir/tests/invenio-config/original/.venv/lib/python3.14/site-packages/_pytest/config/__init__.py", line 145, in main
    config = _prepareconfig(args, plugins)
  File "/home/runner/work/test-zip-extract-repository/test-zip-extract-repository/workdir/tests/invenio-config/original/.venv/lib/python3.14/site-packages/_pytest/config/__init__.py", line 324, in _prepareconfig
    config = pluginmanager.hook.pytest_cmdline_parse(
        pluginmanager=pluginmanager, args=args
    )
  File "/home/runner/work/test-zip-extract-repository/test-zip-extract-repository/workdir/tests/invenio-config/original/.venv/lib/python3.14/site-packages/pluggy/_hooks.py", line 512, in __call__
    return self._hookexec(self.name, self._hookimpls.copy(), kwargs, firstresult)
           ~~~~~~~~~~~~~~^^^^^^^^^^^^^^^^^^^^^^^^^^^^^^^^^^^^^^^^^^^^^^^^^^^^^^^^
  File "/home/runner/work/test-zip-extract-repository/test-zip-extract-repository/workdir/tests/invenio-config/original/.venv/lib/python3.14/site-packages/pluggy/_manager.py", line 120, in _hookexec
    return self._inner_hookexec(hook_name, methods, kwargs, firstresult)
           ~~~~~~~~~~~~~~~~~~~~^^^^^^^^^^^^^^^^^^^^^^^^^^^^^^^^^^^^^^^^^
  File "/home/runner/work/test-zip-extract-repository/test-zip-extract-repository/workdir/tests/invenio-config/original/.venv/lib/python3.14/site-packages/pluggy/_callers.py", line 167, in _multicall
    raise exception
  File "/home/runner/work/test-zip-extract-repository/test-zip-extract-repository/workdir/tests/invenio-config/original/.venv/lib/python3.14/site-packages/pluggy/_callers.py", line 139, in _multicall
    teardown.throw(exception)
    ~~~~~~~~~~~~~~^^^^^^^^^^^
  File "/home/runner/work/test-zip-extract-repository/test-zip-extract-repository/workdir/tests/invenio-config/original/.venv/lib/python3.14/site-packages/pluggy/_callers.py", line 43, in run_old_style_hookwrapper
    teardown.send(result)
    ~~~~~~~~~~~~~^^^^^^^^
  File "/home/runner/work/test-zip-extract-repository/test-zip-extract-repository/workdir/tests/invenio-config/original/.venv/lib/python3.14/site-packages/_pytest/helpconfig.py", line 102, in pytest_cmdline_parse
    config: Config = outcome.get_result()
                     ~~~~~~~~~~~~~~~~~~^^
  File "/home/runner/work/test-zip-extract-repository/test-zip-extract-repository/workdir/tests/invenio-config/original/.venv/lib/python3.14/site-packages/pluggy/_result.py", line 103, in get_result
    raise exc.with_traceback(tb)
  File "/home/runner/work/test-zip-extract-repository/test-zip-extract-repository/workdir/tests/invenio-config/original/.venv/lib/python3.14/site-packages/pluggy/_callers.py", line 38, in run_old_style_hookwrapper
    res = yield
          ^^^^^
  File "/home/runner/work/test-zip-extract-repository/test-zip-extract-repository/workdir/tests/invenio-config/original/.venv/lib/python3.14/site-packages/pluggy/_callers.py", line 121, in _multicall
    res = hook_impl.function(*args)
  File "/home/runner/work/test-zip-extract-repository/test-zip-extract-repository/workdir/tests/invenio-config/original/.venv/lib/python3.14/site-packages/_pytest/config/__init__.py", line 1017, in pytest_cmdline_parse
    self.parse(args)
    ~~~~~~~~~~^^^^^^
  File "/home/runner/work/test-zip-extract-repository/test-zip-extract-repository/workdir/tests/invenio-config/original/.venv/lib/python3.14/site-packages/_pytest/config/__init__.py", line 1305, in parse
    self._preparse(args, addopts=addopts)
    ~~~~~~~~~~~~~~^^^^^^^^^^^^^^^^^^^^^^^
  File "/home/runner/work/test-zip-extract-repository/test-zip-extract-repository/workdir/tests/invenio-config/original/.venv/lib/python3.14/site-packages/_pytest/config/__init__.py", line 1188, in _preparse
    self.pluginmanager.load_setuptools_entrypoints("pytest11")
    ~~~~~~~~~~~~~~~~~~~~~~~~~~~~~~~~~~~~~~~~~~~~~~^^^^^^^^^^^^
  File "/home/runner/work/test-zip-extract-repository/test-zip-extract-repository/workdir/tests/invenio-config/original/.venv/lib/python3.14/site-packages/pluggy/_manager.py", line 416, in load_setuptools_entrypoints
    plugin = ep.load()
  File "/opt/hostedtoolcache/Python/3.14.2/x64/lib/python3.14/importlib/metadata/__init__.py", line 179, in load
    module = import_module(match.group('module'))
  File "/opt/hostedtoolcache/Python/3.14.2/x64/lib/python3.14/importlib/__init__.py", line 88, in import_module
    return _bootstrap._gcd_import(name[level:], package, level)
           ~~~~~~~~~~~~~~~~~~~~~~^^^^^^^^^^^^^^^^^^^^^^^^^^^^^^
  File "<frozen importlib._bootstrap>", line 1398, in _gcd_import
  File "<frozen importlib._bootstrap>", line 1371, in _find_and_load
  File "<frozen importlib._bootstrap>", line 1314, in _find_and_load_unlocked
  File "<frozen importlib._bootstrap>", line 491, in _call_with_frames_removed
  File "<frozen importlib._bootstrap>", line 1398, in _gcd_import
  File "<frozen importlib._bootstrap>", line 1371, in _find_and_load
  File "<frozen importlib._bootstrap>", line 1342, in _find_and_load_unlocked
  File "<frozen importlib._bootstrap>", line 938, in _load_unlocked
  File "/home/runner/work/test-zip-extract-repository/test-zip-extract-repository/workdir/tests/invenio-config/original/.venv/lib/python3.14/site-packages/_pytest/assertion/rewrite.py", line 159, in exec_module
    source_stat, co = _rewrite_test(fn, self.config)
                      ~~~~~~~~~~~~~^^^^^^^^^^^^^^^^^
  File "/home/runner/work/test-zip-extract-repository/test-zip-extract-repository/workdir/tests/invenio-config/original/.venv/lib/python3.14/site-packages/_pytest/assertion/rewrite.py", line 338, in _rewrite_test
    rewrite_asserts(tree, source, strfn, config)
    ~~~~~~~~~~~~~~~^^^^^^^^^^^^^^^^^^^^^^^^^^^^^
  File "/home/runner/work/test-zip-extract-repository/test-zip-extract-repository/workdir/tests/invenio-config/original/.venv/lib/python3.14/site-packages/_pytest/assertion/rewrite.py", line 399, in rewrite_asserts
    AssertionRewriter(module_path, config, source).run(mod)
    ~~~~~~~~~~~~~~~~~~~~~~~~~~~~~~~~~~~~~~~~~~~~~~~~~~^^^^^
  File "/home/runner/work/test-zip-extract-repository/test-zip-extract-repository/workdir/tests/invenio-config/original/.venv/lib/python3.14/site-packages/_pytest/assertion/rewrite.py", line 670, in run
    and isinstance(item.value, ast.Str)
                               ^^^^^^^
AttributeError: module 'ast' has no attribute 'Str'
