running extract_messages
extracting messages from invenio_previewer/__init__.py (encoding="utf-8")
extracting messages from invenio_previewer/api.py (encoding="utf-8")
extracting messages from invenio_previewer/config.py (encoding="utf-8")
extracting messages from invenio_previewer/ext.py (encoding="utf-8")
extracting messages from invenio_previewer/proxies.py (encoding="utf-8")
extracting messages from invenio_previewer/utils.py (encoding="utf-8")
extracting messages from invenio_previewer/views.py (encoding="utf-8")
extracting messages from invenio_previewer/webpack.py (encoding="utf-8")
extracting messages from invenio_previewer/assets/bootstrap3/js/invenio_previewer/previewer_theme.js (encoding="utf-8", extract_messages="$._, jQuery._")
extracting messages from invenio_previewer/assets/bootstrap3/js/invenio_previewer/prismjs.js (encoding="utf-8", extract_messages="$._, jQuery._")
extracting messages from invenio_previewer/assets/bootstrap3/js/invenio_previewer/csv_previewer/init.js (encoding="utf-8", extract_messages="$._, jQuery._")
extracting messages from invenio_previewer/assets/semantic-ui/js/invenio_previewer/bottom.js (encoding="utf-8", extract_messages="$._, jQuery._")
extracting messages from invenio_previewer/assets/semantic-ui/js/invenio_previewer/previewer_theme.js (encoding="utf-8", extract_messages="$._, jQuery._")
extracting messages from invenio_previewer/assets/semantic-ui/js/invenio_previewer/prismjs.js (encoding="utf-8", extract_messages="$._, jQuery._")
extracting messages from invenio_previewer/assets/semantic-ui/js/invenio_previewer/csv_previewer/init.js (encoding="utf-8", extract_messages="$._, jQuery._")
extracting messages from invenio_previewer/extensions/__init__.py (encoding="utf-8")
extracting messages from invenio_previewer/extensions/audio_videojs.py (encoding="utf-8")
extracting messages from invenio_previewer/extensions/csv_papaparsejs.py (encoding="utf-8")
extracting messages from invenio_previewer/extensions/default.py (encoding="utf-8")
extracting messages from invenio_previewer/extensions/ipynb.py (encoding="utf-8")
extracting messages from invenio_previewer/extensions/json_prismjs.py (encoding="utf-8")
extracting messages from invenio_previewer/extensions/mistune.py (encoding="utf-8")
extracting messages from invenio_previewer/extensions/pdfjs.py (encoding="utf-8")
extracting messages from invenio_previewer/extensions/simple_image.py (encoding="utf-8")
extracting messages from invenio_previewer/extensions/txt.py (encoding="utf-8")
extracting messages from invenio_previewer/extensions/video_videojs.py (encoding="utf-8")
extracting messages from invenio_previewer/extensions/web_archive.py (encoding="utf-8")
extracting messages from invenio_previewer/extensions/xml_prismjs.py (encoding="utf-8")
extracting messages from invenio_previewer/extensions/zip.py (encoding="utf-8")
extracting messages from invenio_previewer/static/js/fullscreen.js (encoding="utf-8", extract_messages="$._, jQuery._")
extracting messages from invenio_previewer/static/js/open_pdf.js (encoding="utf-8", extract_messages="$._, jQuery._")
extracting messages from invenio_previewer/templates/invenio_previewer/abstract_previewer.html (encoding="utf-8")
extracting messages from invenio_previewer/templates/invenio_previewer/base.html (encoding="utf-8")
extracting messages from invenio_previewer/templates/invenio_previewer/bottom.html (encoding="utf-8")
extracting messages from invenio_previewer/templates/invenio_previewer/csv_bar.html (encoding="utf-8")
extracting messages from invenio_previewer/templates/invenio_previewer/default.html (encoding="utf-8")
extracting messages from invenio_previewer/templates/invenio_previewer/ipynb.html (encoding="utf-8")
extracting messages from invenio_previewer/templates/invenio_previewer/json_prismjs.html (encoding="utf-8")
extracting messages from invenio_previewer/templates/invenio_previewer/macros.html (encoding="utf-8")
extracting messages from invenio_previewer/templates/invenio_previewer/mistune.html (encoding="utf-8")
extracting messages from invenio_previewer/templates/invenio_previewer/pdfjs.html (encoding="utf-8")
extracting messages from invenio_previewer/templates/invenio_previewer/simple_image.html (encoding="utf-8")
extracting messages from invenio_previewer/templates/invenio_previewer/top.html (encoding="utf-8")
extracting messages from invenio_previewer/templates/invenio_previewer/txt.html (encoding="utf-8")
extracting messages from invenio_previewer/templates/invenio_previewer/web_archive.html (encoding="utf-8")
extracting messages from invenio_previewer/templates/invenio_previewer/xml_prismjs.html (encoding="utf-8")
extracting messages from invenio_previewer/templates/invenio_previewer/zip.html (encoding="utf-8")
extracting messages from invenio_previewer/templates/semantic-ui/invenio_previewer/abstract_previewer.html (encoding="utf-8")
extracting messages from invenio_previewer/templates/semantic-ui/invenio_previewer/audio_videojs.html (encoding="utf-8")
extracting messages from invenio_previewer/templates/semantic-ui/invenio_previewer/base.html (encoding="utf-8")
extracting messages from invenio_previewer/templates/semantic-ui/invenio_previewer/bottom.html (encoding="utf-8")
extracting messages from invenio_previewer/templates/semantic-ui/invenio_previewer/csv_bar.html (encoding="utf-8")
extracting messages from invenio_previewer/templates/semantic-ui/invenio_previewer/default.html (encoding="utf-8")
extracting messages from invenio_previewer/templates/semantic-ui/invenio_previewer/ipynb.html (encoding="utf-8")
extracting messages from invenio_previewer/templates/semantic-ui/invenio_previewer/json_prismjs.html (encoding="utf-8")
extracting messages from invenio_previewer/templates/semantic-ui/invenio_previewer/macros.html (encoding="utf-8")
extracting messages from invenio_previewer/templates/semantic-ui/invenio_previewer/mistune.html (encoding="utf-8")
extracting messages from invenio_previewer/templates/semantic-ui/invenio_previewer/simple_image.html (encoding="utf-8")
extracting messages from invenio_previewer/templates/semantic-ui/invenio_previewer/top.html (encoding="utf-8")
extracting messages from invenio_previewer/templates/semantic-ui/invenio_previewer/txt.html (encoding="utf-8")
extracting messages from invenio_previewer/templates/semantic-ui/invenio_previewer/videojs.html (encoding="utf-8")
extracting messages from invenio_previewer/templates/semantic-ui/invenio_previewer/web_archive.html (encoding="utf-8")
extracting messages from invenio_previewer/templates/semantic-ui/invenio_previewer/xml_prismjs.html (encoding="utf-8")
extracting messages from invenio_previewer/templates/semantic-ui/invenio_previewer/zip.html (encoding="utf-8")
writing PO template file to /dev/null
 postgresql Pulling 
 dda3d8fbd5ed Pulling fs layer 
 873532e5f8c7 Pulling fs layer 
 cb628c265f09 Pulling fs layer 
 b0a0cf830b12 Pulling fs layer 
 050d9f8c3b1c Pulling fs layer 
 c1cb13b19080 Pulling fs layer 
 f8406d9c00ea Pulling fs layer 
 c199bff16b05 Pulling fs layer 
 283a477db7bb Pulling fs layer 
 91d2729fa4d5 Pulling fs layer 
 e0d55fdb4d15 Pulling fs layer 
 9739ced65621 Pulling fs layer 
 ae3bb1b347a4 Pulling fs layer 
 710e142705f8 Pulling fs layer 
 cb628c265f09 Download complete 
 050d9f8c3b1c Download complete 
 b0a0cf830b12 Downloading [=>                                                 ]  1.049MB/29.15MB
 dda3d8fbd5ed Download complete 
 873532e5f8c7 Download complete 
 5682dec5b749 Download complete 
 c1cb13b19080 Download complete 
 283a477db7bb Download complete 
 c199bff16b05 Download complete 
 710e142705f8 Download complete 
 b0a0cf830b12 Downloading [============================>                      ]  16.78MB/29.15MB
 f8406d9c00ea Download complete 
 e0d55fdb4d15 Downloading [=>                                                 ]  4.194MB/109MB
 9739ced65621 Downloading [================================>                  ]  5.243MB/8.069MB
 91d2729fa4d5 Download complete 
 ae3bb1b347a4 Download complete 
 9739ced65621 Download complete 
 56b5e4f0933d Download complete 
 b0a0cf830b12 Downloading [==================================================>]  29.15MB/29.15MB
 e0d55fdb4d15 Downloading [===>                                               ]   7.34MB/109MB
 b0a0cf830b12 Download complete 
 e0d55fdb4d15 Downloading [====>                                              ]  9.437MB/109MB
 b0a0cf830b12 Extracting 1 s
 e0d55fdb4d15 Downloading [======>                                            ]  13.63MB/109MB
 b0a0cf830b12 Extracting 1 s
 e0d55fdb4d15 Downloading [=========>                                         ]  20.97MB/109MB
 b0a0cf830b12 Extracting 1 s
 e0d55fdb4d15 Downloading [============>                                      ]  27.26MB/109MB
 b0a0cf830b12 Extracting 1 s
 e0d55fdb4d15 Downloading [==============>                                    ]  31.46MB/109MB
 b0a0cf830b12 Extracting 1 s
 e0d55fdb4d15 Downloading [=================>                                 ]  37.75MB/109MB
 b0a0cf830b12 Extracting 1 s
 e0d55fdb4d15 Downloading [====================>                              ]  44.04MB/109MB
 b0a0cf830b12 Extracting 1 s
 e0d55fdb4d15 Downloading [========================>                          ]  52.43MB/109MB
 b0a0cf830b12 Extracting 1 s
 e0d55fdb4d15 Downloading [==============================>                    ]     66MB/109MB
 dda3d8fbd5ed Pull complete 
 283a477db7bb Extracting 1 s
 b0a0cf830b12 Pull complete 
 e0d55fdb4d15 Downloading [=================================>                 ]  72.35MB/109MB
 283a477db7bb Pull complete 
 91d2729fa4d5 Pull complete 
 9739ced65621 Extracting 1 s
 e0d55fdb4d15 Downloading [===================================>               ]  76.55MB/109MB
 9739ced65621 Extracting 1 s
 e0d55fdb4d15 Downloading [====================================>              ]  78.64MB/109MB
 ae3bb1b347a4 Extracting 1 s
 9739ced65621 Pull complete 
 e0d55fdb4d15 Downloading [====================================>              ]  79.69MB/109MB
 c199bff16b05 Pull complete 
 f8406d9c00ea Pull complete 
 ae3bb1b347a4 Pull complete 
 e0d55fdb4d15 Downloading [======================================>            ]  84.93MB/109MB
 e0d55fdb4d15 Downloading [========================================>          ]  89.13MB/109MB
 e0d55fdb4d15 Downloading [==========================================>        ]  93.32MB/109MB
 e0d55fdb4d15 Downloading [============================================>      ]  97.52MB/109MB
 e0d55fdb4d15 Downloading [==============================================>    ]  101.7MB/109MB
 e0d55fdb4d15 Downloading [================================================>  ]  105.9MB/109MB
 e0d55fdb4d15 Download complete 
 e0d55fdb4d15 Extracting 1 s
 e0d55fdb4d15 Extracting 1 s
 e0d55fdb4d15 Extracting 1 s
 e0d55fdb4d15 Extracting 1 s
 e0d55fdb4d15 Extracting 1 s
 e0d55fdb4d15 Extracting 1 s
 e0d55fdb4d15 Extracting 1 s
 e0d55fdb4d15 Extracting 1 s
 e0d55fdb4d15 Extracting 1 s
 e0d55fdb4d15 Extracting 1 s
 e0d55fdb4d15 Extracting 2 s
 e0d55fdb4d15 Extracting 2 s
 e0d55fdb4d15 Extracting 2 s
 e0d55fdb4d15 Extracting 2 s
 e0d55fdb4d15 Extracting 2 s
 e0d55fdb4d15 Extracting 2 s
 e0d55fdb4d15 Extracting 2 s
 e0d55fdb4d15 Extracting 2 s
 e0d55fdb4d15 Extracting 2 s
 cb628c265f09 Pull complete 
 050d9f8c3b1c Pull complete 
 873532e5f8c7 Pull complete 
 c1cb13b19080 Pull complete 
 710e142705f8 Pull complete 
 e0d55fdb4d15 Pull complete 
 postgresql Pulled 
 Network docker_services_cli_default  Creating
 Network docker_services_cli_default  Created
 Container docker_services_cli-postgresql-1  Creating
 Container docker_services_cli-postgresql-1  Created
 Container docker_services_cli-postgresql-1  Starting
 Container docker_services_cli-postgresql-1  Started
::warning file=/home/runner/work/test-zip-extract-repository/test-zip-extract-repository/workdir/tests/invenio-previewer/original/.venv/lib/python3.14/site-packages/webargs/compat.py,line=8::The '__version__' attribute is deprecated and will be removed in in a future version. Use feature detection or 'importlib.metadata.version("marshmallow")' instead.
::warning file=/home/runner/work/test-zip-extract-repository/test-zip-extract-repository/workdir/tests/invenio-previewer/original/.venv/lib/python3.14/site-packages/webargs/compat.py,line=8::distutils Version classes are deprecated. Use packaging.version instead.
::warning file=/home/runner/work/test-zip-extract-repository/test-zip-extract-repository/workdir/tests/invenio-previewer/original/.venv/lib/python3.14/site-packages/webargs/__init__.py,line=13::distutils Version classes are deprecated. Use packaging.version instead.
============================= test session starts ==============================
platform linux -- Python 3.14.2, pytest-8.4.2, pluggy-1.6.0
rootdir: /home/runner/work/test-zip-extract-repository/test-zip-extract-repository/workdir/tests/invenio-previewer/original
configfile: setup.cfg
testpaths: tests, invenio_previewer
plugins: invenio-4.0.0, isort-4.0.0, flask-1.3.0, github-actions-annotate-failures-0.3.0, pydocstyle-2.4.0, cov-7.0.0, black-0.6.0, pycodestyle-2.5.0
collected 35 items

tests/test_invenio_previewer.py .....                                    [ 14%]
tests/test_macros.py .::warning file=/home/runner/work/test-zip-extract-repository/test-zip-extract-repository/workdir/tests/invenio-previewer/original/.venv/lib/python3.14/site-packages/invenio_records/api.py,line=334::nested transaction already deassociated from connection
::warning file=/home/runner/work/test-zip-extract-repository/test-zip-extract-repository/workdir/tests/invenio-previewer/original/tests/test_macros.py,line=39::nested transaction already deassociated from connection
.::warning file=/home/runner/work/test-zip-extract-repository/test-zip-extract-repository/workdir/tests/invenio-previewer/original/.venv/lib/python3.14/site-packages/invenio_records/api.py,line=334::nested transaction already deassociated from connection
::warning file=/home/runner/work/test-zip-extract-repository/test-zip-extract-repository/workdir/tests/invenio-previewer/original/tests/test_macros.py,line=39::nested transaction already deassociated from connection
.::warning file=/home/runner/work/test-zip-extract-repository/test-zip-extract-repository/workdir/tests/invenio-previewer/original/.venv/lib/python3.14/site-packages/invenio_records/api.py,line=334::nested transaction already deassociated from connection
::warning file=/home/runner/work/test-zip-extract-repository/test-zip-extract-repository/workdir/tests/invenio-previewer/original/tests/test_macros.py,line=39::nested transaction already deassociated from connection
.::warning file=/home/runner/work/test-zip-extract-repository/test-zip-extract-repository/workdir/tests/invenio-previewer/original/.venv/lib/python3.14/site-packages/invenio_records/api.py,line=334::nested transaction already deassociated from connection
::warning file=/home/runner/work/test-zip-extract-repository/test-zip-extract-repository/workdir/tests/invenio-previewer/original/tests/test_macros.py,line=39::nested transaction already deassociated from connection
.::warning file=/home/runner/work/test-zip-extract-repository/test-zip-extract-repository/workdir/tests/invenio-previewer/original/.venv/lib/python3.14/site-packages/invenio_records/api.py,line=334::nested transaction already deassociated from connection
::warning file=/home/runner/work/test-zip-extract-repository/test-zip-extract-repository/workdir/tests/invenio-previewer/original/tests/test_macros.py,line=39::nested transaction already deassociated from connection
.::warning file=/home/runner/work/test-zip-extract-repository/test-zip-extract-repository/workdir/tests/invenio-previewer/original/.venv/lib/python3.14/site-packages/invenio_records/api.py,line=334::nested transaction already deassociated from connection
::warning file=/home/runner/work/test-zip-extract-repository/test-zip-extract-repository/workdir/tests/invenio-previewer/original/tests/test_macros.py,line=39::nested transaction already deassociated from connection
.::warning file=/home/runner/work/test-zip-extract-repository/test-zip-extract-repository/workdir/tests/invenio-previewer/original/.venv/lib/python3.14/site-packages/invenio_records/api.py,line=334::nested transaction already deassociated from connection
::warning file=/home/runner/work/test-zip-extract-repository/test-zip-extract-repository/workdir/tests/invenio-previewer/original/tests/test_macros.py,line=39::nested transaction already deassociated from connection
.::warning file=/home/runner/work/test-zip-extract-repository/test-zip-extract-repository/workdir/tests/invenio-previewer/original/.venv/lib/python3.14/site-packages/invenio_records/api.py,line=334::nested transaction already deassociated from connection
::warning file=/home/runner/work/test-zip-extract-repository/test-zip-extract-repository/workdir/tests/invenio-previewer/original/tests/test_macros.py,line=39::nested transaction already deassociated from connection
.::warning file=/home/runner/work/test-zip-extract-repository/test-zip-extract-repository/workdir/tests/invenio-previewer/original/.venv/lib/python3.14/site-packages/invenio_records/api.py,line=334::nested transaction already deassociated from connection
::warning file=/home/runner/work/test-zip-extract-repository/test-zip-extract-repository/workdir/tests/invenio-previewer/original/tests/test_macros.py,line=39::nested transaction already deassociated from connection
.::warning file=/home/runner/work/test-zip-extract-repository/test-zip-extract-repository/workdir/tests/invenio-previewer/original/.venv/lib/python3.14/site-packages/invenio_records/api.py,line=334::nested transaction already deassociated from connection
::warning file=/home/runner/work/test-zip-extract-repository/test-zip-extract-repository/workdir/tests/invenio-previewer/original/tests/test_macros.py,line=39::nested transaction already deassociated from connection
.::warning file=/home/runner/work/test-zip-extract-repository/test-zip-extract-repository/workdir/tests/invenio-previewer/original/.venv/lib/python3.14/site-packages/invenio_records/api.py,line=334::nested transaction already deassociated from connection
::warning file=/home/runner/work/test-zip-extract-repository/test-zip-extract-repository/workdir/tests/invenio-previewer/original/tests/test_macros.py,line=39::nested transaction already deassociated from connection
.::warning file=/home/runner/work/test-zip-extract-repository/test-zip-extract-repository/workdir/tests/invenio-previewer/original/.venv/lib/python3.14/site-packages/invenio_records/api.py,line=334::nested transaction already deassociated from connection
::warning file=/home/runner/work/test-zip-extract-repository/test-zip-extract-repository/workdir/tests/invenio-previewer/original/tests/test_macros.py,line=39::nested transaction already deassociated from connection
.::warning file=/home/runner/work/test-zip-extract-repository/test-zip-extract-repository/workdir/tests/invenio-previewer/original/.venv/lib/python3.14/site-packages/invenio_records/api.py,line=334::nested transaction already deassociated from connection
::warning file=/home/runner/work/test-zip-extract-repository/test-zip-extract-repository/workdir/tests/invenio-previewer/original/tests/test_macros.py,line=39::nested transaction already deassociated from connection
.::warning file=/home/runner/work/test-zip-extract-repository/test-zip-extract-repository/workdir/tests/invenio-previewer/original/.venv/lib/python3.14/site-packages/invenio_records/api.py,line=334::nested transaction already deassociated from connection
::warning file=/home/runner/work/test-zip-extract-repository/test-zip-extract-repository/workdir/tests/invenio-previewer/original/tests/test_macros.py,line=39::nested transaction already deassociated from connection
.::warning file=/home/runner/work/test-zip-extract-repository/test-zip-extract-repository/workdir/tests/invenio-previewer/original/.venv/lib/python3.14/site-packages/invenio_records/api.py,line=334::nested transaction already deassociated from connection
::warning file=/home/runner/work/test-zip-extract-repository/test-zip-extract-repository/workdir/tests/invenio-previewer/original/tests/test_macros.py,line=39::nested transaction already deassociated from connection
.::warning file=/home/runner/work/test-zip-extract-repository/test-zip-extract-repository/workdir/tests/invenio-previewer/original/.venv/lib/python3.14/site-packages/invenio_records/api.py,line=334::nested transaction already deassociated from connection
::warning file=/home/runner/work/test-zip-extract-repository/test-zip-extract-repository/workdir/tests/invenio-previewer/original/tests/test_macros.py,line=39::nested transaction already deassociated from connection
.                                   [ 62%]
tests/test_utils.py .::warning file=/home/runner/work/test-zip-extract-repository/test-zip-extract-repository/workdir/tests/invenio-previewer/original/.venv/lib/python3.14/site-packages/invenio_records/api.py,line=334::nested transaction already deassociated from connection
::warning file=/home/runner/work/test-zip-extract-repository/test-zip-extract-repository/workdir/tests/invenio-previewer/original/.venv/lib/python3.14/site-packages/pytest_invenio/fixtures.py,line=579::nested transaction already deassociated from connection
..........                                          [ 94%]
tests/test_views.py ..                                                   [100%]

=============================== warnings summary ===============================
.venv/lib/python3.14/site-packages/webargs/compat.py:8
  /home/runner/work/test-zip-extract-repository/test-zip-extract-repository/workdir/tests/invenio-previewer/original/.venv/lib/python3.14/site-packages/webargs/compat.py:8: DeprecationWarning: The '__version__' attribute is deprecated and will be removed in in a future version. Use feature detection or 'importlib.metadata.version("marshmallow")' instead.
    MARSHMALLOW_VERSION_INFO = tuple(LooseVersion(ma.__version__).version)  # type: tuple

.venv/lib/python3.14/site-packages/webargs/compat.py:8
  /home/runner/work/test-zip-extract-repository/test-zip-extract-repository/workdir/tests/invenio-previewer/original/.venv/lib/python3.14/site-packages/webargs/compat.py:8: DeprecationWarning: distutils Version classes are deprecated. Use packaging.version instead.
    MARSHMALLOW_VERSION_INFO = tuple(LooseVersion(ma.__version__).version)  # type: tuple

.venv/lib/python3.14/site-packages/webargs/__init__.py:13
  /home/runner/work/test-zip-extract-repository/test-zip-extract-repository/workdir/tests/invenio-previewer/original/.venv/lib/python3.14/site-packages/webargs/__init__.py:13: DeprecationWarning: distutils Version classes are deprecated. Use packaging.version instead.
    __version_info__ = tuple(LooseVersion(__version__).version)

tests/test_macros.py: 16 warnings
tests/test_utils.py: 1 warning
  /home/runner/work/test-zip-extract-repository/test-zip-extract-repository/workdir/tests/invenio-previewer/original/.venv/lib/python3.14/site-packages/invenio_records/api.py:334: SAWarning: nested transaction already deassociated from connection
    with db.session.begin_nested():

tests/test_macros.py: 16 warnings
  /home/runner/work/test-zip-extract-repository/test-zip-extract-repository/workdir/tests/invenio-previewer/original/tests/test_macros.py:39: SAWarning: nested transaction already deassociated from connection
    db.session.commit()

tests/test_utils.py::test_default_file_reader
  /home/runner/work/test-zip-extract-repository/test-zip-extract-repository/workdir/tests/invenio-previewer/original/.venv/lib/python3.14/site-packages/pytest_invenio/fixtures.py:579: SAWarning: nested transaction already deassociated from connection
    self._transaction.rollback(_to_root=False)

-- Docs: https://docs.pytest.org/en/stable/how-to/capture-warnings.html
================================ tests coverage ================================
_______________ coverage: platform linux, python 3.14.2-final-0 ________________

Name                                              Stmts   Miss  Cover   Missing
-------------------------------------------------------------------------------
invenio_previewer/__init__.py                         4      0   100%
invenio_previewer/api.py                             26      1    96%   41
invenio_previewer/config.py                          34      0   100%
invenio_previewer/ext.py                             96      9    91%   23, 25, 58-61, 83-86
invenio_previewer/extensions/__init__.py              0      0   100%
invenio_previewer/extensions/audio_videojs.py         9      2    78%   34-42
invenio_previewer/extensions/csv_papaparsejs.py      12      1    92%   22
invenio_previewer/extensions/default.py               7      1    86%   20
invenio_previewer/extensions/ipynb.py                37      2    95%   37-38
invenio_previewer/extensions/json_prismjs.py         26      0   100%
invenio_previewer/extensions/mistune.py              18      0   100%
invenio_previewer/extensions/pdfjs.py                 7      0   100%
invenio_previewer/extensions/simple_image.py         11      0   100%
invenio_previewer/extensions/txt.py                  13      0   100%
invenio_previewer/extensions/video_videojs.py         9      2    78%   31-38
invenio_previewer/extensions/web_archive.py           7      0   100%
invenio_previewer/extensions/xml_prismjs.py          30      4    87%   31, 42, 49-50
invenio_previewer/extensions/zip.py                  53      5    91%   38, 43, 46-47, 57
invenio_previewer/proxies.py                          4      0   100%
invenio_previewer/utils.py                           20      0   100%
invenio_previewer/views.py                           25      2    92%   49, 85
invenio_previewer/webpack.py                          3      0   100%
-------------------------------------------------------------------------------
TOTAL                                               451     29    94%
================== 35 passed, 37 warnings in 97.71s (0:01:37) ==================
 Container docker_services_cli-postgresql-1  Stopping
 Container docker_services_cli-postgresql-1  Stopped
 Container docker_services_cli-postgresql-1  Removing
 Container docker_services_cli-postgresql-1  Removed
 Network docker_services_cli_default  Removing
 Network docker_services_cli_default  Removed
