 redis Pulling 
 postgresql Pulling 
 opensearch Pulling 
 2e81b9cb93cd Pulling fs layer 
 648eb81b3252 Pulling fs layer 
 4f4fb700ef54 Pulling fs layer 
 0ffa8f8aba1e Pulling fs layer 
 eb77aa907276 Pulling fs layer 
 f9dd052e142d Pulling fs layer 
 e8c6d4883897 Pulling fs layer 
 9739ced65621 Pulling fs layer 
 f8406d9c00ea Pulling fs layer 
 dda3d8fbd5ed Pulling fs layer 
 b0a0cf830b12 Pulling fs layer 
 c199bff16b05 Pulling fs layer 
 e0d55fdb4d15 Pulling fs layer 
 c1cb13b19080 Pulling fs layer 
 050d9f8c3b1c Pulling fs layer 
 cb628c265f09 Pulling fs layer 
 710e142705f8 Pulling fs layer 
 ae3bb1b347a4 Pulling fs layer 
 91d2729fa4d5 Pulling fs layer 
 283a477db7bb Pulling fs layer 
 873532e5f8c7 Pulling fs layer 
 4831516dd0cb Pulling fs layer 
 47a60771af96 Pulling fs layer 
 c5761dea9b0e Pulling fs layer 
 7b28be0c8c4d Pulling fs layer 
 22dca8215bc4 Pulling fs layer 
 bbf018d6d4b8 Pulling fs layer 
 4f4fb700ef54 Pulling fs layer 
 edcaff0d5e7e Pulling fs layer 
 e8c6d4883897 Downloading [===================================>               ]  3.146MB/4.398MB
 4f4fb700ef54 Already exists 
 4f4fb700ef54 Already exists 
 0ffa8f8aba1e Download complete 
 eb77aa907276 Downloading [>                                                  ]  3.146MB/907.7MB
 f9dd052e142d Downloading [===>                                               ]  3.146MB/52.33MB
 e8c6d4883897 Download complete 
 47a60771af96 Download complete 
 2e81b9cb93cd Download complete 
 7b28be0c8c4d Download complete 
 bbf018d6d4b8 Downloading [==================================================>]      97B/97B
 4831516dd0cb Downloading [=>                                                 ]  1.049MB/28.23MB
 dda3d8fbd5ed Download complete 
 b0a0cf830b12 Downloading [===>                                               ]  2.097MB/29.15MB
 c5761dea9b0e Download complete 
 648eb81b3252 Download complete 
 c199bff16b05 Download complete 
 050d9f8c3b1c Download complete 
 cb628c265f09 Download complete 
 f8406d9c00ea Download complete 
 283a477db7bb Downloading [===========>                                       ]  1.049MB/4.533MB
 9739ced65621 Downloading [================================>                  ]  5.243MB/8.069MB
 e0d55fdb4d15 Downloading [>                                                  ]  2.097MB/109MB
 710e142705f8 Download complete 
 ae3bb1b347a4 Downloading [==================================================>]  1.196MB/1.196MB
 873532e5f8c7 Download complete 
 c1cb13b19080 Download complete 
 22dca8215bc4 Downloading [=============>                                     ]  4.194MB/15.35MB
 eb77aa907276 Downloading [>                                                  ]  11.53MB/907.7MB
 f9dd052e142d Downloading [===========>                                       ]  11.53MB/52.33MB
 bbf018d6d4b8 Download complete 
 9739ced65621 Download complete 
 edcaff0d5e7e Download complete 
 4831516dd0cb Downloading [===========>                                       ]  6.291MB/28.23MB
 91d2729fa4d5 Download complete 
 e0d55fdb4d15 Downloading [====>                                              ]  10.45MB/109MB
 56b5e4f0933d Download complete 
 ae3bb1b347a4 Download complete 
 b0a0cf830b12 Downloading [=================>                                 ]  10.49MB/29.15MB
 283a477db7bb Download complete 
 b0a0cf830b12 Downloading [==================================>                ]  19.92MB/29.15MB
 eb77aa907276 Downloading [=>                                                 ]  18.87MB/907.7MB
 f9dd052e142d Downloading [===================>                               ]  19.92MB/52.33MB
 5682dec5b749 Download complete 
 e0d55fdb4d15 Downloading [========>                                          ]  18.87MB/109MB
 e7da101a9486 Download complete 
 c4cc93acbec6 Download complete 
 22dca8215bc4 Downloading [========================================>          ]  12.58MB/15.35MB
 4831516dd0cb Downloading [=============================>                     ]  16.78MB/28.23MB
 4831516dd0cb Downloading [==================================================>]  28.23MB/28.23MB
 22dca8215bc4 Download complete 
 e0d55fdb4d15 Downloading [===========>                                       ]  25.17MB/109MB
 b0a0cf830b12 Download complete 
 eb77aa907276 Downloading [=>                                                 ]  32.51MB/907.7MB
 f9dd052e142d Downloading [================================>                  ]  33.55MB/52.33MB
 b0a0cf830b12 Extracting 1 s
 e0d55fdb4d15 Downloading [================>                                  ]   36.7MB/109MB
 eb77aa907276 Downloading [==>                                                ]  39.85MB/907.7MB
 f9dd052e142d Downloading [=============================================>     ]  47.19MB/52.33MB
 4831516dd0cb Download complete 
 4831516dd0cb Extracting 1 s
 b0a0cf830b12 Extracting 1 s
 e0d55fdb4d15 Downloading [======================>                            ]  49.28MB/109MB
 eb77aa907276 Downloading [==>                                                ]  52.15MB/907.7MB
 f9dd052e142d Download complete 
 f9dd052e142d Extracting 1 s
 4831516dd0cb Extracting 1 s
 b0a0cf830b12 Extracting 1 s
 e0d55fdb4d15 Downloading [============================>                      ]  62.91MB/109MB
 eb77aa907276 Downloading [===>                                               ]  63.96MB/907.7MB
 f9dd052e142d Extracting 1 s
 4831516dd0cb Extracting 1 s
 b0a0cf830b12 Extracting 1 s
 eb77aa907276 Downloading [====>                                              ]   75.5MB/907.7MB
 e0d55fdb4d15 Downloading [===================================>               ]  77.59MB/109MB
 f9dd052e142d Extracting 1 s
 4831516dd0cb Extracting 1 s
 b0a0cf830b12 Extracting 1 s
 e0d55fdb4d15 Downloading [==========================================>        ]  92.27MB/109MB
 eb77aa907276 Downloading [====>                                              ]  84.93MB/907.7MB
 f9dd052e142d Extracting 1 s
 4831516dd0cb Extracting 1 s
 b0a0cf830b12 Extracting 1 s
 e0d55fdb4d15 Downloading [=================================================> ]    107MB/109MB
 eb77aa907276 Downloading [=====>                                             ]  95.42MB/907.7MB
 4831516dd0cb Extracting 1 s
 f9dd052e142d Extracting 1 s
 b0a0cf830b12 Extracting 1 s
 eb77aa907276 Downloading [=====>                                             ]  99.61MB/907.7MB
 e0d55fdb4d15 Download complete 
 f9dd052e142d Extracting 1 s
 4831516dd0cb Extracting 1 s
 b0a0cf830b12 Extracting 1 s
 eb77aa907276 Downloading [======>                                            ]  110.1MB/907.7MB
 f9dd052e142d Extracting 1 s
 4831516dd0cb Extracting 1 s
 b0a0cf830b12 Extracting 1 s
 eb77aa907276 Downloading [======>                                            ]  125.8MB/907.7MB
 f9dd052e142d Extracting 1 s
 4831516dd0cb Extracting 1 s
 b0a0cf830b12 Extracting 1 s
 eb77aa907276 Downloading [=======>                                           ]  141.6MB/907.7MB
 f9dd052e142d Extracting 1 s
 4831516dd0cb Extracting 1 s
 b0a0cf830b12 Extracting 1 s
 eb77aa907276 Downloading [========>                                          ]  154.4MB/907.7MB
 f9dd052e142d Extracting 1 s
 b0a0cf830b12 Extracting 2 s
 4831516dd0cb Extracting 1 s
 eb77aa907276 Downloading [=========>                                         ]  170.9MB/907.7MB
 f9dd052e142d Extracting 1 s
 4831516dd0cb Extracting 2 s
 b0a0cf830b12 Extracting 2 s
 eb77aa907276 Downloading [==========>                                        ]  188.7MB/907.7MB
 f9dd052e142d Extracting 2 s
 4831516dd0cb Extracting 2 s
 b0a0cf830b12 Extracting 2 s
 eb77aa907276 Downloading [===========>                                       ]  204.5MB/907.7MB
 f9dd052e142d Extracting 2 s
 4831516dd0cb Extracting 2 s
 b0a0cf830b12 Extracting 2 s
 eb77aa907276 Downloading [===========>                                       ]  217.1MB/907.7MB
 f9dd052e142d Extracting 2 s
 4831516dd0cb Extracting 2 s
 b0a0cf830b12 Extracting 2 s
 eb77aa907276 Downloading [============>                                      ]  230.7MB/907.7MB
 f9dd052e142d Extracting 2 s
 4831516dd0cb Extracting 2 s
 b0a0cf830b12 Extracting 2 s
 eb77aa907276 Downloading [=============>                                     ]  246.4MB/907.7MB
 f9dd052e142d Extracting 2 s
 4831516dd0cb Extracting 2 s
 b0a0cf830b12 Extracting 2 s
 eb77aa907276 Downloading [==============>                                    ]  262.1MB/907.7MB
 4831516dd0cb Extracting 2 s
 f9dd052e142d Extracting 2 s
 b0a0cf830b12 Extracting 2 s
 eb77aa907276 Downloading [===============>                                   ]  274.8MB/907.7MB
 f9dd052e142d Extracting 2 s
 4831516dd0cb Extracting 2 s
 b0a0cf830b12 Extracting 2 s
 eb77aa907276 Downloading [===============>                                   ]  285.9MB/907.7MB
 f9dd052e142d Extracting 2 s
 4831516dd0cb Extracting 2 s
 b0a0cf830b12 Extracting 2 s
 eb77aa907276 Downloading [================>                                  ]  296.7MB/907.7MB
 f9dd052e142d Extracting 2 s
 4831516dd0cb Extracting 2 s
 b0a0cf830b12 Extracting 3 s
 eb77aa907276 Downloading [=================>                                 ]  316.7MB/907.7MB
 47a60771af96 Pull complete 
 f9dd052e142d Extracting 2 s
 4831516dd0cb Pull complete 
 283a477db7bb Extracting 1 s
 b0a0cf830b12 Pull complete 
 eb77aa907276 Downloading [==================>                                ]  336.6MB/907.7MB
 dda3d8fbd5ed Pull complete 
 7b28be0c8c4d Pull complete 
 f9dd052e142d Extracting 3 s
 edcaff0d5e7e Pull complete 
 22dca8215bc4 Extracting 1 s
 283a477db7bb Extracting 1 s
 eb77aa907276 Downloading [===================>                               ]  352.9MB/907.7MB
 22dca8215bc4 Extracting 1 s
 f9dd052e142d Extracting 3 s
 91d2729fa4d5 Extracting 1 s
 283a477db7bb Pull complete 
 eb77aa907276 Downloading [====================>                              ]  370.1MB/907.7MB
 22dca8215bc4 Extracting 1 s
 9739ced65621 Extracting 1 s
 f9dd052e142d Extracting 3 s
 91d2729fa4d5 Pull complete 
 eb77aa907276 Downloading [=====================>                             ]    389MB/907.7MB
 22dca8215bc4 Extracting 1 s
 f9dd052e142d Extracting 3 s
 9739ced65621 Extracting 1 s
 eb77aa907276 Downloading [======================>                            ]  407.9MB/907.7MB
 f9dd052e142d Extracting 3 s
 22dca8215bc4 Extracting 1 s
 9739ced65621 Extracting 1 s
 eb77aa907276 Downloading [=======================>                           ]  426.8MB/907.7MB
 4f4fb700ef54 Pull complete 
 c5761dea9b0e Pull complete 
 bbf018d6d4b8 Pull complete 
 22dca8215bc4 Pull complete 
 f9dd052e142d Extracting 3 s
 9739ced65621 Extracting 1 s
 redis Pulled 
 eb77aa907276 Downloading [========================>                          ]  441.5MB/907.7MB
 f9dd052e142d Extracting 3 s
 9739ced65621 Pull complete 
 ae3bb1b347a4 Extracting 1 s
 eb77aa907276 Downloading [========================>                          ]  453.1MB/907.7MB
 c199bff16b05 Pull complete 
 f8406d9c00ea Pull complete 
 f9dd052e142d Extracting 3 s
 ae3bb1b347a4 Pull complete 
 e0d55fdb4d15 Extracting 1 s
 eb77aa907276 Downloading [==========================>                        ]  476.1MB/907.7MB
 e0d55fdb4d15 Extracting 1 s
 f9dd052e142d Extracting 3 s
 eb77aa907276 Downloading [===========================>                       ]  495.5MB/907.7MB
 f9dd052e142d Extracting 3 s
 e0d55fdb4d15 Extracting 1 s
 eb77aa907276 Downloading [============================>                      ]  518.4MB/907.7MB
 e0d55fdb4d15 Extracting 1 s
 f9dd052e142d Extracting 4 s
 eb77aa907276 Downloading [=============================>                     ]  541.1MB/907.7MB
 f9dd052e142d Extracting 4 s
 e0d55fdb4d15 Extracting 1 s
 eb77aa907276 Downloading [===============================>                   ]  565.2MB/907.7MB
 e0d55fdb4d15 Extracting 1 s
 f9dd052e142d Extracting 4 s
 eb77aa907276 Downloading [================================>                  ]  586.8MB/907.7MB
 f9dd052e142d Extracting 4 s
 e0d55fdb4d15 Extracting 1 s
 eb77aa907276 Downloading [=================================>                 ]  604.4MB/907.7MB
 e8c6d4883897 Extracting 1 s
 e0d55fdb4d15 Extracting 1 s
 f9dd052e142d Pull complete 
 eb77aa907276 Downloading [==================================>                ]  621.8MB/907.7MB
 e8c6d4883897 Extracting 1 s
 e0d55fdb4d15 Extracting 1 s
 eb77aa907276 Downloading [==================================>                ]  629.1MB/907.7MB
 e8c6d4883897 Extracting 1 s
 e0d55fdb4d15 Extracting 1 s
 eb77aa907276 Downloading [===================================>               ]  640.7MB/907.7MB
 e8c6d4883897 Pull complete 
 648eb81b3252 Pull complete 
 e0d55fdb4d15 Extracting 1 s
 eb77aa907276 Downloading [====================================>              ]  657.5MB/907.7MB
 e0d55fdb4d15 Extracting 2 s
 eb77aa907276 Downloading [=====================================>             ]  673.2MB/907.7MB
 e0d55fdb4d15 Extracting 2 s
 eb77aa907276 Downloading [======================================>            ]  697.3MB/907.7MB
 e0d55fdb4d15 Extracting 2 s
 eb77aa907276 Downloading [=======================================>           ]  717.2MB/907.7MB
 e0d55fdb4d15 Extracting 2 s
 eb77aa907276 Downloading [========================================>          ]  739.2MB/907.7MB
 e0d55fdb4d15 Extracting 2 s
 eb77aa907276 Downloading [=========================================>         ]  758.7MB/907.7MB
 e0d55fdb4d15 Extracting 2 s
 eb77aa907276 Downloading [==========================================>        ]    778MB/907.7MB
 e0d55fdb4d15 Extracting 2 s
 eb77aa907276 Downloading [===========================================>       ]  795.9MB/907.7MB
 e0d55fdb4d15 Extracting 2 s
 eb77aa907276 Downloading [============================================>      ]  807.4MB/907.7MB
 e0d55fdb4d15 Extracting 2 s
 eb77aa907276 Downloading [=============================================>     ]  828.4MB/907.7MB
 e0d55fdb4d15 Extracting 2 s
 eb77aa907276 Downloading [==============================================>    ]  844.1MB/907.7MB
 e0d55fdb4d15 Extracting 3 s
 eb77aa907276 Downloading [===============================================>   ]    864MB/907.7MB
 e0d55fdb4d15 Extracting 3 s
 eb77aa907276 Downloading [===============================================>   ]  870.3MB/907.7MB
 e0d55fdb4d15 Extracting 3 s
 eb77aa907276 Downloading [================================================>  ]  882.9MB/907.7MB
 e0d55fdb4d15 Extracting 3 s
 eb77aa907276 Downloading [=================================================> ]  897.6MB/907.7MB
 e0d55fdb4d15 Extracting 3 s
 eb77aa907276 Downloading [==================================================>]  907.7MB/907.7MB
 e0d55fdb4d15 Extracting 3 s
 eb77aa907276 Downloading [==================================================>]  907.7MB/907.7MB
 e0d55fdb4d15 Extracting 3 s
 eb77aa907276 Downloading [==================================================>]  907.7MB/907.7MB
 e0d55fdb4d15 Extracting 3 s
 eb77aa907276 Downloading [==================================================>]  907.7MB/907.7MB
 e0d55fdb4d15 Extracting 3 s
 eb77aa907276 Downloading [==================================================>]  907.7MB/907.7MB
 e0d55fdb4d15 Extracting 3 s
 eb77aa907276 Downloading [==================================================>]  907.7MB/907.7MB
 e0d55fdb4d15 Extracting 4 s
 eb77aa907276 Downloading [==================================================>]  907.7MB/907.7MB
 eb77aa907276 Downloading [==================================================>]  907.7MB/907.7MB
 eb77aa907276 Downloading [==================================================>]  907.7MB/907.7MB
 eb77aa907276 Downloading [==================================================>]  907.7MB/907.7MB
 eb77aa907276 Downloading [==================================================>]  907.7MB/907.7MB
 eb77aa907276 Downloading [==================================================>]  907.7MB/907.7MB
 eb77aa907276 Downloading [==================================================>]  907.7MB/907.7MB
 eb77aa907276 Downloading [==================================================>]  907.7MB/907.7MB
 eb77aa907276 Downloading [==================================================>]  907.7MB/907.7MB
 eb77aa907276 Downloading [==================================================>]  907.7MB/907.7MB
 eb77aa907276 Downloading [==================================================>]  907.7MB/907.7MB
 eb77aa907276 Downloading [==================================================>]  907.7MB/907.7MB
 e0d55fdb4d15 Pull complete 
 eb77aa907276 Download complete 
 873532e5f8c7 Extracting 1 s
 eb77aa907276 Extracting 1 s
 c1cb13b19080 Pull complete 
 050d9f8c3b1c Pull complete 
 710e142705f8 Extracting 1 s
 eb77aa907276 Extracting 1 s
 873532e5f8c7 Pull complete 
 cb628c265f09 Pull complete 
 710e142705f8 Pull complete 
 eb77aa907276 Extracting 1 s
 postgresql Pulled 
 eb77aa907276 Extracting 1 s
 eb77aa907276 Extracting 1 s
 eb77aa907276 Extracting 1 s
 eb77aa907276 Extracting 1 s
 eb77aa907276 Extracting 1 s
 eb77aa907276 Extracting 1 s
 eb77aa907276 Extracting 1 s
 eb77aa907276 Extracting 2 s
 eb77aa907276 Extracting 2 s
 eb77aa907276 Extracting 2 s
 eb77aa907276 Extracting 2 s
 eb77aa907276 Extracting 2 s
 eb77aa907276 Extracting 2 s
 eb77aa907276 Extracting 2 s
 eb77aa907276 Extracting 2 s
 eb77aa907276 Extracting 2 s
 eb77aa907276 Extracting 2 s
 eb77aa907276 Extracting 3 s
 eb77aa907276 Extracting 3 s
 eb77aa907276 Extracting 3 s
 eb77aa907276 Extracting 3 s
 eb77aa907276 Extracting 3 s
 eb77aa907276 Extracting 3 s
 eb77aa907276 Extracting 3 s
 eb77aa907276 Extracting 3 s
 eb77aa907276 Extracting 3 s
 eb77aa907276 Extracting 3 s
 eb77aa907276 Extracting 4 s
 eb77aa907276 Extracting 4 s
 eb77aa907276 Extracting 4 s
 eb77aa907276 Extracting 4 s
 eb77aa907276 Extracting 4 s
 eb77aa907276 Extracting 4 s
 eb77aa907276 Extracting 4 s
 eb77aa907276 Extracting 4 s
 eb77aa907276 Extracting 4 s
 eb77aa907276 Extracting 4 s
 eb77aa907276 Extracting 5 s
 eb77aa907276 Extracting 5 s
 eb77aa907276 Extracting 5 s
 eb77aa907276 Extracting 5 s
 eb77aa907276 Extracting 5 s
 eb77aa907276 Extracting 5 s
 eb77aa907276 Extracting 5 s
 eb77aa907276 Pull complete 
 4f4fb700ef54 Pull complete 
 0ffa8f8aba1e Pull complete 
 2e81b9cb93cd Pull complete 
 opensearch Pulled 
 Network docker_services_cli_default  Creating
 Network docker_services_cli_default  Created
 Container docker_services_cli-redis-1  Creating
 Container docker_services_cli-postgresql-1  Creating
 Container docker_services_cli-opensearch-1  Creating
 Container docker_services_cli-opensearch-1  Created
 Container docker_services_cli-redis-1  Created
 Container docker_services_cli-postgresql-1  Created
 Container docker_services_cli-redis-1  Starting
 Container docker_services_cli-postgresql-1  Starting
 Container docker_services_cli-opensearch-1  Starting
 Container docker_services_cli-opensearch-1  Started
 Container docker_services_cli-redis-1  Started
 Container docker_services_cli-postgresql-1  Started
============================= test session starts ==============================
platform linux -- Python 3.14.2, pytest-8.4.2, pluggy-1.6.0
rootdir: /home/runner/work/test-zip-extract-repository/test-zip-extract-repository/workdir/tests/invenio-userprofiles/original
configfile: setup.cfg
testpaths: tests, invenio_userprofiles
plugins: invenio-4.0.0, isort-4.0.0, flask-1.3.0, github-actions-annotate-failures-0.3.0, pydocstyle-2.4.0, cov-7.0.0, black-0.6.0, pycodestyle-2.5.0
collected 25 items
::warning file=/home/runner/work/test-zip-extract-repository/test-zip-extract-repository/workdir/tests/invenio-userprofiles/original/invenio_userprofiles/api.py,line=29::current_userprofile is deprecated, use current_user instead
::warning file=/home/runner/work/test-zip-extract-repository/test-zip-extract-repository/workdir/tests/invenio-userprofiles/original/invenio_userprofiles/api.py,line=29::current_userprofile is deprecated, use current_user instead
::warning file=/home/runner/work/test-zip-extract-repository/test-zip-extract-repository/workdir/tests/invenio-userprofiles/original/invenio_userprofiles/api.py,line=29::current_userprofile is deprecated, use current_user instead
::warning file=/home/runner/work/test-zip-extract-repository/test-zip-extract-repository/workdir/tests/invenio-userprofiles/original/invenio_userprofiles/api.py,line=29::current_userprofile is deprecated, use current_user instead
::warning file=/home/runner/work/test-zip-extract-repository/test-zip-extract-repository/workdir/tests/invenio-userprofiles/original/invenio_userprofiles/api.py,line=29::current_userprofile is deprecated, use current_user instead
::warning file=/home/runner/work/test-zip-extract-repository/test-zip-extract-repository/workdir/tests/invenio-userprofiles/original/invenio_userprofiles/api.py,line=29::current_userprofile is deprecated, use current_user instead
::warning file=/home/runner/work/test-zip-extract-repository/test-zip-extract-repository/workdir/tests/invenio-userprofiles/original/invenio_userprofiles/api.py,line=29::current_userprofile is deprecated, use current_user instead
::warning file=/home/runner/work/test-zip-extract-repository/test-zip-extract-repository/workdir/tests/invenio-userprofiles/original/invenio_userprofiles/api.py,line=29::current_userprofile is deprecated, use current_user instead
::warning file=/home/runner/work/test-zip-extract-repository/test-zip-extract-repository/workdir/tests/invenio-userprofiles/original/invenio_userprofiles/api.py,line=29::current_userprofile is deprecated, use current_user instead
::warning file=/home/runner/work/test-zip-extract-repository/test-zip-extract-repository/workdir/tests/invenio-userprofiles/original/invenio_userprofiles/api.py,line=29::current_userprofile is deprecated, use current_user instead
::warning file=/home/runner/work/test-zip-extract-repository/test-zip-extract-repository/workdir/tests/invenio-userprofiles/original/invenio_userprofiles/api.py,line=29::current_userprofile is deprecated, use current_user instead
::warning file=/home/runner/work/test-zip-extract-repository/test-zip-extract-repository/workdir/tests/invenio-userprofiles/original/invenio_userprofiles/api.py,line=29::current_userprofile is deprecated, use current_user instead
::warning file=/home/runner/work/test-zip-extract-repository/test-zip-extract-repository/workdir/tests/invenio-userprofiles/original/invenio_userprofiles/api.py,line=29::current_userprofile is deprecated, use current_user instead
::warning file=/home/runner/work/test-zip-extract-repository/test-zip-extract-repository/workdir/tests/invenio-userprofiles/original/invenio_userprofiles/api.py,line=29::current_userprofile is deprecated, use current_user instead
::warning file=/home/runner/work/test-zip-extract-repository/test-zip-extract-repository/workdir/tests/invenio-userprofiles/original/invenio_userprofiles/api.py,line=29::current_userprofile is deprecated, use current_user instead
::warning file=/home/runner/work/test-zip-extract-repository/test-zip-extract-repository/workdir/tests/invenio-userprofiles/original/invenio_userprofiles/api.py,line=29::current_userprofile is deprecated, use current_user instead
::warning file=/home/runner/work/test-zip-extract-repository/test-zip-extract-repository/workdir/tests/invenio-userprofiles/original/invenio_userprofiles/api.py,line=29::current_userprofile is deprecated, use current_user instead
::warning file=/home/runner/work/test-zip-extract-repository/test-zip-extract-repository/workdir/tests/invenio-userprofiles/original/invenio_userprofiles/api.py,line=29::current_userprofile is deprecated, use current_user instead
::warning file=/home/runner/work/test-zip-extract-repository/test-zip-extract-repository/workdir/tests/invenio-userprofiles/original/invenio_userprofiles/api.py,line=29::current_userprofile is deprecated, use current_user instead
::warning file=/home/runner/work/test-zip-extract-repository/test-zip-extract-repository/workdir/tests/invenio-userprofiles/original/invenio_userprofiles/api.py,line=29::current_userprofile is deprecated, use current_user instead
::warning file=/home/runner/work/test-zip-extract-repository/test-zip-extract-repository/workdir/tests/invenio-userprofiles/original/invenio_userprofiles/api.py,line=29::current_userprofile is deprecated, use current_user instead
::warning file=/home/runner/work/test-zip-extract-repository/test-zip-extract-repository/workdir/tests/invenio-userprofiles/original/invenio_userprofiles/api.py,line=29::current_userprofile is deprecated, use current_user instead
::warning file=/home/runner/work/test-zip-extract-repository/test-zip-extract-repository/workdir/tests/invenio-userprofiles/original/invenio_userprofiles/api.py,line=29::current_userprofile is deprecated, use current_user instead
::warning file=/home/runner/work/test-zip-extract-repository/test-zip-extract-repository/workdir/tests/invenio-userprofiles/original/invenio_userprofiles/api.py,line=29::current_userprofile is deprecated, use current_user instead
::warning file=/home/runner/work/test-zip-extract-repository/test-zip-extract-repository/workdir/tests/invenio-userprofiles/original/invenio_userprofiles/api.py,line=29::current_userprofile is deprecated, use current_user instead
::warning file=/home/runner/work/test-zip-extract-repository/test-zip-extract-repository/workdir/tests/invenio-userprofiles/original/invenio_userprofiles/api.py,line=29::current_userprofile is deprecated, use current_user instead
::warning file=/home/runner/work/test-zip-extract-repository/test-zip-extract-repository/workdir/tests/invenio-userprofiles/original/invenio_userprofiles/api.py,line=29::current_userprofile is deprecated, use current_user instead
::warning file=/home/runner/work/test-zip-extract-repository/test-zip-extract-repository/workdir/tests/invenio-userprofiles/original/invenio_userprofiles/api.py,line=29::current_userprofile is deprecated, use current_user instead
::warning file=/home/runner/work/test-zip-extract-repository/test-zip-extract-repository/workdir/tests/invenio-userprofiles/original/invenio_userprofiles/api.py,line=29::current_userprofile is deprecated, use current_user instead
::warning file=/home/runner/work/test-zip-extract-repository/test-zip-extract-repository/workdir/tests/invenio-userprofiles/original/invenio_userprofiles/api.py,line=29::current_userprofile is deprecated, use current_user instead
::warning file=/home/runner/work/test-zip-extract-repository/test-zip-extract-repository/workdir/tests/invenio-userprofiles/original/invenio_userprofiles/api.py,line=29::current_userprofile is deprecated, use current_user instead
::warning file=/home/runner/work/test-zip-extract-repository/test-zip-extract-repository/workdir/tests/invenio-userprofiles/original/invenio_userprofiles/api.py,line=29::current_userprofile is deprecated, use current_user instead
::warning file=/home/runner/work/test-zip-extract-repository/test-zip-extract-repository/workdir/tests/invenio-userprofiles/original/invenio_userprofiles/api.py,line=29::current_userprofile is deprecated, use current_user instead
::warning file=/home/runner/work/test-zip-extract-repository/test-zip-extract-repository/workdir/tests/invenio-userprofiles/original/invenio_userprofiles/api.py,line=29::current_userprofile is deprecated, use current_user instead
::warning file=/home/runner/work/test-zip-extract-repository/test-zip-extract-repository/workdir/tests/invenio-userprofiles/original/invenio_userprofiles/api.py,line=29::current_userprofile is deprecated, use current_user instead
::warning file=/home/runner/work/test-zip-extract-repository/test-zip-extract-repository/workdir/tests/invenio-userprofiles/original/invenio_userprofiles/api.py,line=29::current_userprofile is deprecated, use current_user instead
::warning file=/home/runner/work/test-zip-extract-repository/test-zip-extract-repository/workdir/tests/invenio-userprofiles/original/invenio_userprofiles/api.py,line=29::current_userprofile is deprecated, use current_user instead
::warning file=/home/runner/work/test-zip-extract-repository/test-zip-extract-repository/workdir/tests/invenio-userprofiles/original/invenio_userprofiles/api.py,line=29::current_userprofile is deprecated, use current_user instead
::warning file=/home/runner/work/test-zip-extract-repository/test-zip-extract-repository/workdir/tests/invenio-userprofiles/original/invenio_userprofiles/api.py,line=29::current_userprofile is deprecated, use current_user instead
::warning file=/home/runner/work/test-zip-extract-repository/test-zip-extract-repository/workdir/tests/invenio-userprofiles/original/invenio_userprofiles/api.py,line=29::current_userprofile is deprecated, use current_user instead
::warning file=/home/runner/work/test-zip-extract-repository/test-zip-extract-repository/workdir/tests/invenio-userprofiles/original/invenio_userprofiles/api.py,line=29::current_userprofile is deprecated, use current_user instead
::warning file=/home/runner/work/test-zip-extract-repository/test-zip-extract-repository/workdir/tests/invenio-userprofiles/original/invenio_userprofiles/api.py,line=29::current_userprofile is deprecated, use current_user instead
::warning file=/home/runner/work/test-zip-extract-repository/test-zip-extract-repository/workdir/tests/invenio-userprofiles/original/invenio_userprofiles/api.py,line=29::current_userprofile is deprecated, use current_user instead
::warning file=/home/runner/work/test-zip-extract-repository/test-zip-extract-repository/workdir/tests/invenio-userprofiles/original/invenio_userprofiles/api.py,line=29::current_userprofile is deprecated, use current_user instead
::warning file=/home/runner/work/test-zip-extract-repository/test-zip-extract-repository/workdir/tests/invenio-userprofiles/original/invenio_userprofiles/api.py,line=29::current_userprofile is deprecated, use current_user instead
::warning file=/home/runner/work/test-zip-extract-repository/test-zip-extract-repository/workdir/tests/invenio-userprofiles/original/invenio_userprofiles/api.py,line=29::current_userprofile is deprecated, use current_user instead
::warning file=/home/runner/work/test-zip-extract-repository/test-zip-extract-repository/workdir/tests/invenio-userprofiles/original/invenio_userprofiles/api.py,line=29::current_userprofile is deprecated, use current_user instead
::warning file=/home/runner/work/test-zip-extract-repository/test-zip-extract-repository/workdir/tests/invenio-userprofiles/original/invenio_userprofiles/api.py,line=29::current_userprofile is deprecated, use current_user instead
::warning file=/home/runner/work/test-zip-extract-repository/test-zip-extract-repository/workdir/tests/invenio-userprofiles/original/invenio_userprofiles/api.py,line=29::current_userprofile is deprecated, use current_user instead
::warning file=/home/runner/work/test-zip-extract-repository/test-zip-extract-repository/workdir/tests/invenio-userprofiles/original/invenio_userprofiles/api.py,line=29::current_userprofile is deprecated, use current_user instead
::warning file=/home/runner/work/test-zip-extract-repository/test-zip-extract-repository/workdir/tests/invenio-userprofiles/original/invenio_userprofiles/api.py,line=29::current_userprofile is deprecated, use current_user instead

tests/test_api.py .::warning file=/home/runner/work/test-zip-extract-repository/test-zip-extract-repository/workdir/tests/invenio-userprofiles/original/invenio_userprofiles/api.py,line=29::current_userprofile is deprecated, use current_user instead
.::warning file=/home/runner/work/test-zip-extract-repository/test-zip-extract-repository/workdir/tests/invenio-userprofiles/original/invenio_userprofiles/api.py,line=29::current_userprofile is deprecated, use current_user instead
::warning file=/home/runner/work/test-zip-extract-repository/test-zip-extract-repository/workdir/tests/invenio-userprofiles/original/invenio_userprofiles/api.py,line=29::current_userprofile is deprecated, use current_user instead
                                                     [  8%]
tests/test_forms.py .......                                              [ 36%]
tests/test_invenio_userprofile.py ..s                                    [ 48%]
tests/test_models.py ....                                                [ 64%]
tests/test_validators.py .                                               [ 68%]
tests/test_views.py ........                                             [100%]

=============================== warnings summary ===============================
invenio_userprofiles/api.py:29: 51 warnings
tests/test_api.py: 3 warnings
  /home/runner/work/test-zip-extract-repository/test-zip-extract-repository/workdir/tests/invenio-userprofiles/original/invenio_userprofiles/api.py:29: DeprecationWarning: current_userprofile is deprecated, use current_user instead
    warn(

-- Docs: https://docs.pytest.org/en/stable/how-to/capture-warnings.html
================================ tests coverage ================================
_______________ coverage: platform linux, python 3.14.2-final-0 ________________

Name                                                                      Stmts   Miss  Cover   Missing
-------------------------------------------------------------------------------------------------------
invenio_userprofiles/__init__.py                                             12      4    67%   23-29
invenio_userprofiles/alembic/41157f1933d6_remove_table.py                    20     10    50%   27-58, 63
invenio_userprofiles/alembic/71634726ec7e_create_userprofiles_branch.py       8      0   100%
invenio_userprofiles/alembic/c25ef2c50ffa_create_userprofiles_tables.py      10      2    80%   23, 40
invenio_userprofiles/api.py                                                   9      0   100%
invenio_userprofiles/config.py                                               16      0   100%
invenio_userprofiles/ext.py                                                  38      1    97%   91
invenio_userprofiles/forms.py                                               108     12    89%   51, 187-191, 249-250, 304-307
invenio_userprofiles/models.py                                               46      8    83%   20, 57, 63-69
invenio_userprofiles/validators.py                                            9      0   100%
invenio_userprofiles/views.py                                                65      8    88%   45-46, 73-74, 149-153
-------------------------------------------------------------------------------------------------------
TOTAL                                                                       341     45    87%
================== 24 passed, 1 skipped, 54 warnings in 9.35s ==================
 Container docker_services_cli-postgresql-1  Stopping
 Container docker_services_cli-redis-1  Stopping
 Container docker_services_cli-opensearch-1  Stopping
 Container docker_services_cli-postgresql-1  Stopped
 Container docker_services_cli-postgresql-1  Removing
 Container docker_services_cli-postgresql-1  Removed
 Container docker_services_cli-redis-1  Stopped
 Container docker_services_cli-redis-1  Removing
 Container docker_services_cli-redis-1  Removed
 Container docker_services_cli-opensearch-1  Stopped
 Container docker_services_cli-opensearch-1  Removing
 Container docker_services_cli-opensearch-1  Removed
 Network docker_services_cli_default  Removing
 Network docker_services_cli_default  Removed
