 redis Pulling 
 postgresql Pulling 
 rabbitmq Pulling 
 opensearch Pulling 
 e8c6d4883897 Pulling fs layer 
 2e81b9cb93cd Pulling fs layer 
 f9dd052e142d Pulling fs layer 
 648eb81b3252 Pulling fs layer 
 4f4fb700ef54 Pulling fs layer 
 0ffa8f8aba1e Pulling fs layer 
 eb77aa907276 Pulling fs layer 
 d686b50ce172 Pulling fs layer 
 f4e7f62f4b80 Pulling fs layer 
 5e1c03b67a78 Pulling fs layer 
 efa05c660812 Pulling fs layer 
 14e6209d5fa8 Pulling fs layer 
 3fadc669ef11 Pulling fs layer 
 d63c4408fdb7 Pulling fs layer 
 7084ac8f4ab6 Pulling fs layer 
 beb0d870d438 Pulling fs layer 
 20043066d3d5 Pulling fs layer 
 4f4fb700ef54 Already exists 
 c5761dea9b0e Pulling fs layer 
 4831516dd0cb Pulling fs layer 
 47a60771af96 Pulling fs layer 
 bbf018d6d4b8 Pulling fs layer 
 4f4fb700ef54 Pulling fs layer 
 7b28be0c8c4d Pulling fs layer 
 22dca8215bc4 Pulling fs layer 
 edcaff0d5e7e Pulling fs layer 
 4f4fb700ef54 Already exists 
 f4e7f62f4b80 Download complete 
 14e6209d5fa8 Download complete 
 648eb81b3252 Download complete 
 cb628c265f09 Pulling fs layer 
 b0a0cf830b12 Pulling fs layer 
 dda3d8fbd5ed Pulling fs layer 
 283a477db7bb Pulling fs layer 
 91d2729fa4d5 Pulling fs layer 
 9739ced65621 Pulling fs layer 
 ae3bb1b347a4 Pulling fs layer 
 f8406d9c00ea Pulling fs layer 
 c199bff16b05 Pulling fs layer 
 e0d55fdb4d15 Pulling fs layer 
 c1cb13b19080 Pulling fs layer 
 873532e5f8c7 Pulling fs layer 
 050d9f8c3b1c Pulling fs layer 
 710e142705f8 Pulling fs layer 
 d686b50ce172 Downloading [================>                                  ]  4.194MB/12.47MB
 22dca8215bc4 Downloading [==========>                                        ]  3.146MB/15.35MB
 bbf018d6d4b8 Download complete 
 4831516dd0cb Downloading [=======>                                           ]  4.194MB/28.23MB
 47a60771af96 Downloading [==================================================>]  1.105kB/1.105kB
 e7da101a9486 Downloading [==================================================>]  35.71kB/35.71kB
 edcaff0d5e7e Downloading [====================================>              ]  1.049MB/1.438MB
 7b28be0c8c4d Downloading [==================================================>]     874B/874B
 5e1c03b67a78 Download complete 
 2e81b9cb93cd Download complete 
 f9dd052e142d Downloading [====>                                              ]  4.194MB/52.33MB
 efa05c660812 Download complete 
 0ffa8f8aba1e Download complete 
 eb77aa907276 Downloading [>                                                  ]  4.194MB/907.7MB
 beb0d870d438 Download complete 
 7ec4c696b8bb Downloading [==================================================>]  11.09kB/11.09kB
 d63c4408fdb7 Downloading [==>                                                ]  1.049MB/21.31MB
 3fadc669ef11 Downloading [=>                                                 ]  1.049MB/43.48MB
 d686b50ce172 Downloading [=========================>                         ]  6.291MB/12.47MB
 7084ac8f4ab6 Downloading [==============>                                    ]  2.097MB/7.468MB
 eb77aa907276 Downloading [>                                                  ]   7.34MB/907.7MB
 e8c6d4883897 Downloading [===========>                                       ]  1.049MB/4.398MB
 f9dd052e142d Downloading [======>                                            ]  6.291MB/52.33MB
 7ec4c696b8bb Download complete 
 16ef6b12768c Downloading [================>                                  ]  1.049MB/3.088MB
 d63c4408fdb7 Downloading [=======>                                           ]  3.146MB/21.31MB
 3fadc669ef11 Downloading [====>                                              ]  4.194MB/43.48MB
 20043066d3d5 Downloading [===>                                               ]  2.097MB/29.72MB
 c5761dea9b0e Download complete 
 4831516dd0cb Downloading [=============>                                     ]   7.34MB/28.23MB
 47a60771af96 Download complete 
 f8406d9c00ea Download complete 
 5682dec5b749 Downloading [=========>                                         ]  1.049MB/5.719MB
 e7da101a9486 Download complete 
 56b5e4f0933d Download complete 
 c4cc93acbec6 Download complete 
 cb628c265f09 Download complete 
 b0a0cf830b12 Downloading [=>                                                 ]  1.049MB/29.15MB
 91d2729fa4d5 Downloading [====================================>              ]  1.049MB/1.45MB
 dda3d8fbd5ed Download complete 
 edcaff0d5e7e Download complete 
 c199bff16b05 Download complete 
 7b28be0c8c4d Download complete 
 22dca8215bc4 Downloading [=================>                                 ]  5.243MB/15.35MB
 873532e5f8c7 Download complete 
 d686b50ce172 Downloading [==========================================>        ]  10.49MB/12.47MB
 7084ac8f4ab6 Downloading [===================================>               ]  5.243MB/7.468MB
 eb77aa907276 Downloading [>                                                  ]  11.53MB/907.7MB
 e8c6d4883897 Downloading [===============================================>   ]  4.194MB/4.398MB
 4831516dd0cb Downloading [====================>                              ]  11.53MB/28.23MB
 22dca8215bc4 Downloading [==============================>                    ]  9.437MB/15.35MB
 b0a0cf830b12 Downloading [========>                                          ]  5.243MB/29.15MB
 283a477db7bb Downloading [==================================>                ]  3.146MB/4.533MB
 16ef6b12768c Download complete 
 d63c4408fdb7 Downloading [=================>                                 ]   7.34MB/21.31MB
 3fadc669ef11 Downloading [=========>                                         ]  8.389MB/43.48MB
 20043066d3d5 Downloading [=====>                                             ]  3.146MB/29.72MB
 f9dd052e142d Downloading [==========>                                        ]  10.49MB/52.33MB
 91d2729fa4d5 Download complete 
 ae3bb1b347a4 Download complete 
 050d9f8c3b1c Download complete 
 710e142705f8 Download complete 
 c1cb13b19080 Download complete 
 5682dec5b749 Downloading [=============================================>     ]  5.243MB/5.719MB
 9739ced65621 Downloading [===================>                               ]  3.146MB/8.069MB
 4831516dd0cb Downloading [=============================>                     ]  16.78MB/28.23MB
 22dca8215bc4 Downloading [==================================================>]  15.35MB/15.35MB
 e0d55fdb4d15 Downloading [>                                                  ]  1.049MB/109MB
 b0a0cf830b12 Downloading [===================>                               ]  11.53MB/29.15MB
 d686b50ce172 Downloading [==============================================>    ]  11.53MB/12.47MB
 eb77aa907276 Downloading [>                                                  ]  17.83MB/907.7MB
 283a477db7bb Download complete 
 7084ac8f4ab6 Download complete 
 d63c4408fdb7 Downloading [===============================>                   ]  13.63MB/21.31MB
 3fadc669ef11 Downloading [===============>                                   ]  13.63MB/43.48MB
 20043066d3d5 Downloading [=======>                                           ]  4.194MB/29.72MB
 e8c6d4883897 Download complete 
 f9dd052e142d Downloading [===============>                                   ]  15.73MB/52.33MB
 5682dec5b749 Download complete 
 9739ced65621 Downloading [==================================================>]  8.069MB/8.069MB
 f9dd052e142d Downloading [========================>                          ]  25.17MB/52.33MB
 eb77aa907276 Downloading [=>                                                 ]  27.26MB/907.7MB
 3fadc669ef11 Downloading [===========================>                       ]  24.12MB/43.48MB
 20043066d3d5 Downloading [========>                                          ]  5.243MB/29.72MB
 22dca8215bc4 Download complete 
 4831516dd0cb Downloading [============================================>      ]  25.17MB/28.23MB
 d686b50ce172 Download complete 
 e0d55fdb4d15 Downloading [==>                                                ]  6.291MB/109MB
 b0a0cf830b12 Downloading [=========================>                         ]  14.68MB/29.15MB
 d63c4408fdb7 Download complete 
 9739ced65621 Download complete 
 3fadc669ef11 Downloading [================================>                  ]  28.31MB/43.48MB
 20043066d3d5 Downloading [==========>                                        ]  6.291MB/29.72MB
 f9dd052e142d Downloading [==============================>                    ]  31.46MB/52.33MB
 eb77aa907276 Downloading [=>                                                 ]  35.65MB/907.7MB
 e0d55fdb4d15 Downloading [====>                                              ]  9.437MB/109MB
 b0a0cf830b12 Downloading [==============================>                    ]  17.83MB/29.15MB
 4831516dd0cb Download complete 
 4831516dd0cb Extracting 1 s
 e0d55fdb4d15 Downloading [=====>                                             ]  11.53MB/109MB
 b0a0cf830b12 Downloading [================================>                  ]  18.87MB/29.15MB
 3fadc669ef11 Downloading [=======================================>           ]   34.6MB/43.48MB
 20043066d3d5 Downloading [==============>                                    ]  8.389MB/29.72MB
 f9dd052e142d Downloading [===================================>               ]   36.7MB/52.33MB
 eb77aa907276 Downloading [==>                                                ]  45.09MB/907.7MB
 4831516dd0cb Extracting 1 s
 3fadc669ef11 Downloading [==================================================>]  43.48MB/43.48MB
 eb77aa907276 Downloading [==>                                                ]  52.43MB/907.7MB
 20043066d3d5 Downloading [===============>                                   ]  9.437MB/29.72MB
 f9dd052e142d Downloading [========================================>          ]  41.94MB/52.33MB
 e0d55fdb4d15 Downloading [=======>                                           ]  16.78MB/109MB
 b0a0cf830b12 Downloading [=====================================>             ]  22.02MB/29.15MB
 4831516dd0cb Extracting 1 s
 f9dd052e142d Downloading [================================================>  ]  50.33MB/52.33MB
 eb77aa907276 Downloading [===>                                               ]  59.77MB/907.7MB
 3fadc669ef11 Download complete 
 20043066d3d5 Downloading [=================>                                 ]  10.49MB/29.72MB
 e0d55fdb4d15 Downloading [===========>                                       ]  25.17MB/109MB
 b0a0cf830b12 Downloading [================================================>  ]  28.32MB/29.15MB
 4831516dd0cb Extracting 1 s
 20043066d3d5 Downloading [======================>                            ]  13.63MB/29.72MB
 eb77aa907276 Downloading [===>                                               ]  66.06MB/907.7MB
 f9dd052e142d Download complete 
 e0d55fdb4d15 Downloading [=============>                                     ]  29.36MB/109MB
 b0a0cf830b12 Download complete 
 f9dd052e142d Extracting 1 s
 4831516dd0cb Extracting 1 s
 b0a0cf830b12 Extracting 1 s
 eb77aa907276 Downloading [===>                                               ]   71.3MB/907.7MB
 20043066d3d5 Downloading [============================>                      ]  16.78MB/29.72MB
 e0d55fdb4d15 Downloading [=================>                                 ]  37.75MB/109MB
 f9dd052e142d Extracting 1 s
 4831516dd0cb Extracting 1 s
 b0a0cf830b12 Extracting 1 s
 e0d55fdb4d15 Downloading [==================>                                ]  40.28MB/109MB
 eb77aa907276 Downloading [====>                                              ]  80.74MB/907.7MB
 20043066d3d5 Downloading [=============================>                     ]  17.83MB/29.72MB
 f9dd052e142d Extracting 1 s
 4831516dd0cb Extracting 1 s
 b0a0cf830b12 Extracting 1 s
 eb77aa907276 Downloading [====>                                              ]  88.08MB/907.7MB
 20043066d3d5 Downloading [==========================================>        ]  25.17MB/29.72MB
 e0d55fdb4d15 Downloading [=====================>                             ]  46.14MB/109MB
 f9dd052e142d Extracting 1 s
 4831516dd0cb Extracting 1 s
 b0a0cf830b12 Extracting 1 s
 eb77aa907276 Downloading [=====>                                             ]  95.42MB/907.7MB
 20043066d3d5 Downloading [==================================================>]  29.72MB/29.72MB
 e0d55fdb4d15 Downloading [=========================>                         ]  54.53MB/109MB
 4831516dd0cb Extracting 1 s
 f9dd052e142d Extracting 1 s
 b0a0cf830b12 Extracting 1 s
 eb77aa907276 Downloading [=====>                                             ]  101.7MB/907.7MB
 e0d55fdb4d15 Downloading [============================>                      ]  61.87MB/109MB
 20043066d3d5 Download complete 
 4831516dd0cb Extracting 1 s
 f9dd052e142d Extracting 1 s
 20043066d3d5 Extracting 1 s
 b0a0cf830b12 Extracting 1 s
 eb77aa907276 Downloading [=====>                                             ]  105.9MB/907.7MB
 e0d55fdb4d15 Downloading [=============================>                     ]  63.96MB/109MB
 4831516dd0cb Extracting 1 s
 f9dd052e142d Extracting 1 s
 20043066d3d5 Extracting 1 s
 b0a0cf830b12 Extracting 1 s
 e0d55fdb4d15 Downloading [===============================>                   ]  68.16MB/109MB
 eb77aa907276 Downloading [======>                                            ]  113.2MB/907.7MB
 f9dd052e142d Extracting 1 s
 4831516dd0cb Extracting 2 s
 20043066d3d5 Extracting 1 s
 b0a0cf830b12 Extracting 1 s
 eb77aa907276 Downloading [======>                                            ]  121.6MB/907.7MB
 e0d55fdb4d15 Downloading [=================================>                 ]  72.35MB/109MB
 f9dd052e142d Extracting 1 s
 4831516dd0cb Extracting 2 s
 20043066d3d5 Extracting 1 s
 b0a0cf830b12 Extracting 1 s
 eb77aa907276 Downloading [=======>                                           ]  135.3MB/907.7MB
 e0d55fdb4d15 Downloading [==================================>                ]  74.45MB/109MB
 f9dd052e142d Extracting 1 s
 4831516dd0cb Extracting 2 s
 20043066d3d5 Extracting 1 s
 b0a0cf830b12 Extracting 1 s
 eb77aa907276 Downloading [========>                                          ]  147.6MB/907.7MB
 e0d55fdb4d15 Downloading [=====================================>             ]  81.79MB/109MB
 4831516dd0cb Extracting 2 s
 f9dd052e142d Extracting 2 s
 20043066d3d5 Extracting 1 s
 b0a0cf830b12 Extracting 2 s
 e0d55fdb4d15 Downloading [=========================================>         ]  90.18MB/109MB
 eb77aa907276 Downloading [========>                                          ]  156.2MB/907.7MB
 4831516dd0cb Extracting 2 s
 f9dd052e142d Extracting 2 s
 20043066d3d5 Extracting 1 s
 b0a0cf830b12 Extracting 2 s
 eb77aa907276 Downloading [========>                                          ]  162.5MB/907.7MB
 e0d55fdb4d15 Downloading [=============================================>     ]  99.61MB/109MB
 f9dd052e142d Extracting 2 s
 4831516dd0cb Extracting 2 s
 20043066d3d5 Extracting 1 s
 b0a0cf830b12 Extracting 2 s
 eb77aa907276 Downloading [=========>                                         ]  171.2MB/907.7MB
 e0d55fdb4d15 Downloading [==================================================>]    109MB/109MB
 f9dd052e142d Extracting 2 s
 4831516dd0cb Extracting 2 s
 20043066d3d5 Extracting 1 s
 b0a0cf830b12 Extracting 2 s
 eb77aa907276 Downloading [=========>                                         ]    172MB/907.7MB
 e0d55fdb4d15 Downloading [==================================================>]    109MB/109MB
 f9dd052e142d Extracting 2 s
 4831516dd0cb Extracting 2 s
 20043066d3d5 Extracting 1 s
 b0a0cf830b12 Extracting 2 s
 eb77aa907276 Downloading [=========>                                         ]    173MB/907.7MB
 e0d55fdb4d15 Download complete 
 f9dd052e142d Extracting 2 s
 20043066d3d5 Extracting 1 s
 4831516dd0cb Extracting 2 s
 b0a0cf830b12 Extracting 2 s
 eb77aa907276 Downloading [==========>                                        ]  185.6MB/907.7MB
 f9dd052e142d Extracting 2 s
 4831516dd0cb Pull complete 
 20043066d3d5 Extracting 2 s
 b0a0cf830b12 Extracting 2 s
 eb77aa907276 Downloading [==========>                                        ]  190.8MB/907.7MB
 47a60771af96 Pull complete 
 edcaff0d5e7e Pull complete 
 7b28be0c8c4d Pull complete 
 22dca8215bc4 Extracting 1 s
 f9dd052e142d Extracting 2 s
 20043066d3d5 Extracting 2 s
 b0a0cf830b12 Extracting 2 s
 eb77aa907276 Downloading [==========>                                        ]  192.9MB/907.7MB
 22dca8215bc4 Extracting 1 s
 f9dd052e142d Extracting 2 s
 20043066d3d5 Extracting 2 s
 b0a0cf830b12 Extracting 2 s
 eb77aa907276 Downloading [==========>                                        ]  199.2MB/907.7MB
 22dca8215bc4 Extracting 1 s
 f9dd052e142d Extracting 2 s
 20043066d3d5 Extracting 2 s
 b0a0cf830b12 Extracting 2 s
 eb77aa907276 Downloading [===========>                                       ]  209.1MB/907.7MB
 22dca8215bc4 Extracting 1 s
 f9dd052e142d Extracting 3 s
 20043066d3d5 Extracting 2 s
 b0a0cf830b12 Extracting 3 s
 eb77aa907276 Downloading [============>                                      ]  221.3MB/907.7MB
 22dca8215bc4 Extracting 1 s
 dda3d8fbd5ed Pull complete 
 f9dd052e142d Extracting 3 s
 20043066d3d5 Extracting 2 s
 283a477db7bb Extracting 1 s
 b0a0cf830b12 Pull complete 
 eb77aa907276 Downloading [=============>                                     ]    237MB/907.7MB
 22dca8215bc4 Extracting 1 s
 f9dd052e142d Extracting 3 s
 20043066d3d5 Extracting 2 s
 283a477db7bb Extracting 1 s
 eb77aa907276 Downloading [=============>                                     ]  253.8MB/907.7MB
 4f4fb700ef54 Pull complete 
 bbf018d6d4b8 Pull complete 
 c5761dea9b0e Pull complete 
 22dca8215bc4 Pull complete 
 f9dd052e142d Extracting 3 s
 20043066d3d5 Extracting 2 s
 283a477db7bb Extracting 1 s
 redis Pulled 
 eb77aa907276 Downloading [==============>                                    ]  266.3MB/907.7MB
 f9dd052e142d Extracting 3 s
 91d2729fa4d5 Extracting 1 s
 20043066d3d5 Extracting 2 s
 283a477db7bb Pull complete 
 eb77aa907276 Downloading [==============>                                    ]  270.5MB/907.7MB
 f9dd052e142d Extracting 3 s
 91d2729fa4d5 Pull complete 
 20043066d3d5 Extracting 2 s
 9739ced65621 Extracting 1 s
 eb77aa907276 Downloading [===============>                                   ]  276.8MB/907.7MB
 f9dd052e142d Extracting 3 s
 9739ced65621 Extracting 1 s
 3fadc669ef11 Extracting 1 s
 20043066d3d5 Pull complete 
 eb77aa907276 Downloading [===============>                                   ]  284.2MB/907.7MB
 f9dd052e142d Extracting 3 s
 9739ced65621 Extracting 1 s
 3fadc669ef11 Extracting 1 s
 eb77aa907276 Downloading [===============>                                   ]  288.4MB/907.7MB
 ae3bb1b347a4 Extracting 1 s
 f9dd052e142d Extracting 3 s
 3fadc669ef11 Extracting 1 s
 9739ced65621 Pull complete 
 eb77aa907276 Downloading [================>                                  ]  297.8MB/907.7MB
 f8406d9c00ea Pull complete 
 c199bff16b05 Pull complete 
 f9dd052e142d Extracting 3 s
 ae3bb1b347a4 Pull complete 
 e0d55fdb4d15 Extracting 1 s
 3fadc669ef11 Extracting 1 s
 eb77aa907276 Downloading [================>                                  ]  306.2MB/907.7MB
 f9dd052e142d Extracting 3 s
 e0d55fdb4d15 Extracting 1 s
 3fadc669ef11 Extracting 1 s
 eb77aa907276 Downloading [=================>                                 ]  316.7MB/907.7MB
 f9dd052e142d Extracting 4 s
 e0d55fdb4d15 Extracting 1 s
 3fadc669ef11 Extracting 1 s
 eb77aa907276 Downloading [==================>                                ]  331.4MB/907.7MB
 f9dd052e142d Extracting 4 s
 e0d55fdb4d15 Extracting 1 s
 3fadc669ef11 Extracting 1 s
 eb77aa907276 Downloading [===================>                               ]    346MB/907.7MB
 f9dd052e142d Extracting 4 s
 e0d55fdb4d15 Extracting 1 s
 3fadc669ef11 Extracting 1 s
 eb77aa907276 Downloading [===================>                               ]  354.4MB/907.7MB
 f9dd052e142d Extracting 4 s
 e0d55fdb4d15 Extracting 1 s
 3fadc669ef11 Extracting 1 s
 eb77aa907276 Downloading [====================>                              ]  364.9MB/907.7MB
 f9dd052e142d Extracting 4 s
 e0d55fdb4d15 Extracting 1 s
 3fadc669ef11 Extracting 1 s
 eb77aa907276 Downloading [=====================>                             ]  381.7MB/907.7MB
 f9dd052e142d Extracting 4 s
 e0d55fdb4d15 Extracting 1 s
 3fadc669ef11 Extracting 2 s
 eb77aa907276 Downloading [=====================>                             ]  393.2MB/907.7MB
 e8c6d4883897 Extracting 1 s
 7084ac8f4ab6 Extracting 1 s
 f9dd052e142d Pull complete 
 e0d55fdb4d15 Extracting 1 s
 3fadc669ef11 Pull complete 
 eb77aa907276 Downloading [======================>                            ]  401.6MB/907.7MB
 e8c6d4883897 Extracting 1 s
 7084ac8f4ab6 Extracting 1 s
 e0d55fdb4d15 Extracting 1 s
 eb77aa907276 Downloading [======================>                            ]  416.3MB/907.7MB
 e8c6d4883897 Extracting 1 s
 e0d55fdb4d15 Extracting 1 s
 7084ac8f4ab6 Extracting 1 s
 eb77aa907276 Downloading [=======================>                           ]  422.6MB/907.7MB
 648eb81b3252 Pull complete 
 e8c6d4883897 Pull complete 
 beb0d870d438 Pull complete 
 7084ac8f4ab6 Pull complete 
 e0d55fdb4d15 Extracting 2 s
 d63c4408fdb7 Extracting 1 s
 eb77aa907276 Downloading [=======================>                           ]    431MB/907.7MB
 e0d55fdb4d15 Extracting 2 s
 d63c4408fdb7 Extracting 1 s
 eb77aa907276 Downloading [========================>                          ]  444.6MB/907.7MB
 e0d55fdb4d15 Extracting 2 s
 d63c4408fdb7 Extracting 1 s
 eb77aa907276 Downloading [=========================>                         ]  458.2MB/907.7MB
 e0d55fdb4d15 Extracting 2 s
 d63c4408fdb7 Extracting 1 s
 eb77aa907276 Downloading [==========================>                        ]  478.2MB/907.7MB
 d63c4408fdb7 Extracting 1 s
 e0d55fdb4d15 Extracting 2 s
 eb77aa907276 Downloading [===========================>                       ]  493.9MB/907.7MB
 e0d55fdb4d15 Extracting 2 s
 d63c4408fdb7 Extracting 1 s
 eb77aa907276 Downloading [============================>                      ]  512.3MB/907.7MB
 d63c4408fdb7 Extracting 1 s
 e0d55fdb4d15 Extracting 2 s
 eb77aa907276 Downloading [============================>                      ]    519MB/907.7MB
 d63c4408fdb7 Extracting 1 s
 e0d55fdb4d15 Extracting 2 s
 eb77aa907276 Downloading [=============================>                     ]  528.5MB/907.7MB
 f4e7f62f4b80 Pull complete 
 14e6209d5fa8 Pull complete 
 5e1c03b67a78 Pull complete 
 efa05c660812 Pull complete 
 e0d55fdb4d15 Extracting 2 s
 d686b50ce172 Extracting 1 s
 d63c4408fdb7 Pull complete 
 eb77aa907276 Downloading [=============================>                     ]  535.8MB/907.7MB
 d686b50ce172 Extracting 1 s
 e0d55fdb4d15 Extracting 2 s
 eb77aa907276 Downloading [==============================>                    ]  555.4MB/907.7MB
 d686b50ce172 Extracting 1 s
 e0d55fdb4d15 Extracting 3 s
 eb77aa907276 Downloading [===============================>                   ]  574.6MB/907.7MB
 d686b50ce172 Extracting 1 s
 e0d55fdb4d15 Extracting 3 s
 eb77aa907276 Downloading [================================>                  ]  592.4MB/907.7MB
 d686b50ce172 Extracting 1 s
 e0d55fdb4d15 Extracting 3 s
 eb77aa907276 Downloading [=================================>                 ]  610.3MB/907.7MB
 d686b50ce172 Extracting 1 s
 e0d55fdb4d15 Extracting 3 s
 eb77aa907276 Downloading [==================================>                ]  620.8MB/907.7MB
 d686b50ce172 Pull complete 
 rabbitmq Pulled 
 e0d55fdb4d15 Extracting 3 s
 eb77aa907276 Downloading [==================================>                ]    627MB/907.7MB
 e0d55fdb4d15 Extracting 3 s
 eb77aa907276 Downloading [===================================>               ]  643.8MB/907.7MB
 e0d55fdb4d15 Extracting 3 s
 eb77aa907276 Downloading [====================================>              ]  657.5MB/907.7MB
 e0d55fdb4d15 Extracting 3 s
 eb77aa907276 Downloading [====================================>              ]  671.1MB/907.7MB
 e0d55fdb4d15 Extracting 3 s
 eb77aa907276 Downloading [=====================================>             ]  680.5MB/907.7MB
 e0d55fdb4d15 Extracting 3 s
 eb77aa907276 Downloading [======================================>            ]    691MB/907.7MB
 e0d55fdb4d15 Extracting 4 s
 eb77aa907276 Downloading [======================================>            ]  696.3MB/907.7MB
 e0d55fdb4d15 Extracting 4 s
 cb628c265f09 Pull complete 
 873532e5f8c7 Pull complete 
 050d9f8c3b1c Pull complete 
 710e142705f8 Pull complete 
 c1cb13b19080 Pull complete 
 e0d55fdb4d15 Pull complete 
 postgresql Pulled 
 eb77aa907276 Downloading [======================================>            ]  702.5MB/907.7MB
 eb77aa907276 Downloading [=======================================>           ]  719.3MB/907.7MB
 eb77aa907276 Downloading [========================================>          ]    734MB/907.7MB
 eb77aa907276 Downloading [========================================>          ]  740.3MB/907.7MB
 eb77aa907276 Downloading [=========================================>         ]    755MB/907.7MB
 eb77aa907276 Downloading [==========================================>        ]  766.5MB/907.7MB
 eb77aa907276 Downloading [===========================================>       ]  784.3MB/907.7MB
 eb77aa907276 Downloading [============================================>      ]  802.2MB/907.7MB
 eb77aa907276 Downloading [============================================>      ]  808.5MB/907.7MB
 eb77aa907276 Downloading [============================================>      ]  813.7MB/907.7MB
 eb77aa907276 Downloading [=============================================>     ]  818.9MB/907.7MB
 eb77aa907276 Downloading [=============================================>     ]  832.6MB/907.7MB
 eb77aa907276 Downloading [==============================================>    ]    841MB/907.7MB
 eb77aa907276 Downloading [==============================================>    ]  851.7MB/907.7MB
 eb77aa907276 Downloading [===============================================>   ]  859.8MB/907.7MB
 eb77aa907276 Downloading [================================================>  ]  871.4MB/907.7MB
 eb77aa907276 Downloading [================================================>  ]  880.8MB/907.7MB
 eb77aa907276 Downloading [================================================>  ]    885MB/907.7MB
 eb77aa907276 Downloading [=================================================> ]  896.5MB/907.7MB
 eb77aa907276 Downloading [=================================================> ]  903.9MB/907.7MB
 eb77aa907276 Downloading [==================================================>]  907.7MB/907.7MB
 eb77aa907276 Downloading [==================================================>]  907.7MB/907.7MB
 eb77aa907276 Downloading [==================================================>]  907.7MB/907.7MB
 eb77aa907276 Downloading [==================================================>]  907.7MB/907.7MB
 eb77aa907276 Downloading [==================================================>]  907.7MB/907.7MB
 eb77aa907276 Downloading [==================================================>]  907.7MB/907.7MB
 eb77aa907276 Downloading [==================================================>]  907.7MB/907.7MB
 eb77aa907276 Downloading [==================================================>]  907.7MB/907.7MB
 eb77aa907276 Downloading [==================================================>]  907.7MB/907.7MB
 eb77aa907276 Downloading [==================================================>]  907.7MB/907.7MB
 eb77aa907276 Downloading [==================================================>]  907.7MB/907.7MB
 eb77aa907276 Downloading [==================================================>]  907.7MB/907.7MB
 eb77aa907276 Downloading [==================================================>]  907.7MB/907.7MB
 eb77aa907276 Downloading [==================================================>]  907.7MB/907.7MB
 eb77aa907276 Downloading [==================================================>]  907.7MB/907.7MB
 eb77aa907276 Downloading [==================================================>]  907.7MB/907.7MB
 eb77aa907276 Downloading [==================================================>]  907.7MB/907.7MB
 eb77aa907276 Downloading [==================================================>]  907.7MB/907.7MB
 eb77aa907276 Download complete 
 eb77aa907276 Extracting 1 s
 eb77aa907276 Extracting 1 s
 eb77aa907276 Extracting 1 s
 eb77aa907276 Extracting 1 s
 eb77aa907276 Extracting 1 s
 eb77aa907276 Extracting 1 s
 eb77aa907276 Extracting 1 s
 eb77aa907276 Extracting 1 s
 eb77aa907276 Extracting 1 s
 eb77aa907276 Extracting 1 s
 eb77aa907276 Extracting 1 s
 eb77aa907276 Extracting 2 s
 eb77aa907276 Extracting 2 s
 eb77aa907276 Extracting 2 s
 eb77aa907276 Extracting 2 s
 eb77aa907276 Extracting 2 s
 eb77aa907276 Extracting 2 s
 eb77aa907276 Extracting 2 s
 eb77aa907276 Extracting 2 s
 eb77aa907276 Extracting 2 s
 eb77aa907276 Extracting 2 s
 eb77aa907276 Extracting 3 s
 eb77aa907276 Extracting 3 s
 eb77aa907276 Extracting 3 s
 eb77aa907276 Extracting 3 s
 eb77aa907276 Extracting 3 s
 eb77aa907276 Extracting 3 s
 eb77aa907276 Extracting 3 s
 eb77aa907276 Extracting 3 s
 eb77aa907276 Extracting 3 s
 eb77aa907276 Extracting 4 s
 eb77aa907276 Extracting 4 s
 eb77aa907276 Extracting 4 s
 eb77aa907276 Extracting 4 s
 eb77aa907276 Extracting 4 s
 eb77aa907276 Extracting 4 s
 eb77aa907276 Extracting 4 s
 eb77aa907276 Extracting 4 s
 eb77aa907276 Extracting 4 s
 eb77aa907276 Extracting 4 s
 eb77aa907276 Extracting 5 s
 eb77aa907276 Extracting 5 s
 eb77aa907276 Extracting 5 s
 eb77aa907276 Extracting 5 s
 eb77aa907276 Extracting 5 s
 eb77aa907276 Extracting 5 s
 eb77aa907276 Extracting 5 s
 eb77aa907276 Extracting 5 s
 4f4fb700ef54 Pull complete 
 2e81b9cb93cd Extracting 1 s
 0ffa8f8aba1e Pull complete 
 eb77aa907276 Pull complete 
 2e81b9cb93cd Pull complete 
 opensearch Pulled 
 Network docker_services_cli_default  Creating
 Network docker_services_cli_default  Created
 Container docker_services_cli-redis-1  Creating
 Container docker_services_cli-postgresql-1  Creating
 Container docker_services_cli-rabbitmq-1  Creating
 Container docker_services_cli-opensearch-1  Creating
 Container docker_services_cli-redis-1  Created
 Container docker_services_cli-postgresql-1  Created
 Container docker_services_cli-opensearch-1  Created
 Container docker_services_cli-rabbitmq-1  Created
 Container docker_services_cli-redis-1  Starting
 Container docker_services_cli-postgresql-1  Starting
 Container docker_services_cli-opensearch-1  Starting
 Container docker_services_cli-rabbitmq-1  Starting
 Container docker_services_cli-postgresql-1  Started
 Container docker_services_cli-redis-1  Started
 Container docker_services_cli-rabbitmq-1  Started
 Container docker_services_cli-opensearch-1  Started
::warning file=/home/runner/work/test-zip-extract-repository/test-zip-extract-repository/workdir/tests/invenio-app-rdm/original/.venv/lib/python3.14/site-packages/invenio_vocabularies/config.py,line=15::Implicit imports (e.g., 'import idutils; idutils.function;') might be removed in the next major version. Please use explicit imports (e.g., 'from idutils import function;') instead.
::warning file=/home/runner/work/test-zip-extract-repository/test-zip-extract-repository/workdir/tests/invenio-app-rdm/original/.venv/lib/python3.14/site-packages/edtf/parser/grammar.py,line=9::'enablePackrat' deprecated - use 'enable_packrat'
::warning file=/home/runner/work/test-zip-extract-repository/test-zip-extract-repository/workdir/tests/invenio-app-rdm/original/.venv/lib/python3.14/site-packages/edtf/parser/grammar.py,line=52::'oneOf' deprecated - use 'one_of'
::warning file=/home/runner/work/test-zip-extract-repository/test-zip-extract-repository/workdir/tests/invenio-app-rdm/original/.venv/lib/python3.14/site-packages/edtf/parser/grammar.py,line=53::'oneOf' deprecated - use 'one_of'
::warning file=/home/runner/work/test-zip-extract-repository/test-zip-extract-repository/workdir/tests/invenio-app-rdm/original/.venv/lib/python3.14/site-packages/edtf/parser/grammar.py,line=54::'oneOf' deprecated - use 'one_of'
::warning file=/home/runner/work/test-zip-extract-repository/test-zip-extract-repository/workdir/tests/invenio-app-rdm/original/.venv/lib/python3.14/site-packages/edtf/parser/grammar.py,line=55::'oneOf' deprecated - use 'one_of'
::warning file=/home/runner/work/test-zip-extract-repository/test-zip-extract-repository/workdir/tests/invenio-app-rdm/original/.venv/lib/python3.14/site-packages/edtf/parser/grammar.py,line=56::'oneOf' deprecated - use 'one_of'
::warning file=/home/runner/work/test-zip-extract-repository/test-zip-extract-repository/workdir/tests/invenio-app-rdm/original/.venv/lib/python3.14/site-packages/edtf/parser/grammar.py,line=57::'oneOf' deprecated - use 'one_of'
::warning file=/home/runner/work/test-zip-extract-repository/test-zip-extract-repository/workdir/tests/invenio-app-rdm/original/.venv/lib/python3.14/site-packages/edtf/parser/grammar.py,line=58::'oneOf' deprecated - use 'one_of'
::warning file=/home/runner/work/test-zip-extract-repository/test-zip-extract-repository/workdir/tests/invenio-app-rdm/original/.venv/lib/python3.14/site-packages/edtf/parser/grammar.py,line=59::'oneOf' deprecated - use 'one_of'
::warning file=/home/runner/work/test-zip-extract-repository/test-zip-extract-repository/workdir/tests/invenio-app-rdm/original/.venv/lib/python3.14/site-packages/edtf/parser/grammar.py,line=60::'oneOf' deprecated - use 'one_of'
::warning file=/home/runner/work/test-zip-extract-repository/test-zip-extract-repository/workdir/tests/invenio-app-rdm/original/.venv/lib/python3.14/site-packages/edtf/parser/grammar.py,line=63::'excludeChars' argument is deprecated, use 'exclude_chars'
::warning file=/home/runner/work/test-zip-extract-repository/test-zip-extract-repository/workdir/tests/invenio-app-rdm/original/.venv/lib/python3.14/site-packages/edtf/parser/grammar.py,line=73::'oneOf' deprecated - use 'one_of'
::warning file=/home/runner/work/test-zip-extract-repository/test-zip-extract-repository/workdir/tests/invenio-app-rdm/original/.venv/lib/python3.14/site-packages/edtf/parser/grammar.py,line=74::'oneOf' deprecated - use 'one_of'
::warning file=/home/runner/work/test-zip-extract-repository/test-zip-extract-repository/workdir/tests/invenio-app-rdm/original/.venv/lib/python3.14/site-packages/edtf/parser/parser_classes.py,line=103::'addParseAction' deprecated - use 'add_parse_action'
::warning file=/home/runner/work/test-zip-extract-repository/test-zip-extract-repository/workdir/tests/invenio-app-rdm/original/.venv/lib/python3.14/site-packages/edtf/parser/parser_classes.py,line=103::'addParseAction' deprecated - use 'add_parse_action'
::warning file=/home/runner/work/test-zip-extract-repository/test-zip-extract-repository/workdir/tests/invenio-app-rdm/original/.venv/lib/python3.14/site-packages/edtf/parser/parser_classes.py,line=103::'addParseAction' deprecated - use 'add_parse_action'
::warning file=/home/runner/work/test-zip-extract-repository/test-zip-extract-repository/workdir/tests/invenio-app-rdm/original/.venv/lib/python3.14/site-packages/edtf/parser/grammar.py,line=119::'oneOf' deprecated - use 'one_of'
::warning file=/home/runner/work/test-zip-extract-repository/test-zip-extract-repository/workdir/tests/invenio-app-rdm/original/.venv/lib/python3.14/site-packages/edtf/parser/parser_classes.py,line=103::'addParseAction' deprecated - use 'add_parse_action'
::warning file=/home/runner/work/test-zip-extract-repository/test-zip-extract-repository/workdir/tests/invenio-app-rdm/original/.venv/lib/python3.14/site-packages/edtf/parser/grammar.py,line=122::'oneOf' deprecated - use 'one_of'
::warning file=/home/runner/work/test-zip-extract-repository/test-zip-extract-repository/workdir/tests/invenio-app-rdm/original/.venv/lib/python3.14/site-packages/edtf/parser/parser_classes.py,line=103::'addParseAction' deprecated - use 'add_parse_action'
::warning file=/home/runner/work/test-zip-extract-repository/test-zip-extract-repository/workdir/tests/invenio-app-rdm/original/.venv/lib/python3.14/site-packages/edtf/parser/parser_classes.py,line=103::'addParseAction' deprecated - use 'add_parse_action'
::warning file=/home/runner/work/test-zip-extract-repository/test-zip-extract-repository/workdir/tests/invenio-app-rdm/original/.venv/lib/python3.14/site-packages/edtf/parser/grammar.py,line=155::'addParseAction' deprecated - use 'add_parse_action'
::warning file=/home/runner/work/test-zip-extract-repository/test-zip-extract-repository/workdir/tests/invenio-app-rdm/original/.venv/lib/python3.14/site-packages/edtf/parser/grammar.py,line=157::'addParseAction' deprecated - use 'add_parse_action'
::warning file=/home/runner/work/test-zip-extract-repository/test-zip-extract-repository/workdir/tests/invenio-app-rdm/original/.venv/lib/python3.14/site-packages/edtf/parser/parser_classes.py,line=103::'addParseAction' deprecated - use 'add_parse_action'
::warning file=/home/runner/work/test-zip-extract-repository/test-zip-extract-repository/workdir/tests/invenio-app-rdm/original/.venv/lib/python3.14/site-packages/edtf/parser/parser_classes.py,line=103::'addParseAction' deprecated - use 'add_parse_action'
::warning file=/home/runner/work/test-zip-extract-repository/test-zip-extract-repository/workdir/tests/invenio-app-rdm/original/.venv/lib/python3.14/site-packages/edtf/parser/parser_classes.py,line=103::'addParseAction' deprecated - use 'add_parse_action'
::warning file=/home/runner/work/test-zip-extract-repository/test-zip-extract-repository/workdir/tests/invenio-app-rdm/original/.venv/lib/python3.14/site-packages/edtf/parser/grammar.py,line=199::'oneOf' deprecated - use 'one_of'
::warning file=/home/runner/work/test-zip-extract-repository/test-zip-extract-repository/workdir/tests/invenio-app-rdm/original/.venv/lib/python3.14/site-packages/edtf/parser/parser_classes.py,line=103::'addParseAction' deprecated - use 'add_parse_action'
::warning file=/home/runner/work/test-zip-extract-repository/test-zip-extract-repository/workdir/tests/invenio-app-rdm/original/.venv/lib/python3.14/site-packages/edtf/parser/parser_classes.py,line=103::'addParseAction' deprecated - use 'add_parse_action'
::warning file=/home/runner/work/test-zip-extract-repository/test-zip-extract-repository/workdir/tests/invenio-app-rdm/original/.venv/lib/python3.14/site-packages/edtf/parser/parser_classes.py,line=103::'addParseAction' deprecated - use 'add_parse_action'
::warning file=/home/runner/work/test-zip-extract-repository/test-zip-extract-repository/workdir/tests/invenio-app-rdm/original/.venv/lib/python3.14/site-packages/edtf/parser/parser_classes.py,line=103::'addParseAction' deprecated - use 'add_parse_action'
::warning file=/home/runner/work/test-zip-extract-repository/test-zip-extract-repository/workdir/tests/invenio-app-rdm/original/.venv/lib/python3.14/site-packages/edtf/parser/parser_classes.py,line=103::'addParseAction' deprecated - use 'add_parse_action'
::warning file=/home/runner/work/test-zip-extract-repository/test-zip-extract-repository/workdir/tests/invenio-app-rdm/original/.venv/lib/python3.14/site-packages/edtf/parser/grammar.py,line=303::'addParseAction' deprecated - use 'add_parse_action'
::warning file=/home/runner/work/test-zip-extract-repository/test-zip-extract-repository/workdir/tests/invenio-app-rdm/original/.venv/lib/python3.14/site-packages/edtf/parser/grammar.py,line=303::'addParseAction' deprecated - use 'add_parse_action'
::warning file=/home/runner/work/test-zip-extract-repository/test-zip-extract-repository/workdir/tests/invenio-app-rdm/original/.venv/lib/python3.14/site-packages/edtf/parser/grammar.py,line=304::'addParseAction' deprecated - use 'add_parse_action'
::warning file=/home/runner/work/test-zip-extract-repository/test-zip-extract-repository/workdir/tests/invenio-app-rdm/original/.venv/lib/python3.14/site-packages/edtf/parser/grammar.py,line=304::'addParseAction' deprecated - use 'add_parse_action'
::warning file=/home/runner/work/test-zip-extract-repository/test-zip-extract-repository/workdir/tests/invenio-app-rdm/original/.venv/lib/python3.14/site-packages/edtf/parser/parser_classes.py,line=103::'addParseAction' deprecated - use 'add_parse_action'
::warning file=/home/runner/work/test-zip-extract-repository/test-zip-extract-repository/workdir/tests/invenio-app-rdm/original/.venv/lib/python3.14/site-packages/edtf/parser/parser_classes.py,line=103::'addParseAction' deprecated - use 'add_parse_action'
::warning file=/home/runner/work/test-zip-extract-repository/test-zip-extract-repository/workdir/tests/invenio-app-rdm/original/.venv/lib/python3.14/site-packages/edtf/parser/parser_classes.py,line=103::'addParseAction' deprecated - use 'add_parse_action'
::warning file=/home/runner/work/test-zip-extract-repository/test-zip-extract-repository/workdir/tests/invenio-app-rdm/original/.venv/lib/python3.14/site-packages/edtf/parser/parser_classes.py,line=103::'addParseAction' deprecated - use 'add_parse_action'
::warning file=/home/runner/work/test-zip-extract-repository/test-zip-extract-repository/workdir/tests/invenio-app-rdm/original/.venv/lib/python3.14/site-packages/edtf/parser/grammar.py,line=325::'oneOf' deprecated - use 'one_of'
::warning file=/home/runner/work/test-zip-extract-repository/test-zip-extract-repository/workdir/tests/invenio-app-rdm/original/.venv/lib/python3.14/site-packages/edtf/parser/parser_classes.py,line=103::'addParseAction' deprecated - use 'add_parse_action'
============================= test session starts ==============================
platform linux -- Python 3.14.2, pytest-8.4.2, pluggy-1.6.0
rootdir: /home/runner/work/test-zip-extract-repository/test-zip-extract-repository/workdir/tests/invenio-app-rdm/original
configfile: setup.cfg
testpaths: tests, invenio_app_rdm
plugins: invenio-4.0.0, time-machine-2.19.0, isort-4.0.0, flask-1.3.0, github-actions-annotate-failures-0.3.0, pydocstyle-2.4.0, Faker-40.4.0, cov-7.0.0, black-0.6.0, pycodestyle-2.5.0
collected 43 items / 1 error
::warning file=/home/runner/work/test-zip-extract-repository/test-zip-extract-repository/workdir/tests/invenio-app-rdm/original/.venv/lib/python3.14/site-packages/invenio_rdm_records/services/facets.py,line=75::subject_nested is deprecated. Use subject_combined instead.
::warning file=/home/runner/work/test-zip-extract-repository/test-zip-extract-repository/workdir/tests/invenio-app-rdm/original/.venv/lib/python3.14/site-packages/webargs/compat.py,line=8::The '__version__' attribute is deprecated and will be removed in in a future version. Use feature detection or 'importlib.metadata.version("marshmallow")' instead.
::warning file=/home/runner/work/test-zip-extract-repository/test-zip-extract-repository/workdir/tests/invenio-app-rdm/original/.venv/lib/python3.14/site-packages/webargs/compat.py,line=8::distutils Version classes are deprecated. Use packaging.version instead.
::warning file=/home/runner/work/test-zip-extract-repository/test-zip-extract-repository/workdir/tests/invenio-app-rdm/original/.venv/lib/python3.14/site-packages/webargs/__init__.py,line=13::distutils Version classes are deprecated. Use packaging.version instead.
::warning file=/home/runner/work/test-zip-extract-repository/test-zip-extract-repository/workdir/tests/invenio-app-rdm/original/.venv/lib/python3.14/site-packages/datacite/jsonutils.py,line=15::jsonschema.RefResolver is deprecated as of v4.18.0, in favor of the https://github.com/python-jsonschema/referencing library, which provides more compliant referencing behavior as well as more flexible APIs for customization. A future release will remove RefResolver. Please file a feature request (on referencing) if you are missing an API for the kind of customization you need.
::warning file=/home/runner/work/test-zip-extract-repository/test-zip-extract-repository/workdir/tests/invenio-app-rdm/original/.venv/lib/python3.14/site-packages/datacite/jsonutils.py,line=15::jsonschema.RefResolver is deprecated as of v4.18.0, in favor of the https://github.com/python-jsonschema/referencing library, which provides more compliant referencing behavior as well as more flexible APIs for customization. A future release will remove RefResolver. Please file a feature request (on referencing) if you are missing an API for the kind of customization you need.

==================================== ERRORS ====================================
___ ERROR collecting invenio_app_rdm/records_ui/previewer/previewable_zip.py ___
ImportError while importing test module '/home/runner/work/test-zip-extract-repository/test-zip-extract-repository/workdir/tests/invenio-app-rdm/original/invenio_app_rdm/records_ui/previewer/previewable_zip.py'.
Hint: make sure your test modules/packages have valid Python names.
Traceback:
/opt/hostedtoolcache/Python/3.14.2/x64/lib/python3.14/importlib/__init__.py:88: in import_module
    return _bootstrap._gcd_import(name[level:], package, level)
           ^^^^^^^^^^^^^^^^^^^^^^^^^^^^^^^^^^^^^^^^^^^^^^^^^^^^
invenio_app_rdm/records_ui/previewer/previewable_zip.py:17: in <module>
    from invenio_previewer.views import is_container_item_previewable
E   ImportError: cannot import name 'is_container_item_previewable' from 'invenio_previewer.views' (/home/runner/work/test-zip-extract-repository/test-zip-extract-repository/workdir/tests/invenio-app-rdm/original/.venv/lib/python3.14/site-packages/invenio_previewer/views.py)
=============================== warnings summary ===============================
.venv/lib/python3.14/site-packages/invenio_vocabularies/config.py:15
  /home/runner/work/test-zip-extract-repository/test-zip-extract-repository/workdir/tests/invenio-app-rdm/original/.venv/lib/python3.14/site-packages/invenio_vocabularies/config.py:15: DeprecationWarning: Implicit imports (e.g., 'import idutils; idutils.function;') might be removed in the next major version. Please use explicit imports (e.g., 'from idutils import function;') instead.
    from idutils import is_doi, is_gnd, is_isni, is_orcid, is_ror, is_url

.venv/lib/python3.14/site-packages/edtf/parser/grammar.py:9
  /home/runner/work/test-zip-extract-repository/test-zip-extract-repository/workdir/tests/invenio-app-rdm/original/.venv/lib/python3.14/site-packages/edtf/parser/grammar.py:9: PyparsingDeprecationWarning: 'enablePackrat' deprecated - use 'enable_packrat'
    pyparsing.ParserElement.enablePackrat()

.venv/lib/python3.14/site-packages/edtf/parser/grammar.py:52
  /home/runner/work/test-zip-extract-repository/test-zip-extract-repository/workdir/tests/invenio-app-rdm/original/.venv/lib/python3.14/site-packages/edtf/parser/grammar.py:52: PyparsingDeprecationWarning: 'oneOf' deprecated - use 'one_of'
    oneThru12 = oneOf(["%.2d" % i for i in range(1, 13)])

.venv/lib/python3.14/site-packages/edtf/parser/grammar.py:53
  /home/runner/work/test-zip-extract-repository/test-zip-extract-repository/workdir/tests/invenio-app-rdm/original/.venv/lib/python3.14/site-packages/edtf/parser/grammar.py:53: PyparsingDeprecationWarning: 'oneOf' deprecated - use 'one_of'
    oneThru13 = oneOf(["%.2d" % i for i in range(1, 14)])

.venv/lib/python3.14/site-packages/edtf/parser/grammar.py:54
  /home/runner/work/test-zip-extract-repository/test-zip-extract-repository/workdir/tests/invenio-app-rdm/original/.venv/lib/python3.14/site-packages/edtf/parser/grammar.py:54: PyparsingDeprecationWarning: 'oneOf' deprecated - use 'one_of'
    oneThru23 = oneOf(["%.2d" % i for i in range(1, 24)])

.venv/lib/python3.14/site-packages/edtf/parser/grammar.py:55
  /home/runner/work/test-zip-extract-repository/test-zip-extract-repository/workdir/tests/invenio-app-rdm/original/.venv/lib/python3.14/site-packages/edtf/parser/grammar.py:55: PyparsingDeprecationWarning: 'oneOf' deprecated - use 'one_of'
    zeroThru23 = oneOf(["%.2d" % i for i in range(0, 24)])

.venv/lib/python3.14/site-packages/edtf/parser/grammar.py:56
  /home/runner/work/test-zip-extract-repository/test-zip-extract-repository/workdir/tests/invenio-app-rdm/original/.venv/lib/python3.14/site-packages/edtf/parser/grammar.py:56: PyparsingDeprecationWarning: 'oneOf' deprecated - use 'one_of'
    oneThru29 = oneOf(["%.2d" % i for i in range(1, 30)])

.venv/lib/python3.14/site-packages/edtf/parser/grammar.py:57
  /home/runner/work/test-zip-extract-repository/test-zip-extract-repository/workdir/tests/invenio-app-rdm/original/.venv/lib/python3.14/site-packages/edtf/parser/grammar.py:57: PyparsingDeprecationWarning: 'oneOf' deprecated - use 'one_of'
    oneThru30 = oneOf(["%.2d" % i for i in range(1, 31)])

.venv/lib/python3.14/site-packages/edtf/parser/grammar.py:58
  /home/runner/work/test-zip-extract-repository/test-zip-extract-repository/workdir/tests/invenio-app-rdm/original/.venv/lib/python3.14/site-packages/edtf/parser/grammar.py:58: PyparsingDeprecationWarning: 'oneOf' deprecated - use 'one_of'
    oneThru31 = oneOf(["%.2d" % i for i in range(1, 32)])

.venv/lib/python3.14/site-packages/edtf/parser/grammar.py:59
  /home/runner/work/test-zip-extract-repository/test-zip-extract-repository/workdir/tests/invenio-app-rdm/original/.venv/lib/python3.14/site-packages/edtf/parser/grammar.py:59: PyparsingDeprecationWarning: 'oneOf' deprecated - use 'one_of'
    oneThru59 = oneOf(["%.2d" % i for i in range(1, 60)])

.venv/lib/python3.14/site-packages/edtf/parser/grammar.py:60
  /home/runner/work/test-zip-extract-repository/test-zip-extract-repository/workdir/tests/invenio-app-rdm/original/.venv/lib/python3.14/site-packages/edtf/parser/grammar.py:60: PyparsingDeprecationWarning: 'oneOf' deprecated - use 'one_of'
    zeroThru59 = oneOf(["%.2d" % i for i in range(0, 60)])

.venv/lib/python3.14/site-packages/edtf/parser/grammar.py:63
  /home/runner/work/test-zip-extract-repository/test-zip-extract-repository/workdir/tests/invenio-app-rdm/original/.venv/lib/python3.14/site-packages/edtf/parser/grammar.py:63: PyparsingDeprecationWarning: 'excludeChars' argument is deprecated, use 'exclude_chars'
    positiveDigit = Word(nums, exact=1, excludeChars="0")

.venv/lib/python3.14/site-packages/edtf/parser/grammar.py:73
  /home/runner/work/test-zip-extract-repository/test-zip-extract-repository/workdir/tests/invenio-app-rdm/original/.venv/lib/python3.14/site-packages/edtf/parser/grammar.py:73: PyparsingDeprecationWarning: 'oneOf' deprecated - use 'one_of'
    (oneOf("01 03 05 07 08 10 12")("month") + "-" + oneThru31("day"))

.venv/lib/python3.14/site-packages/edtf/parser/grammar.py:74
  /home/runner/work/test-zip-extract-repository/test-zip-extract-repository/workdir/tests/invenio-app-rdm/original/.venv/lib/python3.14/site-packages/edtf/parser/grammar.py:74: PyparsingDeprecationWarning: 'oneOf' deprecated - use 'one_of'
    ^ (oneOf("04 06 09 11")("month") + "-" + oneThru30("day"))

.venv/lib/python3.14/site-packages/edtf/parser/parser_classes.py:103: 19 warnings
  /home/runner/work/test-zip-extract-repository/test-zip-extract-repository/workdir/tests/invenio-app-rdm/original/.venv/lib/python3.14/site-packages/edtf/parser/parser_classes.py:103: PyparsingDeprecationWarning: 'addParseAction' deprecated - use 'add_parse_action'
    p.addParseAction(cls.parse_action)

.venv/lib/python3.14/site-packages/edtf/parser/grammar.py:119
  /home/runner/work/test-zip-extract-repository/test-zip-extract-repository/workdir/tests/invenio-app-rdm/original/.venv/lib/python3.14/site-packages/edtf/parser/grammar.py:119: PyparsingDeprecationWarning: 'oneOf' deprecated - use 'one_of'
    UASymbol = Combine(oneOf("? ~ %"))

.venv/lib/python3.14/site-packages/edtf/parser/grammar.py:122
  /home/runner/work/test-zip-extract-repository/test-zip-extract-repository/workdir/tests/invenio-app-rdm/original/.venv/lib/python3.14/site-packages/edtf/parser/grammar.py:122: PyparsingDeprecationWarning: 'oneOf' deprecated - use 'one_of'
    seasonNumber = oneOf("21 22 23 24")

.venv/lib/python3.14/site-packages/edtf/parser/grammar.py:155
  /home/runner/work/test-zip-extract-repository/test-zip-extract-repository/workdir/tests/invenio-app-rdm/original/.venv/lib/python3.14/site-packages/edtf/parser/grammar.py:155: PyparsingDeprecationWarning: 'addParseAction' deprecated - use 'add_parse_action'
    l1Start.addParseAction(f)

.venv/lib/python3.14/site-packages/edtf/parser/grammar.py:157
  /home/runner/work/test-zip-extract-repository/test-zip-extract-repository/workdir/tests/invenio-app-rdm/original/.venv/lib/python3.14/site-packages/edtf/parser/grammar.py:157: PyparsingDeprecationWarning: 'addParseAction' deprecated - use 'add_parse_action'
    l1End.addParseAction(f)

.venv/lib/python3.14/site-packages/edtf/parser/grammar.py:199
  /home/runner/work/test-zip-extract-repository/test-zip-extract-repository/workdir/tests/invenio-app-rdm/original/.venv/lib/python3.14/site-packages/edtf/parser/grammar.py:199: PyparsingDeprecationWarning: 'oneOf' deprecated - use 'one_of'
    monthWithX = Combine(oneOf("0X 1X") ^ ("X" + digitOrX))("month")

.venv/lib/python3.14/site-packages/edtf/parser/grammar.py:303
.venv/lib/python3.14/site-packages/edtf/parser/grammar.py:303
  /home/runner/work/test-zip-extract-repository/test-zip-extract-repository/workdir/tests/invenio-app-rdm/original/.venv/lib/python3.14/site-packages/edtf/parser/grammar.py:303: PyparsingDeprecationWarning: 'addParseAction' deprecated - use 'add_parse_action'
    earlier = L("..").addParseAction(f)("lower") + date("upper").addParseAction(f)

.venv/lib/python3.14/site-packages/edtf/parser/grammar.py:304
.venv/lib/python3.14/site-packages/edtf/parser/grammar.py:304
  /home/runner/work/test-zip-extract-repository/test-zip-extract-repository/workdir/tests/invenio-app-rdm/original/.venv/lib/python3.14/site-packages/edtf/parser/grammar.py:304: PyparsingDeprecationWarning: 'addParseAction' deprecated - use 'add_parse_action'
    later = date("lower").addParseAction(f) + L("..").addParseAction(f)("upper")

.venv/lib/python3.14/site-packages/edtf/parser/grammar.py:325
  /home/runner/work/test-zip-extract-repository/test-zip-extract-repository/workdir/tests/invenio-app-rdm/original/.venv/lib/python3.14/site-packages/edtf/parser/grammar.py:325: PyparsingDeprecationWarning: 'oneOf' deprecated - use 'one_of'
    seasonL2Number = oneOf("21 22 23 24 25 26 27 28 29 30 31 32 33 34 35 36 37 38 39 40 41")

.venv/lib/python3.14/site-packages/invenio_rdm_records/services/facets.py:75
  /home/runner/work/test-zip-extract-repository/test-zip-extract-repository/workdir/tests/invenio-app-rdm/original/.venv/lib/python3.14/site-packages/invenio_rdm_records/services/facets.py:75: DeprecationWarning: subject_nested is deprecated. Use subject_combined instead.
    warn(

.venv/lib/python3.14/site-packages/webargs/compat.py:8
  /home/runner/work/test-zip-extract-repository/test-zip-extract-repository/workdir/tests/invenio-app-rdm/original/.venv/lib/python3.14/site-packages/webargs/compat.py:8: DeprecationWarning: The '__version__' attribute is deprecated and will be removed in in a future version. Use feature detection or 'importlib.metadata.version("marshmallow")' instead.
    MARSHMALLOW_VERSION_INFO = tuple(LooseVersion(ma.__version__).version)  # type: tuple

.venv/lib/python3.14/site-packages/webargs/compat.py:8
  /home/runner/work/test-zip-extract-repository/test-zip-extract-repository/workdir/tests/invenio-app-rdm/original/.venv/lib/python3.14/site-packages/webargs/compat.py:8: DeprecationWarning: distutils Version classes are deprecated. Use packaging.version instead.
    MARSHMALLOW_VERSION_INFO = tuple(LooseVersion(ma.__version__).version)  # type: tuple

.venv/lib/python3.14/site-packages/webargs/__init__.py:13
  /home/runner/work/test-zip-extract-repository/test-zip-extract-repository/workdir/tests/invenio-app-rdm/original/.venv/lib/python3.14/site-packages/webargs/__init__.py:13: DeprecationWarning: distutils Version classes are deprecated. Use packaging.version instead.
    __version_info__ = tuple(LooseVersion(__version__).version)

.venv/lib/python3.14/site-packages/datacite/jsonutils.py:15
.venv/lib/python3.14/site-packages/datacite/jsonutils.py:15
  /home/runner/work/test-zip-extract-repository/test-zip-extract-repository/workdir/tests/invenio-app-rdm/original/.venv/lib/python3.14/site-packages/datacite/jsonutils.py:15: DeprecationWarning: jsonschema.RefResolver is deprecated as of v4.18.0, in favor of the https://github.com/python-jsonschema/referencing library, which provides more compliant referencing behavior as well as more flexible APIs for customization. A future release will remove RefResolver. Please file a feature request (on referencing) if you are missing an API for the kind of customization you need.
    from jsonschema import RefResolver, validate

-- Docs: https://docs.pytest.org/en/stable/how-to/capture-warnings.html
=========================== short test summary info ============================
ERROR invenio_app_rdm/records_ui/previewer/previewable_zip.py
!!!!!!!!!!!!!!!!!!!! Interrupted: 1 error during collection !!!!!!!!!!!!!!!!!!!!
======================== 49 warnings, 1 error in 4.77s =========================
 Container docker_services_cli-opensearch-1  Stopping
 Container docker_services_cli-postgresql-1  Stopping
 Container docker_services_cli-rabbitmq-1  Stopping
 Container docker_services_cli-redis-1  Stopping
 Container docker_services_cli-redis-1  Stopped
 Container docker_services_cli-redis-1  Removing
 Container docker_services_cli-postgresql-1  Stopped
 Container docker_services_cli-postgresql-1  Removing
 Container docker_services_cli-redis-1  Removed
 Container docker_services_cli-opensearch-1  Stopped
 Container docker_services_cli-opensearch-1  Removing
 Container docker_services_cli-opensearch-1  Removed
 Container docker_services_cli-postgresql-1  Removed
 Container docker_services_cli-rabbitmq-1  Stopped
 Container docker_services_cli-rabbitmq-1  Removing
 Container docker_services_cli-rabbitmq-1  Removed
 Network docker_services_cli_default  Removing
 Network docker_services_cli_default  Removed
