 redis Pulling 
 rabbitmq Pulling 
 3fadc669ef11 Pulling fs layer 
 efa05c660812 Pulling fs layer 
 5e1c03b67a78 Pulling fs layer 
 7084ac8f4ab6 Pulling fs layer 
 14e6209d5fa8 Pulling fs layer 
 20043066d3d5 Pulling fs layer 
 f4e7f62f4b80 Pulling fs layer 
 d686b50ce172 Pulling fs layer 
 beb0d870d438 Pulling fs layer 
 d63c4408fdb7 Pulling fs layer 
 efa05c660812 Download complete 
 c5761dea9b0e Pulling fs layer 
 edcaff0d5e7e Pulling fs layer 
 bbf018d6d4b8 Pulling fs layer 
 4831516dd0cb Pulling fs layer 
 47a60771af96 Pulling fs layer 
 22dca8215bc4 Pulling fs layer 
 7b28be0c8c4d Pulling fs layer 
 4f4fb700ef54 Pulling fs layer 
 d63c4408fdb7 Downloading [=========>                                         ]  4.194MB/21.31MB
 4f4fb700ef54 Already exists 
 14e6209d5fa8 Download complete 
 5e1c03b67a78 Download complete 
 3fadc669ef11 Downloading [====>                                              ]  4.194MB/43.48MB
 7084ac8f4ab6 Downloading [===================================>               ]  5.243MB/7.468MB
 beb0d870d438 Download complete 
 d63c4408fdb7 Downloading [=================================================> ]  20.97MB/21.31MB
 20043066d3d5 Downloading [=>                                                 ]  1.049MB/29.72MB
 f4e7f62f4b80 Download complete 
 d686b50ce172 Downloading [====>                                              ]  1.049MB/12.47MB
 e7da101a9486 Download complete 
 7ec4c696b8bb Download complete 
 bbf018d6d4b8 Download complete 
 c5761dea9b0e Download complete 
 16ef6b12768c Download complete 
 47a60771af96 Download complete 
 3fadc669ef11 Downloading [===================>                               ]  16.78MB/43.48MB
 c4cc93acbec6 Download complete 
 7084ac8f4ab6 Download complete 
 7b28be0c8c4d Download complete 
 d63c4408fdb7 Download complete 
 20043066d3d5 Downloading [=====================>                             ]  12.58MB/29.72MB
 d686b50ce172 Downloading [==========================================>        ]  10.49MB/12.47MB
 3fadc669ef11 Downloading [=================================>                 ]  29.36MB/43.48MB
 20043066d3d5 Downloading [===============================================>   ]  28.31MB/29.72MB
 d686b50ce172 Download complete 
 4831516dd0cb Downloading [==============>                                    ]  8.389MB/28.23MB
 22dca8215bc4 Downloading [========================================>          ]  12.58MB/15.35MB
 edcaff0d5e7e Download complete 
 3fadc669ef11 Downloading [================================================>  ]  41.94MB/43.48MB
 4831516dd0cb Downloading [==============================================>    ]  26.21MB/28.23MB
 22dca8215bc4 Download complete 
 20043066d3d5 Download complete 
 20043066d3d5 Extracting 1 s
 4831516dd0cb Download complete 
 3fadc669ef11 Download complete 
 4831516dd0cb Extracting 1 s
 20043066d3d5 Extracting 1 s
 4831516dd0cb Extracting 1 s
 20043066d3d5 Extracting 1 s
 4831516dd0cb Extracting 1 s
 20043066d3d5 Extracting 1 s
 4831516dd0cb Extracting 1 s
 20043066d3d5 Extracting 1 s
 4831516dd0cb Extracting 1 s
 20043066d3d5 Extracting 1 s
 4831516dd0cb Extracting 1 s
 20043066d3d5 Extracting 1 s
 20043066d3d5 Extracting 1 s
 4831516dd0cb Extracting 1 s
 20043066d3d5 Extracting 1 s
 4831516dd0cb Extracting 1 s
 4831516dd0cb Extracting 1 s
 20043066d3d5 Extracting 1 s
 20043066d3d5 Pull complete 
 3fadc669ef11 Extracting 1 s
 4831516dd0cb Extracting 1 s
 47a60771af96 Extracting 1 s
 3fadc669ef11 Extracting 1 s
 4831516dd0cb Pull complete 
 47a60771af96 Pull complete 
 7b28be0c8c4d Pull complete 
 edcaff0d5e7e Pull complete 
 22dca8215bc4 Extracting 1 s
 3fadc669ef11 Extracting 1 s
 22dca8215bc4 Extracting 1 s
 3fadc669ef11 Extracting 1 s
 bbf018d6d4b8 Extracting 1 s
 22dca8215bc4 Pull complete 
 3fadc669ef11 Extracting 1 s
 4f4fb700ef54 Pull complete 
 bbf018d6d4b8 Pull complete 
 c5761dea9b0e Pull complete 
 redis Pulled 
 7084ac8f4ab6 Extracting 1 s
 3fadc669ef11 Pull complete 
 beb0d870d438 Pull complete 
 7084ac8f4ab6 Pull complete 
 d63c4408fdb7 Extracting 1 s
 d63c4408fdb7 Extracting 1 s
 d63c4408fdb7 Extracting 1 s
 d63c4408fdb7 Extracting 1 s
 d63c4408fdb7 Extracting 1 s
 d63c4408fdb7 Pull complete 
 efa05c660812 Pull complete 
 14e6209d5fa8 Pull complete 
 5e1c03b67a78 Pull complete 
 f4e7f62f4b80 Pull complete 
 d686b50ce172 Extracting 1 s
 d686b50ce172 Extracting 1 s
 d686b50ce172 Extracting 1 s
 d686b50ce172 Pull complete 
 rabbitmq Pulled 
 Network docker_services_cli_default  Creating
 Network docker_services_cli_default  Created
 Container docker_services_cli-rabbitmq-1  Creating
 Container docker_services_cli-redis-1  Creating
 Container docker_services_cli-redis-1  Created
 Container docker_services_cli-rabbitmq-1  Created
 Container docker_services_cli-redis-1  Starting
 Container docker_services_cli-rabbitmq-1  Starting
 Container docker_services_cli-redis-1  Started
 Container docker_services_cli-rabbitmq-1  Started
/home/runner/work/test-zip-extract-repository/test-zip-extract-repository/workdir/tests/invenio-queues/original/.venv/lib/python3.14/site-packages/_pytest/config/__init__.py:324: PluggyTeardownRaisedWarning: A plugin raised an exception during an old-style hookwrapper teardown.
Plugin: helpconfig, Hook: pytest_cmdline_parse
AttributeError: module 'ast' has no attribute 'Str'
For more information see https://pluggy.readthedocs.io/en/stable/api_reference.html#pluggy.PluggyTeardownRaisedWarning
  config = pluginmanager.hook.pytest_cmdline_parse(
Traceback (most recent call last):
  File "<frozen runpy>", line 198, in _run_module_as_main
  File "<frozen runpy>", line 88, in _run_code
  File "/home/runner/work/test-zip-extract-repository/test-zip-extract-repository/workdir/tests/invenio-queues/original/.venv/lib/python3.14/site-packages/pytest/__main__.py", line 5, in <module>
    raise SystemExit(pytest.console_main())
                     ~~~~~~~~~~~~~~~~~~~^^
  File "/home/runner/work/test-zip-extract-repository/test-zip-extract-repository/workdir/tests/invenio-queues/original/.venv/lib/python3.14/site-packages/_pytest/config/__init__.py", line 187, in console_main
    code = main()
  File "/home/runner/work/test-zip-extract-repository/test-zip-extract-repository/workdir/tests/invenio-queues/original/.venv/lib/python3.14/site-packages/_pytest/config/__init__.py", line 145, in main
    config = _prepareconfig(args, plugins)
  File "/home/runner/work/test-zip-extract-repository/test-zip-extract-repository/workdir/tests/invenio-queues/original/.venv/lib/python3.14/site-packages/_pytest/config/__init__.py", line 324, in _prepareconfig
    config = pluginmanager.hook.pytest_cmdline_parse(
        pluginmanager=pluginmanager, args=args
    )
  File "/home/runner/work/test-zip-extract-repository/test-zip-extract-repository/workdir/tests/invenio-queues/original/.venv/lib/python3.14/site-packages/pluggy/_hooks.py", line 512, in __call__
    return self._hookexec(self.name, self._hookimpls.copy(), kwargs, firstresult)
           ~~~~~~~~~~~~~~^^^^^^^^^^^^^^^^^^^^^^^^^^^^^^^^^^^^^^^^^^^^^^^^^^^^^^^^
  File "/home/runner/work/test-zip-extract-repository/test-zip-extract-repository/workdir/tests/invenio-queues/original/.venv/lib/python3.14/site-packages/pluggy/_manager.py", line 120, in _hookexec
    return self._inner_hookexec(hook_name, methods, kwargs, firstresult)
           ~~~~~~~~~~~~~~~~~~~~^^^^^^^^^^^^^^^^^^^^^^^^^^^^^^^^^^^^^^^^^
  File "/home/runner/work/test-zip-extract-repository/test-zip-extract-repository/workdir/tests/invenio-queues/original/.venv/lib/python3.14/site-packages/pluggy/_callers.py", line 167, in _multicall
    raise exception
  File "/home/runner/work/test-zip-extract-repository/test-zip-extract-repository/workdir/tests/invenio-queues/original/.venv/lib/python3.14/site-packages/pluggy/_callers.py", line 139, in _multicall
    teardown.throw(exception)
    ~~~~~~~~~~~~~~^^^^^^^^^^^
  File "/home/runner/work/test-zip-extract-repository/test-zip-extract-repository/workdir/tests/invenio-queues/original/.venv/lib/python3.14/site-packages/pluggy/_callers.py", line 43, in run_old_style_hookwrapper
    teardown.send(result)
    ~~~~~~~~~~~~~^^^^^^^^
  File "/home/runner/work/test-zip-extract-repository/test-zip-extract-repository/workdir/tests/invenio-queues/original/.venv/lib/python3.14/site-packages/_pytest/helpconfig.py", line 102, in pytest_cmdline_parse
    config: Config = outcome.get_result()
                     ~~~~~~~~~~~~~~~~~~^^
  File "/home/runner/work/test-zip-extract-repository/test-zip-extract-repository/workdir/tests/invenio-queues/original/.venv/lib/python3.14/site-packages/pluggy/_result.py", line 103, in get_result
    raise exc.with_traceback(tb)
  File "/home/runner/work/test-zip-extract-repository/test-zip-extract-repository/workdir/tests/invenio-queues/original/.venv/lib/python3.14/site-packages/pluggy/_callers.py", line 38, in run_old_style_hookwrapper
    res = yield
          ^^^^^
  File "/home/runner/work/test-zip-extract-repository/test-zip-extract-repository/workdir/tests/invenio-queues/original/.venv/lib/python3.14/site-packages/pluggy/_callers.py", line 121, in _multicall
    res = hook_impl.function(*args)
  File "/home/runner/work/test-zip-extract-repository/test-zip-extract-repository/workdir/tests/invenio-queues/original/.venv/lib/python3.14/site-packages/_pytest/config/__init__.py", line 1017, in pytest_cmdline_parse
    self.parse(args)
    ~~~~~~~~~~^^^^^^
  File "/home/runner/work/test-zip-extract-repository/test-zip-extract-repository/workdir/tests/invenio-queues/original/.venv/lib/python3.14/site-packages/_pytest/config/__init__.py", line 1305, in parse
    self._preparse(args, addopts=addopts)
    ~~~~~~~~~~~~~~^^^^^^^^^^^^^^^^^^^^^^^
  File "/home/runner/work/test-zip-extract-repository/test-zip-extract-repository/workdir/tests/invenio-queues/original/.venv/lib/python3.14/site-packages/_pytest/config/__init__.py", line 1188, in _preparse
    self.pluginmanager.load_setuptools_entrypoints("pytest11")
    ~~~~~~~~~~~~~~~~~~~~~~~~~~~~~~~~~~~~~~~~~~~~~~^^^^^^^^^^^^
  File "/home/runner/work/test-zip-extract-repository/test-zip-extract-repository/workdir/tests/invenio-queues/original/.venv/lib/python3.14/site-packages/pluggy/_manager.py", line 416, in load_setuptools_entrypoints
    plugin = ep.load()
  File "/opt/hostedtoolcache/Python/3.14.2/x64/lib/python3.14/importlib/metadata/__init__.py", line 179, in load
    module = import_module(match.group('module'))
  File "/opt/hostedtoolcache/Python/3.14.2/x64/lib/python3.14/importlib/__init__.py", line 88, in import_module
    return _bootstrap._gcd_import(name[level:], package, level)
           ~~~~~~~~~~~~~~~~~~~~~~^^^^^^^^^^^^^^^^^^^^^^^^^^^^^^
  File "<frozen importlib._bootstrap>", line 1398, in _gcd_import
  File "<frozen importlib._bootstrap>", line 1371, in _find_and_load
  File "<frozen importlib._bootstrap>", line 1314, in _find_and_load_unlocked
  File "<frozen importlib._bootstrap>", line 491, in _call_with_frames_removed
  File "<frozen importlib._bootstrap>", line 1398, in _gcd_import
  File "<frozen importlib._bootstrap>", line 1371, in _find_and_load
  File "<frozen importlib._bootstrap>", line 1342, in _find_and_load_unlocked
  File "<frozen importlib._bootstrap>", line 938, in _load_unlocked
  File "/home/runner/work/test-zip-extract-repository/test-zip-extract-repository/workdir/tests/invenio-queues/original/.venv/lib/python3.14/site-packages/_pytest/assertion/rewrite.py", line 159, in exec_module
    source_stat, co = _rewrite_test(fn, self.config)
                      ~~~~~~~~~~~~~^^^^^^^^^^^^^^^^^
  File "/home/runner/work/test-zip-extract-repository/test-zip-extract-repository/workdir/tests/invenio-queues/original/.venv/lib/python3.14/site-packages/_pytest/assertion/rewrite.py", line 338, in _rewrite_test
    rewrite_asserts(tree, source, strfn, config)
    ~~~~~~~~~~~~~~~^^^^^^^^^^^^^^^^^^^^^^^^^^^^^
  File "/home/runner/work/test-zip-extract-repository/test-zip-extract-repository/workdir/tests/invenio-queues/original/.venv/lib/python3.14/site-packages/_pytest/assertion/rewrite.py", line 399, in rewrite_asserts
    AssertionRewriter(module_path, config, source).run(mod)
    ~~~~~~~~~~~~~~~~~~~~~~~~~~~~~~~~~~~~~~~~~~~~~~~~~~^^^^^
  File "/home/runner/work/test-zip-extract-repository/test-zip-extract-repository/workdir/tests/invenio-queues/original/.venv/lib/python3.14/site-packages/_pytest/assertion/rewrite.py", line 670, in run
    and isinstance(item.value, ast.Str)
                               ^^^^^^^
AttributeError: module 'ast' has no attribute 'Str'
 Container docker_services_cli-rabbitmq-1  Stopping
 Container docker_services_cli-redis-1  Stopping
 Container docker_services_cli-redis-1  Stopped
 Container docker_services_cli-redis-1  Removing
 Container docker_services_cli-redis-1  Removed
 Container docker_services_cli-rabbitmq-1  Stopped
 Container docker_services_cli-rabbitmq-1  Removing
 Container docker_services_cli-rabbitmq-1  Removed
 Network docker_services_cli_default  Removing
 Network docker_services_cli_default  Removed
