 postgresql Pulling 
 283a477db7bb Pulling fs layer 
 ae3bb1b347a4 Pulling fs layer 
 c1cb13b19080 Pulling fs layer 
 f8406d9c00ea Pulling fs layer 
 873532e5f8c7 Pulling fs layer 
 e0d55fdb4d15 Pulling fs layer 
 050d9f8c3b1c Pulling fs layer 
 c199bff16b05 Pulling fs layer 
 710e142705f8 Pulling fs layer 
 9739ced65621 Pulling fs layer 
 91d2729fa4d5 Pulling fs layer 
 cb628c265f09 Pulling fs layer 
 b0a0cf830b12 Pulling fs layer 
 dda3d8fbd5ed Pulling fs layer 
 dda3d8fbd5ed Download complete 
 e0d55fdb4d15 Downloading [>                                                  ]  565.2kB/109MB
 f8406d9c00ea Download complete 
 873532e5f8c7 Download complete 
 710e142705f8 Download complete 
 b0a0cf830b12 Downloading [=>                                                 ]  1.049MB/29.15MB
 c1cb13b19080 Download complete 
 050d9f8c3b1c Download complete 
 c199bff16b05 Download complete 
 91d2729fa4d5 Downloading [====================================>              ]  1.049MB/1.45MB
 91d2729fa4d5 Download complete 
 9739ced65621 Download complete 
 ae3bb1b347a4 Download complete 
 e0d55fdb4d15 Downloading [========>                                          ]  17.53MB/109MB
 283a477db7bb Download complete 
 b0a0cf830b12 Downloading [============================>                      ]  16.78MB/29.15MB
 cb628c265f09 Download complete 
 e0d55fdb4d15 Downloading [================>                                  ]  36.86MB/109MB
 5682dec5b749 Downloading [====================================>              ]  4.194MB/5.719MB
 56b5e4f0933d Download complete 
 b0a0cf830b12 Download complete 
 b0a0cf830b12 Extracting 1 s
 e0d55fdb4d15 Downloading [===========================>                       ]  61.01MB/109MB
 5682dec5b749 Download complete 
 b0a0cf830b12 Extracting 1 s
 e0d55fdb4d15 Downloading [=======================================>           ]  85.98MB/109MB
 b0a0cf830b12 Extracting 1 s
 e0d55fdb4d15 Downloading [==================================================>]    109MB/109MB
 b0a0cf830b12 Extracting 1 s
 e0d55fdb4d15 Download complete 
 b0a0cf830b12 Extracting 1 s
 b0a0cf830b12 Extracting 1 s
 b0a0cf830b12 Extracting 1 s
 b0a0cf830b12 Extracting 1 s
 b0a0cf830b12 Extracting 1 s
 dda3d8fbd5ed Pull complete 
 283a477db7bb Extracting 1 s
 b0a0cf830b12 Pull complete 
 91d2729fa4d5 Pull complete 
 9739ced65621 Extracting 1 s
 283a477db7bb Pull complete 
 9739ced65621 Extracting 1 s
 f8406d9c00ea Pull complete 
 c199bff16b05 Pull complete 
 9739ced65621 Pull complete 
 ae3bb1b347a4 Pull complete 
 e0d55fdb4d15 Extracting 1 s
 e0d55fdb4d15 Extracting 1 s
 e0d55fdb4d15 Extracting 1 s
 e0d55fdb4d15 Extracting 1 s
 e0d55fdb4d15 Extracting 1 s
 e0d55fdb4d15 Extracting 1 s
 e0d55fdb4d15 Extracting 1 s
 e0d55fdb4d15 Extracting 1 s
 e0d55fdb4d15 Extracting 1 s
 e0d55fdb4d15 Extracting 1 s
 e0d55fdb4d15 Extracting 1 s
 e0d55fdb4d15 Extracting 2 s
 e0d55fdb4d15 Extracting 2 s
 e0d55fdb4d15 Extracting 2 s
 e0d55fdb4d15 Extracting 2 s
 e0d55fdb4d15 Extracting 2 s
 e0d55fdb4d15 Extracting 2 s
 e0d55fdb4d15 Extracting 2 s
 873532e5f8c7 Pull complete 
 710e142705f8 Pull complete 
 c1cb13b19080 Pull complete 
 050d9f8c3b1c Pull complete 
 cb628c265f09 Extracting 1 s
 e0d55fdb4d15 Pull complete 
 cb628c265f09 Pull complete 
 postgresql Pulled 
 Network docker_services_cli_default  Creating
 Network docker_services_cli_default  Created
 Container docker_services_cli-postgresql-1  Creating
 Container docker_services_cli-postgresql-1  Created
 Container docker_services_cli-postgresql-1  Starting
 Container docker_services_cli-postgresql-1  Started
============================= test session starts ==============================
platform linux -- Python 3.14.2, pytest-8.4.2, pluggy-1.6.0
rootdir: /home/runner/work/test-zip-extract-repository/test-zip-extract-repository/workdir/tests/invenio-db/original
configfile: setup.cfg
testpaths: tests, invenio_db
plugins: isort-4.0.0, flask-1.3.0, black-ng-0.4.1, invenio-3.4.2, github-actions-annotate-failures-0.3.0, pydocstyle-2.4.0, cov-7.0.0, pycodestyle-2.5.0
collected 16 items

tests/test_db.py ..::warning file=/home/runner/work/test-zip-extract-repository/test-zip-extract-repository/workdir/tests/invenio-db/original/.venv/lib/python3.14/site-packages/alembic/config.py,line=580::No path_separator found in configuration; falling back to legacy splitting on spaces/commas for version_locations.  Consider adding path_separator=os to Alembic config.
.::warning file=/home/runner/work/test-zip-extract-repository/test-zip-extract-repository/workdir/tests/invenio-db/original/.venv/lib/python3.14/site-packages/alembic/config.py,line=580::No path_separator found in configuration; falling back to legacy splitting on spaces/commas for version_locations.  Consider adding path_separator=os to Alembic config.
::warning file=/home/runner/work/test-zip-extract-repository/test-zip-extract-repository/workdir/tests/invenio-db/original/.venv/lib/python3.14/site-packages/alembic/config.py,line=580::No path_separator found in configuration; falling back to legacy splitting on spaces/commas for version_locations.  Consider adding path_separator=os to Alembic config.
..::warning file=/home/runner/work/test-zip-extract-repository/test-zip-extract-repository/workdir/tests/invenio-db/original/.venv/lib/python3.14/site-packages/alembic/config.py,line=580::No path_separator found in configuration; falling back to legacy splitting on spaces/commas for version_locations.  Consider adding path_separator=os to Alembic config.
..::warning file=/home/runner/work/test-zip-extract-repository/test-zip-extract-repository/workdir/tests/invenio-db/original/.venv/lib/python3.14/site-packages/alembic/config.py,line=580::No path_separator found in configuration; falling back to legacy splitting on spaces/commas for version_locations.  Consider adding path_separator=os to Alembic config.
                                                 [ 43%]
tests/test_uow.py ..                                                     [ 56%]
tests/test_utils.py ..                                                   [ 68%]
tests/test_versioning.py .....                                           [100%]

=============================== warnings summary ===============================
tests/test_db.py::test_alembic
tests/test_db.py::test_naming_convention
tests/test_db.py::test_naming_convention
tests/test_db.py::test_entry_points
tests/test_db.py::test_db_create_alembic_upgrade
  /home/runner/work/test-zip-extract-repository/test-zip-extract-repository/workdir/tests/invenio-db/original/.venv/lib/python3.14/site-packages/alembic/config.py:580: DeprecationWarning: No path_separator found in configuration; falling back to legacy splitting on spaces/commas for version_locations.  Consider adding path_separator=os to Alembic config.
    util.warn_deprecated(

-- Docs: https://docs.pytest.org/en/stable/how-to/capture-warnings.html
================================ tests coverage ================================
_______________ coverage: platform linux, python 3.14.2-final-0 ________________

Name                                                            Stmts   Miss  Cover   Missing
---------------------------------------------------------------------------------------------
invenio_db/__init__.py                                              4      0   100%
invenio_db/alembic/35c1075e6360_force_naming_convention.py         57      2    96%   86, 107
invenio_db/alembic/96e796392533_create_database_migrations.py       8      0   100%
invenio_db/alembic/dbdbc1b19cf2_create_transaction_table.py        16      0   100%
invenio_db/cli.py                                                  58      5    91%   23, 102-105
invenio_db/ext.py                                                  65      3    95%   42, 98-99
invenio_db/proxies.py                                               3      0   100%
invenio_db/shared.py                                               33     18    45%   38-84, 94-96, 106
invenio_db/uow.py                                                  79     16    80%   143-144, 148, 188, 244-259
invenio_db/utils.py                                                61      5    92%   97-98, 115, 128-130
---------------------------------------------------------------------------------------------
TOTAL                                                             384     49    87%
======================== 16 passed, 5 warnings in 2.10s ========================
 Container docker_services_cli-postgresql-1  Stopping
 Container docker_services_cli-postgresql-1  Stopped
 Container docker_services_cli-postgresql-1  Removing
 Container docker_services_cli-postgresql-1  Removed
 Network docker_services_cli_default  Removing
 Network docker_services_cli_default  Removed
