 postgresql Pulling 
 postgresql Pulled 
 Network docker_services_cli_default  Creating
 Network docker_services_cli_default  Created
 Container docker_services_cli-postgresql-1  Creating
 Container docker_services_cli-postgresql-1  Created
 Container docker_services_cli-postgresql-1  Starting
 Container docker_services_cli-postgresql-1  Started
============================= test session starts ==============================
platform linux -- Python 3.14.2, pytest-8.4.2, pluggy-1.6.0
rootdir: /home/runner/work/test-zip-extract-repository/test-zip-extract-repository/workdir/tests/invenio-db/original
configfile: setup.cfg
testpaths: tests, invenio_db
plugins: isort-4.0.0, flask-1.3.0, black-ng-0.4.1, invenio-3.4.2, github-actions-annotate-failures-0.3.0, pydocstyle-2.4.0, cov-7.0.0, pycodestyle-2.5.0
collected 16 items
tests/test_db.py 
                                                 [ 43%]
tests/test_uow.py ..                                                     [ 56%]
tests/test_utils.py ..                                                   [ 68%]
tests/test_versioning.py .....                                           [100%]
=============================== warnings summary ===============================
tests/test_db.py::test_alembic
tests/test_db.py::test_naming_convention
tests/test_db.py::test_naming_convention
tests/test_db.py::test_entry_points
tests/test_db.py::test_db_create_alembic_upgrade
    util.warn_deprecated(
================================ tests coverage ================================
_______________ coverage: platform linux, python 3.14.2-final-0 ________________
Name                                                            Stmts   Miss  Cover   Missing
invenio_db/__init__.py                                              4      0   100%
invenio_db/alembic/35c1075e6360_force_naming_convention.py         57      2    96%   86, 107
invenio_db/alembic/96e796392533_create_database_migrations.py       8      0   100%
invenio_db/alembic/dbdbc1b19cf2_create_transaction_table.py        16      0   100%
invenio_db/cli.py                                                  58      5    91%   23, 102-105
invenio_db/ext.py                                                  65      3    95%   42, 98-99
invenio_db/proxies.py                                               3      0   100%
invenio_db/shared.py                                               33     18    45%   38-84, 94-96, 106
invenio_db/uow.py                                                  79     16    80%   143-144, 148, 188, 244-259
invenio_db/utils.py                                                61      5    92%   97-98, 115, 128-130
TOTAL                                                             384     49    87%
======================== 16 passed, 5 warnings in 2.10s ========================
 Container docker_services_cli-postgresql-1  Stopping
 Container docker_services_cli-postgresql-1  Stopped
 Container docker_services_cli-postgresql-1  Removing
 Container docker_services_cli-postgresql-1  Removed
 Network docker_services_cli_default  Removing
 Network docker_services_cli_default  Removed
