 minio Pulling 
 minio Pulled 
 Network docker_services_cli_default  Creating
 Network docker_services_cli_default  Created
 Container docker_services_cli-minio-1  Creating
 Container docker_services_cli-minio-1  Created
 Container docker_services_cli-minio-1  Starting
 Container docker_services_cli-minio-1  Started
============================= test session starts ==============================
platform linux -- Python 3.14.2, pytest-8.4.2, pluggy-1.6.0
rootdir: /home/runner/work/test-zip-extract-repository/test-zip-extract-repository/workdir/tests/invenio-s3/original
configfile: setup.cfg
testpaths: tests, invenio_s3
plugins: invenio-4.0.0, isort-4.0.0, flask-1.3.0, github-actions-annotate-failures-0.3.0, pydocstyle-2.4.0, cov-7.0.0, black-0.6.0, pycodestyle-2.5.0
collected 36 items / 1 deselected / 35 selected
tests/test_invenio_s3.py ..                                              [  5%]
tests/test_multipart.py 
                                              [ 14%]
tests/test_storage.py 
                     [100%]
=============================== warnings summary ===============================
tests/test_multipart.py::test_multipart_flow
tests/test_storage.py::test_factory
    self.init_app(app)
    warnings.warn(
================================ tests coverage ================================
_______________ coverage: platform linux, python 3.14.2-final-0 ________________
Name                             Stmts   Miss  Cover   Missing
invenio_s3/__init__.py               4      0   100%
invenio_s3/config.py                20      0   100%
invenio_s3/ext.py                   25      0   100%
invenio_s3/helpers.py               35      3    91%   36, 38, 73
invenio_s3/multipart_client.py      47      3    94%   83, 178-184
invenio_s3/storage.py              114      0   100%
TOTAL                              245      6    98%
========== 35 passed, 1 deselected, 74 warnings in 106.25s (0:01:46) ===========
 Container docker_services_cli-minio-1  Stopping
 Container docker_services_cli-minio-1  Stopped
 Container docker_services_cli-minio-1  Removing
 Container docker_services_cli-minio-1  Removed
 Network docker_services_cli_default  Removing
 Network docker_services_cli_default  Removed
