 minio Pulling 
 minio Pulled 
 Network docker_services_cli_default  Creating
 Network docker_services_cli_default  Created
 Container docker_services_cli-minio-1  Creating
 Container docker_services_cli-minio-1  Created
 Container docker_services_cli-minio-1  Starting
 Container docker_services_cli-minio-1  Started
============================= test session starts ==============================
platform linux -- Python 3.14.2, pytest-8.4.2, pluggy-1.6.0
rootdir: /home/runner/work/test-zip-extract-repository/test-zip-extract-repository/workdir/tests/invenio-s3/original
configfile: setup.cfg
testpaths: tests, invenio_s3
plugins: isort-4.0.0, flask-1.3.0, black-ng-0.4.1, invenio-3.4.2, github-actions-annotate-failures-0.3.0, pydocstyle-2.4.0, cov-7.0.0, pycodestyle-2.5.0
collected 36 items / 1 deselected / 35 selected
tests/test_invenio_s3.py ..                                              [  5%]
tests/test_multipart.py 
                                              [ 14%]
tests/test_storage.py 
                     [100%]
=============================== warnings summary ===============================
venv/lib/python3.14/site-packages/fs/__init__.py:4
    __import__("pkg_resources").declare_namespace(__name__)  # type: ignore
venv/lib/python3.14/site-packages/pkg_resources/__init__.py:3148
  Implementing implicit namespace packages (as specified in PEP 420) is preferred to `pkg_resources.declare_namespace`. See https://setuptools.pypa.io/en/latest/references/keywords.html#keyword-namespace-packages
    declare_namespace(pkg)
venv/lib/python3.14/site-packages/fs/__init__.py:4
  Implementing implicit namespace packages (as specified in PEP 420) is preferred to `pkg_resources.declare_namespace`. See https://setuptools.pypa.io/en/latest/references/keywords.html#keyword-namespace-packages
    __import__("pkg_resources").declare_namespace(__name__)  # type: ignore
venv/lib/python3.14/site-packages/fs/opener/__init__.py:6
  Implementing implicit namespace packages (as specified in PEP 420) is preferred to `pkg_resources.declare_namespace`. See https://setuptools.pypa.io/en/latest/references/keywords.html#keyword-namespace-packages
    __import__("pkg_resources").declare_namespace(__name__)  # type: ignore
venv/lib/python3.14/site-packages/pkg_resources/__init__.py:2560
  Implementing implicit namespace packages (as specified in PEP 420) is preferred to `pkg_resources.declare_namespace`. See https://setuptools.pypa.io/en/latest/references/keywords.html#keyword-namespace-packages
    declare_namespace(parent)
tests/test_multipart.py::test_multipart_flow
tests/test_storage.py::test_factory
    self.init_app(app)
tests/test_multipart.py::test_multipart_flow
tests/test_storage.py::test_factory
    self._set_cache(app, config)
================================ tests coverage ================================
_______________ coverage: platform linux, python 3.14.2-final-0 ________________
Name                             Stmts   Miss  Cover   Missing
invenio_s3/__init__.py               4      0   100%
invenio_s3/config.py                20      0   100%
invenio_s3/ext.py                   25      0   100%
invenio_s3/helpers.py               35      3    91%   36, 38, 73
invenio_s3/multipart_client.py      47      3    94%   83, 178-184
invenio_s3/storage.py              114      0   100%
TOTAL                              245      6    98%
=========== 35 passed, 1 deselected, 9 warnings in 106.74s (0:01:46) ===========
 Container docker_services_cli-minio-1  Stopping
 Container docker_services_cli-minio-1  Stopped
 Container docker_services_cli-minio-1  Removing
 Container docker_services_cli-minio-1  Removed
 Network docker_services_cli_default  Removing
 Network docker_services_cli_default  Removed
