running extract_messages
extracting messages from invenio_users_resources/__init__.py (encoding="utf-8")
extracting messages from invenio_users_resources/config.py (encoding="utf-8")
extracting messages from invenio_users_resources/entity_resolvers.py (encoding="utf-8")
extracting messages from invenio_users_resources/ext.py (encoding="utf-8")
extracting messages from invenio_users_resources/forms.py (encoding="utf-8")
extracting messages from invenio_users_resources/models.py (encoding="utf-8")
extracting messages from invenio_users_resources/permissions.py (encoding="utf-8")
extracting messages from invenio_users_resources/proxies.py (encoding="utf-8")
extracting messages from invenio_users_resources/views.py (encoding="utf-8")
extracting messages from invenio_users_resources/notifications/__init__.py (encoding="utf-8")
extracting messages from invenio_users_resources/notifications/filters.py (encoding="utf-8")
extracting messages from invenio_users_resources/notifications/generators.py (encoding="utf-8")
extracting messages from invenio_users_resources/records/__init__.py (encoding="utf-8")
extracting messages from invenio_users_resources/records/api.py (encoding="utf-8")
extracting messages from invenio_users_resources/records/hooks.py (encoding="utf-8")
extracting messages from invenio_users_resources/records/models.py (encoding="utf-8")
extracting messages from invenio_users_resources/records/dumpers/__init__.py (encoding="utf-8")
extracting messages from invenio_users_resources/records/dumpers/email.py (encoding="utf-8")
extracting messages from invenio_users_resources/records/mappings/__init__.py (encoding="utf-8")
extracting messages from invenio_users_resources/records/mappings/os-v1/__init__.py (encoding="utf-8")
extracting messages from invenio_users_resources/records/mappings/os-v2/__init__.py (encoding="utf-8")
extracting messages from invenio_users_resources/records/mappings/v7/__init__.py (encoding="utf-8")
extracting messages from invenio_users_resources/records/systemfields/__init__.py (encoding="utf-8")
extracting messages from invenio_users_resources/resources/__init__.py (encoding="utf-8")
extracting messages from invenio_users_resources/resources/domains/__init__.py (encoding="utf-8")
extracting messages from invenio_users_resources/resources/domains/config.py (encoding="utf-8")
extracting messages from invenio_users_resources/resources/domains/resource.py (encoding="utf-8")
extracting messages from invenio_users_resources/resources/groups/__init__.py (encoding="utf-8")
extracting messages from invenio_users_resources/resources/groups/config.py (encoding="utf-8")
extracting messages from invenio_users_resources/resources/groups/resource.py (encoding="utf-8")
extracting messages from invenio_users_resources/resources/users/__init__.py (encoding="utf-8")
extracting messages from invenio_users_resources/resources/users/config.py (encoding="utf-8")
extracting messages from invenio_users_resources/resources/users/errors.py (encoding="utf-8")
extracting messages from invenio_users_resources/resources/users/resource.py (encoding="utf-8")
extracting messages from invenio_users_resources/services/__init__.py (encoding="utf-8")
extracting messages from invenio_users_resources/services/common.py (encoding="utf-8")
extracting messages from invenio_users_resources/services/generators.py (encoding="utf-8")
extracting messages from invenio_users_resources/services/params.py (encoding="utf-8")
extracting messages from invenio_users_resources/services/permissions.py (encoding="utf-8")
extracting messages from invenio_users_resources/services/results.py (encoding="utf-8")
extracting messages from invenio_users_resources/services/schemas.py (encoding="utf-8")
extracting messages from invenio_users_resources/services/domains/__init__.py (encoding="utf-8")
extracting messages from invenio_users_resources/services/domains/components.py (encoding="utf-8")
extracting messages from invenio_users_resources/services/domains/config.py (encoding="utf-8")
extracting messages from invenio_users_resources/services/domains/facets.py (encoding="utf-8")
extracting messages from invenio_users_resources/services/domains/service.py (encoding="utf-8")
extracting messages from invenio_users_resources/services/domains/tasks.py (encoding="utf-8")
extracting messages from invenio_users_resources/services/groups/__init__.py (encoding="utf-8")
extracting messages from invenio_users_resources/services/groups/config.py (encoding="utf-8")
extracting messages from invenio_users_resources/services/groups/results.py (encoding="utf-8")
extracting messages from invenio_users_resources/services/groups/service.py (encoding="utf-8")
extracting messages from invenio_users_resources/services/groups/tasks.py (encoding="utf-8")
extracting messages from invenio_users_resources/services/users/__init__.py (encoding="utf-8")
extracting messages from invenio_users_resources/services/users/config.py (encoding="utf-8")
extracting messages from invenio_users_resources/services/users/facets.py (encoding="utf-8")
extracting messages from invenio_users_resources/services/users/lock.py (encoding="utf-8")
extracting messages from invenio_users_resources/services/users/results.py (encoding="utf-8")
extracting messages from invenio_users_resources/services/users/search_params.py (encoding="utf-8")
extracting messages from invenio_users_resources/services/users/service.py (encoding="utf-8")
extracting messages from invenio_users_resources/services/users/tasks.py (encoding="utf-8")
extracting messages from invenio_users_resources/templates/security/email/new_user_via_admin.html (encoding="utf-8")
extracting messages from invenio_users_resources/templates/semantic-ui/invenio_users_resources/settings/notifications.html (encoding="utf-8")
writing PO template file to /dev/null
 postgresql Pulling 
 rabbitmq Pulling 
 redis Pulling 
 opensearch Pulling 
 4f4fb700ef54 Already exists 
 4f4fb700ef54 Already exists 
 redis Pulled 
 rabbitmq Pulled 
 postgresql Pulled 
 opensearch Pulled 
 Network docker_services_cli_default  Creating
 Network docker_services_cli_default  Created
 Container docker_services_cli-postgresql-1  Creating
 Container docker_services_cli-redis-1  Creating
 Container docker_services_cli-opensearch-1  Creating
 Container docker_services_cli-rabbitmq-1  Creating
 Container docker_services_cli-opensearch-1  Created
 Container docker_services_cli-rabbitmq-1  Created
 Container docker_services_cli-postgresql-1  Created
 Container docker_services_cli-redis-1  Created
 Container docker_services_cli-postgresql-1  Starting
 Container docker_services_cli-opensearch-1  Starting
 Container docker_services_cli-rabbitmq-1  Starting
 Container docker_services_cli-redis-1  Starting
 Container docker_services_cli-rabbitmq-1  Started
 Container docker_services_cli-redis-1  Started
 Container docker_services_cli-postgresql-1  Started
 Container docker_services_cli-opensearch-1  Started
============================= test session starts ==============================
platform linux -- Python 3.14.2, pytest-8.4.2, pluggy-1.6.0
rootdir: /home/runner/work/test-zip-extract-repository/test-zip-extract-repository/workdir/tests/invenio-users-resources/original
configfile: setup.cfg
testpaths: docs, tests, invenio_users_resources
plugins: isort-4.0.0, flask-1.3.0, black-ng-0.4.1, invenio-3.4.2, github-actions-annotate-failures-0.3.0, pydocstyle-2.4.0, cov-7.0.0, pycodestyle-2.5.0
collected 96 items
tests/resources/test_resources_domains.py 
                     [ 10%]
tests/resources/test_resources_groups.py 
                               [ 11%]
tests/resources/test_resources_users.py 
              [ 31%]
tests/services/test_generators.py 
                                      [ 32%]
tests/services/test_service_groups.py 
                          [ 41%]
tests/services/test_service_tasks_domains.py 
                          [ 43%]
tests/services/users/test_service_users.py 
 [ 73%]
                                                         [ 90%]
tests/services/users/test_user_moderation.py 
                       [ 95%]
tests/test_invenio_users_resources.py ..                                 [ 97%]
tests/test_notifications.py 
                                           [100%]
=============================== warnings summary ===============================
venv/lib/python3.14/site-packages/invenio_records/resolver.py:14
venv/lib/python3.14/site-packages/invenio_records/resolver.py:14
    from jsonschema import RefResolutionError, RefResolver
venv/lib/python3.14/site-packages/invenio_records/resolver.py:14
venv/lib/python3.14/site-packages/invenio_records/resolver.py:14
    from jsonschema import RefResolutionError, RefResolver
venv/lib/python3.14/site-packages/fs/__init__.py:4
    __import__("pkg_resources").declare_namespace(__name__)  # type: ignore
venv/lib/python3.14/site-packages/pkg_resources/__init__.py:3148
  Implementing implicit namespace packages (as specified in PEP 420) is preferred to `pkg_resources.declare_namespace`. See https://setuptools.pypa.io/en/latest/references/keywords.html#keyword-namespace-packages
    declare_namespace(pkg)
venv/lib/python3.14/site-packages/fs/__init__.py:4
  Implementing implicit namespace packages (as specified in PEP 420) is preferred to `pkg_resources.declare_namespace`. See https://setuptools.pypa.io/en/latest/references/keywords.html#keyword-namespace-packages
    __import__("pkg_resources").declare_namespace(__name__)  # type: ignore
venv/lib/python3.14/site-packages/fs/opener/__init__.py:6
  Implementing implicit namespace packages (as specified in PEP 420) is preferred to `pkg_resources.declare_namespace`. See https://setuptools.pypa.io/en/latest/references/keywords.html#keyword-namespace-packages
    __import__("pkg_resources").declare_namespace(__name__)  # type: ignore
venv/lib/python3.14/site-packages/pkg_resources/__init__.py:2560
  Implementing implicit namespace packages (as specified in PEP 420) is preferred to `pkg_resources.declare_namespace`. See https://setuptools.pypa.io/en/latest/references/keywords.html#keyword-namespace-packages
    declare_namespace(parent)
venv/lib/python3.14/site-packages/edtf/parser/grammar.py:9
    pyparsing.ParserElement.enablePackrat()
venv/lib/python3.14/site-packages/edtf/parser/grammar.py:52
    oneThru12 = oneOf(["%.2d" % i for i in range(1, 13)])
venv/lib/python3.14/site-packages/edtf/parser/grammar.py:53
    oneThru13 = oneOf(["%.2d" % i for i in range(1, 14)])
venv/lib/python3.14/site-packages/edtf/parser/grammar.py:54
    oneThru23 = oneOf(["%.2d" % i for i in range(1, 24)])
venv/lib/python3.14/site-packages/edtf/parser/grammar.py:55
    zeroThru23 = oneOf(["%.2d" % i for i in range(0, 24)])
venv/lib/python3.14/site-packages/edtf/parser/grammar.py:56
    oneThru29 = oneOf(["%.2d" % i for i in range(1, 30)])
venv/lib/python3.14/site-packages/edtf/parser/grammar.py:57
    oneThru30 = oneOf(["%.2d" % i for i in range(1, 31)])
venv/lib/python3.14/site-packages/edtf/parser/grammar.py:58
    oneThru31 = oneOf(["%.2d" % i for i in range(1, 32)])
venv/lib/python3.14/site-packages/edtf/parser/grammar.py:59
    oneThru59 = oneOf(["%.2d" % i for i in range(1, 60)])
venv/lib/python3.14/site-packages/edtf/parser/grammar.py:60
    zeroThru59 = oneOf(["%.2d" % i for i in range(0, 60)])
venv/lib/python3.14/site-packages/edtf/parser/grammar.py:63
    positiveDigit = Word(nums, exact=1, excludeChars="0")
venv/lib/python3.14/site-packages/edtf/parser/grammar.py:73
    (oneOf("01 03 05 07 08 10 12")("month") + "-" + oneThru31("day"))
venv/lib/python3.14/site-packages/edtf/parser/grammar.py:74
    ^ (oneOf("04 06 09 11")("month") + "-" + oneThru30("day"))
    p.addParseAction(cls.parse_action)
venv/lib/python3.14/site-packages/edtf/parser/grammar.py:119
    UASymbol = Combine(oneOf("? ~ %"))
venv/lib/python3.14/site-packages/edtf/parser/grammar.py:122
    seasonNumber = oneOf("21 22 23 24")
venv/lib/python3.14/site-packages/edtf/parser/grammar.py:155
    l1Start.addParseAction(f)
venv/lib/python3.14/site-packages/edtf/parser/grammar.py:157
    l1End.addParseAction(f)
venv/lib/python3.14/site-packages/edtf/parser/grammar.py:199
    monthWithX = Combine(oneOf("0X 1X") ^ ("X" + digitOrX))("month")
venv/lib/python3.14/site-packages/edtf/parser/grammar.py:303
venv/lib/python3.14/site-packages/edtf/parser/grammar.py:303
    earlier = L("..").addParseAction(f)("lower") + date("upper").addParseAction(f)
venv/lib/python3.14/site-packages/edtf/parser/grammar.py:304
venv/lib/python3.14/site-packages/edtf/parser/grammar.py:304
    later = date("lower").addParseAction(f) + L("..").addParseAction(f)("upper")
venv/lib/python3.14/site-packages/edtf/parser/grammar.py:325
    seasonL2Number = oneOf("21 22 23 24 25 26 27 28 29 30 31 32 33 34 35 36 37 38 39 40 41")
venv/lib/python3.14/site-packages/invenio_records_resources/services/files/schema.py:154
  /home/runner/work/test-zip-extract-repository/test-zip-extract-repository/workdir/tests/invenio-users-resources/original/.venv/lib/python3.14/site-packages/invenio_records_resources/services/files/schema.py:154: RemovedInMarshmallow4Warning: The 'default' argument to fields is deprecated. Use 'dump_default' instead
    storage_class = Str(default="L", dump_only=False)
    warnings.warn(
    warnings.warn(
    _security.datetime_factory(),
    target.updated = datetime.utcnow()
    created = datetime.utcnow()
    return util.wrap_callable(lambda ctx: fn(), fn)  # type: ignore
    return cls(int(id_s, 16), datetime.utcfromtimestamp(int(created_s, 16)))
    now = now or datetime.utcnow()
  /home/runner/work/test-zip-extract-repository/test-zip-extract-repository/workdir/tests/invenio-users-resources/original/.venv/lib/python3.14/site-packages/invenio_records_resources/services/records/schema.py:105: RemovedInMarshmallow4Warning: The `context` parameter is deprecated and will be removed in marshmallow 4.0. Use `contextvars.ContextVar` to pass context instead
    return self.schema(context=context, **schema_args).dump(data)
  /home/runner/work/test-zip-extract-repository/test-zip-extract-repository/workdir/tests/invenio-users-resources/original/.venv/lib/python3.14/site-packages/marshmallow/fields.py:631: RemovedInMarshmallow4Warning: The `context` parameter is deprecated and will be removed in marshmallow 4.0. Use `contextvars.ContextVar` to pass context instead
    self._schema = schema_class(
tests/resources/test_resources_domains.py::test_domains_read
    current_app.logger.warn(
  /home/runner/work/test-zip-extract-repository/test-zip-extract-repository/workdir/tests/invenio-users-resources/original/.venv/lib/python3.14/site-packages/invenio_records_resources/services/records/schema.py:90: RemovedInMarshmallow4Warning: The `context` parameter is deprecated and will be removed in marshmallow 4.0. Use `contextvars.ContextVar` to pass context instead
    valid_data = self.schema(context=context, **schema_args).load(data)
tests/resources/test_resources_groups.py::test_group_avatar
tests/resources/test_resources_users.py::test_read_self_serialization
tests/services/test_generators.py::test_group_not_managed_generator
tests/services/test_service_groups.py::test_groups_sort
tests/services/test_service_tasks_domains.py::test_import_domain_blocklist
tests/services/users/test_service_users.py::test_search_restricted
tests/services/users/test_user_moderation.py::test_moderation_callbacks_success
tests/test_notifications.py::test_user_recipient_generator
    self.init_app(app)
tests/resources/test_resources_groups.py::test_group_avatar
tests/resources/test_resources_users.py::test_read_self_serialization
tests/services/test_generators.py::test_group_not_managed_generator
tests/services/test_service_groups.py::test_groups_sort
tests/services/test_service_tasks_domains.py::test_import_domain_blocklist
tests/services/users/test_service_users.py::test_search_restricted
tests/services/users/test_user_moderation.py::test_moderation_callbacks_success
tests/test_notifications.py::test_user_recipient_generator
    self._set_cache(app, config)
    self._confirmed = datetime.utcnow() if confirmed else None
  /home/runner/work/test-zip-extract-repository/test-zip-extract-repository/workdir/tests/invenio-users-resources/original/.venv/lib/python3.14/site-packages/flask_security/datastore.py:235: LegacyAPIWarning: The Query.get() method is considered legacy as of the 1.x series of SQLAlchemy and becomes a legacy construct in 2.0. The method is now available as Session.get() (deprecated since: 2.0) (Background on SQLAlchemy 2.0 at: https://sqlalche.me/e/b8d9)
    return self.user_model.query.get(identifier)
tests/resources/test_resources_groups.py::test_group_avatar
tests/resources/test_resources_users.py::test_user_avatar
tests/resources/test_resources_users.py::test_user_avatar_non_ascii
    max_age = datetime.utcnow() - timedelta(days=7)
    warn(
tests/resources/test_resources_users.py::test_create_user
tests/services/users/test_service_users.py::test_create_user
tests/services/users/test_service_users.py::test_create_user
tests/services/users/test_service_users.py::test_create_user_errors
tests/services/users/test_service_users.py::test_create_user_errors
tests/services/users/test_service_users.py::test_create_user_errors
tests/services/users/test_service_users.py::test_create_user_errors
tests/services/users/test_service_users.py::test_create_user_errors
    warn(
tests/resources/test_resources_users.py::test_create_user
tests/services/users/test_service_users.py::test_create_user
tests/services/users/test_service_users.py::test_create_user_errors
    user.confirmed_at = datetime.utcnow()
tests/resources/test_resources_users.py::test_create_user
tests/resources/test_resources_users.py::test_approve_user
tests/services/users/test_service_users.py::test_create_user
tests/services/users/test_service_users.py::test_create_user_errors
tests/services/users/test_service_users.py::test_approve
    now = datetime.utcnow()
    self._created = datetime.utcnow()
tests/resources/test_resources_users.py::test_block_user
tests/services/users/test_service_users.py::test_block
tests/services/users/test_service_users.py::test_restore
tests/services/users/test_user_moderation.py::test_moderation_callbacks_success
tests/services/users/test_user_moderation.py::test_moderation_callbacks_failure
tests/services/users/test_user_moderation.py::test_moderation_callbacks_lock
tests/services/users/test_user_moderation.py::test_moderation_callbacks_lock_renewal[1-10-True]
tests/services/users/test_user_moderation.py::test_moderation_callbacks_lock_renewal[2-2-False]
    now = datetime.utcnow()
tests/services/users/test_user_moderation.py::test_moderation_callbacks_failure
    current_app.logger.warn(
================================ tests coverage ================================
_______________ coverage: platform linux, python 3.14.2-final-0 ________________
Name                                                                      Stmts   Miss  Cover   Missing
invenio_users_resources/__init__.py                                           2      0   100%
invenio_users_resources/config.py                                            30      0   100%
invenio_users_resources/entity_resolvers.py                                  82     45    45%   36-43, 47-53, 57, 61-62, 66-90, 102-103, 107, 111, 115, 119, 128-136, 140-145, 149-150, 160, 173-174, 178, 182, 186, 190
invenio_users_resources/ext.py                                               64      5    92%   115-118, 126
invenio_users_resources/forms.py                                             14      5    64%   30-32, 38-39
invenio_users_resources/models.py                                            10      4    60%   21, 25, 29, 39
invenio_users_resources/notifications/__init__.py                             0      0   100%
invenio_users_resources/notifications/filters.py                             11      1    91%   23
invenio_users_resources/notifications/generators.py                          37     15    59%   25, 47, 51-53, 61-62, 67-68, 76-77, 80-85
invenio_users_resources/permissions.py                                        3      0   100%
invenio_users_resources/proxies.py                                           12      0   100%
invenio_users_resources/records/__init__.py                                   2      0   100%
invenio_users_resources/records/api.py                                      266     16    94%   89, 93, 102, 108, 228-232, 253-254, 263, 270, 277, 284, 296, 367
invenio_users_resources/records/dumpers/__init__.py                           2      0   100%
invenio_users_resources/records/dumpers/email.py                             15      0   100%
invenio_users_resources/records/hooks.py                                     45     16    64%   36-41, 44-49, 73, 78, 82, 88
invenio_users_resources/records/mappings/__init__.py                          0      0   100%
invenio_users_resources/records/mappings/os-v1/__init__.py                    0      0   100%
invenio_users_resources/records/mappings/os-v2/__init__.py                    0      0   100%
invenio_users_resources/records/mappings/v7/__init__.py                       0      0   100%
invenio_users_resources/records/models.py                                    98     11    89%   54, 85, 90, 152-154, 178-182
invenio_users_resources/records/systemfields/__init__.py                     72      0   100%
invenio_users_resources/resources/__init__.py                                 4      0   100%
invenio_users_resources/resources/domains/__init__.py                         3      0   100%
invenio_users_resources/resources/domains/config.py                          11      0   100%
invenio_users_resources/resources/domains/resource.py                         6      0   100%
invenio_users_resources/resources/groups/__init__.py                          3      0   100%
invenio_users_resources/resources/groups/config.py                           11      0   100%
invenio_users_resources/resources/groups/resource.py                         24      4    83%   44-49, 55-59
invenio_users_resources/resources/users/__init__.py                           3      0   100%
invenio_users_resources/resources/users/config.py                            19      0   100%
invenio_users_resources/resources/users/errors.py                             4      0   100%
invenio_users_resources/resources/users/resource.py                          74      8    89%   50, 79, 86-91, 149-153, 167-171
invenio_users_resources/services/__init__.py                                  4      0   100%
invenio_users_resources/services/common.py                                    5      0   100%
invenio_users_resources/services/domains/__init__.py                          3      0   100%
invenio_users_resources/services/domains/components.py                       27      6    78%   50-59
invenio_users_resources/services/domains/config.py                           29      0   100%
invenio_users_resources/services/domains/facets.py                            7      0   100%
invenio_users_resources/services/domains/service.py                           8      0   100%
invenio_users_resources/services/domains/tasks.py                            61     15    75%   25-30, 36-41, 71-73
invenio_users_resources/services/generators.py                               80      9    89%   37, 54-59, 86, 95, 161
invenio_users_resources/services/groups/__init__.py                           3      0   100%
invenio_users_resources/services/groups/config.py                            30      0   100%
invenio_users_resources/services/groups/results.py                           57      6    89%   39, 43, 59, 77, 83, 126
invenio_users_resources/services/groups/service.py                           26      7    73%   32, 38-39, 48, 54-58
invenio_users_resources/services/groups/tasks.py                             21      8    62%   27-28, 34-39
invenio_users_resources/services/params.py                                    9      0   100%
invenio_users_resources/services/permissions.py                              31      0   100%
invenio_users_resources/services/results.py                                  29      0   100%
invenio_users_resources/services/schemas.py                                 144     10    93%   199-202, 210, 213, 216, 259, 271, 281
invenio_users_resources/services/users/__init__.py                            3      0   100%
invenio_users_resources/services/users/config.py                             44      4    91%   54-57
invenio_users_resources/services/users/facets.py                              7      0   100%
invenio_users_resources/services/users/lock.py                               11      0   100%
invenio_users_resources/services/users/results.py                            57      4    93%   39, 43, 77, 83
invenio_users_resources/services/users/search_params.py                      23      8    65%   37-55
invenio_users_resources/services/users/service.py                           134     13    90%   142, 148-149, 158, 164-166, 184, 207, 231, 254, 266, 280
invenio_users_resources/services/users/tasks.py                              49      8    84%   56-57, 63-68
invenio_users_resources/templates/security/email/new_user_via_admin.txt       3      1    67%   3
invenio_users_resources/views.py                                             11      0   100%
TOTAL                                                                      1843    229    88%
====================== 96 passed, 1032 warnings in 34.60s ======================
 Container docker_services_cli-opensearch-1  Stopping
 Container docker_services_cli-redis-1  Stopping
 Container docker_services_cli-rabbitmq-1  Stopping
 Container docker_services_cli-postgresql-1  Stopping
 Container docker_services_cli-redis-1  Stopped
 Container docker_services_cli-redis-1  Removing
 Container docker_services_cli-redis-1  Removed
 Container docker_services_cli-postgresql-1  Stopped
 Container docker_services_cli-postgresql-1  Removing
 Container docker_services_cli-postgresql-1  Removed
 Container docker_services_cli-opensearch-1  Stopped
 Container docker_services_cli-opensearch-1  Removing
 Container docker_services_cli-opensearch-1  Removed
 Container docker_services_cli-rabbitmq-1  Stopped
 Container docker_services_cli-rabbitmq-1  Removing
 Container docker_services_cli-rabbitmq-1  Removed
 Network docker_services_cli_default  Removing
 Network docker_services_cli_default  Removed
