 redis Pulling 
 opensearch Pulling 
 rabbitmq Pulling 
 c5761dea9b0e Pulling fs layer 
 4831516dd0cb Pulling fs layer 
 7b28be0c8c4d Pulling fs layer 
 22dca8215bc4 Pulling fs layer 
 47a60771af96 Pulling fs layer 
 edcaff0d5e7e Pulling fs layer 
 bbf018d6d4b8 Pulling fs layer 
 4f4fb700ef54 Pulling fs layer 
 20043066d3d5 Pulling fs layer 
 f4e7f62f4b80 Pulling fs layer 
 beb0d870d438 Pulling fs layer 
 d686b50ce172 Pulling fs layer 
 5e1c03b67a78 Pulling fs layer 
 3fadc669ef11 Pulling fs layer 
 7084ac8f4ab6 Pulling fs layer 
 14e6209d5fa8 Pulling fs layer 
 efa05c660812 Pulling fs layer 
 d63c4408fdb7 Pulling fs layer 
 4f4fb700ef54 Already exists 
 2e81b9cb93cd Pulling fs layer 
 648eb81b3252 Pulling fs layer 
 eb77aa907276 Pulling fs layer 
 4f4fb700ef54 Pulling fs layer 
 0ffa8f8aba1e Pulling fs layer 
 f9dd052e142d Pulling fs layer 
 e8c6d4883897 Pulling fs layer 
 4f4fb700ef54 Already exists 
 c5761dea9b0e Download complete 
 22dca8215bc4 Downloading [=======================>                           ]   7.34MB/15.35MB
 47a60771af96 Download complete 
 beb0d870d438 Download complete 
 648eb81b3252 Download complete 
 5e1c03b67a78 Download complete 
 d686b50ce172 Downloading [=====================>                             ]  5.243MB/12.47MB
 20043066d3d5 Downloading [=>                                                 ]  1.049MB/29.72MB
 edcaff0d5e7e Download complete 
 efa05c660812 Download complete 
 bbf018d6d4b8 Download complete 
 4831516dd0cb Downloading [=============>                                     ]   7.34MB/28.23MB
 14e6209d5fa8 Download complete 
 7b28be0c8c4d Download complete 
 f4e7f62f4b80 Download complete 
 d63c4408fdb7 Downloading [============>                                      ]  5.243MB/21.31MB
 d686b50ce172 Downloading [==========================================>        ]  10.49MB/12.47MB
 20043066d3d5 Downloading [==========>                                        ]  6.291MB/29.72MB
 3fadc669ef11 Downloading [=====>                                             ]  4.735MB/43.48MB
 7084ac8f4ab6 Downloading [===================================>               ]  5.243MB/7.468MB
 22dca8215bc4 Downloading [=========================================>         ]  12.79MB/15.35MB
 e7da101a9486 Download complete 
 4831516dd0cb Downloading [======================>                            ]  12.58MB/28.23MB
 c4cc93acbec6 Downloading [============================================>      ]  2.097MB/2.377MB
 0ffa8f8aba1e Download complete 
 e8c6d4883897 Downloading [=======================>                           ]  2.097MB/4.398MB
 2e81b9cb93cd Download complete 
 eb77aa907276 Downloading [>                                                  ]  3.146MB/907.7MB
 eb77aa907276 Downloading [>                                                  ]  12.58MB/907.7MB
 e8c6d4883897 Download complete 
 c4cc93acbec6 Download complete 
 d686b50ce172 Download complete 
 20043066d3d5 Downloading [==========================>                        ]  15.73MB/29.72MB
 3fadc669ef11 Downloading [===============>                                   ]  13.63MB/43.48MB
 22dca8215bc4 Download complete 
 4831516dd0cb Downloading [=====================================>             ]  20.97MB/28.23MB
 7ec4c696b8bb Download complete 
 16ef6b12768c Download complete 
 7084ac8f4ab6 Download complete 
 d63c4408fdb7 Downloading [===============================>                   ]  13.63MB/21.31MB
 4831516dd0cb Downloading [==================================================>]  28.23MB/28.23MB
 eb77aa907276 Downloading [=>                                                 ]  23.07MB/907.7MB
 f9dd052e142d Downloading [=========>                                         ]  9.437MB/52.33MB
 d63c4408fdb7 Download complete 
 20043066d3d5 Downloading [==========================================>        ]  25.17MB/29.72MB
 3fadc669ef11 Downloading [===========================>                       ]  23.62MB/43.48MB
 eb77aa907276 Downloading [=>                                                 ]  29.36MB/907.7MB
 f9dd052e142d Downloading [===============>                                   ]  15.73MB/52.33MB
 3fadc669ef11 Downloading [=================================>                 ]  29.36MB/43.48MB
 4831516dd0cb Download complete 
 4831516dd0cb Extracting 1 s
 eb77aa907276 Downloading [==>                                                ]  39.85MB/907.7MB
 f9dd052e142d Downloading [========================>                          ]  25.17MB/52.33MB
 20043066d3d5 Download complete 
 3fadc669ef11 Downloading [============================================>      ]   38.8MB/43.48MB
 4831516dd0cb Extracting 1 s
 20043066d3d5 Extracting 1 s
 eb77aa907276 Downloading [==>                                                ]  53.48MB/907.7MB
 f9dd052e142d Downloading [==================================>                ]  35.65MB/52.33MB
 3fadc669ef11 Download complete 
 4831516dd0cb Extracting 1 s
 20043066d3d5 Extracting 1 s
 eb77aa907276 Downloading [===>                                               ]  68.16MB/907.7MB
 f9dd052e142d Downloading [==============================================>    ]  48.64MB/52.33MB
 4831516dd0cb Extracting 1 s
 20043066d3d5 Extracting 1 s
 f9dd052e142d Download complete 
 eb77aa907276 Downloading [====>                                              ]  83.89MB/907.7MB
 f9dd052e142d Extracting 1 s
 4831516dd0cb Extracting 1 s
 20043066d3d5 Extracting 1 s
 eb77aa907276 Downloading [=====>                                             ]  100.9MB/907.7MB
 f9dd052e142d Extracting 1 s
 4831516dd0cb Extracting 1 s
 20043066d3d5 Extracting 1 s
 eb77aa907276 Downloading [======>                                            ]  120.6MB/907.7MB
 f9dd052e142d Extracting 1 s
 4831516dd0cb Extracting 1 s
 20043066d3d5 Extracting 1 s
 eb77aa907276 Downloading [=======>                                           ]  136.3MB/907.7MB
 f9dd052e142d Extracting 1 s
 4831516dd0cb Extracting 1 s
 20043066d3d5 Extracting 1 s
 eb77aa907276 Downloading [========>                                          ]  156.2MB/907.7MB
 f9dd052e142d Extracting 1 s
 4831516dd0cb Extracting 1 s
 20043066d3d5 Extracting 1 s
 eb77aa907276 Downloading [=========>                                         ]  176.2MB/907.7MB
 4831516dd0cb Extracting 1 s
 f9dd052e142d Extracting 1 s
 20043066d3d5 Extracting 1 s
 eb77aa907276 Downloading [==========>                                        ]  188.7MB/907.7MB
 f9dd052e142d Extracting 1 s
 4831516dd0cb Extracting 2 s
 20043066d3d5 Extracting 1 s
 eb77aa907276 Downloading [===========>                                       ]  204.5MB/907.7MB
 f9dd052e142d Extracting 1 s
 4831516dd0cb Extracting 2 s
 20043066d3d5 Extracting 1 s
 eb77aa907276 Downloading [============>                                      ]  222.3MB/907.7MB
 f9dd052e142d Extracting 1 s
 20043066d3d5 Extracting 2 s
 4831516dd0cb Extracting 2 s
 eb77aa907276 Downloading [============>                                      ]  233.3MB/907.7MB
 f9dd052e142d Extracting 1 s
 20043066d3d5 Extracting 2 s
 4831516dd0cb Extracting 2 s
 eb77aa907276 Downloading [=============>                                     ]  250.6MB/907.7MB
 f9dd052e142d Extracting 1 s
 20043066d3d5 Extracting 2 s
 4831516dd0cb Extracting 2 s
 eb77aa907276 Downloading [==============>                                    ]  269.5MB/907.7MB
 f9dd052e142d Extracting 2 s
 4831516dd0cb Extracting 2 s
 20043066d3d5 Extracting 2 s
 eb77aa907276 Downloading [===============>                                   ]  283.8MB/907.7MB
 f9dd052e142d Extracting 2 s
 4831516dd0cb Extracting 2 s
 20043066d3d5 Extracting 2 s
 eb77aa907276 Downloading [================>                                  ]  299.9MB/907.7MB
 f9dd052e142d Extracting 2 s
 4831516dd0cb Extracting 2 s
 20043066d3d5 Pull complete 
 eb77aa907276 Downloading [=================>                                 ]  314.3MB/907.7MB
 47a60771af96 Pull complete 
 edcaff0d5e7e Extracting 1 s
 f9dd052e142d Extracting 2 s
 7b28be0c8c4d Pull complete 
 4831516dd0cb Pull complete 
 3fadc669ef11 Extracting 1 s
 eb77aa907276 Downloading [==================>                                ]  332.3MB/907.7MB
 edcaff0d5e7e Pull complete 
 22dca8215bc4 Extracting 1 s
 f9dd052e142d Extracting 2 s
 3fadc669ef11 Extracting 1 s
 eb77aa907276 Downloading [===================>                               ]  349.2MB/907.7MB
 f9dd052e142d Extracting 2 s
 22dca8215bc4 Extracting 1 s
 3fadc669ef11 Extracting 1 s
 eb77aa907276 Downloading [====================>                              ]  368.1MB/907.7MB
 22dca8215bc4 Extracting 1 s
 f9dd052e142d Extracting 2 s
 3fadc669ef11 Extracting 1 s
 eb77aa907276 Downloading [=====================>                             ]  385.9MB/907.7MB
 22dca8215bc4 Extracting 1 s
 f9dd052e142d Extracting 2 s
 3fadc669ef11 Extracting 1 s
 eb77aa907276 Downloading [=====================>                             ]  396.4MB/907.7MB
 4f4fb700ef54 Extracting 1 s
 bbf018d6d4b8 Pull complete 
 22dca8215bc4 Pull complete 
 f9dd052e142d Extracting 2 s
 3fadc669ef11 Extracting 1 s
 4f4fb700ef54 Pull complete 
 c5761dea9b0e Pull complete 
 redis Pulled 
 eb77aa907276 Downloading [======================>                            ]  407.9MB/907.7MB
 3fadc669ef11 Extracting 1 s
 f9dd052e142d Extracting 2 s
 eb77aa907276 Downloading [=======================>                           ]  425.7MB/907.7MB
 f9dd052e142d Extracting 3 s
 3fadc669ef11 Extracting 1 s
 eb77aa907276 Downloading [========================>                          ]  441.5MB/907.7MB
 f9dd052e142d Extracting 3 s
 3fadc669ef11 Extracting 1 s
 eb77aa907276 Downloading [=========================>                         ]  463.7MB/907.7MB
 f9dd052e142d Extracting 3 s
 3fadc669ef11 Pull complete 
 eb77aa907276 Downloading [==========================>                        ]  482.3MB/907.7MB
 f9dd052e142d Extracting 3 s
 7084ac8f4ab6 Extracting 1 s
 eb77aa907276 Downloading [===========================>                       ]  504.4MB/907.7MB
 f9dd052e142d Extracting 3 s
 7084ac8f4ab6 Extracting 1 s
 eb77aa907276 Downloading [============================>                      ]  525.3MB/907.7MB
 beb0d870d438 Pull complete 
 f9dd052e142d Extracting 3 s
 7084ac8f4ab6 Pull complete 
 d63c4408fdb7 Extracting 1 s
 eb77aa907276 Downloading [==============================>                    ]  546.3MB/907.7MB
 d63c4408fdb7 Extracting 1 s
 f9dd052e142d Extracting 3 s
 eb77aa907276 Downloading [===============================>                   ]  567.3MB/907.7MB
 d63c4408fdb7 Extracting 1 s
 f9dd052e142d Extracting 3 s
 eb77aa907276 Downloading [================================>                  ]  588.3MB/907.7MB
 d63c4408fdb7 Extracting 1 s
 e8c6d4883897 Extracting 1 s
 f9dd052e142d Pull complete 
 eb77aa907276 Downloading [=================================>                 ]  609.2MB/907.7MB
 d63c4408fdb7 Extracting 1 s
 e8c6d4883897 Extracting 1 s
 eb77aa907276 Downloading [==================================>                ]  630.2MB/907.7MB
 d63c4408fdb7 Extracting 1 s
 e8c6d4883897 Extracting 1 s
 eb77aa907276 Downloading [===================================>               ]    647MB/907.7MB
 648eb81b3252 Pull complete 
 e8c6d4883897 Pull complete 
 d63c4408fdb7 Extracting 1 s
 eb77aa907276 Downloading [====================================>              ]  661.7MB/907.7MB
 d63c4408fdb7 Pull complete 
 eb77aa907276 Downloading [=====================================>             ]  682.6MB/907.7MB
 5e1c03b67a78 Pull complete 
 efa05c660812 Pull complete 
 14e6209d5fa8 Pull complete 
 f4e7f62f4b80 Pull complete 
 d686b50ce172 Extracting 1 s
 eb77aa907276 Downloading [======================================>            ]  704.6MB/907.7MB
 d686b50ce172 Extracting 1 s
 eb77aa907276 Downloading [=======================================>           ]  725.6MB/907.7MB
 d686b50ce172 Extracting 1 s
 eb77aa907276 Downloading [=========================================>         ]  745.5MB/907.7MB
 d686b50ce172 Extracting 1 s
 eb77aa907276 Downloading [==========================================>        ]  767.6MB/907.7MB
 d686b50ce172 Pull complete 
 rabbitmq Pulled 
 eb77aa907276 Downloading [===========================================>       ]  788.5MB/907.7MB
 eb77aa907276 Downloading [============================================>      ]  810.5MB/907.7MB
 eb77aa907276 Downloading [=============================================>     ]  830.5MB/907.7MB
 eb77aa907276 Downloading [==============================================>    ]  850.4MB/907.7MB
 eb77aa907276 Downloading [===============================================>   ]  870.3MB/907.7MB
 eb77aa907276 Downloading [=================================================> ]  895.5MB/907.7MB
 eb77aa907276 Downloading [==================================================>]  907.7MB/907.7MB
 eb77aa907276 Downloading [==================================================>]  907.7MB/907.7MB
 eb77aa907276 Downloading [==================================================>]  907.7MB/907.7MB
 eb77aa907276 Downloading [==================================================>]  907.7MB/907.7MB
 eb77aa907276 Downloading [==================================================>]  907.7MB/907.7MB
 eb77aa907276 Downloading [==================================================>]  907.7MB/907.7MB
 eb77aa907276 Downloading [==================================================>]  907.7MB/907.7MB
 eb77aa907276 Downloading [==================================================>]  907.7MB/907.7MB
 eb77aa907276 Downloading [==================================================>]  907.7MB/907.7MB
 eb77aa907276 Downloading [==================================================>]  907.7MB/907.7MB
 eb77aa907276 Downloading [==================================================>]  907.7MB/907.7MB
 eb77aa907276 Downloading [==================================================>]  907.7MB/907.7MB
 eb77aa907276 Downloading [==================================================>]  907.7MB/907.7MB
 eb77aa907276 Downloading [==================================================>]  907.7MB/907.7MB
 eb77aa907276 Downloading [==================================================>]  907.7MB/907.7MB
 eb77aa907276 Downloading [==================================================>]  907.7MB/907.7MB
 eb77aa907276 Downloading [==================================================>]  907.7MB/907.7MB
 eb77aa907276 Downloading [==================================================>]  907.7MB/907.7MB
 eb77aa907276 Downloading [==================================================>]  907.7MB/907.7MB
 eb77aa907276 Download complete 
 eb77aa907276 Extracting 1 s
 eb77aa907276 Extracting 1 s
 eb77aa907276 Extracting 1 s
 eb77aa907276 Extracting 1 s
 eb77aa907276 Extracting 1 s
 eb77aa907276 Extracting 1 s
 eb77aa907276 Extracting 1 s
 eb77aa907276 Extracting 1 s
 eb77aa907276 Extracting 1 s
 eb77aa907276 Extracting 1 s
 eb77aa907276 Extracting 1 s
 eb77aa907276 Extracting 2 s
 eb77aa907276 Extracting 2 s
 eb77aa907276 Extracting 2 s
 eb77aa907276 Extracting 2 s
 eb77aa907276 Extracting 2 s
 eb77aa907276 Extracting 2 s
 eb77aa907276 Extracting 2 s
 eb77aa907276 Extracting 2 s
 eb77aa907276 Extracting 2 s
 eb77aa907276 Extracting 3 s
 eb77aa907276 Extracting 3 s
 eb77aa907276 Extracting 3 s
 eb77aa907276 Extracting 3 s
 eb77aa907276 Extracting 3 s
 eb77aa907276 Extracting 3 s
 eb77aa907276 Extracting 3 s
 eb77aa907276 Extracting 3 s
 eb77aa907276 Extracting 3 s
 eb77aa907276 Extracting 3 s
 eb77aa907276 Extracting 4 s
 eb77aa907276 Extracting 4 s
 eb77aa907276 Extracting 4 s
 eb77aa907276 Extracting 4 s
 eb77aa907276 Extracting 4 s
 eb77aa907276 Extracting 4 s
 eb77aa907276 Extracting 4 s
 eb77aa907276 Extracting 4 s
 eb77aa907276 Extracting 4 s
 eb77aa907276 Extracting 4 s
 eb77aa907276 Extracting 5 s
 eb77aa907276 Extracting 5 s
 eb77aa907276 Extracting 5 s
 eb77aa907276 Extracting 5 s
 eb77aa907276 Extracting 5 s
 eb77aa907276 Extracting 5 s
 eb77aa907276 Extracting 5 s
 4f4fb700ef54 Pull complete 
 0ffa8f8aba1e Pull complete 
 2e81b9cb93cd Pull complete 
 eb77aa907276 Pull complete 
 opensearch Pulled 
 Network docker_services_cli_default  Creating
 Network docker_services_cli_default  Created
 Container docker_services_cli-opensearch-1  Creating
 Container docker_services_cli-rabbitmq-1  Creating
 Container docker_services_cli-redis-1  Creating
 Container docker_services_cli-opensearch-1  Created
 Container docker_services_cli-rabbitmq-1  Created
 Container docker_services_cli-redis-1  Created
 Container docker_services_cli-rabbitmq-1  Starting
 Container docker_services_cli-opensearch-1  Starting
 Container docker_services_cli-redis-1  Starting
 Container docker_services_cli-opensearch-1  Started
 Container docker_services_cli-redis-1  Started
 Container docker_services_cli-rabbitmq-1  Started
============================= test session starts ==============================
platform linux -- Python 3.14.2, pytest-8.4.2, pluggy-1.6.0
rootdir: /home/runner/work/test-zip-extract-repository/test-zip-extract-repository/workdir/tests/invenio-indexer/original
configfile: setup.cfg
testpaths: docs, tests, invenio_indexer
plugins: invenio-4.0.0, isort-4.0.0, flask-1.3.0, github-actions-annotate-failures-0.3.0, pydocstyle-2.4.0, cov-7.0.0, black-0.6.0, pycodestyle-2.5.0
collected 34 items

tests/test_api.py ..::warning file=/home/runner/work/test-zip-extract-repository/test-zip-extract-repository/workdir/tests/invenio-indexer/original/.venv/lib/python3.14/site-packages/invenio_records/api.py,line=334::nested transaction already deassociated from connection
::warning file=/home/runner/work/test-zip-extract-repository/test-zip-extract-repository/workdir/tests/invenio-indexer/original/.venv/lib/python3.14/site-packages/invenio_records/api.py,line=495::nested transaction already deassociated from connection
.::warning file=/home/runner/work/test-zip-extract-repository/test-zip-extract-repository/workdir/tests/invenio-indexer/original/.venv/lib/python3.14/site-packages/invenio_records/api.py,line=334::nested transaction already deassociated from connection
.::warning file=/home/runner/work/test-zip-extract-repository/test-zip-extract-repository/workdir/tests/invenio-indexer/original/.venv/lib/python3.14/site-packages/invenio_records/api.py,line=334::nested transaction already deassociated from connection
.::warning file=/home/runner/work/test-zip-extract-repository/test-zip-extract-repository/workdir/tests/invenio-indexer/original/.venv/lib/python3.14/site-packages/invenio_records/api.py,line=334::nested transaction already deassociated from connection
.::warning file=/home/runner/work/test-zip-extract-repository/test-zip-extract-repository/workdir/tests/invenio-indexer/original/.venv/lib/python3.14/site-packages/invenio_records/api.py,line=334::nested transaction already deassociated from connection
.....::warning file=/home/runner/work/test-zip-extract-repository/test-zip-extract-repository/workdir/tests/invenio-indexer/original/.venv/lib/python3.14/site-packages/invenio_records/api.py,line=334::nested transaction already deassociated from connection
...::warning file=/home/runner/work/test-zip-extract-repository/test-zip-extract-repository/workdir/tests/invenio-indexer/original/.venv/lib/python3.14/site-packages/invenio_records/api.py,line=334::nested transaction already deassociated from connection
.::warning file=/home/runner/work/test-zip-extract-repository/test-zip-extract-repository/workdir/tests/invenio-indexer/original/.venv/lib/python3.14/site-packages/invenio_records/api.py,line=334::nested transaction already deassociated from connection
.                                       [ 47%]
tests/test_cli.py ..::warning file=/home/runner/work/test-zip-extract-repository/test-zip-extract-repository/workdir/tests/invenio-indexer/original/.venv/lib/python3.14/site-packages/invenio_records/api.py,line=334::nested transaction already deassociated from connection
::warning file=/home/runner/work/test-zip-extract-repository/test-zip-extract-repository/workdir/tests/invenio-indexer/original/invenio_indexer/cli.py,line=118::Query.values() is deprecated and will be removed in a future release.  Please use Query.with_entities() (deprecated since: 1.4)
::warning file=/home/runner/work/test-zip-extract-repository/test-zip-extract-repository/workdir/tests/invenio-indexer/original/.venv/lib/python3.14/site-packages/invenio_records/api.py,line=495::nested transaction already deassociated from connection
::warning file=/home/runner/work/test-zip-extract-repository/test-zip-extract-repository/workdir/tests/invenio-indexer/original/invenio_indexer/cli.py,line=118::Query.values() is deprecated and will be removed in a future release.  Please use Query.with_entities() (deprecated since: 1.4)
.                                                    [ 55%]
tests/test_invenio_indexer.py ...::warning file=/home/runner/work/test-zip-extract-repository/test-zip-extract-repository/workdir/tests/invenio-indexer/original/.venv/lib/python3.14/site-packages/invenio_records/api.py,line=334::nested transaction already deassociated from connection
.::warning file=/home/runner/work/test-zip-extract-repository/test-zip-extract-repository/workdir/tests/invenio-indexer/original/.venv/lib/python3.14/site-packages/invenio_records/api.py,line=334::nested transaction already deassociated from connection
                                       [ 67%]
tests/test_registry.py .                                                 [ 70%]
tests/test_tasks.py ...                                                  [ 79%]
tests/test_utils.py ......                                               [ 97%]
invenio_indexer/__init__.py .::warning file=/home/runner/work/test-zip-extract-repository/test-zip-extract-repository/workdir/tests/invenio-indexer/original/.venv/lib/python3.14/site-packages/invenio_records/api.py,line=334::nested transaction already deassociated from connection
                                            [100%]

=============================== warnings summary ===============================
tests/test_api.py: 8 warnings
tests/test_cli.py: 1 warning
tests/test_invenio_indexer.py: 2 warnings
invenio_indexer/__init__.py: 1 warning
  /home/runner/work/test-zip-extract-repository/test-zip-extract-repository/workdir/tests/invenio-indexer/original/.venv/lib/python3.14/site-packages/invenio_records/api.py:334: SAWarning: nested transaction already deassociated from connection
    with db.session.begin_nested():

tests/test_api.py::test_delete_action
tests/test_cli.py::test_reindex
  /home/runner/work/test-zip-extract-repository/test-zip-extract-repository/workdir/tests/invenio-indexer/original/.venv/lib/python3.14/site-packages/invenio_records/api.py:495: SAWarning: nested transaction already deassociated from connection
    with db.session.begin_nested():

tests/test_cli.py::test_reindex
tests/test_cli.py::test_reindex
  /home/runner/work/test-zip-extract-repository/test-zip-extract-repository/workdir/tests/invenio-indexer/original/invenio_indexer/cli.py:118: SADeprecationWarning: Query.values() is deprecated and will be removed in a future release.  Please use Query.with_entities() (deprecated since: 1.4)
    .values(PersistentIdentifier.object_uuid)

-- Docs: https://docs.pytest.org/en/stable/how-to/capture-warnings.html
================================ tests coverage ================================
_______________ coverage: platform linux, python 3.14.2-final-0 ________________

Name                          Stmts   Miss  Cover   Missing
-----------------------------------------------------------
invenio_indexer/__init__.py       4      0   100%
invenio_indexer/api.py          178     22    88%   106, 116, 118-127, 159, 195-200, 238-247, 261-262, 398-399, 459
invenio_indexer/cli.py           82      3    96%   26, 35, 82
invenio_indexer/config.py        21      0   100%
invenio_indexer/ext.py           26      0   100%
invenio_indexer/proxies.py        7      0   100%
invenio_indexer/registry.py      16      0   100%
invenio_indexer/signals.py       16      0   100%
invenio_indexer/tasks.py         21      3    86%   29, 44, 59
invenio_indexer/utils.py         26      0   100%
-----------------------------------------------------------
TOTAL                           397     28    93%
======================= 34 passed, 16 warnings in 3.37s ========================
/home/runner/work/test-zip-extract-repository/test-zip-extract-repository/workdir/tests/invenio-indexer/original/.venv/lib/python3.14/site-packages/_pytest/unraisableexception.py:33: ResourceWarning: unclosed database in <sqlite3.Connection object at 0x7fc04adf5120>
  gc.collect()
ResourceWarning: Enable tracemalloc to get the object allocation traceback
/home/runner/work/test-zip-extract-repository/test-zip-extract-repository/workdir/tests/invenio-indexer/original/.venv/lib/python3.14/site-packages/_pytest/unraisableexception.py:33: ResourceWarning: unclosed database in <sqlite3.Connection object at 0x7fc04ae21f30>
  gc.collect()
ResourceWarning: Enable tracemalloc to get the object allocation traceback
/home/runner/work/test-zip-extract-repository/test-zip-extract-repository/workdir/tests/invenio-indexer/original/.venv/lib/python3.14/site-packages/_pytest/unraisableexception.py:33: ResourceWarning: unclosed database in <sqlite3.Connection object at 0x7fc04acbd120>
  gc.collect()
ResourceWarning: Enable tracemalloc to get the object allocation traceback
/home/runner/work/test-zip-extract-repository/test-zip-extract-repository/workdir/tests/invenio-indexer/original/.venv/lib/python3.14/site-packages/_pytest/unraisableexception.py:33: ResourceWarning: unclosed database in <sqlite3.Connection object at 0x7fc04acbfd30>
  gc.collect()
ResourceWarning: Enable tracemalloc to get the object allocation traceback
/home/runner/work/test-zip-extract-repository/test-zip-extract-repository/workdir/tests/invenio-indexer/original/.venv/lib/python3.14/site-packages/_pytest/unraisableexception.py:33: ResourceWarning: unclosed database in <sqlite3.Connection object at 0x7fc04ad1d210>
  gc.collect()
ResourceWarning: Enable tracemalloc to get the object allocation traceback
/home/runner/work/test-zip-extract-repository/test-zip-extract-repository/workdir/tests/invenio-indexer/original/.venv/lib/python3.14/site-packages/_pytest/unraisableexception.py:33: ResourceWarning: unclosed database in <sqlite3.Connection object at 0x7fc04acbec50>
  gc.collect()
ResourceWarning: Enable tracemalloc to get the object allocation traceback
/home/runner/work/test-zip-extract-repository/test-zip-extract-repository/workdir/tests/invenio-indexer/original/.venv/lib/python3.14/site-packages/_pytest/unraisableexception.py:33: ResourceWarning: unclosed database in <sqlite3.Connection object at 0x7fc04ae22e30>
  gc.collect()
ResourceWarning: Enable tracemalloc to get the object allocation traceback
/home/runner/work/test-zip-extract-repository/test-zip-extract-repository/workdir/tests/invenio-indexer/original/.venv/lib/python3.14/site-packages/_pytest/unraisableexception.py:33: ResourceWarning: unclosed database in <sqlite3.Connection object at 0x7fc04ae20d60>
  gc.collect()
ResourceWarning: Enable tracemalloc to get the object allocation traceback
/home/runner/work/test-zip-extract-repository/test-zip-extract-repository/workdir/tests/invenio-indexer/original/.venv/lib/python3.14/site-packages/_pytest/unraisableexception.py:33: ResourceWarning: unclosed database in <sqlite3.Connection object at 0x7fc04adaa5c0>
  gc.collect()
ResourceWarning: Enable tracemalloc to get the object allocation traceback
/home/runner/work/test-zip-extract-repository/test-zip-extract-repository/workdir/tests/invenio-indexer/original/.venv/lib/python3.14/site-packages/_pytest/unraisableexception.py:33: ResourceWarning: unclosed database in <sqlite3.Connection object at 0x7fc04ab93b50>
  gc.collect()
ResourceWarning: Enable tracemalloc to get the object allocation traceback
/home/runner/work/test-zip-extract-repository/test-zip-extract-repository/workdir/tests/invenio-indexer/original/.venv/lib/python3.14/site-packages/_pytest/unraisableexception.py:33: ResourceWarning: unclosed database in <sqlite3.Connection object at 0x7fc04ac35e40>
  gc.collect()
ResourceWarning: Enable tracemalloc to get the object allocation traceback
/home/runner/work/test-zip-extract-repository/test-zip-extract-repository/workdir/tests/invenio-indexer/original/.venv/lib/python3.14/site-packages/_pytest/unraisableexception.py:33: ResourceWarning: unclosed database in <sqlite3.Connection object at 0x7fc04ac34a90>
  gc.collect()
ResourceWarning: Enable tracemalloc to get the object allocation traceback
/home/runner/work/test-zip-extract-repository/test-zip-extract-repository/workdir/tests/invenio-indexer/original/.venv/lib/python3.14/site-packages/_pytest/unraisableexception.py:33: ResourceWarning: unclosed database in <sqlite3.Connection object at 0x7fc04ad1f4c0>
  gc.collect()
ResourceWarning: Enable tracemalloc to get the object allocation traceback
/home/runner/work/test-zip-extract-repository/test-zip-extract-repository/workdir/tests/invenio-indexer/original/.venv/lib/python3.14/site-packages/_pytest/unraisableexception.py:33: ResourceWarning: unclosed database in <sqlite3.Connection object at 0x7fc04ac37e20>
  gc.collect()
ResourceWarning: Enable tracemalloc to get the object allocation traceback
/home/runner/work/test-zip-extract-repository/test-zip-extract-repository/workdir/tests/invenio-indexer/original/.venv/lib/python3.14/site-packages/_pytest/unraisableexception.py:33: ResourceWarning: unclosed database in <sqlite3.Connection object at 0x7fc04ab91300>
  gc.collect()
ResourceWarning: Enable tracemalloc to get the object allocation traceback
/home/runner/work/test-zip-extract-repository/test-zip-extract-repository/workdir/tests/invenio-indexer/original/.venv/lib/python3.14/site-packages/_pytest/unraisableexception.py:33: ResourceWarning: unclosed database in <sqlite3.Connection object at 0x7fc04ae23b50>
  gc.collect()
ResourceWarning: Enable tracemalloc to get the object allocation traceback
/home/runner/work/test-zip-extract-repository/test-zip-extract-repository/workdir/tests/invenio-indexer/original/.venv/lib/python3.14/site-packages/_pytest/unraisableexception.py:33: ResourceWarning: unclosed database in <sqlite3.Connection object at 0x7fc04ad1c6d0>
  gc.collect()
ResourceWarning: Enable tracemalloc to get the object allocation traceback
/home/runner/work/test-zip-extract-repository/test-zip-extract-repository/workdir/tests/invenio-indexer/original/.venv/lib/python3.14/site-packages/_pytest/unraisableexception.py:33: ResourceWarning: unclosed database in <sqlite3.Connection object at 0x7fc04acbd4e0>
  gc.collect()
ResourceWarning: Enable tracemalloc to get the object allocation traceback
/home/runner/work/test-zip-extract-repository/test-zip-extract-repository/workdir/tests/invenio-indexer/original/.venv/lib/python3.14/site-packages/_pytest/unraisableexception.py:33: ResourceWarning: unclosed database in <sqlite3.Connection object at 0x7fc04aa72c50>
  gc.collect()
ResourceWarning: Enable tracemalloc to get the object allocation traceback
/home/runner/work/test-zip-extract-repository/test-zip-extract-repository/workdir/tests/invenio-indexer/original/.venv/lib/python3.14/site-packages/_pytest/unraisableexception.py:33: ResourceWarning: unclosed database in <sqlite3.Connection object at 0x7fc04a9cc8b0>
  gc.collect()
ResourceWarning: Enable tracemalloc to get the object allocation traceback
/home/runner/work/test-zip-extract-repository/test-zip-extract-repository/workdir/tests/invenio-indexer/original/.venv/lib/python3.14/site-packages/_pytest/unraisableexception.py:33: ResourceWarning: unclosed database in <sqlite3.Connection object at 0x7fc04a9ce3e0>
  gc.collect()
ResourceWarning: Enable tracemalloc to get the object allocation traceback
/home/runner/work/test-zip-extract-repository/test-zip-extract-repository/workdir/tests/invenio-indexer/original/.venv/lib/python3.14/site-packages/_pytest/unraisableexception.py:33: ResourceWarning: unclosed database in <sqlite3.Connection object at 0x7fc04a9cfc40>
  gc.collect()
ResourceWarning: Enable tracemalloc to get the object allocation traceback
/home/runner/work/test-zip-extract-repository/test-zip-extract-repository/workdir/tests/invenio-indexer/original/.venv/lib/python3.14/site-packages/_pytest/unraisableexception.py:33: ResourceWarning: unclosed database in <sqlite3.Connection object at 0x7fc04aa0dc60>
  gc.collect()
ResourceWarning: Enable tracemalloc to get the object allocation traceback
/home/runner/work/test-zip-extract-repository/test-zip-extract-repository/workdir/tests/invenio-indexer/original/.venv/lib/python3.14/site-packages/_pytest/unraisableexception.py:33: ResourceWarning: unclosed database in <sqlite3.Connection object at 0x7fc04aa0f880>
  gc.collect()
ResourceWarning: Enable tracemalloc to get the object allocation traceback
/home/runner/work/test-zip-extract-repository/test-zip-extract-repository/workdir/tests/invenio-indexer/original/.venv/lib/python3.14/site-packages/_pytest/unraisableexception.py:33: ResourceWarning: unclosed database in <sqlite3.Connection object at 0x7fc04aa514e0>
  gc.collect()
ResourceWarning: Enable tracemalloc to get the object allocation traceback
/home/runner/work/test-zip-extract-repository/test-zip-extract-repository/workdir/tests/invenio-indexer/original/.venv/lib/python3.14/site-packages/_pytest/unraisableexception.py:33: ResourceWarning: unclosed database in <sqlite3.Connection object at 0x7fc04aa53100>
  gc.collect()
ResourceWarning: Enable tracemalloc to get the object allocation traceback
/home/runner/work/test-zip-extract-repository/test-zip-extract-repository/workdir/tests/invenio-indexer/original/.venv/lib/python3.14/site-packages/_pytest/unraisableexception.py:33: ResourceWarning: unclosed database in <sqlite3.Connection object at 0x7fc04a88cd60>
  gc.collect()
ResourceWarning: Enable tracemalloc to get the object allocation traceback
/home/runner/work/test-zip-extract-repository/test-zip-extract-repository/workdir/tests/invenio-indexer/original/.venv/lib/python3.14/site-packages/_pytest/unraisableexception.py:33: ResourceWarning: unclosed database in <sqlite3.Connection object at 0x7fc04a88e980>
  gc.collect()
ResourceWarning: Enable tracemalloc to get the object allocation traceback
 Container docker_services_cli-redis-1  Stopping
 Container docker_services_cli-rabbitmq-1  Stopping
 Container docker_services_cli-opensearch-1  Stopping
 Container docker_services_cli-redis-1  Stopped
 Container docker_services_cli-redis-1  Removing
 Container docker_services_cli-redis-1  Removed
 Container docker_services_cli-opensearch-1  Stopped
 Container docker_services_cli-opensearch-1  Removing
 Container docker_services_cli-opensearch-1  Removed
 Container docker_services_cli-rabbitmq-1  Stopped
 Container docker_services_cli-rabbitmq-1  Removing
 Container docker_services_cli-rabbitmq-1  Removed
 Network docker_services_cli_default  Removing
 Network docker_services_cli_default  Removed
