Generating LALR tables
WARNING: 2 shift/reduce conflicts
WARNING: 2 reduce/reduce conflicts
WARNING: reduce/reduce conflict in state 24 resolved using rule (phrase_or_possibly_negative_term -> PHRASE)
WARNING: rejected rule (phrase_or_term -> PHRASE) in state 24
 redis Pulling 
 postgresql Pulling 
 rabbitmq Pulling 
 opensearch Pulling 
 2e81b9cb93cd Pulling fs layer 
 648eb81b3252 Pulling fs layer 
 0ffa8f8aba1e Pulling fs layer 
 eb77aa907276 Pulling fs layer 
 4f4fb700ef54 Pulling fs layer 
 f9dd052e142d Pulling fs layer 
 e8c6d4883897 Pulling fs layer 
 4f4fb700ef54 Already exists 
 7084ac8f4ab6 Pulling fs layer 
 efa05c660812 Pulling fs layer 
 14e6209d5fa8 Pulling fs layer 
 3fadc669ef11 Pulling fs layer 
 beb0d870d438 Pulling fs layer 
 5e1c03b67a78 Pulling fs layer 
 d63c4408fdb7 Pulling fs layer 
 d686b50ce172 Pulling fs layer 
 f4e7f62f4b80 Pulling fs layer 
 20043066d3d5 Pulling fs layer 
 f8406d9c00ea Pulling fs layer 
 c199bff16b05 Pulling fs layer 
 050d9f8c3b1c Pulling fs layer 
 b0a0cf830b12 Pulling fs layer 
 e0d55fdb4d15 Pulling fs layer 
 dda3d8fbd5ed Pulling fs layer 
 c1cb13b19080 Pulling fs layer 
 283a477db7bb Pulling fs layer 
 873532e5f8c7 Pulling fs layer 
 9739ced65621 Pulling fs layer 
 91d2729fa4d5 Pulling fs layer 
 ae3bb1b347a4 Pulling fs layer 
 710e142705f8 Pulling fs layer 
 cb628c265f09 Pulling fs layer 
 c5761dea9b0e Pulling fs layer 
 4831516dd0cb Pulling fs layer 
 47a60771af96 Pulling fs layer 
 7b28be0c8c4d Pulling fs layer 
 22dca8215bc4 Pulling fs layer 
 bbf018d6d4b8 Pulling fs layer 
 edcaff0d5e7e Pulling fs layer 
 4f4fb700ef54 Pulling fs layer 
 eb77aa907276 Downloading [>                                                  ]  1.049MB/907.7MB
 e8c6d4883897 Downloading [=======================>                           ]  2.097MB/4.398MB
 2e81b9cb93cd Downloading [==================================================>]  1.859kB/1.859kB
 648eb81b3252 Download complete 
 0ffa8f8aba1e Download complete 
 4f4fb700ef54 Already exists 
 cb628c265f09 Download complete 
 bbf018d6d4b8 Downloading [==================================================>]      97B/97B
 47a60771af96 Download complete 
 efa05c660812 Download complete 
 050d9f8c3b1c Download complete 
 2e81b9cb93cd Download complete 
 eb77aa907276 Downloading [>                                                  ]  5.243MB/907.7MB
 f9dd052e142d Downloading [===>                                               ]  3.146MB/52.33MB
 14e6209d5fa8 Download complete 
 d63c4408fdb7 Downloading [==>                                                ]  1.049MB/21.31MB
 710e142705f8 Download complete 
 dda3d8fbd5ed Download complete 
 f4e7f62f4b80 Download complete 
 20043066d3d5 Downloading [=>                                                 ]  1.049MB/29.72MB
 e8c6d4883897 Download complete 
 5e1c03b67a78 Download complete 
 873532e5f8c7 Download complete 
 b0a0cf830b12 Downloading [===>                                               ]  2.097MB/29.15MB
 beb0d870d438 Download complete 
 d686b50ce172 Downloading [====>                                              ]  1.049MB/12.47MB
 f8406d9c00ea Download complete 
 7ec4c696b8bb Download complete 
 7084ac8f4ab6 Downloading [============================>                      ]  4.194MB/7.468MB
 c1cb13b19080 Download complete 
 c199bff16b05 Download complete 
 283a477db7bb Downloading [===========>                                       ]  1.049MB/4.533MB
 ae3bb1b347a4 Downloading [===========================================>       ]  1.049MB/1.196MB
 b0a0cf830b12 Downloading [===>                                               ]  2.097MB/29.15MB
 c5761dea9b0e Downloading [==================================================>]     573B/573B
 d63c4408fdb7 Downloading [==>                                                ]  1.049MB/21.31MB
 20043066d3d5 Downloading [=>                                                 ]  1.049MB/29.72MB
 d686b50ce172 Downloading [====>                                              ]  1.049MB/12.47MB
 7084ac8f4ab6 Downloading [============================>                      ]  4.194MB/7.468MB
 7b28be0c8c4d Download complete 
 bbf018d6d4b8 Download complete 
 f9dd052e142d Downloading [===>                                               ]  3.146MB/52.33MB
 eb77aa907276 Downloading [>                                                  ]  5.243MB/907.7MB
 b0a0cf830b12 Downloading [=======>                                           ]  4.194MB/29.15MB
 e0d55fdb4d15 Downloading [>                                                  ]  2.097MB/109MB
 9739ced65621 Downloading [============>                                      ]  2.097MB/8.069MB
 d63c4408fdb7 Downloading [=======>                                           ]  3.146MB/21.31MB
 20043066d3d5 Downloading [=====>                                             ]  3.146MB/29.72MB
 16ef6b12768c Downloading [=================================>                 ]  2.097MB/3.088MB
 d686b50ce172 Downloading [============>                                      ]  3.146MB/12.47MB
 7084ac8f4ab6 Downloading [==========================================>        ]  6.291MB/7.468MB
 3fadc669ef11 Downloading [==>                                                ]  2.097MB/43.48MB
 91d2729fa4d5 Download complete 
 56b5e4f0933d Download complete 
 283a477db7bb Downloading [==================================>                ]  3.146MB/4.533MB
 5682dec5b749 Downloading [==================>                                ]  2.097MB/5.719MB
 c5761dea9b0e Download complete 
 4831516dd0cb Downloading [===>                                               ]  2.097MB/28.23MB
 22dca8215bc4 Downloading [======>                                            ]  2.097MB/15.35MB
 c4cc93acbec6 Downloading [============================================>      ]  2.097MB/2.377MB
 eb77aa907276 Downloading [>                                                  ]   7.34MB/907.7MB
 f9dd052e142d Downloading [======>                                            ]  6.291MB/52.33MB
 ae3bb1b347a4 Download complete 
 edcaff0d5e7e Download complete 
 e7da101a9486 Download complete 
 e0d55fdb4d15 Downloading [==>                                                ]  6.291MB/109MB
 9739ced65621 Downloading [======================================>            ]  6.291MB/8.069MB
 eb77aa907276 Downloading [>                                                  ]  11.53MB/907.7MB
 f9dd052e142d Downloading [===========>                                       ]  11.53MB/52.33MB
 4831516dd0cb Downloading [===========>                                       ]  6.291MB/28.23MB
 22dca8215bc4 Downloading [====================>                              ]  6.291MB/15.35MB
 c4cc93acbec6 Download complete 
 283a477db7bb Download complete 
 3fadc669ef11 Downloading [========>                                          ]   7.34MB/43.48MB
 d63c4408fdb7 Downloading [===================>                               ]  8.389MB/21.31MB
 20043066d3d5 Downloading [==============>                                    ]  8.389MB/29.72MB
 16ef6b12768c Download complete 
 d686b50ce172 Downloading [=================================>                 ]  8.389MB/12.47MB
 5682dec5b749 Download complete 
 b0a0cf830b12 Downloading [==============>                                    ]  8.389MB/29.15MB
 7084ac8f4ab6 Download complete 
 4831516dd0cb Downloading [====================>                              ]  11.53MB/28.23MB
 22dca8215bc4 Downloading [=====================================>             ]  11.53MB/15.35MB
 e0d55fdb4d15 Downloading [=====>                                             ]  11.53MB/109MB
 eb77aa907276 Downloading [>                                                  ]  16.78MB/907.7MB
 f9dd052e142d Downloading [================>                                  ]  16.78MB/52.33MB
 3fadc669ef11 Downloading [=============>                                     ]  11.53MB/43.48MB
 d63c4408fdb7 Downloading [==================================>                ]  14.68MB/21.31MB
 20043066d3d5 Downloading [======================>                            ]  13.63MB/29.72MB
 9739ced65621 Download complete 
 b0a0cf830b12 Downloading [=====================>                             ]  12.58MB/29.15MB
 d686b50ce172 Download complete 
 b0a0cf830b12 Downloading [================================>                  ]  18.87MB/29.15MB
 e0d55fdb4d15 Downloading [========>                                          ]  17.83MB/109MB
 eb77aa907276 Downloading [=>                                                 ]  23.07MB/907.7MB
 f9dd052e142d Downloading [======================>                            ]  23.07MB/52.33MB
 4831516dd0cb Downloading [===============================>                   ]  17.83MB/28.23MB
 3fadc669ef11 Downloading [====================>                              ]  17.83MB/43.48MB
 22dca8215bc4 Download complete 
 d63c4408fdb7 Downloading [==============================================>    ]  19.92MB/21.31MB
 20043066d3d5 Downloading [=================================>                 ]  19.92MB/29.72MB
 4831516dd0cb Downloading [============================================>      ]  25.17MB/28.23MB
 3fadc669ef11 Downloading [============================>                      ]  25.17MB/43.48MB
 b0a0cf830b12 Downloading [===========================================>       ]  25.17MB/29.15MB
 e0d55fdb4d15 Downloading [============>                                      ]  26.21MB/109MB
 eb77aa907276 Downloading [=>                                                 ]  31.46MB/907.7MB
 f9dd052e142d Downloading [==============================>                    ]  31.46MB/52.33MB
 d63c4408fdb7 Download complete 
 20043066d3d5 Downloading [=================================================> ]  29.36MB/29.72MB
 f9dd052e142d Downloading [====================================>              ]  37.75MB/52.33MB
 eb77aa907276 Downloading [==>                                                ]  37.75MB/907.7MB
 e0d55fdb4d15 Downloading [===============>                                   ]  33.55MB/109MB
 3fadc669ef11 Downloading [====================================>              ]  31.46MB/43.48MB
 4831516dd0cb Download complete 
 20043066d3d5 Download complete 
 b0a0cf830b12 Download complete 
 20043066d3d5 Extracting 1 s
 4831516dd0cb Extracting 1 s
 b0a0cf830b12 Extracting 1 s
 eb77aa907276 Downloading [==>                                                ]  46.14MB/907.7MB
 f9dd052e142d Downloading [===========================================>       ]  45.09MB/52.33MB
 e0d55fdb4d15 Downloading [==================>                                ]  40.89MB/109MB
 3fadc669ef11 Downloading [============================================>      ]   38.8MB/43.48MB
 4831516dd0cb Extracting 1 s
 20043066d3d5 Extracting 1 s
 b0a0cf830b12 Extracting 1 s
 e0d55fdb4d15 Downloading [======================>                            ]  48.23MB/109MB
 eb77aa907276 Downloading [==>                                                ]  53.48MB/907.7MB
 f9dd052e142d Downloading [==================================================>]  52.33MB/52.33MB
 3fadc669ef11 Download complete 
 4831516dd0cb Extracting 1 s
 20043066d3d5 Extracting 1 s
 b0a0cf830b12 Extracting 1 s
 e0d55fdb4d15 Downloading [==========================>                        ]  57.72MB/109MB
 eb77aa907276 Downloading [===>                                               ]  62.91MB/907.7MB
 f9dd052e142d Download complete 
 f9dd052e142d Extracting 1 s
 4831516dd0cb Extracting 1 s
 20043066d3d5 Extracting 1 s
 b0a0cf830b12 Extracting 1 s
 eb77aa907276 Downloading [===>                                               ]  72.35MB/907.7MB
 e0d55fdb4d15 Downloading [================================>                  ]  70.25MB/109MB
 4831516dd0cb Extracting 1 s
 f9dd052e142d Extracting 1 s
 20043066d3d5 Extracting 1 s
 b0a0cf830b12 Extracting 1 s
 eb77aa907276 Downloading [====>                                              ]  82.84MB/907.7MB
 e0d55fdb4d15 Downloading [======================================>            ]  82.83MB/109MB
 4831516dd0cb Extracting 1 s
 f9dd052e142d Extracting 1 s
 20043066d3d5 Extracting 1 s
 b0a0cf830b12 Extracting 1 s
 eb77aa907276 Downloading [=====>                                             ]  94.23MB/907.7MB
 e0d55fdb4d15 Downloading [==========================================>        ]  92.83MB/109MB
 4831516dd0cb Extracting 1 s
 f9dd052e142d Extracting 1 s
 20043066d3d5 Extracting 1 s
 b0a0cf830b12 Extracting 1 s
 e0d55fdb4d15 Downloading [================================================>  ]  104.9MB/109MB
 eb77aa907276 Downloading [=====>                                             ]  103.8MB/907.7MB
 f9dd052e142d Extracting 1 s
 4831516dd0cb Extracting 1 s
 20043066d3d5 Extracting 1 s
 b0a0cf830b12 Extracting 1 s
 eb77aa907276 Downloading [======>                                            ]  115.3MB/907.7MB
 e0d55fdb4d15 Download complete 
 f9dd052e142d Extracting 1 s
 4831516dd0cb Extracting 1 s
 20043066d3d5 Extracting 1 s
 b0a0cf830b12 Extracting 1 s
 eb77aa907276 Downloading [=======>                                           ]    129MB/907.7MB
 f9dd052e142d Extracting 1 s
 4831516dd0cb Extracting 1 s
 20043066d3d5 Extracting 1 s
 b0a0cf830b12 Extracting 1 s
 eb77aa907276 Downloading [=======>                                           ]  144.7MB/907.7MB
 f9dd052e142d Extracting 1 s
 4831516dd0cb Extracting 1 s
 20043066d3d5 Extracting 1 s
 b0a0cf830b12 Extracting 1 s
 eb77aa907276 Downloading [========>                                          ]  158.3MB/907.7MB
 f9dd052e142d Extracting 1 s
 20043066d3d5 Extracting 2 s
 4831516dd0cb Extracting 2 s
 b0a0cf830b12 Extracting 2 s
 eb77aa907276 Downloading [=========>                                         ]    173MB/907.7MB
 f9dd052e142d Extracting 1 s
 4831516dd0cb Extracting 2 s
 20043066d3d5 Extracting 2 s
 b0a0cf830b12 Extracting 2 s
 eb77aa907276 Downloading [==========>                                        ]  185.6MB/907.7MB
 f9dd052e142d Extracting 2 s
 4831516dd0cb Extracting 2 s
 20043066d3d5 Extracting 2 s
 b0a0cf830b12 Extracting 2 s
 eb77aa907276 Downloading [==========>                                        ]  192.9MB/907.7MB
 f9dd052e142d Extracting 2 s
 4831516dd0cb Extracting 2 s
 20043066d3d5 Extracting 2 s
 b0a0cf830b12 Extracting 2 s
 eb77aa907276 Downloading [===========>                                       ]  203.4MB/907.7MB
 f9dd052e142d Extracting 2 s
 20043066d3d5 Extracting 2 s
 4831516dd0cb Extracting 2 s
 b0a0cf830b12 Extracting 2 s
 eb77aa907276 Downloading [===========>                                       ]    215MB/907.7MB
 f9dd052e142d Extracting 2 s
 4831516dd0cb Extracting 2 s
 20043066d3d5 Extracting 2 s
 b0a0cf830b12 Extracting 2 s
 eb77aa907276 Downloading [============>                                      ]  227.5MB/907.7MB
 f9dd052e142d Extracting 2 s
 4831516dd0cb Extracting 2 s
 20043066d3d5 Extracting 2 s
 b0a0cf830b12 Extracting 2 s
 eb77aa907276 Downloading [=============>                                     ]  240.5MB/907.7MB
 f9dd052e142d Extracting 2 s
 20043066d3d5 Extracting 2 s
 4831516dd0cb Extracting 2 s
 b0a0cf830b12 Extracting 2 s
 eb77aa907276 Downloading [=============>                                     ]  249.6MB/907.7MB
 20043066d3d5 Extracting 2 s
 f9dd052e142d Extracting 2 s
 4831516dd0cb Extracting 2 s
 b0a0cf830b12 Extracting 2 s
 eb77aa907276 Downloading [==============>                                    ]  261.1MB/907.7MB
 f9dd052e142d Extracting 2 s
 20043066d3d5 Extracting 2 s
 4831516dd0cb Extracting 2 s
 b0a0cf830b12 Extracting 2 s
 eb77aa907276 Downloading [==============>                                    ]  269.5MB/907.7MB
 f9dd052e142d Extracting 2 s
 4831516dd0cb Extracting 3 s
 20043066d3d5 Extracting 3 s
 b0a0cf830b12 Extracting 3 s
 eb77aa907276 Downloading [===============>                                   ]  275.8MB/907.7MB
 f9dd052e142d Extracting 2 s
 20043066d3d5 Pull complete 
 4831516dd0cb Extracting 3 s
 b0a0cf830b12 Extracting 3 s
 eb77aa907276 Downloading [===============>                                   ]  288.8MB/907.7MB
 47a60771af96 Extracting 1 s
 dda3d8fbd5ed Pull complete 
 4831516dd0cb Pull complete 
 3fadc669ef11 Extracting 1 s
 f9dd052e142d Extracting 3 s
 283a477db7bb Extracting 1 s
 b0a0cf830b12 Pull complete 
 eb77aa907276 Downloading [================>                                  ]  300.9MB/907.7MB
 47a60771af96 Pull complete 
 7b28be0c8c4d Pull complete 
 f9dd052e142d Extracting 3 s
 283a477db7bb Extracting 1 s
 3fadc669ef11 Extracting 1 s
 eb77aa907276 Downloading [=================>                                 ]  311.4MB/907.7MB
 f9dd052e142d Extracting 3 s
 edcaff0d5e7e Pull complete 
 22dca8215bc4 Extracting 1 s
 3fadc669ef11 Extracting 1 s
 283a477db7bb Extracting 1 s
 eb77aa907276 Downloading [=================>                                 ]  326.1MB/907.7MB
 22dca8215bc4 Extracting 1 s
 91d2729fa4d5 Extracting 1 s
 f9dd052e142d Extracting 3 s
 3fadc669ef11 Extracting 1 s
 283a477db7bb Pull complete 
 eb77aa907276 Downloading [==================>                                ]  340.8MB/907.7MB
 22dca8215bc4 Extracting 1 s
 f9dd052e142d Extracting 3 s
 91d2729fa4d5 Pull complete 
 3fadc669ef11 Extracting 1 s
 9739ced65621 Extracting 1 s
 eb77aa907276 Downloading [===================>                               ]  354.4MB/907.7MB
 22dca8215bc4 Extracting 1 s
 f9dd052e142d Extracting 3 s
 3fadc669ef11 Extracting 1 s
 9739ced65621 Extracting 1 s
 eb77aa907276 Downloading [====================>                              ]    367MB/907.7MB
 22dca8215bc4 Extracting 1 s
 f9dd052e142d Extracting 3 s
 3fadc669ef11 Extracting 1 s
 9739ced65621 Extracting 1 s
 eb77aa907276 Downloading [====================>                              ]  374.3MB/907.7MB
 bbf018d6d4b8 Pull complete 
 22dca8215bc4 Pull complete 
 3fadc669ef11 Extracting 1 s
 f9dd052e142d Extracting 3 s
 9739ced65621 Extracting 1 s
 4f4fb700ef54 Pull complete 
 c5761dea9b0e Pull complete 
 redis Pulled 
 eb77aa907276 Downloading [====================>                              ]  380.6MB/907.7MB
 f9dd052e142d Extracting 3 s
 9739ced65621 Extracting 1 s
 3fadc669ef11 Extracting 1 s
 eb77aa907276 Downloading [=====================>                             ]  386.9MB/907.7MB
 f9dd052e142d Extracting 3 s
 ae3bb1b347a4 Extracting 1 s
 9739ced65621 Pull complete 
 3fadc669ef11 Extracting 1 s
 eb77aa907276 Downloading [======================>                            ]  401.6MB/907.7MB
 f9dd052e142d Extracting 3 s
 f8406d9c00ea Pull complete 
 c199bff16b05 Pull complete 
 3fadc669ef11 Extracting 1 s
 ae3bb1b347a4 Pull complete 
 e0d55fdb4d15 Extracting 1 s
 eb77aa907276 Downloading [======================>                            ]  406.8MB/907.7MB
 e0d55fdb4d15 Extracting 1 s
 f9dd052e142d Extracting 4 s
 3fadc669ef11 Extracting 2 s
 eb77aa907276 Downloading [======================>                            ]  416.3MB/907.7MB
 f9dd052e142d Extracting 4 s
 e0d55fdb4d15 Extracting 1 s
 7084ac8f4ab6 Extracting 1 s
 3fadc669ef11 Pull complete 
 eb77aa907276 Downloading [=======================>                           ]  428.9MB/907.7MB
 7084ac8f4ab6 Extracting 1 s
 e0d55fdb4d15 Extracting 1 s
 f9dd052e142d Extracting 4 s
 eb77aa907276 Downloading [========================>                          ]  439.4MB/907.7MB
 e0d55fdb4d15 Extracting 1 s
 f9dd052e142d Extracting 4 s
 7084ac8f4ab6 Extracting 1 s
 eb77aa907276 Downloading [========================>                          ]  451.9MB/907.7MB
 beb0d870d438 Pull complete 
 e0d55fdb4d15 Extracting 1 s
 7084ac8f4ab6 Pull complete 
 f9dd052e142d Extracting 4 s
 d63c4408fdb7 Extracting 1 s
 eb77aa907276 Downloading [=========================>                         ]  458.2MB/907.7MB
 d63c4408fdb7 Extracting 1 s
 f9dd052e142d Extracting 4 s
 e0d55fdb4d15 Extracting 1 s
 eb77aa907276 Downloading [=========================>                         ]  467.7MB/907.7MB
 e0d55fdb4d15 Extracting 1 s
 f9dd052e142d Extracting 4 s
 d63c4408fdb7 Extracting 1 s
 eb77aa907276 Downloading [==========================>                        ]  480.2MB/907.7MB
 d63c4408fdb7 Extracting 1 s
 f9dd052e142d Pull complete 
 e0d55fdb4d15 Extracting 1 s
 eb77aa907276 Downloading [===========================>                       ]  496.5MB/907.7MB
 e8c6d4883897 Extracting 1 s
 e0d55fdb4d15 Extracting 1 s
 d63c4408fdb7 Extracting 1 s
 eb77aa907276 Downloading [===========================>                       ]  501.2MB/907.7MB
 e0d55fdb4d15 Extracting 2 s
 e8c6d4883897 Extracting 1 s
 d63c4408fdb7 Extracting 1 s
 eb77aa907276 Downloading [============================>                      ]  513.8MB/907.7MB
 648eb81b3252 Pull complete 
 e8c6d4883897 Pull complete 
 e0d55fdb4d15 Extracting 2 s
 d63c4408fdb7 Extracting 1 s
 eb77aa907276 Downloading [============================>                      ]  523.2MB/907.7MB
 d63c4408fdb7 Extracting 1 s
 e0d55fdb4d15 Extracting 2 s
 eb77aa907276 Downloading [=============================>                     ]    539MB/907.7MB
 e0d55fdb4d15 Extracting 2 s
 d63c4408fdb7 Extracting 1 s
 eb77aa907276 Downloading [==============================>                    ]  550.8MB/907.7MB
 efa05c660812 Pull complete 
 14e6209d5fa8 Pull complete 
 f4e7f62f4b80 Pull complete 
 e0d55fdb4d15 Extracting 2 s
 5e1c03b67a78 Pull complete 
 d686b50ce172 Extracting 1 s
 d63c4408fdb7 Pull complete 
 d686b50ce172 Extracting 1 s
 eb77aa907276 Downloading [===============================>                   ]  565.2MB/907.7MB
 e0d55fdb4d15 Extracting 2 s
 eb77aa907276 Downloading [===============================>                   ]  575.7MB/907.7MB
 d686b50ce172 Extracting 1 s
 e0d55fdb4d15 Extracting 2 s
 eb77aa907276 Downloading [================================>                  ]  588.3MB/907.7MB
 d686b50ce172 Extracting 1 s
 e0d55fdb4d15 Extracting 2 s
 eb77aa907276 Downloading [=================================>                 ]  601.9MB/907.7MB
 d686b50ce172 Extracting 1 s
 e0d55fdb4d15 Extracting 2 s
 eb77aa907276 Downloading [=================================>                 ]  611.3MB/907.7MB
 d686b50ce172 Extracting 1 s
 e0d55fdb4d15 Extracting 2 s
 d686b50ce172 Pull complete 
 rabbitmq Pulled 
 eb77aa907276 Downloading [==================================>                ]  618.7MB/907.7MB
 e0d55fdb4d15 Extracting 2 s
 eb77aa907276 Downloading [===================================>               ]  637.5MB/907.7MB
 e0d55fdb4d15 Extracting 3 s
 eb77aa907276 Downloading [===================================>               ]  651.2MB/907.7MB
 e0d55fdb4d15 Extracting 3 s
 eb77aa907276 Downloading [====================================>              ]  667.9MB/907.7MB
 e0d55fdb4d15 Extracting 3 s
 eb77aa907276 Downloading [=====================================>             ]  683.7MB/907.7MB
 e0d55fdb4d15 Extracting 3 s
 eb77aa907276 Downloading [======================================>            ]  698.4MB/907.7MB
 e0d55fdb4d15 Extracting 3 s
 eb77aa907276 Downloading [=======================================>           ]  710.9MB/907.7MB
 e0d55fdb4d15 Extracting 3 s
 eb77aa907276 Downloading [=======================================>           ]  719.3MB/907.7MB
 e0d55fdb4d15 Extracting 3 s
 eb77aa907276 Downloading [========================================>          ]  728.8MB/907.7MB
 e0d55fdb4d15 Extracting 3 s
 eb77aa907276 Downloading [========================================>          ]  741.3MB/907.7MB
 e0d55fdb4d15 Extracting 3 s
 eb77aa907276 Downloading [=========================================>         ]  749.7MB/907.7MB
 e0d55fdb4d15 Extracting 3 s
 cb628c265f09 Pull complete 
 050d9f8c3b1c Pull complete 
 710e142705f8 Pull complete 
 873532e5f8c7 Pull complete 
 c1cb13b19080 Pull complete 
 e0d55fdb4d15 Pull complete 
 eb77aa907276 Downloading [==========================================>        ]  764.4MB/907.7MB
 postgresql Pulled 
 eb77aa907276 Downloading [==========================================>        ]  775.9MB/907.7MB
 eb77aa907276 Downloading [===========================================>       ]  789.6MB/907.7MB
 eb77aa907276 Downloading [============================================>      ]  802.2MB/907.7MB
 eb77aa907276 Downloading [============================================>      ]  813.7MB/907.7MB
 eb77aa907276 Downloading [=============================================>     ]  825.2MB/907.7MB
 eb77aa907276 Downloading [==============================================>    ]  835.7MB/907.7MB
 eb77aa907276 Downloading [==============================================>    ]    842MB/907.7MB
 eb77aa907276 Downloading [==============================================>    ]  845.2MB/907.7MB
 eb77aa907276 Downloading [==============================================>    ]  848.3MB/907.7MB
 eb77aa907276 Downloading [==============================================>    ]  852.5MB/907.7MB
 eb77aa907276 Downloading [===============================================>   ]    864MB/907.7MB
 eb77aa907276 Downloading [===============================================>   ]  868.2MB/907.7MB
 eb77aa907276 Downloading [================================================>  ]  874.5MB/907.7MB
 eb77aa907276 Downloading [================================================>  ]  888.1MB/907.7MB
 eb77aa907276 Downloading [=================================================> ]  899.7MB/907.7MB
 eb77aa907276 Downloading [=================================================> ]  903.9MB/907.7MB
 eb77aa907276 Downloading [==================================================>]  907.7MB/907.7MB
 eb77aa907276 Downloading [==================================================>]  907.7MB/907.7MB
 eb77aa907276 Downloading [==================================================>]  907.7MB/907.7MB
 eb77aa907276 Downloading [==================================================>]  907.7MB/907.7MB
 eb77aa907276 Downloading [==================================================>]  907.7MB/907.7MB
 eb77aa907276 Downloading [==================================================>]  907.7MB/907.7MB
 eb77aa907276 Downloading [==================================================>]  907.7MB/907.7MB
 eb77aa907276 Downloading [==================================================>]  907.7MB/907.7MB
 eb77aa907276 Downloading [==================================================>]  907.7MB/907.7MB
 eb77aa907276 Downloading [==================================================>]  907.7MB/907.7MB
 eb77aa907276 Downloading [==================================================>]  907.7MB/907.7MB
 eb77aa907276 Downloading [==================================================>]  907.7MB/907.7MB
 eb77aa907276 Downloading [==================================================>]  907.7MB/907.7MB
 eb77aa907276 Downloading [==================================================>]  907.7MB/907.7MB
 eb77aa907276 Downloading [==================================================>]  907.7MB/907.7MB
 eb77aa907276 Downloading [==================================================>]  907.7MB/907.7MB
 eb77aa907276 Downloading [==================================================>]  907.7MB/907.7MB
 eb77aa907276 Downloading [==================================================>]  907.7MB/907.7MB
 eb77aa907276 Download complete 
 eb77aa907276 Extracting 1 s
 eb77aa907276 Extracting 1 s
 eb77aa907276 Extracting 1 s
 eb77aa907276 Extracting 1 s
 eb77aa907276 Extracting 1 s
 eb77aa907276 Extracting 1 s
 eb77aa907276 Extracting 1 s
 eb77aa907276 Extracting 1 s
 eb77aa907276 Extracting 1 s
 eb77aa907276 Extracting 1 s
 eb77aa907276 Extracting 1 s
 eb77aa907276 Extracting 2 s
 eb77aa907276 Extracting 2 s
 eb77aa907276 Extracting 2 s
 eb77aa907276 Extracting 2 s
 eb77aa907276 Extracting 2 s
 eb77aa907276 Extracting 2 s
 eb77aa907276 Extracting 2 s
 eb77aa907276 Extracting 2 s
 eb77aa907276 Extracting 2 s
 eb77aa907276 Extracting 3 s
 eb77aa907276 Extracting 3 s
 eb77aa907276 Extracting 3 s
 eb77aa907276 Extracting 3 s
 eb77aa907276 Extracting 3 s
 eb77aa907276 Extracting 3 s
 eb77aa907276 Extracting 3 s
 eb77aa907276 Extracting 3 s
 eb77aa907276 Extracting 3 s
 eb77aa907276 Extracting 3 s
 eb77aa907276 Extracting 3 s
 eb77aa907276 Extracting 4 s
 eb77aa907276 Extracting 4 s
 eb77aa907276 Extracting 4 s
 eb77aa907276 Extracting 4 s
 eb77aa907276 Extracting 4 s
 eb77aa907276 Extracting 4 s
 eb77aa907276 Extracting 4 s
 eb77aa907276 Extracting 4 s
 eb77aa907276 Extracting 4 s
 eb77aa907276 Extracting 4 s
 eb77aa907276 Extracting 5 s
 eb77aa907276 Extracting 5 s
 eb77aa907276 Extracting 5 s
 eb77aa907276 Extracting 5 s
 eb77aa907276 Extracting 5 s
 eb77aa907276 Extracting 5 s
 4f4fb700ef54 Pull complete 
 0ffa8f8aba1e Pull complete 
 2e81b9cb93cd Pull complete 
 eb77aa907276 Pull complete 
 opensearch Pulled 
 Network docker_services_cli_default  Creating
 Network docker_services_cli_default  Created
 Container docker_services_cli-redis-1  Creating
 Container docker_services_cli-opensearch-1  Creating
 Container docker_services_cli-rabbitmq-1  Creating
 Container docker_services_cli-postgresql-1  Creating
 Container docker_services_cli-redis-1  Created
 Container docker_services_cli-rabbitmq-1  Created
 Container docker_services_cli-opensearch-1  Created
 Container docker_services_cli-postgresql-1  Created
 Container docker_services_cli-redis-1  Starting
 Container docker_services_cli-postgresql-1  Starting
 Container docker_services_cli-opensearch-1  Starting
 Container docker_services_cli-rabbitmq-1  Starting
 Container docker_services_cli-postgresql-1  Started
 Container docker_services_cli-opensearch-1  Started
 Container docker_services_cli-rabbitmq-1  Started
 Container docker_services_cli-redis-1  Started
::warning file=/home/runner/work/test-zip-extract-repository/test-zip-extract-repository/workdir/tests/invenio-collections/original/.venv/lib/python3.14/site-packages/edtf/parser/grammar.py,line=9::'enablePackrat' deprecated - use 'enable_packrat'
::warning file=/home/runner/work/test-zip-extract-repository/test-zip-extract-repository/workdir/tests/invenio-collections/original/.venv/lib/python3.14/site-packages/edtf/parser/grammar.py,line=52::'oneOf' deprecated - use 'one_of'
::warning file=/home/runner/work/test-zip-extract-repository/test-zip-extract-repository/workdir/tests/invenio-collections/original/.venv/lib/python3.14/site-packages/edtf/parser/grammar.py,line=53::'oneOf' deprecated - use 'one_of'
::warning file=/home/runner/work/test-zip-extract-repository/test-zip-extract-repository/workdir/tests/invenio-collections/original/.venv/lib/python3.14/site-packages/edtf/parser/grammar.py,line=54::'oneOf' deprecated - use 'one_of'
::warning file=/home/runner/work/test-zip-extract-repository/test-zip-extract-repository/workdir/tests/invenio-collections/original/.venv/lib/python3.14/site-packages/edtf/parser/grammar.py,line=55::'oneOf' deprecated - use 'one_of'
::warning file=/home/runner/work/test-zip-extract-repository/test-zip-extract-repository/workdir/tests/invenio-collections/original/.venv/lib/python3.14/site-packages/edtf/parser/grammar.py,line=56::'oneOf' deprecated - use 'one_of'
::warning file=/home/runner/work/test-zip-extract-repository/test-zip-extract-repository/workdir/tests/invenio-collections/original/.venv/lib/python3.14/site-packages/edtf/parser/grammar.py,line=57::'oneOf' deprecated - use 'one_of'
::warning file=/home/runner/work/test-zip-extract-repository/test-zip-extract-repository/workdir/tests/invenio-collections/original/.venv/lib/python3.14/site-packages/edtf/parser/grammar.py,line=58::'oneOf' deprecated - use 'one_of'
::warning file=/home/runner/work/test-zip-extract-repository/test-zip-extract-repository/workdir/tests/invenio-collections/original/.venv/lib/python3.14/site-packages/edtf/parser/grammar.py,line=59::'oneOf' deprecated - use 'one_of'
::warning file=/home/runner/work/test-zip-extract-repository/test-zip-extract-repository/workdir/tests/invenio-collections/original/.venv/lib/python3.14/site-packages/edtf/parser/grammar.py,line=60::'oneOf' deprecated - use 'one_of'
::warning file=/home/runner/work/test-zip-extract-repository/test-zip-extract-repository/workdir/tests/invenio-collections/original/.venv/lib/python3.14/site-packages/edtf/parser/grammar.py,line=63::'excludeChars' argument is deprecated, use 'exclude_chars'
::warning file=/home/runner/work/test-zip-extract-repository/test-zip-extract-repository/workdir/tests/invenio-collections/original/.venv/lib/python3.14/site-packages/edtf/parser/grammar.py,line=73::'oneOf' deprecated - use 'one_of'
::warning file=/home/runner/work/test-zip-extract-repository/test-zip-extract-repository/workdir/tests/invenio-collections/original/.venv/lib/python3.14/site-packages/edtf/parser/grammar.py,line=74::'oneOf' deprecated - use 'one_of'
::warning file=/home/runner/work/test-zip-extract-repository/test-zip-extract-repository/workdir/tests/invenio-collections/original/.venv/lib/python3.14/site-packages/edtf/parser/parser_classes.py,line=103::'addParseAction' deprecated - use 'add_parse_action'
::warning file=/home/runner/work/test-zip-extract-repository/test-zip-extract-repository/workdir/tests/invenio-collections/original/.venv/lib/python3.14/site-packages/edtf/parser/parser_classes.py,line=103::'addParseAction' deprecated - use 'add_parse_action'
::warning file=/home/runner/work/test-zip-extract-repository/test-zip-extract-repository/workdir/tests/invenio-collections/original/.venv/lib/python3.14/site-packages/edtf/parser/parser_classes.py,line=103::'addParseAction' deprecated - use 'add_parse_action'
::warning file=/home/runner/work/test-zip-extract-repository/test-zip-extract-repository/workdir/tests/invenio-collections/original/.venv/lib/python3.14/site-packages/edtf/parser/grammar.py,line=119::'oneOf' deprecated - use 'one_of'
::warning file=/home/runner/work/test-zip-extract-repository/test-zip-extract-repository/workdir/tests/invenio-collections/original/.venv/lib/python3.14/site-packages/edtf/parser/parser_classes.py,line=103::'addParseAction' deprecated - use 'add_parse_action'
::warning file=/home/runner/work/test-zip-extract-repository/test-zip-extract-repository/workdir/tests/invenio-collections/original/.venv/lib/python3.14/site-packages/edtf/parser/grammar.py,line=122::'oneOf' deprecated - use 'one_of'
::warning file=/home/runner/work/test-zip-extract-repository/test-zip-extract-repository/workdir/tests/invenio-collections/original/.venv/lib/python3.14/site-packages/edtf/parser/parser_classes.py,line=103::'addParseAction' deprecated - use 'add_parse_action'
::warning file=/home/runner/work/test-zip-extract-repository/test-zip-extract-repository/workdir/tests/invenio-collections/original/.venv/lib/python3.14/site-packages/edtf/parser/parser_classes.py,line=103::'addParseAction' deprecated - use 'add_parse_action'
::warning file=/home/runner/work/test-zip-extract-repository/test-zip-extract-repository/workdir/tests/invenio-collections/original/.venv/lib/python3.14/site-packages/edtf/parser/grammar.py,line=155::'addParseAction' deprecated - use 'add_parse_action'
::warning file=/home/runner/work/test-zip-extract-repository/test-zip-extract-repository/workdir/tests/invenio-collections/original/.venv/lib/python3.14/site-packages/edtf/parser/grammar.py,line=157::'addParseAction' deprecated - use 'add_parse_action'
::warning file=/home/runner/work/test-zip-extract-repository/test-zip-extract-repository/workdir/tests/invenio-collections/original/.venv/lib/python3.14/site-packages/edtf/parser/parser_classes.py,line=103::'addParseAction' deprecated - use 'add_parse_action'
::warning file=/home/runner/work/test-zip-extract-repository/test-zip-extract-repository/workdir/tests/invenio-collections/original/.venv/lib/python3.14/site-packages/edtf/parser/parser_classes.py,line=103::'addParseAction' deprecated - use 'add_parse_action'
::warning file=/home/runner/work/test-zip-extract-repository/test-zip-extract-repository/workdir/tests/invenio-collections/original/.venv/lib/python3.14/site-packages/edtf/parser/parser_classes.py,line=103::'addParseAction' deprecated - use 'add_parse_action'
::warning file=/home/runner/work/test-zip-extract-repository/test-zip-extract-repository/workdir/tests/invenio-collections/original/.venv/lib/python3.14/site-packages/edtf/parser/grammar.py,line=199::'oneOf' deprecated - use 'one_of'
::warning file=/home/runner/work/test-zip-extract-repository/test-zip-extract-repository/workdir/tests/invenio-collections/original/.venv/lib/python3.14/site-packages/edtf/parser/parser_classes.py,line=103::'addParseAction' deprecated - use 'add_parse_action'
::warning file=/home/runner/work/test-zip-extract-repository/test-zip-extract-repository/workdir/tests/invenio-collections/original/.venv/lib/python3.14/site-packages/edtf/parser/parser_classes.py,line=103::'addParseAction' deprecated - use 'add_parse_action'
::warning file=/home/runner/work/test-zip-extract-repository/test-zip-extract-repository/workdir/tests/invenio-collections/original/.venv/lib/python3.14/site-packages/edtf/parser/parser_classes.py,line=103::'addParseAction' deprecated - use 'add_parse_action'
::warning file=/home/runner/work/test-zip-extract-repository/test-zip-extract-repository/workdir/tests/invenio-collections/original/.venv/lib/python3.14/site-packages/edtf/parser/parser_classes.py,line=103::'addParseAction' deprecated - use 'add_parse_action'
::warning file=/home/runner/work/test-zip-extract-repository/test-zip-extract-repository/workdir/tests/invenio-collections/original/.venv/lib/python3.14/site-packages/edtf/parser/parser_classes.py,line=103::'addParseAction' deprecated - use 'add_parse_action'
::warning file=/home/runner/work/test-zip-extract-repository/test-zip-extract-repository/workdir/tests/invenio-collections/original/.venv/lib/python3.14/site-packages/edtf/parser/grammar.py,line=303::'addParseAction' deprecated - use 'add_parse_action'
::warning file=/home/runner/work/test-zip-extract-repository/test-zip-extract-repository/workdir/tests/invenio-collections/original/.venv/lib/python3.14/site-packages/edtf/parser/grammar.py,line=303::'addParseAction' deprecated - use 'add_parse_action'
::warning file=/home/runner/work/test-zip-extract-repository/test-zip-extract-repository/workdir/tests/invenio-collections/original/.venv/lib/python3.14/site-packages/edtf/parser/grammar.py,line=304::'addParseAction' deprecated - use 'add_parse_action'
::warning file=/home/runner/work/test-zip-extract-repository/test-zip-extract-repository/workdir/tests/invenio-collections/original/.venv/lib/python3.14/site-packages/edtf/parser/grammar.py,line=304::'addParseAction' deprecated - use 'add_parse_action'
::warning file=/home/runner/work/test-zip-extract-repository/test-zip-extract-repository/workdir/tests/invenio-collections/original/.venv/lib/python3.14/site-packages/edtf/parser/parser_classes.py,line=103::'addParseAction' deprecated - use 'add_parse_action'
::warning file=/home/runner/work/test-zip-extract-repository/test-zip-extract-repository/workdir/tests/invenio-collections/original/.venv/lib/python3.14/site-packages/edtf/parser/parser_classes.py,line=103::'addParseAction' deprecated - use 'add_parse_action'
::warning file=/home/runner/work/test-zip-extract-repository/test-zip-extract-repository/workdir/tests/invenio-collections/original/.venv/lib/python3.14/site-packages/edtf/parser/parser_classes.py,line=103::'addParseAction' deprecated - use 'add_parse_action'
::warning file=/home/runner/work/test-zip-extract-repository/test-zip-extract-repository/workdir/tests/invenio-collections/original/.venv/lib/python3.14/site-packages/edtf/parser/parser_classes.py,line=103::'addParseAction' deprecated - use 'add_parse_action'
::warning file=/home/runner/work/test-zip-extract-repository/test-zip-extract-repository/workdir/tests/invenio-collections/original/.venv/lib/python3.14/site-packages/edtf/parser/grammar.py,line=325::'oneOf' deprecated - use 'one_of'
::warning file=/home/runner/work/test-zip-extract-repository/test-zip-extract-repository/workdir/tests/invenio-collections/original/.venv/lib/python3.14/site-packages/edtf/parser/parser_classes.py,line=103::'addParseAction' deprecated - use 'add_parse_action'
::warning file=/home/runner/work/test-zip-extract-repository/test-zip-extract-repository/workdir/tests/invenio-collections/original/.venv/lib/python3.14/site-packages/invenio_communities/communities/resources/ui_schema.py,line=17::Implicit imports (e.g., 'import idutils; idutils.function;') might be removed in the next major version. Please use explicit imports (e.g., 'from idutils import function;') instead.
::warning file=/home/runner/work/test-zip-extract-repository/test-zip-extract-repository/workdir/tests/invenio-collections/original/.venv/lib/python3.14/site-packages/invenio_rdm_records/services/facets.py,line=75::subject_nested is deprecated. Use subject_combined instead.
::warning file=/home/runner/work/test-zip-extract-repository/test-zip-extract-repository/workdir/tests/invenio-collections/original/.venv/lib/python3.14/site-packages/webargs/compat.py,line=8::The '__version__' attribute is deprecated and will be removed in in a future version. Use feature detection or 'importlib.metadata.version("marshmallow")' instead.
::warning file=/home/runner/work/test-zip-extract-repository/test-zip-extract-repository/workdir/tests/invenio-collections/original/.venv/lib/python3.14/site-packages/webargs/compat.py,line=8::distutils Version classes are deprecated. Use packaging.version instead.
::warning file=/home/runner/work/test-zip-extract-repository/test-zip-extract-repository/workdir/tests/invenio-collections/original/.venv/lib/python3.14/site-packages/webargs/__init__.py,line=13::distutils Version classes are deprecated. Use packaging.version instead.
::warning file=/home/runner/work/test-zip-extract-repository/test-zip-extract-repository/workdir/tests/invenio-collections/original/.venv/lib/python3.14/site-packages/datacite/jsonutils.py,line=15::jsonschema.RefResolver is deprecated as of v4.18.0, in favor of the https://github.com/python-jsonschema/referencing library, which provides more compliant referencing behavior as well as more flexible APIs for customization. A future release will remove RefResolver. Please file a feature request (on referencing) if you are missing an API for the kind of customization you need.
::warning file=/home/runner/work/test-zip-extract-repository/test-zip-extract-repository/workdir/tests/invenio-collections/original/.venv/lib/python3.14/site-packages/datacite/jsonutils.py,line=15::jsonschema.RefResolver is deprecated as of v4.18.0, in favor of the https://github.com/python-jsonschema/referencing library, which provides more compliant referencing behavior as well as more flexible APIs for customization. A future release will remove RefResolver. Please file a feature request (on referencing) if you are missing an API for the kind of customization you need.
============================= test session starts ==============================
platform linux -- Python 3.14.2, pytest-8.4.2, pluggy-1.6.0
rootdir: /home/runner/work/test-zip-extract-repository/test-zip-extract-repository/workdir/tests/invenio-collections/original
configfile: pyproject.toml
testpaths: docs, tests, invenio_collections
plugins: invenio-4.0.0, isort-4.0.0, flask-1.3.0, github-actions-annotate-failures-0.3.0, pydocstyle-2.4.0, Faker-40.4.0, cov-7.0.0, black-0.6.0, pycodestyle-2.5.0
collected 15 items

tests/test_api.py ..::warning file=/home/runner/work/test-zip-extract-repository/test-zip-extract-repository/workdir/tests/invenio-collections/original/invenio_collections/models.py,line=151::The Query.get() method is considered legacy as of the 1.x series of SQLAlchemy and becomes a legacy construct in 2.0. The method is now available as Session.get() (deprecated since: 2.0)
..                                                   [ 26%]
tests/test_invenio_collections.py ..                                     [ 40%]
tests/test_service.py .::warning file=/home/runner/work/test-zip-extract-repository/test-zip-extract-repository/workdir/tests/invenio-collections/original/.venv/lib/python3.14/site-packages/invenio_rdm_records/ext.py,line=134::The configuration value 'RDM_FILES_DEFAULT_QUOTA_SIZE' is not set. In future, please set it explicitly to define your quota size, or be aware that the default value used i.e. FILES_REST_DEFAULT_QUOTA_SIZE will be 10 * (10**9) (10 GB).
::warning file=/home/runner/work/test-zip-extract-repository/test-zip-extract-repository/workdir/tests/invenio-collections/original/.venv/lib/python3.14/site-packages/invenio_rdm_records/ext.py,line=140::The configuration value 'RDM_FILES_DEFAULT_MAX_FILE_SIZE' is not set. In future, please set it explicitly to define your max file size, or be aware that the default value used i.e. FILES_REST_DEFAULT_MAX_FILE_SIZE will be 10 * (10**9) (10 GB).
::warning file=/home/runner/work/test-zip-extract-repository/test-zip-extract-repository/workdir/tests/invenio-collections/original/.venv/lib/python3.14/site-packages/invenio_oaiserver/ext.py,line=169::Please specify the OAISERVER_ID_PREFIX configuration.default value is: oai:runnervmjduv7:
::warning file=/home/runner/work/test-zip-extract-repository/test-zip-extract-repository/workdir/tests/invenio-collections/original/.venv/lib/python3.14/site-packages/invenio_rdm_records/ext.py,line=134::The configuration value 'RDM_FILES_DEFAULT_QUOTA_SIZE' is not set. In future, please set it explicitly to define your quota size, or be aware that the default value used i.e. FILES_REST_DEFAULT_QUOTA_SIZE will be 10 * (10**9) (10 GB).
::warning file=/home/runner/work/test-zip-extract-repository/test-zip-extract-repository/workdir/tests/invenio-collections/original/.venv/lib/python3.14/site-packages/invenio_rdm_records/ext.py,line=140::The configuration value 'RDM_FILES_DEFAULT_MAX_FILE_SIZE' is not set. In future, please set it explicitly to define your max file size, or be aware that the default value used i.e. FILES_REST_DEFAULT_MAX_FILE_SIZE will be 10 * (10**9) (10 GB).
::warning file=/home/runner/work/test-zip-extract-repository/test-zip-extract-repository/workdir/tests/invenio-collections/original/.venv/lib/python3.14/site-packages/invenio_rest/ext.py,line=29::CSRF validation will be enabled by default in the version 1.3.x
::warning file=/home/runner/work/test-zip-extract-repository/test-zip-extract-repository/workdir/tests/invenio-collections/original/.venv/lib/python3.14/site-packages/invenio_oaiserver/ext.py,line=169::Please specify the OAISERVER_ID_PREFIX configuration.default value is: oai:runnervmjduv7:
::warning file=/home/runner/work/test-zip-extract-repository/test-zip-extract-repository/workdir/tests/invenio-collections/original/invenio_collections/models.py,line=151::The Query.get() method is considered legacy as of the 1.x series of SQLAlchemy and becomes a legacy construct in 2.0. The method is now available as Session.get() (deprecated since: 2.0)
.::warning file=/home/runner/work/test-zip-extract-repository/test-zip-extract-repository/workdir/tests/invenio-collections/original/invenio_collections/models.py,line=151::The Query.get() method is considered legacy as of the 1.x series of SQLAlchemy and becomes a legacy construct in 2.0. The method is now available as Session.get() (deprecated since: 2.0)
.::warning file=/home/runner/work/test-zip-extract-repository/test-zip-extract-repository/workdir/tests/invenio-collections/original/invenio_collections/models.py,line=151::The Query.get() method is considered legacy as of the 1.x series of SQLAlchemy and becomes a legacy construct in 2.0. The method is now available as Session.get() (deprecated since: 2.0)
::warning file=/home/runner/work/test-zip-extract-repository/test-zip-extract-repository/workdir/tests/invenio-collections/original/invenio_collections/models.py,line=151::The Query.get() method is considered legacy as of the 1.x series of SQLAlchemy and becomes a legacy construct in 2.0. The method is now available as Session.get() (deprecated since: 2.0)
.::warning file=/home/runner/work/test-zip-extract-repository/test-zip-extract-repository/workdir/tests/invenio-collections/original/invenio_collections/models.py,line=151::The Query.get() method is considered legacy as of the 1.x series of SQLAlchemy and becomes a legacy construct in 2.0. The method is now available as Session.get() (deprecated since: 2.0)
::warning file=/home/runner/work/test-zip-extract-repository/test-zip-extract-repository/workdir/tests/invenio-collections/original/invenio_collections/models.py,line=151::The Query.get() method is considered legacy as of the 1.x series of SQLAlchemy and becomes a legacy construct in 2.0. The method is now available as Session.get() (deprecated since: 2.0)
.::warning file=/home/runner/work/test-zip-extract-repository/test-zip-extract-repository/workdir/tests/invenio-collections/original/invenio_collections/models.py,line=151::The Query.get() method is considered legacy as of the 1.x series of SQLAlchemy and becomes a legacy construct in 2.0. The method is now available as Session.get() (deprecated since: 2.0)
::warning file=/home/runner/work/test-zip-extract-repository/test-zip-extract-repository/workdir/tests/invenio-collections/original/invenio_collections/models.py,line=151::The Query.get() method is considered legacy as of the 1.x series of SQLAlchemy and becomes a legacy construct in 2.0. The method is now available as Session.get() (deprecated since: 2.0)
::warning file=/home/runner/work/test-zip-extract-repository/test-zip-extract-repository/workdir/tests/invenio-collections/original/invenio_collections/models.py,line=151::The Query.get() method is considered legacy as of the 1.x series of SQLAlchemy and becomes a legacy construct in 2.0. The method is now available as Session.get() (deprecated since: 2.0)
...                                           [ 93%]
tests/test_tasks.py .::warning file=/home/runner/work/test-zip-extract-repository/test-zip-extract-repository/workdir/tests/invenio-collections/original/.venv/lib/python3.14/site-packages/invenio_rdm_records/ext.py,line=134::The configuration value 'RDM_FILES_DEFAULT_QUOTA_SIZE' is not set. In future, please set it explicitly to define your quota size, or be aware that the default value used i.e. FILES_REST_DEFAULT_QUOTA_SIZE will be 10 * (10**9) (10 GB).
::warning file=/home/runner/work/test-zip-extract-repository/test-zip-extract-repository/workdir/tests/invenio-collections/original/.venv/lib/python3.14/site-packages/invenio_rdm_records/ext.py,line=140::The configuration value 'RDM_FILES_DEFAULT_MAX_FILE_SIZE' is not set. In future, please set it explicitly to define your max file size, or be aware that the default value used i.e. FILES_REST_DEFAULT_MAX_FILE_SIZE will be 10 * (10**9) (10 GB).
::warning file=/home/runner/work/test-zip-extract-repository/test-zip-extract-repository/workdir/tests/invenio-collections/original/.venv/lib/python3.14/site-packages/invenio_oaiserver/ext.py,line=169::Please specify the OAISERVER_ID_PREFIX configuration.default value is: oai:runnervmjduv7:
::warning file=/home/runner/work/test-zip-extract-repository/test-zip-extract-repository/workdir/tests/invenio-collections/original/.venv/lib/python3.14/site-packages/invenio_rdm_records/ext.py,line=134::The configuration value 'RDM_FILES_DEFAULT_QUOTA_SIZE' is not set. In future, please set it explicitly to define your quota size, or be aware that the default value used i.e. FILES_REST_DEFAULT_QUOTA_SIZE will be 10 * (10**9) (10 GB).
::warning file=/home/runner/work/test-zip-extract-repository/test-zip-extract-repository/workdir/tests/invenio-collections/original/.venv/lib/python3.14/site-packages/invenio_rdm_records/ext.py,line=140::The configuration value 'RDM_FILES_DEFAULT_MAX_FILE_SIZE' is not set. In future, please set it explicitly to define your max file size, or be aware that the default value used i.e. FILES_REST_DEFAULT_MAX_FILE_SIZE will be 10 * (10**9) (10 GB).
::warning file=/home/runner/work/test-zip-extract-repository/test-zip-extract-repository/workdir/tests/invenio-collections/original/.venv/lib/python3.14/site-packages/invenio_rest/ext.py,line=29::CSRF validation will be enabled by default in the version 1.3.x
::warning file=/home/runner/work/test-zip-extract-repository/test-zip-extract-repository/workdir/tests/invenio-collections/original/.venv/lib/python3.14/site-packages/invenio_oaiserver/ext.py,line=169::Please specify the OAISERVER_ID_PREFIX configuration.default value is: oai:runnervmjduv7:
::warning file=/home/runner/work/test-zip-extract-repository/test-zip-extract-repository/workdir/tests/invenio-collections/original/invenio_collections/models.py,line=151::The Query.get() method is considered legacy as of the 1.x series of SQLAlchemy and becomes a legacy construct in 2.0. The method is now available as Session.get() (deprecated since: 2.0)
::warning file=/home/runner/work/test-zip-extract-repository/test-zip-extract-repository/workdir/tests/invenio-collections/original/.venv/lib/python3.14/site-packages/invenio_records/api.py,line=334::nested transaction already deassociated from connection
::warning file=/home/runner/work/test-zip-extract-repository/test-zip-extract-repository/workdir/tests/invenio-collections/original/.venv/lib/python3.14/site-packages/invenio_db/uow.py,line=193::nested transaction already deassociated from connection
                                                    [100%]

=============================== warnings summary ===============================
.venv/lib/python3.14/site-packages/edtf/parser/grammar.py:9
  /home/runner/work/test-zip-extract-repository/test-zip-extract-repository/workdir/tests/invenio-collections/original/.venv/lib/python3.14/site-packages/edtf/parser/grammar.py:9: PyparsingDeprecationWarning: 'enablePackrat' deprecated - use 'enable_packrat'
    pyparsing.ParserElement.enablePackrat()

.venv/lib/python3.14/site-packages/edtf/parser/grammar.py:52
  /home/runner/work/test-zip-extract-repository/test-zip-extract-repository/workdir/tests/invenio-collections/original/.venv/lib/python3.14/site-packages/edtf/parser/grammar.py:52: PyparsingDeprecationWarning: 'oneOf' deprecated - use 'one_of'
    oneThru12 = oneOf(["%.2d" % i for i in range(1, 13)])

.venv/lib/python3.14/site-packages/edtf/parser/grammar.py:53
  /home/runner/work/test-zip-extract-repository/test-zip-extract-repository/workdir/tests/invenio-collections/original/.venv/lib/python3.14/site-packages/edtf/parser/grammar.py:53: PyparsingDeprecationWarning: 'oneOf' deprecated - use 'one_of'
    oneThru13 = oneOf(["%.2d" % i for i in range(1, 14)])

.venv/lib/python3.14/site-packages/edtf/parser/grammar.py:54
  /home/runner/work/test-zip-extract-repository/test-zip-extract-repository/workdir/tests/invenio-collections/original/.venv/lib/python3.14/site-packages/edtf/parser/grammar.py:54: PyparsingDeprecationWarning: 'oneOf' deprecated - use 'one_of'
    oneThru23 = oneOf(["%.2d" % i for i in range(1, 24)])

.venv/lib/python3.14/site-packages/edtf/parser/grammar.py:55
  /home/runner/work/test-zip-extract-repository/test-zip-extract-repository/workdir/tests/invenio-collections/original/.venv/lib/python3.14/site-packages/edtf/parser/grammar.py:55: PyparsingDeprecationWarning: 'oneOf' deprecated - use 'one_of'
    zeroThru23 = oneOf(["%.2d" % i for i in range(0, 24)])

.venv/lib/python3.14/site-packages/edtf/parser/grammar.py:56
  /home/runner/work/test-zip-extract-repository/test-zip-extract-repository/workdir/tests/invenio-collections/original/.venv/lib/python3.14/site-packages/edtf/parser/grammar.py:56: PyparsingDeprecationWarning: 'oneOf' deprecated - use 'one_of'
    oneThru29 = oneOf(["%.2d" % i for i in range(1, 30)])

.venv/lib/python3.14/site-packages/edtf/parser/grammar.py:57
  /home/runner/work/test-zip-extract-repository/test-zip-extract-repository/workdir/tests/invenio-collections/original/.venv/lib/python3.14/site-packages/edtf/parser/grammar.py:57: PyparsingDeprecationWarning: 'oneOf' deprecated - use 'one_of'
    oneThru30 = oneOf(["%.2d" % i for i in range(1, 31)])

.venv/lib/python3.14/site-packages/edtf/parser/grammar.py:58
  /home/runner/work/test-zip-extract-repository/test-zip-extract-repository/workdir/tests/invenio-collections/original/.venv/lib/python3.14/site-packages/edtf/parser/grammar.py:58: PyparsingDeprecationWarning: 'oneOf' deprecated - use 'one_of'
    oneThru31 = oneOf(["%.2d" % i for i in range(1, 32)])

.venv/lib/python3.14/site-packages/edtf/parser/grammar.py:59
  /home/runner/work/test-zip-extract-repository/test-zip-extract-repository/workdir/tests/invenio-collections/original/.venv/lib/python3.14/site-packages/edtf/parser/grammar.py:59: PyparsingDeprecationWarning: 'oneOf' deprecated - use 'one_of'
    oneThru59 = oneOf(["%.2d" % i for i in range(1, 60)])

.venv/lib/python3.14/site-packages/edtf/parser/grammar.py:60
  /home/runner/work/test-zip-extract-repository/test-zip-extract-repository/workdir/tests/invenio-collections/original/.venv/lib/python3.14/site-packages/edtf/parser/grammar.py:60: PyparsingDeprecationWarning: 'oneOf' deprecated - use 'one_of'
    zeroThru59 = oneOf(["%.2d" % i for i in range(0, 60)])

.venv/lib/python3.14/site-packages/edtf/parser/grammar.py:63
  /home/runner/work/test-zip-extract-repository/test-zip-extract-repository/workdir/tests/invenio-collections/original/.venv/lib/python3.14/site-packages/edtf/parser/grammar.py:63: PyparsingDeprecationWarning: 'excludeChars' argument is deprecated, use 'exclude_chars'
    positiveDigit = Word(nums, exact=1, excludeChars="0")

.venv/lib/python3.14/site-packages/edtf/parser/grammar.py:73
  /home/runner/work/test-zip-extract-repository/test-zip-extract-repository/workdir/tests/invenio-collections/original/.venv/lib/python3.14/site-packages/edtf/parser/grammar.py:73: PyparsingDeprecationWarning: 'oneOf' deprecated - use 'one_of'
    (oneOf("01 03 05 07 08 10 12")("month") + "-" + oneThru31("day"))

.venv/lib/python3.14/site-packages/edtf/parser/grammar.py:74
  /home/runner/work/test-zip-extract-repository/test-zip-extract-repository/workdir/tests/invenio-collections/original/.venv/lib/python3.14/site-packages/edtf/parser/grammar.py:74: PyparsingDeprecationWarning: 'oneOf' deprecated - use 'one_of'
    ^ (oneOf("04 06 09 11")("month") + "-" + oneThru30("day"))

.venv/lib/python3.14/site-packages/edtf/parser/parser_classes.py:103: 19 warnings
  /home/runner/work/test-zip-extract-repository/test-zip-extract-repository/workdir/tests/invenio-collections/original/.venv/lib/python3.14/site-packages/edtf/parser/parser_classes.py:103: PyparsingDeprecationWarning: 'addParseAction' deprecated - use 'add_parse_action'
    p.addParseAction(cls.parse_action)

.venv/lib/python3.14/site-packages/edtf/parser/grammar.py:119
  /home/runner/work/test-zip-extract-repository/test-zip-extract-repository/workdir/tests/invenio-collections/original/.venv/lib/python3.14/site-packages/edtf/parser/grammar.py:119: PyparsingDeprecationWarning: 'oneOf' deprecated - use 'one_of'
    UASymbol = Combine(oneOf("? ~ %"))

.venv/lib/python3.14/site-packages/edtf/parser/grammar.py:122
  /home/runner/work/test-zip-extract-repository/test-zip-extract-repository/workdir/tests/invenio-collections/original/.venv/lib/python3.14/site-packages/edtf/parser/grammar.py:122: PyparsingDeprecationWarning: 'oneOf' deprecated - use 'one_of'
    seasonNumber = oneOf("21 22 23 24")

.venv/lib/python3.14/site-packages/edtf/parser/grammar.py:155
  /home/runner/work/test-zip-extract-repository/test-zip-extract-repository/workdir/tests/invenio-collections/original/.venv/lib/python3.14/site-packages/edtf/parser/grammar.py:155: PyparsingDeprecationWarning: 'addParseAction' deprecated - use 'add_parse_action'
    l1Start.addParseAction(f)

.venv/lib/python3.14/site-packages/edtf/parser/grammar.py:157
  /home/runner/work/test-zip-extract-repository/test-zip-extract-repository/workdir/tests/invenio-collections/original/.venv/lib/python3.14/site-packages/edtf/parser/grammar.py:157: PyparsingDeprecationWarning: 'addParseAction' deprecated - use 'add_parse_action'
    l1End.addParseAction(f)

.venv/lib/python3.14/site-packages/edtf/parser/grammar.py:199
  /home/runner/work/test-zip-extract-repository/test-zip-extract-repository/workdir/tests/invenio-collections/original/.venv/lib/python3.14/site-packages/edtf/parser/grammar.py:199: PyparsingDeprecationWarning: 'oneOf' deprecated - use 'one_of'
    monthWithX = Combine(oneOf("0X 1X") ^ ("X" + digitOrX))("month")

.venv/lib/python3.14/site-packages/edtf/parser/grammar.py:303
.venv/lib/python3.14/site-packages/edtf/parser/grammar.py:303
  /home/runner/work/test-zip-extract-repository/test-zip-extract-repository/workdir/tests/invenio-collections/original/.venv/lib/python3.14/site-packages/edtf/parser/grammar.py:303: PyparsingDeprecationWarning: 'addParseAction' deprecated - use 'add_parse_action'
    earlier = L("..").addParseAction(f)("lower") + date("upper").addParseAction(f)

.venv/lib/python3.14/site-packages/edtf/parser/grammar.py:304
.venv/lib/python3.14/site-packages/edtf/parser/grammar.py:304
  /home/runner/work/test-zip-extract-repository/test-zip-extract-repository/workdir/tests/invenio-collections/original/.venv/lib/python3.14/site-packages/edtf/parser/grammar.py:304: PyparsingDeprecationWarning: 'addParseAction' deprecated - use 'add_parse_action'
    later = date("lower").addParseAction(f) + L("..").addParseAction(f)("upper")

.venv/lib/python3.14/site-packages/edtf/parser/grammar.py:325
  /home/runner/work/test-zip-extract-repository/test-zip-extract-repository/workdir/tests/invenio-collections/original/.venv/lib/python3.14/site-packages/edtf/parser/grammar.py:325: PyparsingDeprecationWarning: 'oneOf' deprecated - use 'one_of'
    seasonL2Number = oneOf("21 22 23 24 25 26 27 28 29 30 31 32 33 34 35 36 37 38 39 40 41")

.venv/lib/python3.14/site-packages/invenio_communities/communities/resources/ui_schema.py:17
  /home/runner/work/test-zip-extract-repository/test-zip-extract-repository/workdir/tests/invenio-collections/original/.venv/lib/python3.14/site-packages/invenio_communities/communities/resources/ui_schema.py:17: DeprecationWarning: Implicit imports (e.g., 'import idutils; idutils.function;') might be removed in the next major version. Please use explicit imports (e.g., 'from idutils import function;') instead.
    from idutils import detect_identifier_schemes, to_url

.venv/lib/python3.14/site-packages/invenio_rdm_records/services/facets.py:75
  /home/runner/work/test-zip-extract-repository/test-zip-extract-repository/workdir/tests/invenio-collections/original/.venv/lib/python3.14/site-packages/invenio_rdm_records/services/facets.py:75: DeprecationWarning: subject_nested is deprecated. Use subject_combined instead.
    warn(

.venv/lib/python3.14/site-packages/webargs/compat.py:8
  /home/runner/work/test-zip-extract-repository/test-zip-extract-repository/workdir/tests/invenio-collections/original/.venv/lib/python3.14/site-packages/webargs/compat.py:8: DeprecationWarning: The '__version__' attribute is deprecated and will be removed in in a future version. Use feature detection or 'importlib.metadata.version("marshmallow")' instead.
    MARSHMALLOW_VERSION_INFO = tuple(LooseVersion(ma.__version__).version)  # type: tuple

.venv/lib/python3.14/site-packages/webargs/compat.py:8
  /home/runner/work/test-zip-extract-repository/test-zip-extract-repository/workdir/tests/invenio-collections/original/.venv/lib/python3.14/site-packages/webargs/compat.py:8: DeprecationWarning: distutils Version classes are deprecated. Use packaging.version instead.
    MARSHMALLOW_VERSION_INFO = tuple(LooseVersion(ma.__version__).version)  # type: tuple

.venv/lib/python3.14/site-packages/webargs/__init__.py:13
  /home/runner/work/test-zip-extract-repository/test-zip-extract-repository/workdir/tests/invenio-collections/original/.venv/lib/python3.14/site-packages/webargs/__init__.py:13: DeprecationWarning: distutils Version classes are deprecated. Use packaging.version instead.
    __version_info__ = tuple(LooseVersion(__version__).version)

.venv/lib/python3.14/site-packages/datacite/jsonutils.py:15
.venv/lib/python3.14/site-packages/datacite/jsonutils.py:15
  /home/runner/work/test-zip-extract-repository/test-zip-extract-repository/workdir/tests/invenio-collections/original/.venv/lib/python3.14/site-packages/datacite/jsonutils.py:15: DeprecationWarning: jsonschema.RefResolver is deprecated as of v4.18.0, in favor of the https://github.com/python-jsonschema/referencing library, which provides more compliant referencing behavior as well as more flexible APIs for customization. A future release will remove RefResolver. Please file a feature request (on referencing) if you are missing an API for the kind of customization you need.
    from jsonschema import RefResolver, validate

tests/test_api.py: 1 warning
tests/test_service.py: 9 warnings
tests/test_tasks.py: 1 warning
  /home/runner/work/test-zip-extract-repository/test-zip-extract-repository/workdir/tests/invenio-collections/original/invenio_collections/models.py:151: LegacyAPIWarning: The Query.get() method is considered legacy as of the 1.x series of SQLAlchemy and becomes a legacy construct in 2.0. The method is now available as Session.get() (deprecated since: 2.0) (Background on SQLAlchemy 2.0 at: https://sqlalche.me/e/b8d9)
    return cls.query.get(id_)

tests/test_service.py::test_collections_read
tests/test_service.py::test_collections_read
tests/test_tasks.py::test_update_collections_size
tests/test_tasks.py::test_update_collections_size
  /home/runner/work/test-zip-extract-repository/test-zip-extract-repository/workdir/tests/invenio-collections/original/.venv/lib/python3.14/site-packages/invenio_rdm_records/ext.py:134: DeprecationWarning: The configuration value 'RDM_FILES_DEFAULT_QUOTA_SIZE' is not set. In future, please set it explicitly to define your quota size, or be aware that the default value used i.e. FILES_REST_DEFAULT_QUOTA_SIZE will be 10 * (10**9) (10 GB).
    warn(

tests/test_service.py::test_collections_read
tests/test_service.py::test_collections_read
tests/test_tasks.py::test_update_collections_size
tests/test_tasks.py::test_update_collections_size
  /home/runner/work/test-zip-extract-repository/test-zip-extract-repository/workdir/tests/invenio-collections/original/.venv/lib/python3.14/site-packages/invenio_rdm_records/ext.py:140: DeprecationWarning: The configuration value 'RDM_FILES_DEFAULT_MAX_FILE_SIZE' is not set. In future, please set it explicitly to define your max file size, or be aware that the default value used i.e. FILES_REST_DEFAULT_MAX_FILE_SIZE will be 10 * (10**9) (10 GB).
    warn(

tests/test_service.py::test_collections_read
tests/test_service.py::test_collections_read
tests/test_tasks.py::test_update_collections_size
tests/test_tasks.py::test_update_collections_size
  /home/runner/work/test-zip-extract-repository/test-zip-extract-repository/workdir/tests/invenio-collections/original/.venv/lib/python3.14/site-packages/invenio_oaiserver/ext.py:169: UserWarning: Please specify the OAISERVER_ID_PREFIX configuration.default value is: oai:runnervmjduv7:
    warnings.warn(

tests/test_service.py::test_collections_read
tests/test_tasks.py::test_update_collections_size
  /home/runner/work/test-zip-extract-repository/test-zip-extract-repository/workdir/tests/invenio-collections/original/.venv/lib/python3.14/site-packages/invenio_rest/ext.py:29: FutureWarning: CSRF validation will be enabled by default in the version 1.3.x
    self.init_app(app)

tests/test_tasks.py::test_update_collections_size
  /home/runner/work/test-zip-extract-repository/test-zip-extract-repository/workdir/tests/invenio-collections/original/.venv/lib/python3.14/site-packages/invenio_records/api.py:334: SAWarning: nested transaction already deassociated from connection
    with db.session.begin_nested():

tests/test_tasks.py::test_update_collections_size
  /home/runner/work/test-zip-extract-repository/test-zip-extract-repository/workdir/tests/invenio-collections/original/.venv/lib/python3.14/site-packages/invenio_db/uow.py:193: SAWarning: nested transaction already deassociated from connection
    self.session.commit()

-- Docs: https://docs.pytest.org/en/stable/how-to/capture-warnings.html
================================ tests coverage ================================
_______________ coverage: platform linux, python 3.14.2-final-0 ________________

Name                                                                    Stmts   Miss  Cover   Missing
-----------------------------------------------------------------------------------------------------
invenio_collections/__init__.py                                             3      0   100%
invenio_collections/alembic/425b691f768b_create_collections_tables.py      17      8    53%   24-78, 88-96
invenio_collections/alembic/1748509182_create_collections_branch.py         8      2    75%   20, 25
invenio_collections/alembic/d2f434c0ac92_change_datetime_types.py          13      6    54%   25-27, 32-34
invenio_collections/api.py                                                145     20    86%   43-44, 57, 84, 89, 105, 111, 158, 170, 179, 189, 196-199, 238, 242, 245, 251-252, 257
invenio_collections/config.py                                               0      0   100%
invenio_collections/errors.py                                               5      0   100%
invenio_collections/ext.py                                                 26      2    92%   40, 46
invenio_collections/models.py                                              77      4    95%   59, 71, 76, 142
invenio_collections/proxies.py                                              3      0   100%
invenio_collections/resources/__init__.py                                   0      0   100%
invenio_collections/resources/config.py                                    15      0   100%
invenio_collections/resources/resource.py                                  17      3    82%   37-43
invenio_collections/searchapp.py                                            5      1    80%   17
invenio_collections/services/__init__.py                                    0      0   100%
invenio_collections/services/config.py                                     13      0   100%
invenio_collections/services/results.py                                    65     15    77%   120, 157-160, 164, 187-190, 194-203, 207
invenio_collections/services/schema.py                                      9      0   100%
invenio_collections/services/service.py                                    86     14    84%   109-113, 161-165, 172, 175, 195, 207
invenio_collections/tasks.py                                               15      2    87%   30-31
invenio_collections/views.py                                                3      0   100%
-----------------------------------------------------------------------------------------------------
TOTAL                                                                     525     77    85%
======================= 15 passed, 76 warnings in 21.58s =======================
 Container docker_services_cli-redis-1  Stopping
 Container docker_services_cli-postgresql-1  Stopping
 Container docker_services_cli-rabbitmq-1  Stopping
 Container docker_services_cli-opensearch-1  Stopping
 Container docker_services_cli-redis-1  Stopped
 Container docker_services_cli-redis-1  Removing
 Container docker_services_cli-redis-1  Removed
 Container docker_services_cli-postgresql-1  Stopped
 Container docker_services_cli-postgresql-1  Removing
 Container docker_services_cli-postgresql-1  Removed
 Container docker_services_cli-opensearch-1  Stopped
 Container docker_services_cli-opensearch-1  Removing
 Container docker_services_cli-opensearch-1  Removed
 Container docker_services_cli-rabbitmq-1  Stopped
 Container docker_services_cli-rabbitmq-1  Removing
 Container docker_services_cli-rabbitmq-1  Removed
 Network docker_services_cli_default  Removing
 Network docker_services_cli_default  Removed
