 redis Pulling 
 rabbitmq Pulling 
 opensearch Pulling 
 c5761dea9b0e Pulling fs layer 
 bbf018d6d4b8 Pulling fs layer 
 edcaff0d5e7e Pulling fs layer 
 47a60771af96 Pulling fs layer 
 4f4fb700ef54 Pulling fs layer 
 7b28be0c8c4d Pulling fs layer 
 4831516dd0cb Pulling fs layer 
 22dca8215bc4 Pulling fs layer 
 f9dd052e142d Pulling fs layer 
 4f4fb700ef54 Pulling fs layer 
 e8c6d4883897 Pulling fs layer 
 eb77aa907276 Pulling fs layer 
 2e81b9cb93cd Pulling fs layer 
 648eb81b3252 Pulling fs layer 
 0ffa8f8aba1e Pulling fs layer 
 3fadc669ef11 Pulling fs layer 
 efa05c660812 Pulling fs layer 
 5e1c03b67a78 Pulling fs layer 
 f4e7f62f4b80 Pulling fs layer 
 20043066d3d5 Pulling fs layer 
 d63c4408fdb7 Pulling fs layer 
 7084ac8f4ab6 Pulling fs layer 
 14e6209d5fa8 Pulling fs layer 
 beb0d870d438 Pulling fs layer 
 d686b50ce172 Pulling fs layer 
 4f4fb700ef54 Already exists 
 4f4fb700ef54 Already exists 
 c5761dea9b0e Download complete 
 f9dd052e142d Downloading [=>                                                 ]  1.049MB/52.33MB
 efa05c660812 Download complete 
 bbf018d6d4b8 Download complete 
 4831516dd0cb Downloading [================>                                  ]  9.437MB/28.23MB
 f4e7f62f4b80 Download complete 
 648eb81b3252 Download complete 
 5e1c03b67a78 Download complete 
 0ffa8f8aba1e Download complete 
 f9dd052e142d Downloading [================>                                  ]  16.78MB/52.33MB
 47a60771af96 Download complete 
 7b28be0c8c4d Download complete 
 22dca8215bc4 Downloading [=================>                                 ]  5.243MB/15.35MB
 22dca8215bc4 Downloading [==============================>                    ]  9.437MB/15.35MB
 4831516dd0cb Downloading [========================>                          ]  13.63MB/28.23MB
 f9dd052e142d Downloading [====================>                              ]  20.97MB/52.33MB
 14e6209d5fa8 Downloading [==================================================>]     833B/833B
 20043066d3d5 Downloading [===>                                               ]  2.097MB/29.72MB
 d63c4408fdb7 Downloading [==>                                                ]  1.049MB/21.31MB
 2e81b9cb93cd Download complete 
 e8c6d4883897 Downloading [===============================================>   ]  4.194MB/4.398MB
 f9dd052e142d Downloading [========================>                          ]  26.07MB/52.33MB
 eb77aa907276 Downloading [>                                                  ]  4.194MB/907.7MB
 d63c4408fdb7 Downloading [============>                                      ]  5.243MB/21.31MB
 c4cc93acbec6 Download complete 
 beb0d870d438 Download complete 
 16ef6b12768c Downloading [=================================>                 ]  2.097MB/3.088MB
 edcaff0d5e7e Download complete 
 7ec4c696b8bb Download complete 
 14e6209d5fa8 Download complete 
 20043066d3d5 Downloading [==========>                                        ]  6.291MB/29.72MB
 d686b50ce172 Downloading [================>                                  ]  4.194MB/12.47MB
 7084ac8f4ab6 Downloading [============================>                      ]  4.194MB/7.468MB
 3fadc669ef11 Downloading [====>                                              ]  4.194MB/43.48MB
 e7da101a9486 Download complete 
 22dca8215bc4 Downloading [============================================>      ]  13.63MB/15.35MB
 4831516dd0cb Downloading [===============================>                   ]  17.83MB/28.23MB
 eb77aa907276 Downloading [>                                                  ]  12.58MB/907.7MB
 d686b50ce172 Downloading [==================================================>]  12.47MB/12.47MB
 22dca8215bc4 Download complete 
 4831516dd0cb Downloading [============================================>      ]  25.17MB/28.23MB
 e8c6d4883897 Download complete 
 f9dd052e142d Downloading [=================================>                 ]   34.6MB/52.33MB
 7084ac8f4ab6 Download complete 
 3fadc669ef11 Downloading [==============>                                    ]  12.58MB/43.48MB
 d63c4408fdb7 Downloading [===============================>                   ]  13.63MB/21.31MB
 16ef6b12768c Download complete 
 20043066d3d5 Downloading [=====================>                             ]  12.58MB/29.72MB
 eb77aa907276 Downloading [=>                                                 ]  22.02MB/907.7MB
 f9dd052e142d Downloading [===========================================>       ]  45.09MB/52.33MB
 3fadc669ef11 Downloading [==========================>                        ]  23.07MB/43.48MB
 4831516dd0cb Download complete 
 d63c4408fdb7 Download complete 
 20043066d3d5 Downloading [=====================================>             ]  22.02MB/29.72MB
 d686b50ce172 Download complete 
 4831516dd0cb Extracting 1 s
 3fadc669ef11 Downloading [==========================================>        ]   36.7MB/43.48MB
 20043066d3d5 Download complete 
 f9dd052e142d Download complete 
 eb77aa907276 Downloading [=>                                                 ]   34.6MB/907.7MB
 4831516dd0cb Extracting 1 s
 f9dd052e142d Extracting 1 s
 20043066d3d5 Extracting 1 s
 eb77aa907276 Downloading [==>                                                ]  39.85MB/907.7MB
 3fadc669ef11 Download complete 
 f9dd052e142d Extracting 1 s
 4831516dd0cb Extracting 1 s
 20043066d3d5 Extracting 1 s
 eb77aa907276 Downloading [==>                                                ]  51.38MB/907.7MB
 f9dd052e142d Extracting 1 s
 4831516dd0cb Extracting 1 s
 20043066d3d5 Extracting 1 s
 eb77aa907276 Downloading [===>                                               ]  66.06MB/907.7MB
 f9dd052e142d Extracting 1 s
 4831516dd0cb Extracting 1 s
 20043066d3d5 Extracting 1 s
 eb77aa907276 Downloading [====>                                              ]  79.69MB/907.7MB
 f9dd052e142d Extracting 1 s
 20043066d3d5 Extracting 1 s
 4831516dd0cb Extracting 1 s
 eb77aa907276 Downloading [=====>                                             ]  93.32MB/907.7MB
 4831516dd0cb Extracting 1 s
 f9dd052e142d Extracting 1 s
 20043066d3d5 Extracting 1 s
 eb77aa907276 Downloading [======>                                            ]  110.1MB/907.7MB
 f9dd052e142d Extracting 1 s
 4831516dd0cb Extracting 1 s
 20043066d3d5 Extracting 1 s
 eb77aa907276 Downloading [======>                                            ]  124.8MB/907.7MB
 f9dd052e142d Extracting 1 s
 4831516dd0cb Extracting 1 s
 20043066d3d5 Extracting 1 s
 eb77aa907276 Downloading [=======>                                           ]  134.2MB/907.7MB
 f9dd052e142d Extracting 1 s
 4831516dd0cb Extracting 1 s
 20043066d3d5 Extracting 1 s
 eb77aa907276 Downloading [=======>                                           ]  141.6MB/907.7MB
 f9dd052e142d Extracting 1 s
 4831516dd0cb Extracting 1 s
 20043066d3d5 Extracting 1 s
 eb77aa907276 Downloading [========>                                          ]  148.9MB/907.7MB
 47a60771af96 Pull complete 
 4831516dd0cb Pull complete 
 f9dd052e142d Extracting 1 s
 20043066d3d5 Pull complete 
 3fadc669ef11 Extracting 1 s
 eb77aa907276 Downloading [========>                                          ]  162.5MB/907.7MB
 7b28be0c8c4d Pull complete 
 edcaff0d5e7e Pull complete 
 22dca8215bc4 Extracting 1 s
 f9dd052e142d Extracting 2 s
 3fadc669ef11 Extracting 1 s
 eb77aa907276 Downloading [=========>                                         ]  176.2MB/907.7MB
 22dca8215bc4 Extracting 1 s
 f9dd052e142d Extracting 2 s
 3fadc669ef11 Extracting 1 s
 eb77aa907276 Downloading [==========>                                        ]  188.7MB/907.7MB
 f9dd052e142d Extracting 2 s
 22dca8215bc4 Extracting 1 s
 3fadc669ef11 Extracting 1 s
 eb77aa907276 Downloading [===========>                                       ]  203.4MB/907.7MB
 22dca8215bc4 Extracting 1 s
 f9dd052e142d Extracting 2 s
 3fadc669ef11 Extracting 1 s
 eb77aa907276 Downloading [============>                                      ]  220.2MB/907.7MB
 bbf018d6d4b8 Pull complete 
 22dca8215bc4 Pull complete 
 f9dd052e142d Extracting 2 s
 3fadc669ef11 Extracting 1 s
 4f4fb700ef54 Pull complete 
 c5761dea9b0e Pull complete 
 redis Pulled 
 eb77aa907276 Downloading [============>                                      ]  235.9MB/907.7MB
 f9dd052e142d Extracting 2 s
 3fadc669ef11 Extracting 1 s
 eb77aa907276 Downloading [=============>                                     ]  252.7MB/907.7MB
 f9dd052e142d Extracting 2 s
 3fadc669ef11 Extracting 1 s
 eb77aa907276 Downloading [==============>                                    ]  271.6MB/907.7MB
 7084ac8f4ab6 Extracting 1 s
 3fadc669ef11 Pull complete 
 f9dd052e142d Extracting 2 s
 eb77aa907276 Downloading [===============>                                   ]  287.3MB/907.7MB
 f9dd052e142d Extracting 2 s
 7084ac8f4ab6 Extracting 1 s
 eb77aa907276 Downloading [================>                                  ]    302MB/907.7MB
 beb0d870d438 Pull complete 
 e8c6d4883897 Extracting 1 s
 f9dd052e142d Pull complete 
 7084ac8f4ab6 Pull complete 
 d63c4408fdb7 Extracting 1 s
 eb77aa907276 Downloading [=================>                                 ]  317.7MB/907.7MB
 e8c6d4883897 Extracting 1 s
 d63c4408fdb7 Extracting 1 s
 eb77aa907276 Downloading [==================>                                ]  335.5MB/907.7MB
 648eb81b3252 Pull complete 
 d63c4408fdb7 Extracting 1 s
 e8c6d4883897 Pull complete 
 eb77aa907276 Downloading [===================>                               ]  352.3MB/907.7MB
 d63c4408fdb7 Extracting 1 s
 eb77aa907276 Downloading [====================>                              ]  370.1MB/907.7MB
 efa05c660812 Pull complete 
 f4e7f62f4b80 Pull complete 
 5e1c03b67a78 Pull complete 
 14e6209d5fa8 Pull complete 
 d63c4408fdb7 Pull complete 
 d686b50ce172 Extracting 1 s
 eb77aa907276 Downloading [=====================>                             ]    389MB/907.7MB
 d686b50ce172 Extracting 1 s
 eb77aa907276 Downloading [======================>                            ]  407.9MB/907.7MB
 d686b50ce172 Extracting 1 s
 d686b50ce172 Pull complete 
 rabbitmq Pulled 
 eb77aa907276 Downloading [=======================>                           ]  427.8MB/907.7MB
 eb77aa907276 Downloading [========================>                          ]  446.7MB/907.7MB
 eb77aa907276 Downloading [=========================>                         ]  465.6MB/907.7MB
 eb77aa907276 Downloading [==========================>                        ]  481.3MB/907.7MB
 eb77aa907276 Downloading [===========================>                       ]  499.1MB/907.7MB
 eb77aa907276 Downloading [============================>                      ]  517.5MB/907.7MB
 eb77aa907276 Downloading [=============================>                     ]  537.9MB/907.7MB
 eb77aa907276 Downloading [==============================>                    ]  556.8MB/907.7MB
 eb77aa907276 Downloading [===============================>                   ]  576.7MB/907.7MB
 eb77aa907276 Downloading [================================>                  ]  597.7MB/907.7MB
 eb77aa907276 Downloading [=================================>                 ]  615.5MB/907.7MB
 eb77aa907276 Downloading [==================================>                ]  632.3MB/907.7MB
 eb77aa907276 Downloading [===================================>               ]  651.2MB/907.7MB
 eb77aa907276 Downloading [====================================>              ]    669MB/907.7MB
 eb77aa907276 Downloading [=====================================>             ]  688.9MB/907.7MB
 eb77aa907276 Downloading [======================================>            ]  707.8MB/907.7MB
 eb77aa907276 Downloading [========================================>          ]  727.7MB/907.7MB
 eb77aa907276 Downloading [=========================================>         ]  747.6MB/907.7MB
 eb77aa907276 Downloading [=========================================>         ]  762.3MB/907.7MB
 eb77aa907276 Downloading [==========================================>        ]  779.1MB/907.7MB
 eb77aa907276 Downloading [============================================>      ]    799MB/907.7MB
 eb77aa907276 Downloading [============================================>      ]  813.7MB/907.7MB
 eb77aa907276 Downloading [=============================================>     ]  832.6MB/907.7MB
 eb77aa907276 Downloading [==============================================>    ]  852.5MB/907.7MB
 eb77aa907276 Downloading [===============================================>   ]  865.2MB/907.7MB
 eb77aa907276 Downloading [================================================>  ]    885MB/907.7MB
 eb77aa907276 Downloading [=================================================> ]  904.9MB/907.7MB
 eb77aa907276 Downloading [==================================================>]  907.7MB/907.7MB
 eb77aa907276 Downloading [==================================================>]  907.7MB/907.7MB
 eb77aa907276 Downloading [==================================================>]  907.7MB/907.7MB
 eb77aa907276 Downloading [==================================================>]  907.7MB/907.7MB
 eb77aa907276 Downloading [==================================================>]  907.7MB/907.7MB
 eb77aa907276 Downloading [==================================================>]  907.7MB/907.7MB
 eb77aa907276 Downloading [==================================================>]  907.7MB/907.7MB
 eb77aa907276 Downloading [==================================================>]  907.7MB/907.7MB
 eb77aa907276 Downloading [==================================================>]  907.7MB/907.7MB
 eb77aa907276 Downloading [==================================================>]  907.7MB/907.7MB
 eb77aa907276 Downloading [==================================================>]  907.7MB/907.7MB
 eb77aa907276 Downloading [==================================================>]  907.7MB/907.7MB
 eb77aa907276 Downloading [==================================================>]  907.7MB/907.7MB
 eb77aa907276 Downloading [==================================================>]  907.7MB/907.7MB
 eb77aa907276 Downloading [==================================================>]  907.7MB/907.7MB
 eb77aa907276 Downloading [==================================================>]  907.7MB/907.7MB
 eb77aa907276 Downloading [==================================================>]  907.7MB/907.7MB
 eb77aa907276 Downloading [==================================================>]  907.7MB/907.7MB
 eb77aa907276 Download complete 
 eb77aa907276 Extracting 1 s
 eb77aa907276 Extracting 1 s
 eb77aa907276 Extracting 1 s
 eb77aa907276 Extracting 1 s
 eb77aa907276 Extracting 1 s
 eb77aa907276 Extracting 1 s
 eb77aa907276 Extracting 1 s
 eb77aa907276 Extracting 1 s
 eb77aa907276 Extracting 1 s
 eb77aa907276 Extracting 1 s
 eb77aa907276 Extracting 2 s
 eb77aa907276 Extracting 2 s
 eb77aa907276 Extracting 2 s
 eb77aa907276 Extracting 2 s
 eb77aa907276 Extracting 2 s
 eb77aa907276 Extracting 2 s
 eb77aa907276 Extracting 2 s
 eb77aa907276 Extracting 2 s
 eb77aa907276 Extracting 2 s
 eb77aa907276 Extracting 2 s
 eb77aa907276 Extracting 2 s
 eb77aa907276 Extracting 3 s
 eb77aa907276 Extracting 3 s
 eb77aa907276 Extracting 3 s
 eb77aa907276 Extracting 3 s
 eb77aa907276 Extracting 3 s
 eb77aa907276 Extracting 3 s
 eb77aa907276 Extracting 3 s
 eb77aa907276 Extracting 3 s
 eb77aa907276 Extracting 3 s
 eb77aa907276 Extracting 4 s
 eb77aa907276 Extracting 4 s
 eb77aa907276 Extracting 4 s
 eb77aa907276 Extracting 4 s
 eb77aa907276 Extracting 4 s
 eb77aa907276 Extracting 4 s
 eb77aa907276 Extracting 4 s
 eb77aa907276 Extracting 4 s
 eb77aa907276 Extracting 4 s
 eb77aa907276 Extracting 4 s
 eb77aa907276 Extracting 4 s
 eb77aa907276 Extracting 5 s
 4f4fb700ef54 Pull complete 
 0ffa8f8aba1e Pull complete 
 2e81b9cb93cd Pull complete 
 eb77aa907276 Pull complete 
 opensearch Pulled 
 Network docker_services_cli_default  Creating
 Network docker_services_cli_default  Created
 Container docker_services_cli-redis-1  Creating
 Container docker_services_cli-opensearch-1  Creating
 Container docker_services_cli-rabbitmq-1  Creating
 Container docker_services_cli-opensearch-1  Created
 Container docker_services_cli-rabbitmq-1  Created
 Container docker_services_cli-redis-1  Created
 Container docker_services_cli-redis-1  Starting
 Container docker_services_cli-rabbitmq-1  Starting
 Container docker_services_cli-opensearch-1  Starting
 Container docker_services_cli-redis-1  Started
 Container docker_services_cli-rabbitmq-1  Started
 Container docker_services_cli-opensearch-1  Started
::warning file=/home/runner/work/test-zip-extract-repository/test-zip-extract-repository/workdir/tests/invenio-indexer/original/.venv/lib/python3.14/site-packages/invenio_records/resolver.py,line=14::jsonschema.exceptions.RefResolutionError is deprecated as of version 4.18.0. If you wish to catch potential reference resolution errors, directly catch referencing.exceptions.Unresolvable.
::warning file=/home/runner/work/test-zip-extract-repository/test-zip-extract-repository/workdir/tests/invenio-indexer/original/.venv/lib/python3.14/site-packages/invenio_records/resolver.py,line=14::jsonschema.RefResolver is deprecated as of v4.18.0, in favor of the https://github.com/python-jsonschema/referencing library, which provides more compliant referencing behavior as well as more flexible APIs for customization. A future release will remove RefResolver. Please file a feature request (on referencing) if you are missing an API for the kind of customization you need.
::warning file=/home/runner/work/test-zip-extract-repository/test-zip-extract-repository/workdir/tests/invenio-indexer/original/.venv/lib/python3.14/site-packages/invenio_records/resolver.py,line=14::jsonschema.exceptions.RefResolutionError is deprecated as of version 4.18.0. If you wish to catch potential reference resolution errors, directly catch referencing.exceptions.Unresolvable.
::warning file=/home/runner/work/test-zip-extract-repository/test-zip-extract-repository/workdir/tests/invenio-indexer/original/.venv/lib/python3.14/site-packages/invenio_records/resolver.py,line=14::jsonschema.RefResolver is deprecated as of v4.18.0, in favor of the https://github.com/python-jsonschema/referencing library, which provides more compliant referencing behavior as well as more flexible APIs for customization. A future release will remove RefResolver. Please file a feature request (on referencing) if you are missing an API for the kind of customization you need.
============================= test session starts ==============================
platform linux -- Python 3.14.2, pytest-8.4.2, pluggy-1.6.0
rootdir: /home/runner/work/test-zip-extract-repository/test-zip-extract-repository/workdir/tests/invenio-indexer/original
configfile: setup.cfg
testpaths: docs, tests, invenio_indexer
plugins: isort-4.0.0, flask-1.3.0, black-ng-0.4.1, invenio-3.4.2, github-actions-annotate-failures-0.3.0, pydocstyle-2.4.0, cov-7.0.0, pycodestyle-2.5.0
collected 34 items

tests/test_api.py ..::warning file=/home/runner/work/test-zip-extract-repository/test-zip-extract-repository/workdir/tests/invenio-indexer/original/.venv/lib/python3.14/site-packages/sqlalchemy/sql/schema.py,line=3624::datetime.datetime.utcnow() is deprecated and scheduled for removal in a future version. Use timezone-aware objects to represent datetimes in UTC: datetime.datetime.now(datetime.UTC).
::warning file=/home/runner/work/test-zip-extract-repository/test-zip-extract-repository/workdir/tests/invenio-indexer/original/.venv/lib/python3.14/site-packages/sqlalchemy/sql/schema.py,line=3624::datetime.datetime.utcnow() is deprecated and scheduled for removal in a future version. Use timezone-aware objects to represent datetimes in UTC: datetime.datetime.now(datetime.UTC).
::warning file=/home/runner/work/test-zip-extract-repository/test-zip-extract-repository/workdir/tests/invenio-indexer/original/.venv/lib/python3.14/site-packages/invenio_records/api.py,line=335::nested transaction already deassociated from connection
::warning file=/home/runner/work/test-zip-extract-repository/test-zip-extract-repository/workdir/tests/invenio-indexer/original/.venv/lib/python3.14/site-packages/invenio_records/models.py,line=44::datetime.datetime.utcnow() is deprecated and scheduled for removal in a future version. Use timezone-aware objects to represent datetimes in UTC: datetime.datetime.now(datetime.UTC).
::warning file=/home/runner/work/test-zip-extract-repository/test-zip-extract-repository/workdir/tests/invenio-indexer/original/.venv/lib/python3.14/site-packages/invenio_records/api.py,line=496::nested transaction already deassociated from connection
.::warning file=/home/runner/work/test-zip-extract-repository/test-zip-extract-repository/workdir/tests/invenio-indexer/original/.venv/lib/python3.14/site-packages/sqlalchemy/sql/schema.py,line=3624::datetime.datetime.utcnow() is deprecated and scheduled for removal in a future version. Use timezone-aware objects to represent datetimes in UTC: datetime.datetime.now(datetime.UTC).
::warning file=/home/runner/work/test-zip-extract-repository/test-zip-extract-repository/workdir/tests/invenio-indexer/original/.venv/lib/python3.14/site-packages/sqlalchemy/sql/schema.py,line=3624::datetime.datetime.utcnow() is deprecated and scheduled for removal in a future version. Use timezone-aware objects to represent datetimes in UTC: datetime.datetime.now(datetime.UTC).
::warning file=/home/runner/work/test-zip-extract-repository/test-zip-extract-repository/workdir/tests/invenio-indexer/original/.venv/lib/python3.14/site-packages/invenio_records/api.py,line=335::nested transaction already deassociated from connection
.::warning file=/home/runner/work/test-zip-extract-repository/test-zip-extract-repository/workdir/tests/invenio-indexer/original/.venv/lib/python3.14/site-packages/sqlalchemy/sql/schema.py,line=3624::datetime.datetime.utcnow() is deprecated and scheduled for removal in a future version. Use timezone-aware objects to represent datetimes in UTC: datetime.datetime.now(datetime.UTC).
::warning file=/home/runner/work/test-zip-extract-repository/test-zip-extract-repository/workdir/tests/invenio-indexer/original/.venv/lib/python3.14/site-packages/sqlalchemy/sql/schema.py,line=3624::datetime.datetime.utcnow() is deprecated and scheduled for removal in a future version. Use timezone-aware objects to represent datetimes in UTC: datetime.datetime.now(datetime.UTC).
::warning file=/home/runner/work/test-zip-extract-repository/test-zip-extract-repository/workdir/tests/invenio-indexer/original/.venv/lib/python3.14/site-packages/invenio_records/api.py,line=335::nested transaction already deassociated from connection
.::warning file=/home/runner/work/test-zip-extract-repository/test-zip-extract-repository/workdir/tests/invenio-indexer/original/.venv/lib/python3.14/site-packages/sqlalchemy/sql/schema.py,line=3624::datetime.datetime.utcnow() is deprecated and scheduled for removal in a future version. Use timezone-aware objects to represent datetimes in UTC: datetime.datetime.now(datetime.UTC).
::warning file=/home/runner/work/test-zip-extract-repository/test-zip-extract-repository/workdir/tests/invenio-indexer/original/.venv/lib/python3.14/site-packages/sqlalchemy/sql/schema.py,line=3624::datetime.datetime.utcnow() is deprecated and scheduled for removal in a future version. Use timezone-aware objects to represent datetimes in UTC: datetime.datetime.now(datetime.UTC).
::warning file=/home/runner/work/test-zip-extract-repository/test-zip-extract-repository/workdir/tests/invenio-indexer/original/.venv/lib/python3.14/site-packages/invenio_records/api.py,line=335::nested transaction already deassociated from connection
::warning file=/home/runner/work/test-zip-extract-repository/test-zip-extract-repository/workdir/tests/invenio-indexer/original/.venv/lib/python3.14/site-packages/sqlalchemy/sql/schema.py,line=3624::datetime.datetime.utcnow() is deprecated and scheduled for removal in a future version. Use timezone-aware objects to represent datetimes in UTC: datetime.datetime.now(datetime.UTC).
::warning file=/home/runner/work/test-zip-extract-repository/test-zip-extract-repository/workdir/tests/invenio-indexer/original/.venv/lib/python3.14/site-packages/sqlalchemy/sql/schema.py,line=3624::datetime.datetime.utcnow() is deprecated and scheduled for removal in a future version. Use timezone-aware objects to represent datetimes in UTC: datetime.datetime.now(datetime.UTC).
.::warning file=/home/runner/work/test-zip-extract-repository/test-zip-extract-repository/workdir/tests/invenio-indexer/original/.venv/lib/python3.14/site-packages/sqlalchemy/sql/schema.py,line=3624::datetime.datetime.utcnow() is deprecated and scheduled for removal in a future version. Use timezone-aware objects to represent datetimes in UTC: datetime.datetime.now(datetime.UTC).
::warning file=/home/runner/work/test-zip-extract-repository/test-zip-extract-repository/workdir/tests/invenio-indexer/original/.venv/lib/python3.14/site-packages/sqlalchemy/sql/schema.py,line=3624::datetime.datetime.utcnow() is deprecated and scheduled for removal in a future version. Use timezone-aware objects to represent datetimes in UTC: datetime.datetime.now(datetime.UTC).
::warning file=/home/runner/work/test-zip-extract-repository/test-zip-extract-repository/workdir/tests/invenio-indexer/original/.venv/lib/python3.14/site-packages/invenio_records/api.py,line=335::nested transaction already deassociated from connection
.....::warning file=/home/runner/work/test-zip-extract-repository/test-zip-extract-repository/workdir/tests/invenio-indexer/original/.venv/lib/python3.14/site-packages/sqlalchemy/sql/schema.py,line=3624::datetime.datetime.utcnow() is deprecated and scheduled for removal in a future version. Use timezone-aware objects to represent datetimes in UTC: datetime.datetime.now(datetime.UTC).
::warning file=/home/runner/work/test-zip-extract-repository/test-zip-extract-repository/workdir/tests/invenio-indexer/original/.venv/lib/python3.14/site-packages/sqlalchemy/sql/schema.py,line=3624::datetime.datetime.utcnow() is deprecated and scheduled for removal in a future version. Use timezone-aware objects to represent datetimes in UTC: datetime.datetime.now(datetime.UTC).
::warning file=/home/runner/work/test-zip-extract-repository/test-zip-extract-repository/workdir/tests/invenio-indexer/original/.venv/lib/python3.14/site-packages/invenio_records/api.py,line=335::nested transaction already deassociated from connection
...::warning file=/home/runner/work/test-zip-extract-repository/test-zip-extract-repository/workdir/tests/invenio-indexer/original/.venv/lib/python3.14/site-packages/sqlalchemy/sql/schema.py,line=3624::datetime.datetime.utcnow() is deprecated and scheduled for removal in a future version. Use timezone-aware objects to represent datetimes in UTC: datetime.datetime.now(datetime.UTC).
::warning file=/home/runner/work/test-zip-extract-repository/test-zip-extract-repository/workdir/tests/invenio-indexer/original/.venv/lib/python3.14/site-packages/sqlalchemy/sql/schema.py,line=3624::datetime.datetime.utcnow() is deprecated and scheduled for removal in a future version. Use timezone-aware objects to represent datetimes in UTC: datetime.datetime.now(datetime.UTC).
::warning file=/home/runner/work/test-zip-extract-repository/test-zip-extract-repository/workdir/tests/invenio-indexer/original/.venv/lib/python3.14/site-packages/invenio_records/api.py,line=335::nested transaction already deassociated from connection
.::warning file=/home/runner/work/test-zip-extract-repository/test-zip-extract-repository/workdir/tests/invenio-indexer/original/.venv/lib/python3.14/site-packages/sqlalchemy/sql/schema.py,line=3624::datetime.datetime.utcnow() is deprecated and scheduled for removal in a future version. Use timezone-aware objects to represent datetimes in UTC: datetime.datetime.now(datetime.UTC).
::warning file=/home/runner/work/test-zip-extract-repository/test-zip-extract-repository/workdir/tests/invenio-indexer/original/.venv/lib/python3.14/site-packages/sqlalchemy/sql/schema.py,line=3624::datetime.datetime.utcnow() is deprecated and scheduled for removal in a future version. Use timezone-aware objects to represent datetimes in UTC: datetime.datetime.now(datetime.UTC).
::warning file=/home/runner/work/test-zip-extract-repository/test-zip-extract-repository/workdir/tests/invenio-indexer/original/.venv/lib/python3.14/site-packages/invenio_records/api.py,line=335::nested transaction already deassociated from connection
::warning file=/home/runner/work/test-zip-extract-repository/test-zip-extract-repository/workdir/tests/invenio-indexer/original/.venv/lib/python3.14/site-packages/sqlalchemy/sql/schema.py,line=3624::datetime.datetime.utcnow() is deprecated and scheduled for removal in a future version. Use timezone-aware objects to represent datetimes in UTC: datetime.datetime.now(datetime.UTC).
::warning file=/home/runner/work/test-zip-extract-repository/test-zip-extract-repository/workdir/tests/invenio-indexer/original/.venv/lib/python3.14/site-packages/sqlalchemy/sql/schema.py,line=3624::datetime.datetime.utcnow() is deprecated and scheduled for removal in a future version. Use timezone-aware objects to represent datetimes in UTC: datetime.datetime.now(datetime.UTC).
.                                       [ 47%]
tests/test_cli.py ..::warning file=/home/runner/work/test-zip-extract-repository/test-zip-extract-repository/workdir/tests/invenio-indexer/original/.venv/lib/python3.14/site-packages/sqlalchemy/sql/schema.py,line=3624::datetime.datetime.utcnow() is deprecated and scheduled for removal in a future version. Use timezone-aware objects to represent datetimes in UTC: datetime.datetime.now(datetime.UTC).
::warning file=/home/runner/work/test-zip-extract-repository/test-zip-extract-repository/workdir/tests/invenio-indexer/original/.venv/lib/python3.14/site-packages/sqlalchemy/sql/schema.py,line=3624::datetime.datetime.utcnow() is deprecated and scheduled for removal in a future version. Use timezone-aware objects to represent datetimes in UTC: datetime.datetime.now(datetime.UTC).
::warning file=/home/runner/work/test-zip-extract-repository/test-zip-extract-repository/workdir/tests/invenio-indexer/original/.venv/lib/python3.14/site-packages/invenio_records/api.py,line=335::nested transaction already deassociated from connection
::warning file=/home/runner/work/test-zip-extract-repository/test-zip-extract-repository/workdir/tests/invenio-indexer/original/.venv/lib/python3.14/site-packages/sqlalchemy/sql/schema.py,line=3624::datetime.datetime.utcnow() is deprecated and scheduled for removal in a future version. Use timezone-aware objects to represent datetimes in UTC: datetime.datetime.now(datetime.UTC).
::warning file=/home/runner/work/test-zip-extract-repository/test-zip-extract-repository/workdir/tests/invenio-indexer/original/.venv/lib/python3.14/site-packages/sqlalchemy/sql/schema.py,line=3624::datetime.datetime.utcnow() is deprecated and scheduled for removal in a future version. Use timezone-aware objects to represent datetimes in UTC: datetime.datetime.now(datetime.UTC).
::warning file=/home/runner/work/test-zip-extract-repository/test-zip-extract-repository/workdir/tests/invenio-indexer/original/.venv/lib/python3.14/site-packages/sqlalchemy/sql/schema.py,line=3624::datetime.datetime.utcnow() is deprecated and scheduled for removal in a future version. Use timezone-aware objects to represent datetimes in UTC: datetime.datetime.now(datetime.UTC).
::warning file=/home/runner/work/test-zip-extract-repository/test-zip-extract-repository/workdir/tests/invenio-indexer/original/.venv/lib/python3.14/site-packages/sqlalchemy/sql/schema.py,line=3624::datetime.datetime.utcnow() is deprecated and scheduled for removal in a future version. Use timezone-aware objects to represent datetimes in UTC: datetime.datetime.now(datetime.UTC).
::warning file=/home/runner/work/test-zip-extract-repository/test-zip-extract-repository/workdir/tests/invenio-indexer/original/.venv/lib/python3.14/site-packages/sqlalchemy/sql/schema.py,line=3624::datetime.datetime.utcnow() is deprecated and scheduled for removal in a future version. Use timezone-aware objects to represent datetimes in UTC: datetime.datetime.now(datetime.UTC).
::warning file=/home/runner/work/test-zip-extract-repository/test-zip-extract-repository/workdir/tests/invenio-indexer/original/.venv/lib/python3.14/site-packages/sqlalchemy/sql/schema.py,line=3624::datetime.datetime.utcnow() is deprecated and scheduled for removal in a future version. Use timezone-aware objects to represent datetimes in UTC: datetime.datetime.now(datetime.UTC).
::warning file=/home/runner/work/test-zip-extract-repository/test-zip-extract-repository/workdir/tests/invenio-indexer/original/invenio_indexer/cli.py,line=118::Query.values() is deprecated and will be removed in a future release.  Please use Query.with_entities() (deprecated since: 1.4)
::warning file=/home/runner/work/test-zip-extract-repository/test-zip-extract-repository/workdir/tests/invenio-indexer/original/.venv/lib/python3.14/site-packages/invenio_records/models.py,line=44::datetime.datetime.utcnow() is deprecated and scheduled for removal in a future version. Use timezone-aware objects to represent datetimes in UTC: datetime.datetime.now(datetime.UTC).
::warning file=/home/runner/work/test-zip-extract-repository/test-zip-extract-repository/workdir/tests/invenio-indexer/original/.venv/lib/python3.14/site-packages/invenio_records/api.py,line=496::nested transaction already deassociated from connection
::warning file=/home/runner/work/test-zip-extract-repository/test-zip-extract-repository/workdir/tests/invenio-indexer/original/invenio_indexer/cli.py,line=118::Query.values() is deprecated and will be removed in a future release.  Please use Query.with_entities() (deprecated since: 1.4)
.                                                    [ 55%]
tests/test_invenio_indexer.py ...::warning file=/home/runner/work/test-zip-extract-repository/test-zip-extract-repository/workdir/tests/invenio-indexer/original/.venv/lib/python3.14/site-packages/sqlalchemy/sql/schema.py,line=3624::datetime.datetime.utcnow() is deprecated and scheduled for removal in a future version. Use timezone-aware objects to represent datetimes in UTC: datetime.datetime.now(datetime.UTC).
::warning file=/home/runner/work/test-zip-extract-repository/test-zip-extract-repository/workdir/tests/invenio-indexer/original/.venv/lib/python3.14/site-packages/sqlalchemy/sql/schema.py,line=3624::datetime.datetime.utcnow() is deprecated and scheduled for removal in a future version. Use timezone-aware objects to represent datetimes in UTC: datetime.datetime.now(datetime.UTC).
::warning file=/home/runner/work/test-zip-extract-repository/test-zip-extract-repository/workdir/tests/invenio-indexer/original/.venv/lib/python3.14/site-packages/invenio_records/api.py,line=335::nested transaction already deassociated from connection
.::warning file=/home/runner/work/test-zip-extract-repository/test-zip-extract-repository/workdir/tests/invenio-indexer/original/.venv/lib/python3.14/site-packages/sqlalchemy/sql/schema.py,line=3624::datetime.datetime.utcnow() is deprecated and scheduled for removal in a future version. Use timezone-aware objects to represent datetimes in UTC: datetime.datetime.now(datetime.UTC).
::warning file=/home/runner/work/test-zip-extract-repository/test-zip-extract-repository/workdir/tests/invenio-indexer/original/.venv/lib/python3.14/site-packages/sqlalchemy/sql/schema.py,line=3624::datetime.datetime.utcnow() is deprecated and scheduled for removal in a future version. Use timezone-aware objects to represent datetimes in UTC: datetime.datetime.now(datetime.UTC).
::warning file=/home/runner/work/test-zip-extract-repository/test-zip-extract-repository/workdir/tests/invenio-indexer/original/.venv/lib/python3.14/site-packages/invenio_records/api.py,line=335::nested transaction already deassociated from connection
::warning file=/home/runner/work/test-zip-extract-repository/test-zip-extract-repository/workdir/tests/invenio-indexer/original/.venv/lib/python3.14/site-packages/sqlalchemy/sql/schema.py,line=3624::datetime.datetime.utcnow() is deprecated and scheduled for removal in a future version. Use timezone-aware objects to represent datetimes in UTC: datetime.datetime.now(datetime.UTC).
::warning file=/home/runner/work/test-zip-extract-repository/test-zip-extract-repository/workdir/tests/invenio-indexer/original/.venv/lib/python3.14/site-packages/sqlalchemy/sql/schema.py,line=3624::datetime.datetime.utcnow() is deprecated and scheduled for removal in a future version. Use timezone-aware objects to represent datetimes in UTC: datetime.datetime.now(datetime.UTC).
::warning file=/home/runner/work/test-zip-extract-repository/test-zip-extract-repository/workdir/tests/invenio-indexer/original/.venv/lib/python3.14/site-packages/sqlalchemy/sql/schema.py,line=3624::datetime.datetime.utcnow() is deprecated and scheduled for removal in a future version. Use timezone-aware objects to represent datetimes in UTC: datetime.datetime.now(datetime.UTC).
::warning file=/home/runner/work/test-zip-extract-repository/test-zip-extract-repository/workdir/tests/invenio-indexer/original/.venv/lib/python3.14/site-packages/sqlalchemy/sql/schema.py,line=3624::datetime.datetime.utcnow() is deprecated and scheduled for removal in a future version. Use timezone-aware objects to represent datetimes in UTC: datetime.datetime.now(datetime.UTC).
::warning file=/home/runner/work/test-zip-extract-repository/test-zip-extract-repository/workdir/tests/invenio-indexer/original/.venv/lib/python3.14/site-packages/invenio_records/models.py,line=44::datetime.datetime.utcnow() is deprecated and scheduled for removal in a future version. Use timezone-aware objects to represent datetimes in UTC: datetime.datetime.now(datetime.UTC).
                                       [ 67%]
tests/test_registry.py .                                                 [ 70%]
tests/test_tasks.py ...                                                  [ 79%]
tests/test_utils.py ......                                               [ 97%]
invenio_indexer/__init__.py .::warning file=/home/runner/work/test-zip-extract-repository/test-zip-extract-repository/workdir/tests/invenio-indexer/original/.venv/lib/python3.14/site-packages/sqlalchemy/sql/schema.py,line=3624::datetime.datetime.utcnow() is deprecated and scheduled for removal in a future version. Use timezone-aware objects to represent datetimes in UTC: datetime.datetime.now(datetime.UTC).
::warning file=/home/runner/work/test-zip-extract-repository/test-zip-extract-repository/workdir/tests/invenio-indexer/original/.venv/lib/python3.14/site-packages/sqlalchemy/sql/schema.py,line=3624::datetime.datetime.utcnow() is deprecated and scheduled for removal in a future version. Use timezone-aware objects to represent datetimes in UTC: datetime.datetime.now(datetime.UTC).
::warning file=/home/runner/work/test-zip-extract-repository/test-zip-extract-repository/workdir/tests/invenio-indexer/original/.venv/lib/python3.14/site-packages/invenio_records/api.py,line=335::nested transaction already deassociated from connection
::warning file=/home/runner/work/test-zip-extract-repository/test-zip-extract-repository/workdir/tests/invenio-indexer/original/.venv/lib/python3.14/site-packages/sqlalchemy/sql/schema.py,line=3624::datetime.datetime.utcnow() is deprecated and scheduled for removal in a future version. Use timezone-aware objects to represent datetimes in UTC: datetime.datetime.now(datetime.UTC).
::warning file=/home/runner/work/test-zip-extract-repository/test-zip-extract-repository/workdir/tests/invenio-indexer/original/.venv/lib/python3.14/site-packages/sqlalchemy/sql/schema.py,line=3624::datetime.datetime.utcnow() is deprecated and scheduled for removal in a future version. Use timezone-aware objects to represent datetimes in UTC: datetime.datetime.now(datetime.UTC).
                                            [100%]

=============================== warnings summary ===============================
.venv/lib/python3.14/site-packages/invenio_records/resolver.py:14
.venv/lib/python3.14/site-packages/invenio_records/resolver.py:14
  /home/runner/work/test-zip-extract-repository/test-zip-extract-repository/workdir/tests/invenio-indexer/original/.venv/lib/python3.14/site-packages/invenio_records/resolver.py:14: DeprecationWarning: jsonschema.exceptions.RefResolutionError is deprecated as of version 4.18.0. If you wish to catch potential reference resolution errors, directly catch referencing.exceptions.Unresolvable.
    from jsonschema import RefResolutionError, RefResolver

.venv/lib/python3.14/site-packages/invenio_records/resolver.py:14
.venv/lib/python3.14/site-packages/invenio_records/resolver.py:14
  /home/runner/work/test-zip-extract-repository/test-zip-extract-repository/workdir/tests/invenio-indexer/original/.venv/lib/python3.14/site-packages/invenio_records/resolver.py:14: DeprecationWarning: jsonschema.RefResolver is deprecated as of v4.18.0, in favor of the https://github.com/python-jsonschema/referencing library, which provides more compliant referencing behavior as well as more flexible APIs for customization. A future release will remove RefResolver. Please file a feature request (on referencing) if you are missing an API for the kind of customization you need.
    from jsonschema import RefResolutionError, RefResolver

tests/test_api.py: 20 warnings
tests/test_cli.py: 8 warnings
tests/test_invenio_indexer.py: 8 warnings
invenio_indexer/__init__.py: 4 warnings
  /home/runner/work/test-zip-extract-repository/test-zip-extract-repository/workdir/tests/invenio-indexer/original/.venv/lib/python3.14/site-packages/sqlalchemy/sql/schema.py:3624: DeprecationWarning: datetime.datetime.utcnow() is deprecated and scheduled for removal in a future version. Use timezone-aware objects to represent datetimes in UTC: datetime.datetime.now(datetime.UTC).
    return util.wrap_callable(lambda ctx: fn(), fn)  # type: ignore

tests/test_api.py: 8 warnings
tests/test_cli.py: 1 warning
tests/test_invenio_indexer.py: 2 warnings
invenio_indexer/__init__.py: 1 warning
  /home/runner/work/test-zip-extract-repository/test-zip-extract-repository/workdir/tests/invenio-indexer/original/.venv/lib/python3.14/site-packages/invenio_records/api.py:335: SAWarning: nested transaction already deassociated from connection
    with db.session.begin_nested():

tests/test_api.py::test_delete_action
tests/test_cli.py::test_reindex
tests/test_invenio_indexer.py::test_index_prefixing
  /home/runner/work/test-zip-extract-repository/test-zip-extract-repository/workdir/tests/invenio-indexer/original/.venv/lib/python3.14/site-packages/invenio_records/models.py:44: DeprecationWarning: datetime.datetime.utcnow() is deprecated and scheduled for removal in a future version. Use timezone-aware objects to represent datetimes in UTC: datetime.datetime.now(datetime.UTC).
    target.updated = datetime.utcnow()

tests/test_api.py::test_delete_action
tests/test_cli.py::test_reindex
  /home/runner/work/test-zip-extract-repository/test-zip-extract-repository/workdir/tests/invenio-indexer/original/.venv/lib/python3.14/site-packages/invenio_records/api.py:496: SAWarning: nested transaction already deassociated from connection
    with db.session.begin_nested():

tests/test_cli.py::test_reindex
tests/test_cli.py::test_reindex
  /home/runner/work/test-zip-extract-repository/test-zip-extract-repository/workdir/tests/invenio-indexer/original/invenio_indexer/cli.py:118: SADeprecationWarning: Query.values() is deprecated and will be removed in a future release.  Please use Query.with_entities() (deprecated since: 1.4)
    .values(PersistentIdentifier.object_uuid)

-- Docs: https://docs.pytest.org/en/stable/how-to/capture-warnings.html
================================ tests coverage ================================
_______________ coverage: platform linux, python 3.14.2-final-0 ________________

Name                          Stmts   Miss  Cover   Missing
-----------------------------------------------------------
invenio_indexer/__init__.py       4      0   100%
invenio_indexer/api.py          179     22    88%   106, 116, 118-127, 159, 195-200, 238-247, 261-262, 398-399, 459
invenio_indexer/cli.py           82      3    96%   26, 35, 82
invenio_indexer/config.py        21      0   100%
invenio_indexer/ext.py           26      0   100%
invenio_indexer/proxies.py        7      0   100%
invenio_indexer/registry.py      16      0   100%
invenio_indexer/signals.py       16      0   100%
invenio_indexer/tasks.py         21      3    86%   29, 44, 59
invenio_indexer/utils.py         26      0   100%
-----------------------------------------------------------
TOTAL                           398     28    93%
======================= 34 passed, 63 warnings in 2.91s ========================
/home/runner/work/test-zip-extract-repository/test-zip-extract-repository/workdir/tests/invenio-indexer/original/.venv/lib/python3.14/site-packages/_pytest/unraisableexception.py:33: ResourceWarning: unclosed database in <sqlite3.Connection object at 0x7f31fe3f58a0>
  gc.collect()
ResourceWarning: Enable tracemalloc to get the object allocation traceback
/home/runner/work/test-zip-extract-repository/test-zip-extract-repository/workdir/tests/invenio-indexer/original/.venv/lib/python3.14/site-packages/_pytest/unraisableexception.py:33: ResourceWarning: unclosed database in <sqlite3.Connection object at 0x7f31fe4366b0>
  gc.collect()
ResourceWarning: Enable tracemalloc to get the object allocation traceback
/home/runner/work/test-zip-extract-repository/test-zip-extract-repository/workdir/tests/invenio-indexer/original/.venv/lib/python3.14/site-packages/_pytest/unraisableexception.py:33: ResourceWarning: unclosed database in <sqlite3.Connection object at 0x7f31fe341a80>
  gc.collect()
ResourceWarning: Enable tracemalloc to get the object allocation traceback
/home/runner/work/test-zip-extract-repository/test-zip-extract-repository/workdir/tests/invenio-indexer/original/.venv/lib/python3.14/site-packages/_pytest/unraisableexception.py:33: ResourceWarning: unclosed database in <sqlite3.Connection object at 0x7f31fe340400>
  gc.collect()
ResourceWarning: Enable tracemalloc to get the object allocation traceback
/home/runner/work/test-zip-extract-repository/test-zip-extract-repository/workdir/tests/invenio-indexer/original/.venv/lib/python3.14/site-packages/_pytest/unraisableexception.py:33: ResourceWarning: unclosed database in <sqlite3.Connection object at 0x7f31fe3f4d60>
  gc.collect()
ResourceWarning: Enable tracemalloc to get the object allocation traceback
/home/runner/work/test-zip-extract-repository/test-zip-extract-repository/workdir/tests/invenio-indexer/original/.venv/lib/python3.14/site-packages/_pytest/unraisableexception.py:33: ResourceWarning: unclosed database in <sqlite3.Connection object at 0x7f31fe39de40>
  gc.collect()
ResourceWarning: Enable tracemalloc to get the object allocation traceback
/home/runner/work/test-zip-extract-repository/test-zip-extract-repository/workdir/tests/invenio-indexer/original/.venv/lib/python3.14/site-packages/_pytest/unraisableexception.py:33: ResourceWarning: unclosed database in <sqlite3.Connection object at 0x7f31fe19a4d0>
  gc.collect()
ResourceWarning: Enable tracemalloc to get the object allocation traceback
/home/runner/work/test-zip-extract-repository/test-zip-extract-repository/workdir/tests/invenio-indexer/original/.venv/lib/python3.14/site-packages/_pytest/unraisableexception.py:33: ResourceWarning: unclosed database in <sqlite3.Connection object at 0x7f31fe19bd30>
  gc.collect()
ResourceWarning: Enable tracemalloc to get the object allocation traceback
/home/runner/work/test-zip-extract-repository/test-zip-extract-repository/workdir/tests/invenio-indexer/original/.venv/lib/python3.14/site-packages/_pytest/unraisableexception.py:33: ResourceWarning: unclosed database in <sqlite3.Connection object at 0x7f31fe370d60>
  gc.collect()
ResourceWarning: Enable tracemalloc to get the object allocation traceback
/home/runner/work/test-zip-extract-repository/test-zip-extract-repository/workdir/tests/invenio-indexer/original/.venv/lib/python3.14/site-packages/_pytest/unraisableexception.py:33: ResourceWarning: unclosed database in <sqlite3.Connection object at 0x7f31fe435210>
  gc.collect()
ResourceWarning: Enable tracemalloc to get the object allocation traceback
/home/runner/work/test-zip-extract-repository/test-zip-extract-repository/workdir/tests/invenio-indexer/original/.venv/lib/python3.14/site-packages/_pytest/unraisableexception.py:33: ResourceWarning: unclosed database in <sqlite3.Connection object at 0x7f31fe198d60>
  gc.collect()
ResourceWarning: Enable tracemalloc to get the object allocation traceback
/home/runner/work/test-zip-extract-repository/test-zip-extract-repository/workdir/tests/invenio-indexer/original/.venv/lib/python3.14/site-packages/_pytest/unraisableexception.py:33: ResourceWarning: unclosed database in <sqlite3.Connection object at 0x7f31fe25ab60>
  gc.collect()
ResourceWarning: Enable tracemalloc to get the object allocation traceback
/home/runner/work/test-zip-extract-repository/test-zip-extract-repository/workdir/tests/invenio-indexer/original/.venv/lib/python3.14/site-packages/_pytest/unraisableexception.py:33: ResourceWarning: unclosed database in <sqlite3.Connection object at 0x7f31fe437880>
  gc.collect()
ResourceWarning: Enable tracemalloc to get the object allocation traceback
/home/runner/work/test-zip-extract-repository/test-zip-extract-repository/workdir/tests/invenio-indexer/original/.venv/lib/python3.14/site-packages/_pytest/unraisableexception.py:33: ResourceWarning: unclosed database in <sqlite3.Connection object at 0x7f31fe664220>
  gc.collect()
ResourceWarning: Enable tracemalloc to get the object allocation traceback
/home/runner/work/test-zip-extract-repository/test-zip-extract-repository/workdir/tests/invenio-indexer/original/.venv/lib/python3.14/site-packages/_pytest/unraisableexception.py:33: ResourceWarning: unclosed database in <sqlite3.Connection object at 0x7f31fe1984f0>
  gc.collect()
ResourceWarning: Enable tracemalloc to get the object allocation traceback
/home/runner/work/test-zip-extract-repository/test-zip-extract-repository/workdir/tests/invenio-indexer/original/.venv/lib/python3.14/site-packages/_pytest/unraisableexception.py:33: ResourceWarning: unclosed database in <sqlite3.Connection object at 0x7f31fe13df30>
  gc.collect()
ResourceWarning: Enable tracemalloc to get the object allocation traceback
/home/runner/work/test-zip-extract-repository/test-zip-extract-repository/workdir/tests/invenio-indexer/original/.venv/lib/python3.14/site-packages/_pytest/unraisableexception.py:33: ResourceWarning: unclosed database in <sqlite3.Connection object at 0x7f31fdf9af20>
  gc.collect()
ResourceWarning: Enable tracemalloc to get the object allocation traceback
/home/runner/work/test-zip-extract-repository/test-zip-extract-repository/workdir/tests/invenio-indexer/original/.venv/lib/python3.14/site-packages/_pytest/unraisableexception.py:33: ResourceWarning: unclosed database in <sqlite3.Connection object at 0x7f31fe0124d0>
  gc.collect()
ResourceWarning: Enable tracemalloc to get the object allocation traceback
/home/runner/work/test-zip-extract-repository/test-zip-extract-repository/workdir/tests/invenio-indexer/original/.venv/lib/python3.14/site-packages/_pytest/unraisableexception.py:33: ResourceWarning: unclosed database in <sqlite3.Connection object at 0x7f31fe013d30>
  gc.collect()
ResourceWarning: Enable tracemalloc to get the object allocation traceback
/home/runner/work/test-zip-extract-repository/test-zip-extract-repository/workdir/tests/invenio-indexer/original/.venv/lib/python3.14/site-packages/_pytest/unraisableexception.py:33: ResourceWarning: unclosed database in <sqlite3.Connection object at 0x7f31fdea1d50>
  gc.collect()
ResourceWarning: Enable tracemalloc to get the object allocation traceback
/home/runner/work/test-zip-extract-repository/test-zip-extract-repository/workdir/tests/invenio-indexer/original/.venv/lib/python3.14/site-packages/_pytest/unraisableexception.py:33: ResourceWarning: unclosed database in <sqlite3.Connection object at 0x7f31fdea3880>
  gc.collect()
ResourceWarning: Enable tracemalloc to get the object allocation traceback
/home/runner/work/test-zip-extract-repository/test-zip-extract-repository/workdir/tests/invenio-indexer/original/.venv/lib/python3.14/site-packages/_pytest/unraisableexception.py:33: ResourceWarning: unclosed database in <sqlite3.Connection object at 0x7f31fdee94e0>
  gc.collect()
ResourceWarning: Enable tracemalloc to get the object allocation traceback
/home/runner/work/test-zip-extract-repository/test-zip-extract-repository/workdir/tests/invenio-indexer/original/.venv/lib/python3.14/site-packages/_pytest/unraisableexception.py:33: ResourceWarning: unclosed database in <sqlite3.Connection object at 0x7f31fdeeb100>
  gc.collect()
ResourceWarning: Enable tracemalloc to get the object allocation traceback
/home/runner/work/test-zip-extract-repository/test-zip-extract-repository/workdir/tests/invenio-indexer/original/.venv/lib/python3.14/site-packages/_pytest/unraisableexception.py:33: ResourceWarning: unclosed database in <sqlite3.Connection object at 0x7f31fdf28d60>
  gc.collect()
ResourceWarning: Enable tracemalloc to get the object allocation traceback
/home/runner/work/test-zip-extract-repository/test-zip-extract-repository/workdir/tests/invenio-indexer/original/.venv/lib/python3.14/site-packages/_pytest/unraisableexception.py:33: ResourceWarning: unclosed database in <sqlite3.Connection object at 0x7f31fdf2a980>
  gc.collect()
ResourceWarning: Enable tracemalloc to get the object allocation traceback
/home/runner/work/test-zip-extract-repository/test-zip-extract-repository/workdir/tests/invenio-indexer/original/.venv/lib/python3.14/site-packages/_pytest/unraisableexception.py:33: ResourceWarning: unclosed database in <sqlite3.Connection object at 0x7f31fdd64310>
  gc.collect()
ResourceWarning: Enable tracemalloc to get the object allocation traceback
/home/runner/work/test-zip-extract-repository/test-zip-extract-repository/workdir/tests/invenio-indexer/original/.venv/lib/python3.14/site-packages/_pytest/unraisableexception.py:33: ResourceWarning: unclosed database in <sqlite3.Connection object at 0x7f31fdd66200>
  gc.collect()
ResourceWarning: Enable tracemalloc to get the object allocation traceback
/home/runner/work/test-zip-extract-repository/test-zip-extract-repository/workdir/tests/invenio-indexer/original/.venv/lib/python3.14/site-packages/_pytest/unraisableexception.py:33: ResourceWarning: unclosed database in <sqlite3.Connection object at 0x7f31fdd67e20>
  gc.collect()
ResourceWarning: Enable tracemalloc to get the object allocation traceback
 Container docker_services_cli-rabbitmq-1  Stopping
 Container docker_services_cli-opensearch-1  Stopping
 Container docker_services_cli-redis-1  Stopping
 Container docker_services_cli-redis-1  Stopped
 Container docker_services_cli-redis-1  Removing
 Container docker_services_cli-redis-1  Removed
 Container docker_services_cli-opensearch-1  Stopped
 Container docker_services_cli-opensearch-1  Removing
 Container docker_services_cli-opensearch-1  Removed
 Container docker_services_cli-rabbitmq-1  Stopped
 Container docker_services_cli-rabbitmq-1  Removing
 Container docker_services_cli-rabbitmq-1  Removed
 Network docker_services_cli_default  Removing
 Network docker_services_cli_default  Removed
