 rabbitmq Pulling 
 redis Pulling 
 opensearch Pulling 
 2e81b9cb93cd Pulling fs layer 
 f9dd052e142d Pulling fs layer 
 eb77aa907276 Pulling fs layer 
 e8c6d4883897 Pulling fs layer 
 648eb81b3252 Pulling fs layer 
 4f4fb700ef54 Pulling fs layer 
 0ffa8f8aba1e Pulling fs layer 
 c5761dea9b0e Pulling fs layer 
 47a60771af96 Pulling fs layer 
 22dca8215bc4 Pulling fs layer 
 7b28be0c8c4d Pulling fs layer 
 4f4fb700ef54 Pulling fs layer 
 edcaff0d5e7e Pulling fs layer 
 bbf018d6d4b8 Pulling fs layer 
 4831516dd0cb Pulling fs layer 
 d686b50ce172 Pulling fs layer 
 f4e7f62f4b80 Pulling fs layer 
 efa05c660812 Pulling fs layer 
 5e1c03b67a78 Pulling fs layer 
 14e6209d5fa8 Pulling fs layer 
 d63c4408fdb7 Pulling fs layer 
 20043066d3d5 Pulling fs layer 
 3fadc669ef11 Pulling fs layer 
 7084ac8f4ab6 Pulling fs layer 
 beb0d870d438 Pulling fs layer 
 4f4fb700ef54 Already exists 
 4f4fb700ef54 Already exists 
 4831516dd0cb Downloading [>                                                  ]  274.4kB/28.23MB
 eb77aa907276 Downloading [>                                                  ]  2.097MB/907.7MB
 e8c6d4883897 Downloading [=======================>                           ]  2.097MB/4.398MB
 648eb81b3252 Downloading [==================================================>]  1.561kB/1.561kB
 0ffa8f8aba1e Downloading [==================================================>]     226B/226B
 2e81b9cb93cd Downloading [==================================================>]  1.859kB/1.859kB
 f9dd052e142d Downloading [==>                                                ]  2.097MB/52.33MB
 bbf018d6d4b8 Download complete 
 c5761dea9b0e Downloading [==================================================>]     573B/573B
 edcaff0d5e7e Downloading [==================================================>]  1.438MB/1.438MB
 4831516dd0cb Downloading [=====>                                             ]  3.146MB/28.23MB
 47a60771af96 Downloading [==================================================>]  1.105kB/1.105kB
 22dca8215bc4 Downloading [======>                                            ]  2.097MB/15.35MB
 7b28be0c8c4d Downloading [==================================================>]     874B/874B
 d63c4408fdb7 Downloading [==>                                                ]  1.049MB/21.31MB
 20043066d3d5 Downloading [===>                                               ]  2.097MB/29.72MB
 3fadc669ef11 Downloading [=>                                                 ]  1.049MB/43.48MB
 0ffa8f8aba1e Download complete 
 f4e7f62f4b80 Download complete 
 c5761dea9b0e Download complete 
 edcaff0d5e7e Download complete 
 4831516dd0cb Downloading [====================>                              ]  11.53MB/28.23MB
 2e81b9cb93cd Download complete 
 f9dd052e142d Downloading [==========>                                        ]  10.49MB/52.33MB
 eb77aa907276 Downloading [>                                                  ]  10.49MB/907.7MB
 efa05c660812 Download complete 
 47a60771af96 Download complete 
 22dca8215bc4 Downloading [===========================>                       ]  8.389MB/15.35MB
 5e1c03b67a78 Download complete 
 e8c6d4883897 Download complete 
 7b28be0c8c4d Download complete 
 beb0d870d438 Download complete 
 14e6209d5fa8 Download complete 
 648eb81b3252 Download complete 
 f9dd052e142d Downloading [================>                                  ]  16.78MB/52.33MB
 eb77aa907276 Downloading [>                                                  ]  16.78MB/907.7MB
 22dca8215bc4 Downloading [============================================>      ]  13.63MB/15.35MB
 c4cc93acbec6 Downloading [==================================================>]  2.377MB/2.377MB
 7ec4c696b8bb Download complete 
 16ef6b12768c Download complete 
 d686b50ce172 Downloading [================>                                  ]  4.194MB/12.47MB
 d63c4408fdb7 Downloading [============>                                      ]  5.243MB/21.31MB
 20043066d3d5 Downloading [============>                                      ]   7.34MB/29.72MB
 3fadc669ef11 Downloading [========>                                          ]   7.34MB/43.48MB
 7084ac8f4ab6 Downloading [======================>                            ]  3.346MB/7.468MB
 e7da101a9486 Download complete 
 4831516dd0cb Downloading [===============================>                   ]  17.83MB/28.23MB
 4831516dd0cb Downloading [==============================================>    ]  26.21MB/28.23MB
 d686b50ce172 Downloading [==================================================>]  12.47MB/12.47MB
 d63c4408fdb7 Downloading [===========================>                       ]  11.53MB/21.31MB
 20043066d3d5 Downloading [======================>                            ]  13.63MB/29.72MB
 3fadc669ef11 Downloading [================>                                  ]  14.68MB/43.48MB
 f9dd052e142d Downloading [=========================>                         ]  26.21MB/52.33MB
 eb77aa907276 Downloading [=>                                                 ]  24.12MB/907.7MB
 7084ac8f4ab6 Download complete 
 22dca8215bc4 Download complete 
 c4cc93acbec6 Download complete 
 f9dd052e142d Downloading [==================================>                ]  35.65MB/52.33MB
 eb77aa907276 Downloading [=>                                                 ]  32.51MB/907.7MB
 d686b50ce172 Download complete 
 d63c4408fdb7 Downloading [==============================================>    ]  19.92MB/21.31MB
 20043066d3d5 Downloading [=================================>                 ]  19.92MB/29.72MB
 4831516dd0cb Download complete 
 3fadc669ef11 Downloading [=========================>                         ]  21.96MB/43.48MB
 4831516dd0cb Extracting 1 s
 f9dd052e142d Downloading [==============================================>    ]  48.23MB/52.33MB
 eb77aa907276 Downloading [==>                                                ]  37.75MB/907.7MB
 d63c4408fdb7 Download complete 
 20043066d3d5 Downloading [========================================>          ]  24.12MB/29.72MB
 3fadc669ef11 Downloading [================================>                  ]  28.31MB/43.48MB
 4831516dd0cb Extracting 1 s
 20043066d3d5 Downloading [=================================================> ]  29.36MB/29.72MB
 3fadc669ef11 Downloading [=======================================>           ]   34.6MB/43.48MB
 f9dd052e142d Download complete 
 eb77aa907276 Downloading [==>                                                ]  41.94MB/907.7MB
 f9dd052e142d Extracting 1 s
 4831516dd0cb Extracting 1 s
 eb77aa907276 Downloading [==>                                                ]  46.14MB/907.7MB
 20043066d3d5 Download complete 
 3fadc669ef11 Downloading [==================================================>]  43.48MB/43.48MB
 f9dd052e142d Extracting 1 s
 4831516dd0cb Extracting 1 s
 20043066d3d5 Extracting 1 s
 eb77aa907276 Downloading [==>                                                ]  49.28MB/907.7MB
 3fadc669ef11 Download complete 
 f9dd052e142d Extracting 1 s
 4831516dd0cb Extracting 1 s
 20043066d3d5 Extracting 1 s
 eb77aa907276 Downloading [==>                                                ]  53.48MB/907.7MB
 f9dd052e142d Extracting 1 s
 20043066d3d5 Extracting 1 s
 4831516dd0cb Extracting 1 s
 eb77aa907276 Downloading [===>                                               ]  56.62MB/907.7MB
 f9dd052e142d Extracting 1 s
 4831516dd0cb Extracting 1 s
 20043066d3d5 Extracting 1 s
 eb77aa907276 Downloading [===>                                               ]  59.77MB/907.7MB
 f9dd052e142d Extracting 1 s
 20043066d3d5 Extracting 1 s
 4831516dd0cb Extracting 1 s
 eb77aa907276 Downloading [===>                                               ]  65.01MB/907.7MB
 20043066d3d5 Extracting 1 s
 4831516dd0cb Extracting 1 s
 f9dd052e142d Extracting 1 s
 eb77aa907276 Downloading [===>                                               ]  67.11MB/907.7MB
 f9dd052e142d Extracting 1 s
 4831516dd0cb Extracting 1 s
 20043066d3d5 Extracting 1 s
 eb77aa907276 Downloading [===>                                               ]  69.21MB/907.7MB
 f9dd052e142d Extracting 1 s
 20043066d3d5 Extracting 1 s
 4831516dd0cb Extracting 1 s
 eb77aa907276 Downloading [===>                                               ]  72.35MB/907.7MB
 f9dd052e142d Extracting 1 s
 20043066d3d5 Extracting 1 s
 4831516dd0cb Extracting 2 s
 eb77aa907276 Downloading [====>                                              ]  77.59MB/907.7MB
 f9dd052e142d Extracting 2 s
 4831516dd0cb Extracting 2 s
 20043066d3d5 Extracting 1 s
 eb77aa907276 Downloading [====>                                              ]  81.79MB/907.7MB
 f9dd052e142d Extracting 2 s
 4831516dd0cb Extracting 2 s
 20043066d3d5 Extracting 2 s
 eb77aa907276 Downloading [====>                                              ]  84.93MB/907.7MB
 edcaff0d5e7e Extracting 1 s
 47a60771af96 Pull complete 
 7b28be0c8c4d Pull complete 
 f9dd052e142d Extracting 2 s
 20043066d3d5 Extracting 2 s
 4831516dd0cb Pull complete 
 eb77aa907276 Downloading [====>                                              ]  87.03MB/907.7MB
 edcaff0d5e7e Pull complete 
 22dca8215bc4 Extracting 1 s
 f9dd052e142d Extracting 2 s
 20043066d3d5 Pull complete 
 3fadc669ef11 Extracting 1 s
 eb77aa907276 Downloading [====>                                              ]  89.13MB/907.7MB
 22dca8215bc4 Extracting 1 s
 f9dd052e142d Extracting 2 s
 3fadc669ef11 Extracting 1 s
 eb77aa907276 Downloading [=====>                                             ]  93.32MB/907.7MB
 f9dd052e142d Extracting 2 s
 22dca8215bc4 Extracting 1 s
 3fadc669ef11 Extracting 1 s
 eb77aa907276 Downloading [=====>                                             ]  100.7MB/907.7MB
 bbf018d6d4b8 Pull complete 
 22dca8215bc4 Pull complete 
 f9dd052e142d Extracting 2 s
 3fadc669ef11 Extracting 1 s
 4f4fb700ef54 Pull complete 
 c5761dea9b0e Pull complete 
 redis Pulled 
 eb77aa907276 Downloading [=====>                                             ]  105.9MB/907.7MB
 f9dd052e142d Extracting 2 s
 3fadc669ef11 Extracting 1 s
 eb77aa907276 Downloading [======>                                            ]  110.1MB/907.7MB
 f9dd052e142d Extracting 2 s
 3fadc669ef11 Extracting 1 s
 eb77aa907276 Downloading [======>                                            ]  111.1MB/907.7MB
 f9dd052e142d Extracting 2 s
 3fadc669ef11 Extracting 1 s
 eb77aa907276 Downloading [======>                                            ]  114.3MB/907.7MB
 7084ac8f4ab6 Extracting 1 s
 f9dd052e142d Extracting 2 s
 3fadc669ef11 Pull complete 
 eb77aa907276 Downloading [======>                                            ]  117.4MB/907.7MB
 f9dd052e142d Extracting 3 s
 7084ac8f4ab6 Extracting 1 s
 eb77aa907276 Downloading [======>                                            ]  118.7MB/907.7MB
 7084ac8f4ab6 Pull complete 
 f9dd052e142d Extracting 3 s
 eb77aa907276 Downloading [======>                                            ]  122.7MB/907.7MB
 beb0d870d438 Pull complete 
 d63c4408fdb7 Extracting 1 s
 f9dd052e142d Extracting 3 s
 eb77aa907276 Downloading [======>                                            ]  126.9MB/907.7MB
 f9dd052e142d Extracting 3 s
 d63c4408fdb7 Extracting 1 s
 eb77aa907276 Downloading [=======>                                           ]  131.1MB/907.7MB
 e8c6d4883897 Extracting 1 s
 f9dd052e142d Pull complete 
 d63c4408fdb7 Extracting 1 s
 eb77aa907276 Downloading [=======>                                           ]  134.2MB/907.7MB
 e8c6d4883897 Extracting 1 s
 d63c4408fdb7 Extracting 1 s
 eb77aa907276 Downloading [=======>                                           ]  137.4MB/907.7MB
 e8c6d4883897 Pull complete 
 648eb81b3252 Pull complete 
 d63c4408fdb7 Extracting 1 s
 eb77aa907276 Downloading [=======>                                           ]  140.5MB/907.7MB
 d63c4408fdb7 Extracting 1 s
 eb77aa907276 Downloading [=======>                                           ]  144.7MB/907.7MB
 f4e7f62f4b80 Pull complete 
 efa05c660812 Pull complete 
 5e1c03b67a78 Pull complete 
 14e6209d5fa8 Pull complete 
 d686b50ce172 Extracting 1 s
 d63c4408fdb7 Pull complete 
 eb77aa907276 Downloading [========>                                          ]  149.9MB/907.7MB
 d686b50ce172 Extracting 1 s
 eb77aa907276 Downloading [========>                                          ]    152MB/907.7MB
 d686b50ce172 Extracting 1 s
 eb77aa907276 Downloading [========>                                          ]  154.1MB/907.7MB
 d686b50ce172 Extracting 1 s
 d686b50ce172 Pull complete 
 rabbitmq Pulled 
 eb77aa907276 Downloading [========>                                          ]  158.3MB/907.7MB
 eb77aa907276 Downloading [=========>                                         ]  163.6MB/907.7MB
 eb77aa907276 Downloading [=========>                                         ]  165.7MB/907.7MB
 eb77aa907276 Downloading [=========>                                         ]    172MB/907.7MB
 eb77aa907276 Downloading [=========>                                         ]  177.2MB/907.7MB
 eb77aa907276 Downloading [=========>                                         ]  180.4MB/907.7MB
 eb77aa907276 Downloading [=========>                                         ]  181.4MB/907.7MB
 eb77aa907276 Downloading [==========>                                        ]  184.5MB/907.7MB
 eb77aa907276 Downloading [==========>                                        ]  187.7MB/907.7MB
 eb77aa907276 Downloading [==========>                                        ]  189.8MB/907.7MB
 eb77aa907276 Downloading [==========>                                        ]  191.9MB/907.7MB
 eb77aa907276 Downloading [==========>                                        ]  192.9MB/907.7MB
 eb77aa907276 Downloading [==========>                                        ]    194MB/907.7MB
 eb77aa907276 Downloading [==========>                                        ]  196.1MB/907.7MB
 eb77aa907276 Downloading [==========>                                        ]  198.2MB/907.7MB
 eb77aa907276 Downloading [===========>                                       ]  200.3MB/907.7MB
 eb77aa907276 Downloading [===========>                                       ]  201.3MB/907.7MB
 eb77aa907276 Downloading [===========>                                       ]  204.5MB/907.7MB
 eb77aa907276 Downloading [===========>                                       ]  207.6MB/907.7MB
 eb77aa907276 Downloading [===========>                                       ]  208.7MB/907.7MB
 eb77aa907276 Downloading [===========>                                       ]  209.7MB/907.7MB
 eb77aa907276 Downloading [===========>                                       ]  212.9MB/907.7MB
 eb77aa907276 Downloading [===========>                                       ]  217.1MB/907.7MB
 eb77aa907276 Downloading [============>                                      ]  223.3MB/907.7MB
 eb77aa907276 Downloading [============>                                      ]  231.7MB/907.7MB
 eb77aa907276 Downloading [=============>                                     ]  239.1MB/907.7MB
 eb77aa907276 Downloading [=============>                                     ]  248.1MB/907.7MB
 eb77aa907276 Downloading [==============>                                    ]  254.8MB/907.7MB
 eb77aa907276 Downloading [==============>                                    ]  261.1MB/907.7MB
 eb77aa907276 Downloading [==============>                                    ]  265.3MB/907.7MB
 eb77aa907276 Downloading [==============>                                    ]  269.5MB/907.7MB
 eb77aa907276 Downloading [===============>                                   ]  272.6MB/907.7MB
 eb77aa907276 Downloading [===============>                                   ]  276.8MB/907.7MB
 eb77aa907276 Downloading [===============>                                   ]    281MB/907.7MB
 eb77aa907276 Downloading [===============>                                   ]  286.3MB/907.7MB
 eb77aa907276 Downloading [================>                                  ]  291.5MB/907.7MB
 eb77aa907276 Downloading [================>                                  ]  300.9MB/907.7MB
 eb77aa907276 Downloading [=================>                                 ]  311.4MB/907.7MB
 eb77aa907276 Downloading [=================>                                 ]  321.9MB/907.7MB
 eb77aa907276 Downloading [==================>                                ]  328.2MB/907.7MB
 eb77aa907276 Downloading [==================>                                ]  335.5MB/907.7MB
 eb77aa907276 Downloading [==================>                                ]  341.8MB/907.7MB
 eb77aa907276 Downloading [===================>                               ]    346MB/907.7MB
 eb77aa907276 Downloading [===================>                               ]  352.3MB/907.7MB
 eb77aa907276 Downloading [===================>                               ]  356.5MB/907.7MB
 eb77aa907276 Downloading [===================>                               ]  357.6MB/907.7MB
 eb77aa907276 Downloading [===================>                               ]  359.7MB/907.7MB
 eb77aa907276 Downloading [====================>                              ]  370.1MB/907.7MB
 eb77aa907276 Downloading [====================>                              ]  375.4MB/907.7MB
 eb77aa907276 Downloading [=====================>                             ]  385.9MB/907.7MB
 eb77aa907276 Downloading [=====================>                             ]  391.1MB/907.7MB
 eb77aa907276 Downloading [=====================>                             ]  394.3MB/907.7MB
 eb77aa907276 Downloading [=====================>                             ]  397.4MB/907.7MB
 eb77aa907276 Downloading [======================>                            ]  399.5MB/907.7MB
 eb77aa907276 Downloading [======================>                            ]  403.7MB/907.7MB
 eb77aa907276 Downloading [======================>                            ]  408.9MB/907.7MB
 eb77aa907276 Downloading [======================>                            ]  415.2MB/907.7MB
 eb77aa907276 Downloading [=======================>                           ]  420.5MB/907.7MB
 eb77aa907276 Downloading [=======================>                           ]  422.6MB/907.7MB
 eb77aa907276 Downloading [=======================>                           ]  426.8MB/907.7MB
 eb77aa907276 Downloading [=======================>                           ]  427.8MB/907.7MB
 eb77aa907276 Downloading [=======================>                           ]    431MB/907.7MB
 eb77aa907276 Downloading [=======================>                           ]  433.1MB/907.7MB
 eb77aa907276 Downloading [=======================>                           ]  434.1MB/907.7MB
 eb77aa907276 Downloading [========================>                          ]  442.5MB/907.7MB
 eb77aa907276 Downloading [========================>                          ]  445.6MB/907.7MB
 eb77aa907276 Downloading [========================>                          ]  449.8MB/907.7MB
 eb77aa907276 Downloading [=========================>                         ]  454.1MB/907.7MB
 eb77aa907276 Downloading [=========================>                         ]  459.3MB/907.7MB
 eb77aa907276 Downloading [=========================>                         ]  463.5MB/907.7MB
 eb77aa907276 Downloading [=========================>                         ]  466.6MB/907.7MB
 eb77aa907276 Downloading [==========================>                        ]  472.9MB/907.7MB
 eb77aa907276 Downloading [==========================>                        ]  479.2MB/907.7MB
 eb77aa907276 Downloading [==========================>                        ]  488.6MB/907.7MB
 eb77aa907276 Downloading [===========================>                       ]  498.1MB/907.7MB
 eb77aa907276 Downloading [===========================>                       ]  502.3MB/907.7MB
 eb77aa907276 Downloading [===========================>                       ]  507.5MB/907.7MB
 eb77aa907276 Downloading [============================>                      ]  511.7MB/907.7MB
 eb77aa907276 Downloading [============================>                      ]    518MB/907.7MB
 eb77aa907276 Downloading [============================>                      ]  523.2MB/907.7MB
 eb77aa907276 Downloading [============================>                      ]  525.3MB/907.7MB
 eb77aa907276 Downloading [=============================>                     ]  528.5MB/907.7MB
 eb77aa907276 Downloading [=============================>                     ]  530.6MB/907.7MB
 eb77aa907276 Downloading [=============================>                     ]  536.9MB/907.7MB
 eb77aa907276 Downloading [=============================>                     ]    540MB/907.7MB
 eb77aa907276 Downloading [=============================>                     ]  543.2MB/907.7MB
 eb77aa907276 Downloading [==============================>                    ]  548.4MB/907.7MB
 eb77aa907276 Downloading [==============================>                    ]  550.5MB/907.7MB
 eb77aa907276 Downloading [==============================>                    ]  553.6MB/907.7MB
 eb77aa907276 Downloading [==============================>                    ]  556.8MB/907.7MB
 eb77aa907276 Downloading [==============================>                    ]  557.8MB/907.7MB
 eb77aa907276 Downloading [==============================>                    ]  558.9MB/907.7MB
 eb77aa907276 Downloading [==============================>                    ]    561MB/907.7MB
 eb77aa907276 Downloading [===============================>                   ]  563.1MB/907.7MB
 eb77aa907276 Downloading [===============================>                   ]  566.2MB/907.7MB
 eb77aa907276 Downloading [===============================>                   ]  569.4MB/907.7MB
 eb77aa907276 Downloading [===============================>                   ]  572.5MB/907.7MB
 eb77aa907276 Downloading [===============================>                   ]  574.6MB/907.7MB
 eb77aa907276 Downloading [===============================>                   ]  575.7MB/907.7MB
 eb77aa907276 Downloading [===============================>                   ]  575.7MB/907.7MB
 eb77aa907276 Downloading [================================>                  ]  582.8MB/907.7MB
 eb77aa907276 Downloading [================================>                  ]  585.1MB/907.7MB
 eb77aa907276 Downloading [================================>                  ]  589.3MB/907.7MB
 eb77aa907276 Downloading [================================>                  ]  594.5MB/907.7MB
 eb77aa907276 Downloading [================================>                  ]  596.6MB/907.7MB
 eb77aa907276 Downloading [=================================>                 ]  602.9MB/907.7MB
 eb77aa907276 Downloading [=================================>                 ]  611.3MB/907.7MB
 eb77aa907276 Downloading [==================================>                ]  620.8MB/907.7MB
 eb77aa907276 Downloading [==================================>                ]  630.2MB/907.7MB
 eb77aa907276 Downloading [===================================>               ]  639.6MB/907.7MB
 eb77aa907276 Downloading [===================================>               ]    647MB/907.7MB
 eb77aa907276 Downloading [====================================>              ]  657.5MB/907.7MB
 eb77aa907276 Downloading [====================================>              ]  665.8MB/907.7MB
 eb77aa907276 Downloading [=====================================>             ]  673.2MB/907.7MB
 eb77aa907276 Downloading [=====================================>             ]  677.4MB/907.7MB
 eb77aa907276 Downloading [=====================================>             ]  683.7MB/907.7MB
 eb77aa907276 Downloading [======================================>            ]    690MB/907.7MB
 eb77aa907276 Downloading [======================================>            ]  692.1MB/907.7MB
 eb77aa907276 Downloading [======================================>            ]  694.2MB/907.7MB
 eb77aa907276 Downloading [======================================>            ]  701.5MB/907.7MB
 eb77aa907276 Downloading [=======================================>           ]  709.9MB/907.7MB
 eb77aa907276 Downloading [=======================================>           ]  717.2MB/907.7MB
 eb77aa907276 Downloading [========================================>          ]  727.7MB/907.7MB
 eb77aa907276 Downloading [========================================>          ]  741.3MB/907.7MB
 eb77aa907276 Downloading [=========================================>         ]  747.6MB/907.7MB
 eb77aa907276 Downloading [=========================================>         ]  750.8MB/907.7MB
 eb77aa907276 Downloading [=========================================>         ]    756MB/907.7MB
 eb77aa907276 Downloading [==========================================>        ]  763.5MB/907.7MB
 eb77aa907276 Downloading [==========================================>        ]  774.9MB/907.7MB
 eb77aa907276 Downloading [===========================================>       ]  787.5MB/907.7MB
 eb77aa907276 Downloading [===========================================>       ]  796.9MB/907.7MB
 eb77aa907276 Downloading [============================================>      ]  806.4MB/907.7MB
 eb77aa907276 Downloading [============================================>      ]  813.7MB/907.7MB
 eb77aa907276 Downloading [=============================================>     ]    821MB/907.7MB
 eb77aa907276 Downloading [=============================================>     ]  825.2MB/907.7MB
 eb77aa907276 Downloading [=============================================>     ]  830.5MB/907.7MB
 eb77aa907276 Downloading [==============================================>    ]  836.8MB/907.7MB
 eb77aa907276 Downloading [==============================================>    ]  844.1MB/907.7MB
 eb77aa907276 Downloading [==============================================>    ]  851.4MB/907.7MB
 eb77aa907276 Downloading [===============================================>   ]  859.8MB/907.7MB
 eb77aa907276 Downloading [===============================================>   ]  867.2MB/907.7MB
 eb77aa907276 Downloading [================================================>  ]  877.7MB/907.7MB
 eb77aa907276 Downloading [================================================>  ]  889.2MB/907.7MB
 eb77aa907276 Downloading [=================================================> ]  903.9MB/907.7MB
 eb77aa907276 Downloading [==================================================>]  907.7MB/907.7MB
 eb77aa907276 Downloading [==================================================>]  907.7MB/907.7MB
 eb77aa907276 Downloading [==================================================>]  907.7MB/907.7MB
 eb77aa907276 Downloading [==================================================>]  907.7MB/907.7MB
 eb77aa907276 Downloading [==================================================>]  907.7MB/907.7MB
 eb77aa907276 Downloading [==================================================>]  907.7MB/907.7MB
 eb77aa907276 Downloading [==================================================>]  907.7MB/907.7MB
 eb77aa907276 Downloading [==================================================>]  907.7MB/907.7MB
 eb77aa907276 Downloading [==================================================>]  907.7MB/907.7MB
 eb77aa907276 Downloading [==================================================>]  907.7MB/907.7MB
 eb77aa907276 Downloading [==================================================>]  907.7MB/907.7MB
 eb77aa907276 Downloading [==================================================>]  907.7MB/907.7MB
 eb77aa907276 Downloading [==================================================>]  907.7MB/907.7MB
 eb77aa907276 Downloading [==================================================>]  907.7MB/907.7MB
 eb77aa907276 Downloading [==================================================>]  907.7MB/907.7MB
 eb77aa907276 Downloading [==================================================>]  907.7MB/907.7MB
 eb77aa907276 Downloading [==================================================>]  907.7MB/907.7MB
 eb77aa907276 Downloading [==================================================>]  907.7MB/907.7MB
 eb77aa907276 Downloading [==================================================>]  907.7MB/907.7MB
 eb77aa907276 Downloading [==================================================>]  907.7MB/907.7MB
 eb77aa907276 Downloading [==================================================>]  907.7MB/907.7MB
 eb77aa907276 Download complete 
 eb77aa907276 Extracting 1 s
 eb77aa907276 Extracting 1 s
 eb77aa907276 Extracting 1 s
 eb77aa907276 Extracting 1 s
 eb77aa907276 Extracting 1 s
 eb77aa907276 Extracting 1 s
 eb77aa907276 Extracting 1 s
 eb77aa907276 Extracting 1 s
 eb77aa907276 Extracting 1 s
 eb77aa907276 Extracting 1 s
 eb77aa907276 Extracting 1 s
 eb77aa907276 Extracting 2 s
 eb77aa907276 Extracting 2 s
 eb77aa907276 Extracting 2 s
 eb77aa907276 Extracting 2 s
 eb77aa907276 Extracting 2 s
 eb77aa907276 Extracting 2 s
 eb77aa907276 Extracting 2 s
 eb77aa907276 Extracting 2 s
 eb77aa907276 Extracting 2 s
 eb77aa907276 Extracting 2 s
 eb77aa907276 Extracting 3 s
 eb77aa907276 Extracting 3 s
 eb77aa907276 Extracting 3 s
 eb77aa907276 Extracting 3 s
 eb77aa907276 Extracting 3 s
 eb77aa907276 Extracting 3 s
 eb77aa907276 Extracting 3 s
 eb77aa907276 Extracting 3 s
 eb77aa907276 Extracting 3 s
 eb77aa907276 Extracting 3 s
 eb77aa907276 Extracting 4 s
 eb77aa907276 Extracting 4 s
 eb77aa907276 Extracting 4 s
 eb77aa907276 Extracting 4 s
 eb77aa907276 Extracting 4 s
 eb77aa907276 Extracting 4 s
 eb77aa907276 Extracting 4 s
 eb77aa907276 Extracting 4 s
 eb77aa907276 Extracting 4 s
 eb77aa907276 Extracting 4 s
 eb77aa907276 Extracting 5 s
 eb77aa907276 Extracting 5 s
 eb77aa907276 Extracting 5 s
 eb77aa907276 Extracting 5 s
 eb77aa907276 Extracting 5 s
 4f4fb700ef54 Pull complete 
 0ffa8f8aba1e Pull complete 
 2e81b9cb93cd Pull complete 
 eb77aa907276 Pull complete 
 opensearch Pulled 
 Network docker_services_cli_default  Creating
 Network docker_services_cli_default  Created
 Container docker_services_cli-redis-1  Creating
 Container docker_services_cli-rabbitmq-1  Creating
 Container docker_services_cli-opensearch-1  Creating
 Container docker_services_cli-rabbitmq-1  Created
 Container docker_services_cli-opensearch-1  Created
 Container docker_services_cli-redis-1  Created
 Container docker_services_cli-rabbitmq-1  Starting
 Container docker_services_cli-redis-1  Starting
 Container docker_services_cli-opensearch-1  Starting
 Container docker_services_cli-opensearch-1  Started
 Container docker_services_cli-redis-1  Started
 Container docker_services_cli-rabbitmq-1  Started
::warning file=/home/runner/work/test-zip-extract-repository/test-zip-extract-repository/workdir/tests/invenio-indexer/original/.venv/lib/python3.14/site-packages/invenio_records/resolver.py,line=14::jsonschema.exceptions.RefResolutionError is deprecated as of version 4.18.0. If you wish to catch potential reference resolution errors, directly catch referencing.exceptions.Unresolvable.
::warning file=/home/runner/work/test-zip-extract-repository/test-zip-extract-repository/workdir/tests/invenio-indexer/original/.venv/lib/python3.14/site-packages/invenio_records/resolver.py,line=14::jsonschema.RefResolver is deprecated as of v4.18.0, in favor of the https://github.com/python-jsonschema/referencing library, which provides more compliant referencing behavior as well as more flexible APIs for customization. A future release will remove RefResolver. Please file a feature request (on referencing) if you are missing an API for the kind of customization you need.
::warning file=/home/runner/work/test-zip-extract-repository/test-zip-extract-repository/workdir/tests/invenio-indexer/original/.venv/lib/python3.14/site-packages/invenio_records/resolver.py,line=14::jsonschema.exceptions.RefResolutionError is deprecated as of version 4.18.0. If you wish to catch potential reference resolution errors, directly catch referencing.exceptions.Unresolvable.
::warning file=/home/runner/work/test-zip-extract-repository/test-zip-extract-repository/workdir/tests/invenio-indexer/original/.venv/lib/python3.14/site-packages/invenio_records/resolver.py,line=14::jsonschema.RefResolver is deprecated as of v4.18.0, in favor of the https://github.com/python-jsonschema/referencing library, which provides more compliant referencing behavior as well as more flexible APIs for customization. A future release will remove RefResolver. Please file a feature request (on referencing) if you are missing an API for the kind of customization you need.
============================= test session starts ==============================
platform linux -- Python 3.14.2, pytest-8.4.2, pluggy-1.6.0
rootdir: /home/runner/work/test-zip-extract-repository/test-zip-extract-repository/workdir/tests/invenio-indexer/original
configfile: setup.cfg
testpaths: docs, tests, invenio_indexer
plugins: isort-4.0.0, flask-1.3.0, black-ng-0.4.1, invenio-3.4.2, github-actions-annotate-failures-0.3.0, pydocstyle-2.4.0, cov-7.0.0, pycodestyle-2.5.0
collected 34 items

tests/test_api.py ..::warning file=/home/runner/work/test-zip-extract-repository/test-zip-extract-repository/workdir/tests/invenio-indexer/original/.venv/lib/python3.14/site-packages/sqlalchemy/sql/schema.py,line=3624::datetime.datetime.utcnow() is deprecated and scheduled for removal in a future version. Use timezone-aware objects to represent datetimes in UTC: datetime.datetime.now(datetime.UTC).
::warning file=/home/runner/work/test-zip-extract-repository/test-zip-extract-repository/workdir/tests/invenio-indexer/original/.venv/lib/python3.14/site-packages/sqlalchemy/sql/schema.py,line=3624::datetime.datetime.utcnow() is deprecated and scheduled for removal in a future version. Use timezone-aware objects to represent datetimes in UTC: datetime.datetime.now(datetime.UTC).
::warning file=/home/runner/work/test-zip-extract-repository/test-zip-extract-repository/workdir/tests/invenio-indexer/original/.venv/lib/python3.14/site-packages/invenio_records/api.py,line=335::nested transaction already deassociated from connection
::warning file=/home/runner/work/test-zip-extract-repository/test-zip-extract-repository/workdir/tests/invenio-indexer/original/.venv/lib/python3.14/site-packages/invenio_records/models.py,line=44::datetime.datetime.utcnow() is deprecated and scheduled for removal in a future version. Use timezone-aware objects to represent datetimes in UTC: datetime.datetime.now(datetime.UTC).
::warning file=/home/runner/work/test-zip-extract-repository/test-zip-extract-repository/workdir/tests/invenio-indexer/original/.venv/lib/python3.14/site-packages/invenio_records/api.py,line=496::nested transaction already deassociated from connection
.::warning file=/home/runner/work/test-zip-extract-repository/test-zip-extract-repository/workdir/tests/invenio-indexer/original/.venv/lib/python3.14/site-packages/sqlalchemy/sql/schema.py,line=3624::datetime.datetime.utcnow() is deprecated and scheduled for removal in a future version. Use timezone-aware objects to represent datetimes in UTC: datetime.datetime.now(datetime.UTC).
::warning file=/home/runner/work/test-zip-extract-repository/test-zip-extract-repository/workdir/tests/invenio-indexer/original/.venv/lib/python3.14/site-packages/sqlalchemy/sql/schema.py,line=3624::datetime.datetime.utcnow() is deprecated and scheduled for removal in a future version. Use timezone-aware objects to represent datetimes in UTC: datetime.datetime.now(datetime.UTC).
::warning file=/home/runner/work/test-zip-extract-repository/test-zip-extract-repository/workdir/tests/invenio-indexer/original/.venv/lib/python3.14/site-packages/invenio_records/api.py,line=335::nested transaction already deassociated from connection
.::warning file=/home/runner/work/test-zip-extract-repository/test-zip-extract-repository/workdir/tests/invenio-indexer/original/.venv/lib/python3.14/site-packages/sqlalchemy/sql/schema.py,line=3624::datetime.datetime.utcnow() is deprecated and scheduled for removal in a future version. Use timezone-aware objects to represent datetimes in UTC: datetime.datetime.now(datetime.UTC).
::warning file=/home/runner/work/test-zip-extract-repository/test-zip-extract-repository/workdir/tests/invenio-indexer/original/.venv/lib/python3.14/site-packages/sqlalchemy/sql/schema.py,line=3624::datetime.datetime.utcnow() is deprecated and scheduled for removal in a future version. Use timezone-aware objects to represent datetimes in UTC: datetime.datetime.now(datetime.UTC).
::warning file=/home/runner/work/test-zip-extract-repository/test-zip-extract-repository/workdir/tests/invenio-indexer/original/.venv/lib/python3.14/site-packages/invenio_records/api.py,line=335::nested transaction already deassociated from connection
.::warning file=/home/runner/work/test-zip-extract-repository/test-zip-extract-repository/workdir/tests/invenio-indexer/original/.venv/lib/python3.14/site-packages/sqlalchemy/sql/schema.py,line=3624::datetime.datetime.utcnow() is deprecated and scheduled for removal in a future version. Use timezone-aware objects to represent datetimes in UTC: datetime.datetime.now(datetime.UTC).
::warning file=/home/runner/work/test-zip-extract-repository/test-zip-extract-repository/workdir/tests/invenio-indexer/original/.venv/lib/python3.14/site-packages/sqlalchemy/sql/schema.py,line=3624::datetime.datetime.utcnow() is deprecated and scheduled for removal in a future version. Use timezone-aware objects to represent datetimes in UTC: datetime.datetime.now(datetime.UTC).
::warning file=/home/runner/work/test-zip-extract-repository/test-zip-extract-repository/workdir/tests/invenio-indexer/original/.venv/lib/python3.14/site-packages/invenio_records/api.py,line=335::nested transaction already deassociated from connection
::warning file=/home/runner/work/test-zip-extract-repository/test-zip-extract-repository/workdir/tests/invenio-indexer/original/.venv/lib/python3.14/site-packages/sqlalchemy/sql/schema.py,line=3624::datetime.datetime.utcnow() is deprecated and scheduled for removal in a future version. Use timezone-aware objects to represent datetimes in UTC: datetime.datetime.now(datetime.UTC).
::warning file=/home/runner/work/test-zip-extract-repository/test-zip-extract-repository/workdir/tests/invenio-indexer/original/.venv/lib/python3.14/site-packages/sqlalchemy/sql/schema.py,line=3624::datetime.datetime.utcnow() is deprecated and scheduled for removal in a future version. Use timezone-aware objects to represent datetimes in UTC: datetime.datetime.now(datetime.UTC).
.::warning file=/home/runner/work/test-zip-extract-repository/test-zip-extract-repository/workdir/tests/invenio-indexer/original/.venv/lib/python3.14/site-packages/sqlalchemy/sql/schema.py,line=3624::datetime.datetime.utcnow() is deprecated and scheduled for removal in a future version. Use timezone-aware objects to represent datetimes in UTC: datetime.datetime.now(datetime.UTC).
::warning file=/home/runner/work/test-zip-extract-repository/test-zip-extract-repository/workdir/tests/invenio-indexer/original/.venv/lib/python3.14/site-packages/sqlalchemy/sql/schema.py,line=3624::datetime.datetime.utcnow() is deprecated and scheduled for removal in a future version. Use timezone-aware objects to represent datetimes in UTC: datetime.datetime.now(datetime.UTC).
::warning file=/home/runner/work/test-zip-extract-repository/test-zip-extract-repository/workdir/tests/invenio-indexer/original/.venv/lib/python3.14/site-packages/invenio_records/api.py,line=335::nested transaction already deassociated from connection
.....::warning file=/home/runner/work/test-zip-extract-repository/test-zip-extract-repository/workdir/tests/invenio-indexer/original/.venv/lib/python3.14/site-packages/sqlalchemy/sql/schema.py,line=3624::datetime.datetime.utcnow() is deprecated and scheduled for removal in a future version. Use timezone-aware objects to represent datetimes in UTC: datetime.datetime.now(datetime.UTC).
::warning file=/home/runner/work/test-zip-extract-repository/test-zip-extract-repository/workdir/tests/invenio-indexer/original/.venv/lib/python3.14/site-packages/sqlalchemy/sql/schema.py,line=3624::datetime.datetime.utcnow() is deprecated and scheduled for removal in a future version. Use timezone-aware objects to represent datetimes in UTC: datetime.datetime.now(datetime.UTC).
::warning file=/home/runner/work/test-zip-extract-repository/test-zip-extract-repository/workdir/tests/invenio-indexer/original/.venv/lib/python3.14/site-packages/invenio_records/api.py,line=335::nested transaction already deassociated from connection
...::warning file=/home/runner/work/test-zip-extract-repository/test-zip-extract-repository/workdir/tests/invenio-indexer/original/.venv/lib/python3.14/site-packages/sqlalchemy/sql/schema.py,line=3624::datetime.datetime.utcnow() is deprecated and scheduled for removal in a future version. Use timezone-aware objects to represent datetimes in UTC: datetime.datetime.now(datetime.UTC).
::warning file=/home/runner/work/test-zip-extract-repository/test-zip-extract-repository/workdir/tests/invenio-indexer/original/.venv/lib/python3.14/site-packages/sqlalchemy/sql/schema.py,line=3624::datetime.datetime.utcnow() is deprecated and scheduled for removal in a future version. Use timezone-aware objects to represent datetimes in UTC: datetime.datetime.now(datetime.UTC).
::warning file=/home/runner/work/test-zip-extract-repository/test-zip-extract-repository/workdir/tests/invenio-indexer/original/.venv/lib/python3.14/site-packages/invenio_records/api.py,line=335::nested transaction already deassociated from connection
.::warning file=/home/runner/work/test-zip-extract-repository/test-zip-extract-repository/workdir/tests/invenio-indexer/original/.venv/lib/python3.14/site-packages/sqlalchemy/sql/schema.py,line=3624::datetime.datetime.utcnow() is deprecated and scheduled for removal in a future version. Use timezone-aware objects to represent datetimes in UTC: datetime.datetime.now(datetime.UTC).
::warning file=/home/runner/work/test-zip-extract-repository/test-zip-extract-repository/workdir/tests/invenio-indexer/original/.venv/lib/python3.14/site-packages/sqlalchemy/sql/schema.py,line=3624::datetime.datetime.utcnow() is deprecated and scheduled for removal in a future version. Use timezone-aware objects to represent datetimes in UTC: datetime.datetime.now(datetime.UTC).
::warning file=/home/runner/work/test-zip-extract-repository/test-zip-extract-repository/workdir/tests/invenio-indexer/original/.venv/lib/python3.14/site-packages/invenio_records/api.py,line=335::nested transaction already deassociated from connection
::warning file=/home/runner/work/test-zip-extract-repository/test-zip-extract-repository/workdir/tests/invenio-indexer/original/.venv/lib/python3.14/site-packages/sqlalchemy/sql/schema.py,line=3624::datetime.datetime.utcnow() is deprecated and scheduled for removal in a future version. Use timezone-aware objects to represent datetimes in UTC: datetime.datetime.now(datetime.UTC).
::warning file=/home/runner/work/test-zip-extract-repository/test-zip-extract-repository/workdir/tests/invenio-indexer/original/.venv/lib/python3.14/site-packages/sqlalchemy/sql/schema.py,line=3624::datetime.datetime.utcnow() is deprecated and scheduled for removal in a future version. Use timezone-aware objects to represent datetimes in UTC: datetime.datetime.now(datetime.UTC).
.                                       [ 47%]
tests/test_cli.py ..::warning file=/home/runner/work/test-zip-extract-repository/test-zip-extract-repository/workdir/tests/invenio-indexer/original/.venv/lib/python3.14/site-packages/sqlalchemy/sql/schema.py,line=3624::datetime.datetime.utcnow() is deprecated and scheduled for removal in a future version. Use timezone-aware objects to represent datetimes in UTC: datetime.datetime.now(datetime.UTC).
::warning file=/home/runner/work/test-zip-extract-repository/test-zip-extract-repository/workdir/tests/invenio-indexer/original/.venv/lib/python3.14/site-packages/sqlalchemy/sql/schema.py,line=3624::datetime.datetime.utcnow() is deprecated and scheduled for removal in a future version. Use timezone-aware objects to represent datetimes in UTC: datetime.datetime.now(datetime.UTC).
::warning file=/home/runner/work/test-zip-extract-repository/test-zip-extract-repository/workdir/tests/invenio-indexer/original/.venv/lib/python3.14/site-packages/invenio_records/api.py,line=335::nested transaction already deassociated from connection
::warning file=/home/runner/work/test-zip-extract-repository/test-zip-extract-repository/workdir/tests/invenio-indexer/original/.venv/lib/python3.14/site-packages/sqlalchemy/sql/schema.py,line=3624::datetime.datetime.utcnow() is deprecated and scheduled for removal in a future version. Use timezone-aware objects to represent datetimes in UTC: datetime.datetime.now(datetime.UTC).
::warning file=/home/runner/work/test-zip-extract-repository/test-zip-extract-repository/workdir/tests/invenio-indexer/original/.venv/lib/python3.14/site-packages/sqlalchemy/sql/schema.py,line=3624::datetime.datetime.utcnow() is deprecated and scheduled for removal in a future version. Use timezone-aware objects to represent datetimes in UTC: datetime.datetime.now(datetime.UTC).
::warning file=/home/runner/work/test-zip-extract-repository/test-zip-extract-repository/workdir/tests/invenio-indexer/original/.venv/lib/python3.14/site-packages/sqlalchemy/sql/schema.py,line=3624::datetime.datetime.utcnow() is deprecated and scheduled for removal in a future version. Use timezone-aware objects to represent datetimes in UTC: datetime.datetime.now(datetime.UTC).
::warning file=/home/runner/work/test-zip-extract-repository/test-zip-extract-repository/workdir/tests/invenio-indexer/original/.venv/lib/python3.14/site-packages/sqlalchemy/sql/schema.py,line=3624::datetime.datetime.utcnow() is deprecated and scheduled for removal in a future version. Use timezone-aware objects to represent datetimes in UTC: datetime.datetime.now(datetime.UTC).
::warning file=/home/runner/work/test-zip-extract-repository/test-zip-extract-repository/workdir/tests/invenio-indexer/original/.venv/lib/python3.14/site-packages/sqlalchemy/sql/schema.py,line=3624::datetime.datetime.utcnow() is deprecated and scheduled for removal in a future version. Use timezone-aware objects to represent datetimes in UTC: datetime.datetime.now(datetime.UTC).
::warning file=/home/runner/work/test-zip-extract-repository/test-zip-extract-repository/workdir/tests/invenio-indexer/original/.venv/lib/python3.14/site-packages/sqlalchemy/sql/schema.py,line=3624::datetime.datetime.utcnow() is deprecated and scheduled for removal in a future version. Use timezone-aware objects to represent datetimes in UTC: datetime.datetime.now(datetime.UTC).
::warning file=/home/runner/work/test-zip-extract-repository/test-zip-extract-repository/workdir/tests/invenio-indexer/original/invenio_indexer/cli.py,line=118::Query.values() is deprecated and will be removed in a future release.  Please use Query.with_entities() (deprecated since: 1.4)
::warning file=/home/runner/work/test-zip-extract-repository/test-zip-extract-repository/workdir/tests/invenio-indexer/original/.venv/lib/python3.14/site-packages/invenio_records/models.py,line=44::datetime.datetime.utcnow() is deprecated and scheduled for removal in a future version. Use timezone-aware objects to represent datetimes in UTC: datetime.datetime.now(datetime.UTC).
::warning file=/home/runner/work/test-zip-extract-repository/test-zip-extract-repository/workdir/tests/invenio-indexer/original/.venv/lib/python3.14/site-packages/invenio_records/api.py,line=496::nested transaction already deassociated from connection
::warning file=/home/runner/work/test-zip-extract-repository/test-zip-extract-repository/workdir/tests/invenio-indexer/original/invenio_indexer/cli.py,line=118::Query.values() is deprecated and will be removed in a future release.  Please use Query.with_entities() (deprecated since: 1.4)
.                                                    [ 55%]
tests/test_invenio_indexer.py ...::warning file=/home/runner/work/test-zip-extract-repository/test-zip-extract-repository/workdir/tests/invenio-indexer/original/.venv/lib/python3.14/site-packages/sqlalchemy/sql/schema.py,line=3624::datetime.datetime.utcnow() is deprecated and scheduled for removal in a future version. Use timezone-aware objects to represent datetimes in UTC: datetime.datetime.now(datetime.UTC).
::warning file=/home/runner/work/test-zip-extract-repository/test-zip-extract-repository/workdir/tests/invenio-indexer/original/.venv/lib/python3.14/site-packages/sqlalchemy/sql/schema.py,line=3624::datetime.datetime.utcnow() is deprecated and scheduled for removal in a future version. Use timezone-aware objects to represent datetimes in UTC: datetime.datetime.now(datetime.UTC).
::warning file=/home/runner/work/test-zip-extract-repository/test-zip-extract-repository/workdir/tests/invenio-indexer/original/.venv/lib/python3.14/site-packages/invenio_records/api.py,line=335::nested transaction already deassociated from connection
.::warning file=/home/runner/work/test-zip-extract-repository/test-zip-extract-repository/workdir/tests/invenio-indexer/original/.venv/lib/python3.14/site-packages/sqlalchemy/sql/schema.py,line=3624::datetime.datetime.utcnow() is deprecated and scheduled for removal in a future version. Use timezone-aware objects to represent datetimes in UTC: datetime.datetime.now(datetime.UTC).
::warning file=/home/runner/work/test-zip-extract-repository/test-zip-extract-repository/workdir/tests/invenio-indexer/original/.venv/lib/python3.14/site-packages/sqlalchemy/sql/schema.py,line=3624::datetime.datetime.utcnow() is deprecated and scheduled for removal in a future version. Use timezone-aware objects to represent datetimes in UTC: datetime.datetime.now(datetime.UTC).
::warning file=/home/runner/work/test-zip-extract-repository/test-zip-extract-repository/workdir/tests/invenio-indexer/original/.venv/lib/python3.14/site-packages/invenio_records/api.py,line=335::nested transaction already deassociated from connection
::warning file=/home/runner/work/test-zip-extract-repository/test-zip-extract-repository/workdir/tests/invenio-indexer/original/.venv/lib/python3.14/site-packages/sqlalchemy/sql/schema.py,line=3624::datetime.datetime.utcnow() is deprecated and scheduled for removal in a future version. Use timezone-aware objects to represent datetimes in UTC: datetime.datetime.now(datetime.UTC).
::warning file=/home/runner/work/test-zip-extract-repository/test-zip-extract-repository/workdir/tests/invenio-indexer/original/.venv/lib/python3.14/site-packages/sqlalchemy/sql/schema.py,line=3624::datetime.datetime.utcnow() is deprecated and scheduled for removal in a future version. Use timezone-aware objects to represent datetimes in UTC: datetime.datetime.now(datetime.UTC).
::warning file=/home/runner/work/test-zip-extract-repository/test-zip-extract-repository/workdir/tests/invenio-indexer/original/.venv/lib/python3.14/site-packages/sqlalchemy/sql/schema.py,line=3624::datetime.datetime.utcnow() is deprecated and scheduled for removal in a future version. Use timezone-aware objects to represent datetimes in UTC: datetime.datetime.now(datetime.UTC).
::warning file=/home/runner/work/test-zip-extract-repository/test-zip-extract-repository/workdir/tests/invenio-indexer/original/.venv/lib/python3.14/site-packages/sqlalchemy/sql/schema.py,line=3624::datetime.datetime.utcnow() is deprecated and scheduled for removal in a future version. Use timezone-aware objects to represent datetimes in UTC: datetime.datetime.now(datetime.UTC).
::warning file=/home/runner/work/test-zip-extract-repository/test-zip-extract-repository/workdir/tests/invenio-indexer/original/.venv/lib/python3.14/site-packages/invenio_records/models.py,line=44::datetime.datetime.utcnow() is deprecated and scheduled for removal in a future version. Use timezone-aware objects to represent datetimes in UTC: datetime.datetime.now(datetime.UTC).
                                       [ 67%]
tests/test_registry.py .                                                 [ 70%]
tests/test_tasks.py ...                                                  [ 79%]
tests/test_utils.py ......                                               [ 97%]
invenio_indexer/__init__.py .::warning file=/home/runner/work/test-zip-extract-repository/test-zip-extract-repository/workdir/tests/invenio-indexer/original/.venv/lib/python3.14/site-packages/sqlalchemy/sql/schema.py,line=3624::datetime.datetime.utcnow() is deprecated and scheduled for removal in a future version. Use timezone-aware objects to represent datetimes in UTC: datetime.datetime.now(datetime.UTC).
::warning file=/home/runner/work/test-zip-extract-repository/test-zip-extract-repository/workdir/tests/invenio-indexer/original/.venv/lib/python3.14/site-packages/sqlalchemy/sql/schema.py,line=3624::datetime.datetime.utcnow() is deprecated and scheduled for removal in a future version. Use timezone-aware objects to represent datetimes in UTC: datetime.datetime.now(datetime.UTC).
::warning file=/home/runner/work/test-zip-extract-repository/test-zip-extract-repository/workdir/tests/invenio-indexer/original/.venv/lib/python3.14/site-packages/invenio_records/api.py,line=335::nested transaction already deassociated from connection
::warning file=/home/runner/work/test-zip-extract-repository/test-zip-extract-repository/workdir/tests/invenio-indexer/original/.venv/lib/python3.14/site-packages/sqlalchemy/sql/schema.py,line=3624::datetime.datetime.utcnow() is deprecated and scheduled for removal in a future version. Use timezone-aware objects to represent datetimes in UTC: datetime.datetime.now(datetime.UTC).
::warning file=/home/runner/work/test-zip-extract-repository/test-zip-extract-repository/workdir/tests/invenio-indexer/original/.venv/lib/python3.14/site-packages/sqlalchemy/sql/schema.py,line=3624::datetime.datetime.utcnow() is deprecated and scheduled for removal in a future version. Use timezone-aware objects to represent datetimes in UTC: datetime.datetime.now(datetime.UTC).
                                            [100%]

=============================== warnings summary ===============================
.venv/lib/python3.14/site-packages/invenio_records/resolver.py:14
.venv/lib/python3.14/site-packages/invenio_records/resolver.py:14
  /home/runner/work/test-zip-extract-repository/test-zip-extract-repository/workdir/tests/invenio-indexer/original/.venv/lib/python3.14/site-packages/invenio_records/resolver.py:14: DeprecationWarning: jsonschema.exceptions.RefResolutionError is deprecated as of version 4.18.0. If you wish to catch potential reference resolution errors, directly catch referencing.exceptions.Unresolvable.
    from jsonschema import RefResolutionError, RefResolver

.venv/lib/python3.14/site-packages/invenio_records/resolver.py:14
.venv/lib/python3.14/site-packages/invenio_records/resolver.py:14
  /home/runner/work/test-zip-extract-repository/test-zip-extract-repository/workdir/tests/invenio-indexer/original/.venv/lib/python3.14/site-packages/invenio_records/resolver.py:14: DeprecationWarning: jsonschema.RefResolver is deprecated as of v4.18.0, in favor of the https://github.com/python-jsonschema/referencing library, which provides more compliant referencing behavior as well as more flexible APIs for customization. A future release will remove RefResolver. Please file a feature request (on referencing) if you are missing an API for the kind of customization you need.
    from jsonschema import RefResolutionError, RefResolver

tests/test_api.py: 20 warnings
tests/test_cli.py: 8 warnings
tests/test_invenio_indexer.py: 8 warnings
invenio_indexer/__init__.py: 4 warnings
  /home/runner/work/test-zip-extract-repository/test-zip-extract-repository/workdir/tests/invenio-indexer/original/.venv/lib/python3.14/site-packages/sqlalchemy/sql/schema.py:3624: DeprecationWarning: datetime.datetime.utcnow() is deprecated and scheduled for removal in a future version. Use timezone-aware objects to represent datetimes in UTC: datetime.datetime.now(datetime.UTC).
    return util.wrap_callable(lambda ctx: fn(), fn)  # type: ignore

tests/test_api.py: 8 warnings
tests/test_cli.py: 1 warning
tests/test_invenio_indexer.py: 2 warnings
invenio_indexer/__init__.py: 1 warning
  /home/runner/work/test-zip-extract-repository/test-zip-extract-repository/workdir/tests/invenio-indexer/original/.venv/lib/python3.14/site-packages/invenio_records/api.py:335: SAWarning: nested transaction already deassociated from connection
    with db.session.begin_nested():

tests/test_api.py::test_delete_action
tests/test_cli.py::test_reindex
tests/test_invenio_indexer.py::test_index_prefixing
  /home/runner/work/test-zip-extract-repository/test-zip-extract-repository/workdir/tests/invenio-indexer/original/.venv/lib/python3.14/site-packages/invenio_records/models.py:44: DeprecationWarning: datetime.datetime.utcnow() is deprecated and scheduled for removal in a future version. Use timezone-aware objects to represent datetimes in UTC: datetime.datetime.now(datetime.UTC).
    target.updated = datetime.utcnow()

tests/test_api.py::test_delete_action
tests/test_cli.py::test_reindex
  /home/runner/work/test-zip-extract-repository/test-zip-extract-repository/workdir/tests/invenio-indexer/original/.venv/lib/python3.14/site-packages/invenio_records/api.py:496: SAWarning: nested transaction already deassociated from connection
    with db.session.begin_nested():

tests/test_cli.py::test_reindex
tests/test_cli.py::test_reindex
  /home/runner/work/test-zip-extract-repository/test-zip-extract-repository/workdir/tests/invenio-indexer/original/invenio_indexer/cli.py:118: SADeprecationWarning: Query.values() is deprecated and will be removed in a future release.  Please use Query.with_entities() (deprecated since: 1.4)
    .values(PersistentIdentifier.object_uuid)

-- Docs: https://docs.pytest.org/en/stable/how-to/capture-warnings.html
================================ tests coverage ================================
_______________ coverage: platform linux, python 3.14.2-final-0 ________________

Name                          Stmts   Miss  Cover   Missing
-----------------------------------------------------------
invenio_indexer/__init__.py       4      0   100%
invenio_indexer/api.py          179     22    88%   106, 116, 118-127, 159, 195-200, 238-247, 261-262, 398-399, 459
invenio_indexer/cli.py           82      3    96%   26, 35, 82
invenio_indexer/config.py        21      0   100%
invenio_indexer/ext.py           26      0   100%
invenio_indexer/proxies.py        7      0   100%
invenio_indexer/registry.py      16      0   100%
invenio_indexer/signals.py       16      0   100%
invenio_indexer/tasks.py         21      3    86%   29, 44, 59
invenio_indexer/utils.py         26      0   100%
-----------------------------------------------------------
TOTAL                           398     28    93%
======================= 34 passed, 63 warnings in 3.43s ========================
/home/runner/work/test-zip-extract-repository/test-zip-extract-repository/workdir/tests/invenio-indexer/original/.venv/lib/python3.14/site-packages/_pytest/unraisableexception.py:33: ResourceWarning: unclosed database in <sqlite3.Connection object at 0x7ff6fe9498a0>
  gc.collect()
ResourceWarning: Enable tracemalloc to get the object allocation traceback
/home/runner/work/test-zip-extract-repository/test-zip-extract-repository/workdir/tests/invenio-indexer/original/.venv/lib/python3.14/site-packages/_pytest/unraisableexception.py:33: ResourceWarning: unclosed database in <sqlite3.Connection object at 0x7ff6fe98a6b0>
  gc.collect()
ResourceWarning: Enable tracemalloc to get the object allocation traceback
/home/runner/work/test-zip-extract-repository/test-zip-extract-repository/workdir/tests/invenio-indexer/original/.venv/lib/python3.14/site-packages/_pytest/unraisableexception.py:33: ResourceWarning: unclosed database in <sqlite3.Connection object at 0x7ff6fe6a1a80>
  gc.collect()
ResourceWarning: Enable tracemalloc to get the object allocation traceback
/home/runner/work/test-zip-extract-repository/test-zip-extract-repository/workdir/tests/invenio-indexer/original/.venv/lib/python3.14/site-packages/_pytest/unraisableexception.py:33: ResourceWarning: unclosed database in <sqlite3.Connection object at 0x7ff6fe6a0400>
  gc.collect()
ResourceWarning: Enable tracemalloc to get the object allocation traceback
/home/runner/work/test-zip-extract-repository/test-zip-extract-repository/workdir/tests/invenio-indexer/original/.venv/lib/python3.14/site-packages/_pytest/unraisableexception.py:33: ResourceWarning: unclosed database in <sqlite3.Connection object at 0x7ff6fe948d60>
  gc.collect()
ResourceWarning: Enable tracemalloc to get the object allocation traceback
/home/runner/work/test-zip-extract-repository/test-zip-extract-repository/workdir/tests/invenio-indexer/original/.venv/lib/python3.14/site-packages/_pytest/unraisableexception.py:33: ResourceWarning: unclosed database in <sqlite3.Connection object at 0x7ff6fe8cde40>
  gc.collect()
ResourceWarning: Enable tracemalloc to get the object allocation traceback
/home/runner/work/test-zip-extract-repository/test-zip-extract-repository/workdir/tests/invenio-indexer/original/.venv/lib/python3.14/site-packages/_pytest/unraisableexception.py:33: ResourceWarning: unclosed database in <sqlite3.Connection object at 0x7ff6fe6f24d0>
  gc.collect()
ResourceWarning: Enable tracemalloc to get the object allocation traceback
/home/runner/work/test-zip-extract-repository/test-zip-extract-repository/workdir/tests/invenio-indexer/original/.venv/lib/python3.14/site-packages/_pytest/unraisableexception.py:33: ResourceWarning: unclosed database in <sqlite3.Connection object at 0x7ff6fe6f3d30>
  gc.collect()
ResourceWarning: Enable tracemalloc to get the object allocation traceback
/home/runner/work/test-zip-extract-repository/test-zip-extract-repository/workdir/tests/invenio-indexer/original/.venv/lib/python3.14/site-packages/_pytest/unraisableexception.py:33: ResourceWarning: unclosed database in <sqlite3.Connection object at 0x7ff6fe8a0d60>
  gc.collect()
ResourceWarning: Enable tracemalloc to get the object allocation traceback
/home/runner/work/test-zip-extract-repository/test-zip-extract-repository/workdir/tests/invenio-indexer/original/.venv/lib/python3.14/site-packages/_pytest/unraisableexception.py:33: ResourceWarning: unclosed database in <sqlite3.Connection object at 0x7ff6fe989210>
  gc.collect()
ResourceWarning: Enable tracemalloc to get the object allocation traceback
/home/runner/work/test-zip-extract-repository/test-zip-extract-repository/workdir/tests/invenio-indexer/original/.venv/lib/python3.14/site-packages/_pytest/unraisableexception.py:33: ResourceWarning: unclosed database in <sqlite3.Connection object at 0x7ff6fe6f0d60>
  gc.collect()
ResourceWarning: Enable tracemalloc to get the object allocation traceback
/home/runner/work/test-zip-extract-repository/test-zip-extract-repository/workdir/tests/invenio-indexer/original/.venv/lib/python3.14/site-packages/_pytest/unraisableexception.py:33: ResourceWarning: unclosed database in <sqlite3.Connection object at 0x7ff6fe5b6b60>
  gc.collect()
ResourceWarning: Enable tracemalloc to get the object allocation traceback
/home/runner/work/test-zip-extract-repository/test-zip-extract-repository/workdir/tests/invenio-indexer/original/.venv/lib/python3.14/site-packages/_pytest/unraisableexception.py:33: ResourceWarning: unclosed database in <sqlite3.Connection object at 0x7ff6fe98b880>
  gc.collect()
ResourceWarning: Enable tracemalloc to get the object allocation traceback
/home/runner/work/test-zip-extract-repository/test-zip-extract-repository/workdir/tests/invenio-indexer/original/.venv/lib/python3.14/site-packages/_pytest/unraisableexception.py:33: ResourceWarning: unclosed database in <sqlite3.Connection object at 0x7ff6fe9c8220>
  gc.collect()
ResourceWarning: Enable tracemalloc to get the object allocation traceback
/home/runner/work/test-zip-extract-repository/test-zip-extract-repository/workdir/tests/invenio-indexer/original/.venv/lib/python3.14/site-packages/_pytest/unraisableexception.py:33: ResourceWarning: unclosed database in <sqlite3.Connection object at 0x7ff6fe6f04f0>
  gc.collect()
ResourceWarning: Enable tracemalloc to get the object allocation traceback
/home/runner/work/test-zip-extract-repository/test-zip-extract-repository/workdir/tests/invenio-indexer/original/.venv/lib/python3.14/site-packages/_pytest/unraisableexception.py:33: ResourceWarning: unclosed database in <sqlite3.Connection object at 0x7ff6fe621f30>
  gc.collect()
ResourceWarning: Enable tracemalloc to get the object allocation traceback
/home/runner/work/test-zip-extract-repository/test-zip-extract-repository/workdir/tests/invenio-indexer/original/.venv/lib/python3.14/site-packages/_pytest/unraisableexception.py:33: ResourceWarning: unclosed database in <sqlite3.Connection object at 0x7ff6fe4eef20>
  gc.collect()
ResourceWarning: Enable tracemalloc to get the object allocation traceback
/home/runner/work/test-zip-extract-repository/test-zip-extract-repository/workdir/tests/invenio-indexer/original/.venv/lib/python3.14/site-packages/_pytest/unraisableexception.py:33: ResourceWarning: unclosed database in <sqlite3.Connection object at 0x7ff6fe5664d0>
  gc.collect()
ResourceWarning: Enable tracemalloc to get the object allocation traceback
/home/runner/work/test-zip-extract-repository/test-zip-extract-repository/workdir/tests/invenio-indexer/original/.venv/lib/python3.14/site-packages/_pytest/unraisableexception.py:33: ResourceWarning: unclosed database in <sqlite3.Connection object at 0x7ff6fe567d30>
  gc.collect()
ResourceWarning: Enable tracemalloc to get the object allocation traceback
/home/runner/work/test-zip-extract-repository/test-zip-extract-repository/workdir/tests/invenio-indexer/original/.venv/lib/python3.14/site-packages/_pytest/unraisableexception.py:33: ResourceWarning: unclosed database in <sqlite3.Connection object at 0x7ff6fe3f1d50>
  gc.collect()
ResourceWarning: Enable tracemalloc to get the object allocation traceback
/home/runner/work/test-zip-extract-repository/test-zip-extract-repository/workdir/tests/invenio-indexer/original/.venv/lib/python3.14/site-packages/_pytest/unraisableexception.py:33: ResourceWarning: unclosed database in <sqlite3.Connection object at 0x7ff6fe3f3880>
  gc.collect()
ResourceWarning: Enable tracemalloc to get the object allocation traceback
/home/runner/work/test-zip-extract-repository/test-zip-extract-repository/workdir/tests/invenio-indexer/original/.venv/lib/python3.14/site-packages/_pytest/unraisableexception.py:33: ResourceWarning: unclosed database in <sqlite3.Connection object at 0x7ff6fe4414e0>
  gc.collect()
ResourceWarning: Enable tracemalloc to get the object allocation traceback
/home/runner/work/test-zip-extract-repository/test-zip-extract-repository/workdir/tests/invenio-indexer/original/.venv/lib/python3.14/site-packages/_pytest/unraisableexception.py:33: ResourceWarning: unclosed database in <sqlite3.Connection object at 0x7ff6fe443100>
  gc.collect()
ResourceWarning: Enable tracemalloc to get the object allocation traceback
/home/runner/work/test-zip-extract-repository/test-zip-extract-repository/workdir/tests/invenio-indexer/original/.venv/lib/python3.14/site-packages/_pytest/unraisableexception.py:33: ResourceWarning: unclosed database in <sqlite3.Connection object at 0x7ff6fe480d60>
  gc.collect()
ResourceWarning: Enable tracemalloc to get the object allocation traceback
/home/runner/work/test-zip-extract-repository/test-zip-extract-repository/workdir/tests/invenio-indexer/original/.venv/lib/python3.14/site-packages/_pytest/unraisableexception.py:33: ResourceWarning: unclosed database in <sqlite3.Connection object at 0x7ff6fe482980>
  gc.collect()
ResourceWarning: Enable tracemalloc to get the object allocation traceback
/home/runner/work/test-zip-extract-repository/test-zip-extract-repository/workdir/tests/invenio-indexer/original/.venv/lib/python3.14/site-packages/_pytest/unraisableexception.py:33: ResourceWarning: unclosed database in <sqlite3.Connection object at 0x7ff6fe2bc310>
  gc.collect()
ResourceWarning: Enable tracemalloc to get the object allocation traceback
/home/runner/work/test-zip-extract-repository/test-zip-extract-repository/workdir/tests/invenio-indexer/original/.venv/lib/python3.14/site-packages/_pytest/unraisableexception.py:33: ResourceWarning: unclosed database in <sqlite3.Connection object at 0x7ff6fe2be200>
  gc.collect()
ResourceWarning: Enable tracemalloc to get the object allocation traceback
/home/runner/work/test-zip-extract-repository/test-zip-extract-repository/workdir/tests/invenio-indexer/original/.venv/lib/python3.14/site-packages/_pytest/unraisableexception.py:33: ResourceWarning: unclosed database in <sqlite3.Connection object at 0x7ff6fe2bfe20>
  gc.collect()
ResourceWarning: Enable tracemalloc to get the object allocation traceback
 Container docker_services_cli-opensearch-1  Stopping
 Container docker_services_cli-redis-1  Stopping
 Container docker_services_cli-rabbitmq-1  Stopping
 Container docker_services_cli-redis-1  Stopped
 Container docker_services_cli-redis-1  Removing
 Container docker_services_cli-redis-1  Removed
 Container docker_services_cli-opensearch-1  Stopped
 Container docker_services_cli-opensearch-1  Removing
 Container docker_services_cli-opensearch-1  Removed
 Container docker_services_cli-rabbitmq-1  Stopped
 Container docker_services_cli-rabbitmq-1  Removing
 Container docker_services_cli-rabbitmq-1  Removed
 Network docker_services_cli_default  Removing
 Network docker_services_cli_default  Removed
