 rabbitmq Pulling 
 postgresql Pulling 
 elasticsearch Pulling 
 redis Pulling 
 cb628c265f09 Pulling fs layer 
 f8406d9c00ea Pulling fs layer 
 9739ced65621 Pulling fs layer 
 c1cb13b19080 Pulling fs layer 
 c199bff16b05 Pulling fs layer 
 e0d55fdb4d15 Pulling fs layer 
 283a477db7bb Pulling fs layer 
 050d9f8c3b1c Pulling fs layer 
 b0a0cf830b12 Pulling fs layer 
 873532e5f8c7 Pulling fs layer 
 dda3d8fbd5ed Pulling fs layer 
 710e142705f8 Pulling fs layer 
 ae3bb1b347a4 Pulling fs layer 
 91d2729fa4d5 Pulling fs layer 
 edcaff0d5e7e Pulling fs layer 
 4831516dd0cb Pulling fs layer 
 c5761dea9b0e Pulling fs layer 
 4f4fb700ef54 Pulling fs layer 
 47a60771af96 Pulling fs layer 
 22dca8215bc4 Pulling fs layer 
 7b28be0c8c4d Pulling fs layer 
 bbf018d6d4b8 Pulling fs layer 
 d686b50ce172 Pulling fs layer 
 efa05c660812 Pulling fs layer 
 f4e7f62f4b80 Pulling fs layer 
 5e1c03b67a78 Pulling fs layer 
 d63c4408fdb7 Pulling fs layer 
 20043066d3d5 Pulling fs layer 
 14e6209d5fa8 Pulling fs layer 
 7084ac8f4ab6 Pulling fs layer 
 beb0d870d438 Pulling fs layer 
 3fadc669ef11 Pulling fs layer 
 efa05c660812 Downloading [==================================================>]     189B/189B
 050d9f8c3b1c Download complete 
 c199bff16b05 Download complete 
 bbf018d6d4b8 Download complete 
 edcaff0d5e7e Downloading [====================================>              ]  1.049MB/1.438MB
 cb628c265f09 Download complete 
 4f4fb700ef54 Already exists 
 7084ac8f4ab6 Downloading [=======>                                           ]  1.049MB/7.468MB
 efa05c660812 Download complete 
 7b28be0c8c4d Download complete 
 873532e5f8c7 Download complete 
 14e6209d5fa8 Download complete 
 d686b50ce172 Downloading [============>                                      ]  3.146MB/12.47MB
 beb0d870d438 Download complete 
 dda3d8fbd5ed Download complete 
 e0d55fdb4d15 Downloading [=>                                                 ]  3.146MB/109MB
 edcaff0d5e7e Download complete 
 4831516dd0cb Downloading [=====>                                             ]  3.146MB/28.23MB
 710e142705f8 Download complete 
 f4e7f62f4b80 Download complete 
 c5761dea9b0e Download complete 
 ae3bb1b347a4 Download complete 
 47a60771af96 Download complete 
 22dca8215bc4 Downloading [======>                                            ]  2.097MB/15.35MB
 5e1c03b67a78 Download complete 
 d63c4408fdb7 Downloading [==>                                                ]  1.049MB/21.31MB
 20043066d3d5 Downloading [=>                                                 ]  1.049MB/29.72MB
 91d2729fa4d5 Download complete 
 c1cb13b19080 Download complete 
 b0a0cf830b12 Downloading [=====>                                             ]  3.146MB/29.15MB
 9739ced65621 Downloading [===================>                               ]  3.146MB/8.069MB
 f8406d9c00ea Download complete 
 283a477db7bb Downloading [==================================>                ]  3.146MB/4.533MB
 e0d55fdb4d15 Downloading [===>                                               ]   7.34MB/109MB
 3fadc669ef11 Downloading [====>                                              ]  4.194MB/43.48MB
 7084ac8f4ab6 Downloading [===================================>               ]  5.243MB/7.468MB
 d686b50ce172 Downloading [=============================>                     ]   7.34MB/12.47MB
 b0a0cf830b12 Downloading [============>                                      ]   7.34MB/29.15MB
 e7da101a9486 Download complete 
 4831516dd0cb Downloading [=============>                                     ]   7.34MB/28.23MB
 7ec4c696b8bb Download complete 
 d63c4408fdb7 Downloading [============>                                      ]  5.243MB/21.31MB
 20043066d3d5 Downloading [========>                                          ]  5.243MB/29.72MB
 56b5e4f0933d Download complete 
 9739ced65621 Downloading [=============================================>     ]   7.34MB/8.069MB
 5682dec5b749 Downloading [===========================>                       ]  3.146MB/5.719MB
 c4cc93acbec6 Download complete 
 22dca8215bc4 Downloading [====================>                              ]  6.291MB/15.35MB
 283a477db7bb Download complete 
 b0a0cf830b12 Downloading [=======================>                           ]  13.63MB/29.15MB
 4831516dd0cb Downloading [======================>                            ]  12.58MB/28.23MB
 22dca8215bc4 Downloading [========================================>          ]  12.58MB/15.35MB
 d686b50ce172 Download complete 
 9739ced65621 Download complete 
 5682dec5b749 Download complete 
 e0d55fdb4d15 Downloading [======>                                            ]  13.63MB/109MB
 16ef6b12768c Download complete 
 d63c4408fdb7 Downloading [===========================>                       ]  11.53MB/21.31MB
 20043066d3d5 Downloading [===================>                               ]  11.53MB/29.72MB
 3fadc669ef11 Downloading [==========>                                        ]  9.437MB/43.48MB
 7084ac8f4ab6 Download complete 
 4831516dd0cb Downloading [=====================================>             ]  20.97MB/28.23MB
 d63c4408fdb7 Downloading [============================================>      ]  18.87MB/21.31MB
 20043066d3d5 Downloading [===============================>                   ]  18.87MB/29.72MB
 3fadc669ef11 Downloading [===================>                               ]  16.78MB/43.48MB
 22dca8215bc4 Download complete 
 e0d55fdb4d15 Downloading [=========>                                         ]  20.97MB/109MB
 b0a0cf830b12 Downloading [===================================>               ]  20.97MB/29.15MB
 4831516dd0cb Downloading [==================================================>]  28.23MB/28.23MB
 d63c4408fdb7 Downloading [==================================================>]  21.31MB/21.31MB
 20043066d3d5 Downloading [==================================================>]  29.72MB/29.72MB
 3fadc669ef11 Downloading [=================================>                 ]  29.36MB/43.48MB
 e0d55fdb4d15 Downloading [===============>                                   ]  33.55MB/109MB
 b0a0cf830b12 Downloading [==================================================>]  29.15MB/29.15MB
 4831516dd0cb Downloading [==================================================>]  28.23MB/28.23MB
 e0d55fdb4d15 Downloading [===================>                               ]  42.99MB/109MB
 b0a0cf830b12 Downloading [==================================================>]  29.15MB/29.15MB
 3fadc669ef11 Downloading [==================================================>]  43.48MB/43.48MB
 d63c4408fdb7 Downloading [==================================================>]  21.31MB/21.31MB
 20043066d3d5 Downloading [==================================================>]  29.72MB/29.72MB
 4831516dd0cb Downloading [==================================================>]  28.23MB/28.23MB
 e0d55fdb4d15 Downloading [======================>                            ]  49.28MB/109MB
 b0a0cf830b12 Downloading [==================================================>]  29.15MB/29.15MB
 d63c4408fdb7 Downloading [==================================================>]  21.31MB/21.31MB
 20043066d3d5 Downloading [==================================================>]  29.72MB/29.72MB
 3fadc669ef11 Downloading [==================================================>]  43.48MB/43.48MB
 20043066d3d5 Downloading [==================================================>]  29.72MB/29.72MB
 3fadc669ef11 Downloading [==================================================>]  43.48MB/43.48MB
 4831516dd0cb Downloading [==================================================>]  28.23MB/28.23MB
 b0a0cf830b12 Downloading [==================================================>]  29.15MB/29.15MB
 e0d55fdb4d15 Downloading [============================>                      ]  62.91MB/109MB
 e0d55fdb4d15 Downloading [=====================================>             ]  81.79MB/109MB
 b0a0cf830b12 Downloading [==================================================>]  29.15MB/29.15MB
 4831516dd0cb Downloading [==================================================>]  28.23MB/28.23MB
 20043066d3d5 Downloading [==================================================>]  29.72MB/29.72MB
 3fadc669ef11 Downloading [==================================================>]  43.48MB/43.48MB
 4831516dd0cb Downloading [==================================================>]  28.23MB/28.23MB
 e0d55fdb4d15 Downloading [=========================================>         ]  90.18MB/109MB
 b0a0cf830b12 Downloading [==================================================>]  29.15MB/29.15MB
 20043066d3d5 Downloading [==================================================>]  29.72MB/29.72MB
 3fadc669ef11 Downloading [==================================================>]  43.48MB/43.48MB
 d63c4408fdb7 Download complete 
 e0d55fdb4d15 Downloading [===============================================>   ]  102.8MB/109MB
 4831516dd0cb Download complete 
 b0a0cf830b12 Download complete 
 20043066d3d5 Download complete 
 3fadc669ef11 Download complete 
 20043066d3d5 Extracting 1 s
 4831516dd0cb Extracting 1 s
 b0a0cf830b12 Extracting 1 s
 e0d55fdb4d15 Downloading [==================================================>]    109MB/109MB
 20043066d3d5 Extracting 1 s
 4831516dd0cb Extracting 1 s
 b0a0cf830b12 Extracting 1 s
 be7444f2e9d6 Pulling fs layer 
 ddf49b9115d7 Pulling fs layer 
 45ea1d560ab5 Pulling fs layer 
 0dc15e54b214 Pulling fs layer 
 a752d85b289a Pulling fs layer 
 cf11b2a25e23 Pulling fs layer 
 57c9a166c575 Pulling fs layer 
 3a66822889ec Pulling fs layer 
 44fabf20c8a1 Pulling fs layer 
 e0d55fdb4d15 Download complete 
 4831516dd0cb Extracting 1 s
 20043066d3d5 Extracting 1 s
 b0a0cf830b12 Extracting 1 s
 4831516dd0cb Extracting 1 s
 20043066d3d5 Extracting 1 s
 b0a0cf830b12 Extracting 1 s
 a752d85b289a Downloading [==>                                                ]  1.049MB/25.12MB
 44fabf20c8a1 Downloading [=>                                                 ]  9.437MB/252.2MB
 4831516dd0cb Extracting 1 s
 20043066d3d5 Extracting 1 s
 b0a0cf830b12 Extracting 1 s
 44fabf20c8a1 Downloading [===>                                               ]  15.73MB/252.2MB
 0dc15e54b214 Download complete 
 be7444f2e9d6 Download complete 
 ddf49b9115d7 Downloading [==>                                                ]  4.194MB/84.72MB
 45ea1d560ab5 Download complete 
 a752d85b289a Downloading [============>                                      ]  6.291MB/25.12MB
 57c9a166c575 Download complete 
 4831516dd0cb Extracting 1 s
 20043066d3d5 Extracting 1 s
 b0a0cf830b12 Extracting 1 s
 ddf49b9115d7 Downloading [===>                                               ]  5.243MB/84.72MB
 a752d85b289a Downloading [===============================>                   ]  15.73MB/25.12MB
 cf11b2a25e23 Download complete 
 3a66822889ec Download complete 
 44fabf20c8a1 Downloading [====>                                              ]  23.07MB/252.2MB
 20043066d3d5 Extracting 1 s
 4831516dd0cb Extracting 1 s
 b0a0cf830b12 Extracting 1 s
 44fabf20c8a1 Downloading [======>                                            ]  30.41MB/252.2MB
 ddf49b9115d7 Downloading [===>                                               ]  5.243MB/84.72MB
 a752d85b289a Downloading [==================================================>]  25.12MB/25.12MB
 4831516dd0cb Extracting 1 s
 20043066d3d5 Extracting 1 s
 b0a0cf830b12 Extracting 1 s
 a752d85b289a Download complete 
 44fabf20c8a1 Downloading [========>                                          ]  40.89MB/252.2MB
 ddf49b9115d7 Downloading [====>                                              ]   7.34MB/84.72MB
 4831516dd0cb Extracting 1 s
 20043066d3d5 Extracting 1 s
 b0a0cf830b12 Extracting 1 s
 ddf49b9115d7 Downloading [====>                                              ]  8.389MB/84.72MB
 44fabf20c8a1 Downloading [=========>                                         ]  49.28MB/252.2MB
 4831516dd0cb Extracting 1 s
 20043066d3d5 Extracting 1 s
 b0a0cf830b12 Extracting 1 s
 44fabf20c8a1 Downloading [===========>                                       ]  56.62MB/252.2MB
 ddf49b9115d7 Downloading [========>                                          ]  14.68MB/84.72MB
 20043066d3d5 Extracting 2 s
 4831516dd0cb Extracting 2 s
 b0a0cf830b12 Extracting 2 s
 ddf49b9115d7 Downloading [===========>                                       ]  19.92MB/84.72MB
 44fabf20c8a1 Downloading [============>                                      ]  63.96MB/252.2MB
 20043066d3d5 Extracting 2 s
 4831516dd0cb Extracting 2 s
 b0a0cf830b12 Extracting 2 s
 ddf49b9115d7 Downloading [================>                                  ]  27.26MB/84.72MB
 44fabf20c8a1 Downloading [==============>                                    ]  72.35MB/252.2MB
 20043066d3d5 Extracting 2 s
 4831516dd0cb Extracting 2 s
 b0a0cf830b12 Extracting 2 s
 44fabf20c8a1 Downloading [================>                                  ]  81.79MB/252.2MB
 ddf49b9115d7 Downloading [====================>                              ]   34.6MB/84.72MB
 20043066d3d5 Extracting 2 s
 4831516dd0cb Extracting 2 s
 b0a0cf830b12 Extracting 2 s
 ddf49b9115d7 Downloading [=======================>                           ]  39.85MB/84.72MB
 44fabf20c8a1 Downloading [=================>                                 ]  89.13MB/252.2MB
 4831516dd0cb Extracting 2 s
 20043066d3d5 Extracting 2 s
 b0a0cf830b12 Extracting 2 s
 44fabf20c8a1 Downloading [===================>                               ]  97.52MB/252.2MB
 ddf49b9115d7 Downloading [=============================>                     ]  49.28MB/84.72MB
 4831516dd0cb Extracting 2 s
 20043066d3d5 Extracting 2 s
 b0a0cf830b12 Extracting 2 s
 44fabf20c8a1 Downloading [====================>                              ]  103.8MB/252.2MB
 ddf49b9115d7 Downloading [==============================>                    ]  51.38MB/84.72MB
 ddf49b9115d7 Downloading [===============================>                   ]  53.48MB/84.72MB
 44fabf20c8a1 Downloading [=====================>                             ]  105.9MB/252.2MB
 4831516dd0cb Extracting 2 s
 20043066d3d5 Pull complete 
 3fadc669ef11 Extracting 1 s
 b0a0cf830b12 Extracting 2 s
 3fadc669ef11 Extracting 1 s
 4831516dd0cb Extracting 2 s
 b0a0cf830b12 Extracting 2 s
 44fabf20c8a1 Downloading [=======================>                           ]  116.4MB/252.2MB
 ddf49b9115d7 Downloading [=====================================>             ]  63.96MB/84.72MB
 4831516dd0cb Extracting 2 s
 3fadc669ef11 Extracting 1 s
 b0a0cf830b12 Extracting 2 s
 ddf49b9115d7 Downloading [========================================>          ]  68.16MB/84.72MB
 44fabf20c8a1 Downloading [========================>                          ]  124.8MB/252.2MB
 4831516dd0cb Pull complete 
 b0a0cf830b12 Extracting 2 s
 3fadc669ef11 Extracting 1 s
 ddf49b9115d7 Downloading [============================================>      ]   75.5MB/84.72MB
 44fabf20c8a1 Downloading [==========================>                        ]  134.2MB/252.2MB
 7b28be0c8c4d Pull complete 
 edcaff0d5e7e Extracting 1 s
 dda3d8fbd5ed Pull complete 
 47a60771af96 Pull complete 
 3fadc669ef11 Extracting 1 s
 283a477db7bb Extracting 1 s
 b0a0cf830b12 Pull complete 
 44fabf20c8a1 Downloading [============================>                      ]  142.6MB/252.2MB
 ddf49b9115d7 Downloading [=============================================>     ]  77.59MB/84.72MB
 edcaff0d5e7e Pull complete 
 22dca8215bc4 Extracting 1 s
 3fadc669ef11 Extracting 1 s
 283a477db7bb Extracting 1 s
 44fabf20c8a1 Downloading [=============================>                     ]  149.9MB/252.2MB
 ddf49b9115d7 Downloading [===============================================>   ]  80.74MB/84.72MB
 91d2729fa4d5 Extracting 1 s
 22dca8215bc4 Extracting 1 s
 3fadc669ef11 Extracting 1 s
 283a477db7bb Pull complete 
 ddf49b9115d7 Downloading [==================================================>]  84.72MB/84.72MB
 44fabf20c8a1 Downloading [===============================>                   ]  158.3MB/252.2MB
 22dca8215bc4 Extracting 1 s
 91d2729fa4d5 Pull complete 
 3fadc669ef11 Extracting 1 s
 9739ced65621 Extracting 1 s
 ddf49b9115d7 Download complete 
 44fabf20c8a1 Downloading [=================================>                 ]  168.8MB/252.2MB
 22dca8215bc4 Extracting 1 s
 ddf49b9115d7 Extracting 1 s
 9739ced65621 Extracting 1 s
 3fadc669ef11 Extracting 1 s
 44fabf20c8a1 Downloading [==================================>                ]  175.1MB/252.2MB
 22dca8215bc4 Extracting 1 s
 3fadc669ef11 Extracting 1 s
 ddf49b9115d7 Extracting 1 s
 9739ced65621 Extracting 1 s
 bbf018d6d4b8 Pull complete 
 4f4fb700ef54 Pull complete 
 c5761dea9b0e Pull complete 
 22dca8215bc4 Pull complete 
 redis Pulled 
 44fabf20c8a1 Downloading [====================================>              ]  184.5MB/252.2MB
 9739ced65621 Extracting 1 s
 ddf49b9115d7 Extracting 1 s
 3fadc669ef11 Extracting 1 s
 44fabf20c8a1 Downloading [======================================>            ]  191.9MB/252.2MB
 ddf49b9115d7 Extracting 1 s
 3fadc669ef11 Extracting 2 s
 9739ced65621 Extracting 1 s
 44fabf20c8a1 Downloading [========================================>          ]  202.4MB/252.2MB
 3fadc669ef11 Extracting 2 s
 ae3bb1b347a4 Extracting 1 s
 ddf49b9115d7 Extracting 1 s
 9739ced65621 Pull complete 
 44fabf20c8a1 Downloading [=========================================>         ]  211.5MB/252.2MB
 c199bff16b05 Pull complete 
 ae3bb1b347a4 Pull complete 
 7084ac8f4ab6 Extracting 1 s
 f8406d9c00ea Pull complete 
 e0d55fdb4d15 Extracting 1 s
 ddf49b9115d7 Extracting 1 s
 3fadc669ef11 Pull complete 
 44fabf20c8a1 Downloading [===========================================>       ]  219.9MB/252.2MB
 e0d55fdb4d15 Extracting 1 s
 7084ac8f4ab6 Extracting 1 s
 ddf49b9115d7 Extracting 1 s
 44fabf20c8a1 Downloading [=============================================>     ]  228.6MB/252.2MB
 e0d55fdb4d15 Extracting 1 s
 7084ac8f4ab6 Pull complete 
 ddf49b9115d7 Extracting 1 s
 44fabf20c8a1 Downloading [==============================================>    ]  235.9MB/252.2MB
 beb0d870d438 Pull complete 
 e0d55fdb4d15 Extracting 1 s
 d63c4408fdb7 Extracting 1 s
 ddf49b9115d7 Extracting 1 s
 44fabf20c8a1 Downloading [================================================>  ]  245.4MB/252.2MB
 d63c4408fdb7 Extracting 1 s
 e0d55fdb4d15 Extracting 1 s
 ddf49b9115d7 Extracting 1 s
 44fabf20c8a1 Downloading [==================================================>]  252.2MB/252.2MB
 d63c4408fdb7 Extracting 1 s
 e0d55fdb4d15 Extracting 1 s
 ddf49b9115d7 Extracting 2 s
 44fabf20c8a1 Downloading [==================================================>]  252.2MB/252.2MB
 d63c4408fdb7 Extracting 1 s
 e0d55fdb4d15 Extracting 1 s
 ddf49b9115d7 Extracting 2 s
 44fabf20c8a1 Downloading [==================================================>]  252.2MB/252.2MB
 d63c4408fdb7 Extracting 1 s
 ddf49b9115d7 Extracting 2 s
 e0d55fdb4d15 Extracting 1 s
 44fabf20c8a1 Downloading [==================================================>]  252.2MB/252.2MB
 d63c4408fdb7 Extracting 1 s
 e0d55fdb4d15 Extracting 1 s
 ddf49b9115d7 Extracting 2 s
 44fabf20c8a1 Download complete 
 d63c4408fdb7 Extracting 1 s
 e0d55fdb4d15 Extracting 1 s
 ddf49b9115d7 Extracting 2 s
 d63c4408fdb7 Extracting 1 s
 e0d55fdb4d15 Extracting 1 s
 ddf49b9115d7 Extracting 2 s
 d63c4408fdb7 Extracting 1 s
 e0d55fdb4d15 Extracting 2 s
 ddf49b9115d7 Extracting 2 s
 d63c4408fdb7 Extracting 1 s
 e0d55fdb4d15 Extracting 2 s
 ddf49b9115d7 Extracting 2 s
 d63c4408fdb7 Extracting 2 s
 e0d55fdb4d15 Extracting 2 s
 ddf49b9115d7 Extracting 2 s
 efa05c660812 Pull complete 
 14e6209d5fa8 Pull complete 
 f4e7f62f4b80 Pull complete 
 5e1c03b67a78 Pull complete 
 e0d55fdb4d15 Extracting 2 s
 d686b50ce172 Extracting 1 s
 ddf49b9115d7 Extracting 2 s
 d63c4408fdb7 Pull complete 
 d686b50ce172 Extracting 1 s
 e0d55fdb4d15 Extracting 2 s
 ddf49b9115d7 Extracting 2 s
 d686b50ce172 Extracting 1 s
 e0d55fdb4d15 Extracting 2 s
 ddf49b9115d7 Extracting 3 s
 d686b50ce172 Extracting 1 s
 e0d55fdb4d15 Extracting 2 s
 ddf49b9115d7 Extracting 3 s
 d686b50ce172 Extracting 1 s
 e0d55fdb4d15 Extracting 2 s
 ddf49b9115d7 Extracting 3 s
 d686b50ce172 Extracting 1 s
 e0d55fdb4d15 Extracting 2 s
 ddf49b9115d7 Extracting 3 s
 d686b50ce172 Pull complete 
 rabbitmq Pulled 
 e0d55fdb4d15 Extracting 2 s
 ddf49b9115d7 Extracting 3 s
 e0d55fdb4d15 Extracting 3 s
 ddf49b9115d7 Extracting 3 s
 e0d55fdb4d15 Extracting 3 s
 ddf49b9115d7 Extracting 3 s
 ddf49b9115d7 Extracting 3 s
 e0d55fdb4d15 Extracting 3 s
 e0d55fdb4d15 Extracting 3 s
 ddf49b9115d7 Extracting 3 s
 e0d55fdb4d15 Extracting 3 s
 ddf49b9115d7 Extracting 3 s
 e0d55fdb4d15 Extracting 3 s
 ddf49b9115d7 Extracting 4 s
 e0d55fdb4d15 Extracting 3 s
 ddf49b9115d7 Extracting 4 s
 e0d55fdb4d15 Extracting 3 s
 ddf49b9115d7 Extracting 4 s
 e0d55fdb4d15 Extracting 3 s
 ddf49b9115d7 Extracting 4 s
 e0d55fdb4d15 Extracting 3 s
 ddf49b9115d7 Extracting 4 s
 e0d55fdb4d15 Extracting 4 s
 ddf49b9115d7 Extracting 4 s
 e0d55fdb4d15 Extracting 4 s
 ddf49b9115d7 Extracting 4 s
 e0d55fdb4d15 Extracting 4 s
 ddf49b9115d7 Extracting 4 s
 c1cb13b19080 Extracting 1 s
 e0d55fdb4d15 Pull complete 
 a752d85b289a Extracting 1 s
 ddf49b9115d7 Pull complete 
 050d9f8c3b1c Pull complete 
 cb628c265f09 Pull complete 
 873532e5f8c7 Pull complete 
 710e142705f8 Pull complete 
 c1cb13b19080 Pull complete 
 postgresql Pulled 
 a752d85b289a Extracting 1 s
 a752d85b289a Extracting 1 s
 a752d85b289a Extracting 1 s
 a752d85b289a Extracting 1 s
 a752d85b289a Extracting 1 s
 a752d85b289a Extracting 1 s
 a752d85b289a Extracting 1 s
 a752d85b289a Extracting 1 s
 57c9a166c575 Pull complete 
 a752d85b289a Pull complete 
 44fabf20c8a1 Extracting 1 s
 44fabf20c8a1 Extracting 1 s
 44fabf20c8a1 Extracting 1 s
 44fabf20c8a1 Extracting 1 s
 44fabf20c8a1 Extracting 1 s
 44fabf20c8a1 Extracting 1 s
 44fabf20c8a1 Extracting 1 s
 44fabf20c8a1 Extracting 1 s
 44fabf20c8a1 Extracting 1 s
 44fabf20c8a1 Extracting 1 s
 44fabf20c8a1 Extracting 2 s
 44fabf20c8a1 Extracting 2 s
 44fabf20c8a1 Extracting 2 s
 44fabf20c8a1 Extracting 2 s
 44fabf20c8a1 Extracting 2 s
 44fabf20c8a1 Extracting 2 s
 44fabf20c8a1 Extracting 2 s
 44fabf20c8a1 Extracting 2 s
 0dc15e54b214 Pull complete 
 be7444f2e9d6 Pull complete 
 45ea1d560ab5 Pull complete 
 cf11b2a25e23 Pull complete 
 3a66822889ec Pull complete 
 44fabf20c8a1 Pull complete 
 elasticsearch Pulled 
 Network docker_services_cli_default  Creating
 Network docker_services_cli_default  Created
 Container docker_services_cli-elasticsearch-1  Creating
 Container docker_services_cli-rabbitmq-1  Creating
 Container docker_services_cli-redis-1  Creating
 Container docker_services_cli-postgresql-1  Creating
 Container docker_services_cli-elasticsearch-1  Created
 Container docker_services_cli-redis-1  Created
 Container docker_services_cli-postgresql-1  Created
 Container docker_services_cli-rabbitmq-1  Created
 Container docker_services_cli-postgresql-1  Starting
 Container docker_services_cli-rabbitmq-1  Starting
 Container docker_services_cli-redis-1  Starting
 Container docker_services_cli-elasticsearch-1  Starting
 Container docker_services_cli-redis-1  Started
 Container docker_services_cli-elasticsearch-1  Started
 Container docker_services_cli-postgresql-1  Started
 Container docker_services_cli-rabbitmq-1  Started
::warning file=/home/runner/work/test-zip-extract-repository/test-zip-extract-repository/workdir/tests/invenio-jobs/original/.venv/lib/python3.14/site-packages/edtf/parser/grammar.py,line=9::'enablePackrat' deprecated - use 'enable_packrat'
::warning file=/home/runner/work/test-zip-extract-repository/test-zip-extract-repository/workdir/tests/invenio-jobs/original/.venv/lib/python3.14/site-packages/edtf/parser/grammar.py,line=52::'oneOf' deprecated - use 'one_of'
::warning file=/home/runner/work/test-zip-extract-repository/test-zip-extract-repository/workdir/tests/invenio-jobs/original/.venv/lib/python3.14/site-packages/edtf/parser/grammar.py,line=53::'oneOf' deprecated - use 'one_of'
::warning file=/home/runner/work/test-zip-extract-repository/test-zip-extract-repository/workdir/tests/invenio-jobs/original/.venv/lib/python3.14/site-packages/edtf/parser/grammar.py,line=54::'oneOf' deprecated - use 'one_of'
::warning file=/home/runner/work/test-zip-extract-repository/test-zip-extract-repository/workdir/tests/invenio-jobs/original/.venv/lib/python3.14/site-packages/edtf/parser/grammar.py,line=55::'oneOf' deprecated - use 'one_of'
::warning file=/home/runner/work/test-zip-extract-repository/test-zip-extract-repository/workdir/tests/invenio-jobs/original/.venv/lib/python3.14/site-packages/edtf/parser/grammar.py,line=56::'oneOf' deprecated - use 'one_of'
::warning file=/home/runner/work/test-zip-extract-repository/test-zip-extract-repository/workdir/tests/invenio-jobs/original/.venv/lib/python3.14/site-packages/edtf/parser/grammar.py,line=57::'oneOf' deprecated - use 'one_of'
::warning file=/home/runner/work/test-zip-extract-repository/test-zip-extract-repository/workdir/tests/invenio-jobs/original/.venv/lib/python3.14/site-packages/edtf/parser/grammar.py,line=58::'oneOf' deprecated - use 'one_of'
::warning file=/home/runner/work/test-zip-extract-repository/test-zip-extract-repository/workdir/tests/invenio-jobs/original/.venv/lib/python3.14/site-packages/edtf/parser/grammar.py,line=59::'oneOf' deprecated - use 'one_of'
::warning file=/home/runner/work/test-zip-extract-repository/test-zip-extract-repository/workdir/tests/invenio-jobs/original/.venv/lib/python3.14/site-packages/edtf/parser/grammar.py,line=60::'oneOf' deprecated - use 'one_of'
::warning file=/home/runner/work/test-zip-extract-repository/test-zip-extract-repository/workdir/tests/invenio-jobs/original/.venv/lib/python3.14/site-packages/edtf/parser/grammar.py,line=63::'excludeChars' argument is deprecated, use 'exclude_chars'
::warning file=/home/runner/work/test-zip-extract-repository/test-zip-extract-repository/workdir/tests/invenio-jobs/original/.venv/lib/python3.14/site-packages/edtf/parser/grammar.py,line=73::'oneOf' deprecated - use 'one_of'
::warning file=/home/runner/work/test-zip-extract-repository/test-zip-extract-repository/workdir/tests/invenio-jobs/original/.venv/lib/python3.14/site-packages/edtf/parser/grammar.py,line=74::'oneOf' deprecated - use 'one_of'
::warning file=/home/runner/work/test-zip-extract-repository/test-zip-extract-repository/workdir/tests/invenio-jobs/original/.venv/lib/python3.14/site-packages/edtf/parser/parser_classes.py,line=103::'addParseAction' deprecated - use 'add_parse_action'
::warning file=/home/runner/work/test-zip-extract-repository/test-zip-extract-repository/workdir/tests/invenio-jobs/original/.venv/lib/python3.14/site-packages/edtf/parser/parser_classes.py,line=103::'addParseAction' deprecated - use 'add_parse_action'
::warning file=/home/runner/work/test-zip-extract-repository/test-zip-extract-repository/workdir/tests/invenio-jobs/original/.venv/lib/python3.14/site-packages/edtf/parser/parser_classes.py,line=103::'addParseAction' deprecated - use 'add_parse_action'
::warning file=/home/runner/work/test-zip-extract-repository/test-zip-extract-repository/workdir/tests/invenio-jobs/original/.venv/lib/python3.14/site-packages/edtf/parser/grammar.py,line=119::'oneOf' deprecated - use 'one_of'
::warning file=/home/runner/work/test-zip-extract-repository/test-zip-extract-repository/workdir/tests/invenio-jobs/original/.venv/lib/python3.14/site-packages/edtf/parser/parser_classes.py,line=103::'addParseAction' deprecated - use 'add_parse_action'
::warning file=/home/runner/work/test-zip-extract-repository/test-zip-extract-repository/workdir/tests/invenio-jobs/original/.venv/lib/python3.14/site-packages/edtf/parser/grammar.py,line=122::'oneOf' deprecated - use 'one_of'
::warning file=/home/runner/work/test-zip-extract-repository/test-zip-extract-repository/workdir/tests/invenio-jobs/original/.venv/lib/python3.14/site-packages/edtf/parser/parser_classes.py,line=103::'addParseAction' deprecated - use 'add_parse_action'
::warning file=/home/runner/work/test-zip-extract-repository/test-zip-extract-repository/workdir/tests/invenio-jobs/original/.venv/lib/python3.14/site-packages/edtf/parser/parser_classes.py,line=103::'addParseAction' deprecated - use 'add_parse_action'
::warning file=/home/runner/work/test-zip-extract-repository/test-zip-extract-repository/workdir/tests/invenio-jobs/original/.venv/lib/python3.14/site-packages/edtf/parser/grammar.py,line=155::'addParseAction' deprecated - use 'add_parse_action'
::warning file=/home/runner/work/test-zip-extract-repository/test-zip-extract-repository/workdir/tests/invenio-jobs/original/.venv/lib/python3.14/site-packages/edtf/parser/grammar.py,line=157::'addParseAction' deprecated - use 'add_parse_action'
::warning file=/home/runner/work/test-zip-extract-repository/test-zip-extract-repository/workdir/tests/invenio-jobs/original/.venv/lib/python3.14/site-packages/edtf/parser/parser_classes.py,line=103::'addParseAction' deprecated - use 'add_parse_action'
::warning file=/home/runner/work/test-zip-extract-repository/test-zip-extract-repository/workdir/tests/invenio-jobs/original/.venv/lib/python3.14/site-packages/edtf/parser/parser_classes.py,line=103::'addParseAction' deprecated - use 'add_parse_action'
::warning file=/home/runner/work/test-zip-extract-repository/test-zip-extract-repository/workdir/tests/invenio-jobs/original/.venv/lib/python3.14/site-packages/edtf/parser/parser_classes.py,line=103::'addParseAction' deprecated - use 'add_parse_action'
::warning file=/home/runner/work/test-zip-extract-repository/test-zip-extract-repository/workdir/tests/invenio-jobs/original/.venv/lib/python3.14/site-packages/edtf/parser/grammar.py,line=199::'oneOf' deprecated - use 'one_of'
::warning file=/home/runner/work/test-zip-extract-repository/test-zip-extract-repository/workdir/tests/invenio-jobs/original/.venv/lib/python3.14/site-packages/edtf/parser/parser_classes.py,line=103::'addParseAction' deprecated - use 'add_parse_action'
::warning file=/home/runner/work/test-zip-extract-repository/test-zip-extract-repository/workdir/tests/invenio-jobs/original/.venv/lib/python3.14/site-packages/edtf/parser/parser_classes.py,line=103::'addParseAction' deprecated - use 'add_parse_action'
::warning file=/home/runner/work/test-zip-extract-repository/test-zip-extract-repository/workdir/tests/invenio-jobs/original/.venv/lib/python3.14/site-packages/edtf/parser/parser_classes.py,line=103::'addParseAction' deprecated - use 'add_parse_action'
::warning file=/home/runner/work/test-zip-extract-repository/test-zip-extract-repository/workdir/tests/invenio-jobs/original/.venv/lib/python3.14/site-packages/edtf/parser/parser_classes.py,line=103::'addParseAction' deprecated - use 'add_parse_action'
::warning file=/home/runner/work/test-zip-extract-repository/test-zip-extract-repository/workdir/tests/invenio-jobs/original/.venv/lib/python3.14/site-packages/edtf/parser/parser_classes.py,line=103::'addParseAction' deprecated - use 'add_parse_action'
::warning file=/home/runner/work/test-zip-extract-repository/test-zip-extract-repository/workdir/tests/invenio-jobs/original/.venv/lib/python3.14/site-packages/edtf/parser/grammar.py,line=303::'addParseAction' deprecated - use 'add_parse_action'
::warning file=/home/runner/work/test-zip-extract-repository/test-zip-extract-repository/workdir/tests/invenio-jobs/original/.venv/lib/python3.14/site-packages/edtf/parser/grammar.py,line=303::'addParseAction' deprecated - use 'add_parse_action'
::warning file=/home/runner/work/test-zip-extract-repository/test-zip-extract-repository/workdir/tests/invenio-jobs/original/.venv/lib/python3.14/site-packages/edtf/parser/grammar.py,line=304::'addParseAction' deprecated - use 'add_parse_action'
::warning file=/home/runner/work/test-zip-extract-repository/test-zip-extract-repository/workdir/tests/invenio-jobs/original/.venv/lib/python3.14/site-packages/edtf/parser/grammar.py,line=304::'addParseAction' deprecated - use 'add_parse_action'
::warning file=/home/runner/work/test-zip-extract-repository/test-zip-extract-repository/workdir/tests/invenio-jobs/original/.venv/lib/python3.14/site-packages/edtf/parser/parser_classes.py,line=103::'addParseAction' deprecated - use 'add_parse_action'
::warning file=/home/runner/work/test-zip-extract-repository/test-zip-extract-repository/workdir/tests/invenio-jobs/original/.venv/lib/python3.14/site-packages/edtf/parser/parser_classes.py,line=103::'addParseAction' deprecated - use 'add_parse_action'
::warning file=/home/runner/work/test-zip-extract-repository/test-zip-extract-repository/workdir/tests/invenio-jobs/original/.venv/lib/python3.14/site-packages/edtf/parser/parser_classes.py,line=103::'addParseAction' deprecated - use 'add_parse_action'
::warning file=/home/runner/work/test-zip-extract-repository/test-zip-extract-repository/workdir/tests/invenio-jobs/original/.venv/lib/python3.14/site-packages/edtf/parser/parser_classes.py,line=103::'addParseAction' deprecated - use 'add_parse_action'
::warning file=/home/runner/work/test-zip-extract-repository/test-zip-extract-repository/workdir/tests/invenio-jobs/original/.venv/lib/python3.14/site-packages/edtf/parser/grammar.py,line=325::'oneOf' deprecated - use 'one_of'
::warning file=/home/runner/work/test-zip-extract-repository/test-zip-extract-repository/workdir/tests/invenio-jobs/original/.venv/lib/python3.14/site-packages/edtf/parser/parser_classes.py,line=103::'addParseAction' deprecated - use 'add_parse_action'
============================= test session starts ==============================
platform linux -- Python 3.14.2, pytest-8.4.2, pluggy-1.6.0
rootdir: /home/runner/work/test-zip-extract-repository/test-zip-extract-repository/workdir/tests/invenio-jobs/original
configfile: setup.cfg
testpaths: docs, tests, invenio_jobs
plugins: invenio-4.0.0, isort-4.0.0, flask-1.3.0, github-actions-annotate-failures-0.3.0, pydocstyle-2.4.0, cov-7.0.0, black-0.6.0, pycodestyle-2.5.0
collected 27 items

tests/resources/test_resources.py .s....s                                [ 25%]
tests/test_alembic.py s                                                  [ 29%]
tests/test_cli.py .::warning file=/home/runner/work/test-zip-extract-repository/test-zip-extract-repository/workdir/tests/invenio-jobs/original/.venv/lib/python3.14/site-packages/invenio_rest/ext.py,line=29::CSRF validation will be enabled by default in the version 1.3.x
.                                                     [ 37%]
tests/test_deprecated.py .                                               [ 40%]
tests/test_invenio_jobs.py ..                                            [ 48%]
tests/test_services_job_logs.py .::warning file=/home/runner/work/test-zip-extract-repository/test-zip-extract-repository/workdir/tests/invenio-jobs/original/.venv/lib/python3.14/site-packages/invenio_rest/ext.py,line=29::CSRF validation will be enabled by default in the version 1.3.x
.                                       [ 55%]
tests/test_services_subtasks.py .::warning file=/home/runner/work/test-zip-extract-repository/test-zip-extract-repository/workdir/tests/invenio-jobs/original/.venv/lib/python3.14/site-packages/invenio_rest/ext.py,line=29::CSRF validation will be enabled by default in the version 1.3.x
..........                              [ 96%]
tests/test_utils.py .                                                    [100%]

=============================== warnings summary ===============================
.venv/lib/python3.14/site-packages/edtf/parser/grammar.py:9
  /home/runner/work/test-zip-extract-repository/test-zip-extract-repository/workdir/tests/invenio-jobs/original/.venv/lib/python3.14/site-packages/edtf/parser/grammar.py:9: PyparsingDeprecationWarning: 'enablePackrat' deprecated - use 'enable_packrat'
    pyparsing.ParserElement.enablePackrat()

.venv/lib/python3.14/site-packages/edtf/parser/grammar.py:52
  /home/runner/work/test-zip-extract-repository/test-zip-extract-repository/workdir/tests/invenio-jobs/original/.venv/lib/python3.14/site-packages/edtf/parser/grammar.py:52: PyparsingDeprecationWarning: 'oneOf' deprecated - use 'one_of'
    oneThru12 = oneOf(["%.2d" % i for i in range(1, 13)])

.venv/lib/python3.14/site-packages/edtf/parser/grammar.py:53
  /home/runner/work/test-zip-extract-repository/test-zip-extract-repository/workdir/tests/invenio-jobs/original/.venv/lib/python3.14/site-packages/edtf/parser/grammar.py:53: PyparsingDeprecationWarning: 'oneOf' deprecated - use 'one_of'
    oneThru13 = oneOf(["%.2d" % i for i in range(1, 14)])

.venv/lib/python3.14/site-packages/edtf/parser/grammar.py:54
  /home/runner/work/test-zip-extract-repository/test-zip-extract-repository/workdir/tests/invenio-jobs/original/.venv/lib/python3.14/site-packages/edtf/parser/grammar.py:54: PyparsingDeprecationWarning: 'oneOf' deprecated - use 'one_of'
    oneThru23 = oneOf(["%.2d" % i for i in range(1, 24)])

.venv/lib/python3.14/site-packages/edtf/parser/grammar.py:55
  /home/runner/work/test-zip-extract-repository/test-zip-extract-repository/workdir/tests/invenio-jobs/original/.venv/lib/python3.14/site-packages/edtf/parser/grammar.py:55: PyparsingDeprecationWarning: 'oneOf' deprecated - use 'one_of'
    zeroThru23 = oneOf(["%.2d" % i for i in range(0, 24)])

.venv/lib/python3.14/site-packages/edtf/parser/grammar.py:56
  /home/runner/work/test-zip-extract-repository/test-zip-extract-repository/workdir/tests/invenio-jobs/original/.venv/lib/python3.14/site-packages/edtf/parser/grammar.py:56: PyparsingDeprecationWarning: 'oneOf' deprecated - use 'one_of'
    oneThru29 = oneOf(["%.2d" % i for i in range(1, 30)])

.venv/lib/python3.14/site-packages/edtf/parser/grammar.py:57
  /home/runner/work/test-zip-extract-repository/test-zip-extract-repository/workdir/tests/invenio-jobs/original/.venv/lib/python3.14/site-packages/edtf/parser/grammar.py:57: PyparsingDeprecationWarning: 'oneOf' deprecated - use 'one_of'
    oneThru30 = oneOf(["%.2d" % i for i in range(1, 31)])

.venv/lib/python3.14/site-packages/edtf/parser/grammar.py:58
  /home/runner/work/test-zip-extract-repository/test-zip-extract-repository/workdir/tests/invenio-jobs/original/.venv/lib/python3.14/site-packages/edtf/parser/grammar.py:58: PyparsingDeprecationWarning: 'oneOf' deprecated - use 'one_of'
    oneThru31 = oneOf(["%.2d" % i for i in range(1, 32)])

.venv/lib/python3.14/site-packages/edtf/parser/grammar.py:59
  /home/runner/work/test-zip-extract-repository/test-zip-extract-repository/workdir/tests/invenio-jobs/original/.venv/lib/python3.14/site-packages/edtf/parser/grammar.py:59: PyparsingDeprecationWarning: 'oneOf' deprecated - use 'one_of'
    oneThru59 = oneOf(["%.2d" % i for i in range(1, 60)])

.venv/lib/python3.14/site-packages/edtf/parser/grammar.py:60
  /home/runner/work/test-zip-extract-repository/test-zip-extract-repository/workdir/tests/invenio-jobs/original/.venv/lib/python3.14/site-packages/edtf/parser/grammar.py:60: PyparsingDeprecationWarning: 'oneOf' deprecated - use 'one_of'
    zeroThru59 = oneOf(["%.2d" % i for i in range(0, 60)])

.venv/lib/python3.14/site-packages/edtf/parser/grammar.py:63
  /home/runner/work/test-zip-extract-repository/test-zip-extract-repository/workdir/tests/invenio-jobs/original/.venv/lib/python3.14/site-packages/edtf/parser/grammar.py:63: PyparsingDeprecationWarning: 'excludeChars' argument is deprecated, use 'exclude_chars'
    positiveDigit = Word(nums, exact=1, excludeChars="0")

.venv/lib/python3.14/site-packages/edtf/parser/grammar.py:73
  /home/runner/work/test-zip-extract-repository/test-zip-extract-repository/workdir/tests/invenio-jobs/original/.venv/lib/python3.14/site-packages/edtf/parser/grammar.py:73: PyparsingDeprecationWarning: 'oneOf' deprecated - use 'one_of'
    (oneOf("01 03 05 07 08 10 12")("month") + "-" + oneThru31("day"))

.venv/lib/python3.14/site-packages/edtf/parser/grammar.py:74
  /home/runner/work/test-zip-extract-repository/test-zip-extract-repository/workdir/tests/invenio-jobs/original/.venv/lib/python3.14/site-packages/edtf/parser/grammar.py:74: PyparsingDeprecationWarning: 'oneOf' deprecated - use 'one_of'
    ^ (oneOf("04 06 09 11")("month") + "-" + oneThru30("day"))

.venv/lib/python3.14/site-packages/edtf/parser/parser_classes.py:103: 19 warnings
  /home/runner/work/test-zip-extract-repository/test-zip-extract-repository/workdir/tests/invenio-jobs/original/.venv/lib/python3.14/site-packages/edtf/parser/parser_classes.py:103: PyparsingDeprecationWarning: 'addParseAction' deprecated - use 'add_parse_action'
    p.addParseAction(cls.parse_action)

.venv/lib/python3.14/site-packages/edtf/parser/grammar.py:119
  /home/runner/work/test-zip-extract-repository/test-zip-extract-repository/workdir/tests/invenio-jobs/original/.venv/lib/python3.14/site-packages/edtf/parser/grammar.py:119: PyparsingDeprecationWarning: 'oneOf' deprecated - use 'one_of'
    UASymbol = Combine(oneOf("? ~ %"))

.venv/lib/python3.14/site-packages/edtf/parser/grammar.py:122
  /home/runner/work/test-zip-extract-repository/test-zip-extract-repository/workdir/tests/invenio-jobs/original/.venv/lib/python3.14/site-packages/edtf/parser/grammar.py:122: PyparsingDeprecationWarning: 'oneOf' deprecated - use 'one_of'
    seasonNumber = oneOf("21 22 23 24")

.venv/lib/python3.14/site-packages/edtf/parser/grammar.py:155
  /home/runner/work/test-zip-extract-repository/test-zip-extract-repository/workdir/tests/invenio-jobs/original/.venv/lib/python3.14/site-packages/edtf/parser/grammar.py:155: PyparsingDeprecationWarning: 'addParseAction' deprecated - use 'add_parse_action'
    l1Start.addParseAction(f)

.venv/lib/python3.14/site-packages/edtf/parser/grammar.py:157
  /home/runner/work/test-zip-extract-repository/test-zip-extract-repository/workdir/tests/invenio-jobs/original/.venv/lib/python3.14/site-packages/edtf/parser/grammar.py:157: PyparsingDeprecationWarning: 'addParseAction' deprecated - use 'add_parse_action'
    l1End.addParseAction(f)

.venv/lib/python3.14/site-packages/edtf/parser/grammar.py:199
  /home/runner/work/test-zip-extract-repository/test-zip-extract-repository/workdir/tests/invenio-jobs/original/.venv/lib/python3.14/site-packages/edtf/parser/grammar.py:199: PyparsingDeprecationWarning: 'oneOf' deprecated - use 'one_of'
    monthWithX = Combine(oneOf("0X 1X") ^ ("X" + digitOrX))("month")

.venv/lib/python3.14/site-packages/edtf/parser/grammar.py:303
.venv/lib/python3.14/site-packages/edtf/parser/grammar.py:303
  /home/runner/work/test-zip-extract-repository/test-zip-extract-repository/workdir/tests/invenio-jobs/original/.venv/lib/python3.14/site-packages/edtf/parser/grammar.py:303: PyparsingDeprecationWarning: 'addParseAction' deprecated - use 'add_parse_action'
    earlier = L("..").addParseAction(f)("lower") + date("upper").addParseAction(f)

.venv/lib/python3.14/site-packages/edtf/parser/grammar.py:304
.venv/lib/python3.14/site-packages/edtf/parser/grammar.py:304
  /home/runner/work/test-zip-extract-repository/test-zip-extract-repository/workdir/tests/invenio-jobs/original/.venv/lib/python3.14/site-packages/edtf/parser/grammar.py:304: PyparsingDeprecationWarning: 'addParseAction' deprecated - use 'add_parse_action'
    later = date("lower").addParseAction(f) + L("..").addParseAction(f)("upper")

.venv/lib/python3.14/site-packages/edtf/parser/grammar.py:325
  /home/runner/work/test-zip-extract-repository/test-zip-extract-repository/workdir/tests/invenio-jobs/original/.venv/lib/python3.14/site-packages/edtf/parser/grammar.py:325: PyparsingDeprecationWarning: 'oneOf' deprecated - use 'one_of'
    seasonL2Number = oneOf("21 22 23 24 25 26 27 28 29 30 31 32 33 34 35 36 37 38 39 40 41")

tests/test_cli.py::test_jobs_cli
tests/test_services_job_logs.py::test_job_logs_search_limits_to_max_docs
tests/test_services_subtasks.py::test_create_subtask_run
  /home/runner/work/test-zip-extract-repository/test-zip-extract-repository/workdir/tests/invenio-jobs/original/.venv/lib/python3.14/site-packages/invenio_rest/ext.py:29: FutureWarning: CSRF validation will be enabled by default in the version 1.3.x
    self.init_app(app)

-- Docs: https://docs.pytest.org/en/stable/how-to/capture-warnings.html
================================ tests coverage ================================
_______________ coverage: platform linux, python 3.14.2-final-0 ________________

Name                                                                       Stmts   Miss  Cover   Missing
--------------------------------------------------------------------------------------------------------
invenio_jobs/__init__.py                                                       3      0   100%
invenio_jobs/administration/__init__.py                                        0      0   100%
invenio_jobs/administration/jobs.py                                           86     24    72%   107, 111-117, 121-126, 135-140, 184-187, 202-223
invenio_jobs/administration/runs.py                                           46     25    46%   39-54, 58-65, 69-70, 74-75
invenio_jobs/alembic/1f896f6990b8_update_jobs_module_table_names.py           20     10    50%   25-32, 40-45
invenio_jobs/alembic/371f4cbcb73d_create_invenio_jobs_branch.py               10      2    80%   22, 27
invenio_jobs/alembic/9732b5f7609a_change_datetime_types.py                    17     10    41%   25-29, 34-38
invenio_jobs/alembic/356496a01197_create_invenio_jobs_tables.py               17      4    76%   30-62, 105-106
invenio_jobs/alembic/1753948224_add_subtasks_columns_to_jobs_run.py           31     22    29%   23-91, 102-114
invenio_jobs/alembic/1757597048_add_run_args_column_to_jobs_job_table.py      12      2    83%   26, 45
invenio_jobs/api.py                                                            4      0   100%
invenio_jobs/cli.py                                                          230     50    78%   46, 62-63, 78-79, 90-91, 98-99, 106-108, 188-189, 208-211, 221, 232-235, 265-268, 273-287, 333-334, 345-350, 367-369, 400, 421-427
invenio_jobs/config.py                                                        32      0   100%
invenio_jobs/errors.py                                                        11      3    73%   20-22
invenio_jobs/ext.py                                                           57      1    98%   106
invenio_jobs/jobs.py                                                          33      6    82%   65-67, 89, 108-116
invenio_jobs/logging/__init__.py                                               0      0   100%
invenio_jobs/logging/celery_signals.py                                        19      5    74%   23-26, 38-40, 49
invenio_jobs/logging/index_templates/__init__.py                               0      0   100%
invenio_jobs/logging/index_templates/os-v1/__init__.py                         0      0   100%
invenio_jobs/logging/index_templates/os-v2/__init__.py                         0      0   100%
invenio_jobs/logging/jobs.py                                                  63      5    92%   98, 119-121, 125-126
invenio_jobs/logging/tasks.py                                                  8      2    75%   20-21
invenio_jobs/models.py                                                       144     14    90%   90-98, 107-109, 242-244
invenio_jobs/proxies.py                                                       12      0   100%
invenio_jobs/registry.py                                                      26      5    81%   23, 32-35
invenio_jobs/resources/__init__.py                                             3      0   100%
invenio_jobs/resources/config.py                                              57      0   100%
invenio_jobs/resources/resources.py                                          126     14    89%   48-53, 58-63, 210-217, 237-243, 249-255
invenio_jobs/services/__init__.py                                              4      0   100%
invenio_jobs/services/config.py                                               79      0   100%
invenio_jobs/services/errors.py                                               22      1    95%   63
invenio_jobs/services/links.py                                                22      0   100%
invenio_jobs/services/permissions.py                                          25      0   100%
invenio_jobs/services/results.py                                             100     11    89%   83, 92-95, 120-121, 148-149, 167, 169-170
invenio_jobs/services/scheduler.py                                            55     31    44%   31-32, 37-39, 59, 66, 70-71, 75-94, 99-106, 113-119
invenio_jobs/services/schema.py                                              163      9    94%   52-57, 133, 328, 361-362
invenio_jobs/services/services.py                                            249     31    88%   53, 61-65, 92-94, 196-198, 216, 320, 429, 449, 485-499, 504-510, 519, 555, 566, 572-573
invenio_jobs/services/ui_schema.py                                            19      0   100%
invenio_jobs/tasks.py                                                         66     24    64%   29, 45-48, 53, 80, 84-99, 101-120, 125, 130, 143
invenio_jobs/utils.py                                                         28     19    32%   20-31, 36-47, 55
invenio_jobs/views.py                                                         14      0   100%
invenio_jobs/webpack.py                                                        2      0   100%
--------------------------------------------------------------------------------------------------------
TOTAL                                                                       1915    330    83%
================= 24 passed, 3 skipped, 45 warnings in 12.07s ==================
 Container docker_services_cli-elasticsearch-1  Stopping
 Container docker_services_cli-rabbitmq-1  Stopping
 Container docker_services_cli-redis-1  Stopping
 Container docker_services_cli-postgresql-1  Stopping
 Container docker_services_cli-postgresql-1  Stopped
 Container docker_services_cli-postgresql-1  Removing
 Container docker_services_cli-redis-1  Stopped
 Container docker_services_cli-redis-1  Removing
 Container docker_services_cli-redis-1  Removed
 Container docker_services_cli-postgresql-1  Removed
 Container docker_services_cli-elasticsearch-1  Stopped
 Container docker_services_cli-elasticsearch-1  Removing
 Container docker_services_cli-elasticsearch-1  Removed
 Container docker_services_cli-rabbitmq-1  Stopped
 Container docker_services_cli-rabbitmq-1  Removing
 Container docker_services_cli-rabbitmq-1  Removed
 Network docker_services_cli_default  Removing
 Network docker_services_cli_default  Removed
