running extract_messages
extracting messages from invenio_drafts_resources/__init__.py (encoding="utf-8")
extracting messages from invenio_drafts_resources/auditlog/__init__.py (encoding="utf-8")
extracting messages from invenio_drafts_resources/auditlog/actions.py (encoding="utf-8")
extracting messages from invenio_drafts_resources/auditlog/context.py (encoding="utf-8")
extracting messages from invenio_drafts_resources/records/__init__.py (encoding="utf-8")
extracting messages from invenio_drafts_resources/records/api.py (encoding="utf-8")
extracting messages from invenio_drafts_resources/records/models.py (encoding="utf-8")
extracting messages from invenio_drafts_resources/records/systemfields/__init__.py (encoding="utf-8")
extracting messages from invenio_drafts_resources/records/systemfields/parent.py (encoding="utf-8")
extracting messages from invenio_drafts_resources/records/systemfields/versions.py (encoding="utf-8")
extracting messages from invenio_drafts_resources/resources/__init__.py (encoding="utf-8")
extracting messages from invenio_drafts_resources/resources/records/__init__.py (encoding="utf-8")
extracting messages from invenio_drafts_resources/resources/records/args.py (encoding="utf-8")
extracting messages from invenio_drafts_resources/resources/records/config.py (encoding="utf-8")
extracting messages from invenio_drafts_resources/resources/records/errors.py (encoding="utf-8")
extracting messages from invenio_drafts_resources/resources/records/resource.py (encoding="utf-8")
extracting messages from invenio_drafts_resources/services/__init__.py (encoding="utf-8")
extracting messages from invenio_drafts_resources/services/records/__init__.py (encoding="utf-8")
extracting messages from invenio_drafts_resources/services/records/config.py (encoding="utf-8")
extracting messages from invenio_drafts_resources/services/records/permissions.py (encoding="utf-8")
extracting messages from invenio_drafts_resources/services/records/schema.py (encoding="utf-8")
extracting messages from invenio_drafts_resources/services/records/search_params.py (encoding="utf-8")
extracting messages from invenio_drafts_resources/services/records/service.py (encoding="utf-8")
extracting messages from invenio_drafts_resources/services/records/tasks.py (encoding="utf-8")
extracting messages from invenio_drafts_resources/services/records/uow.py (encoding="utf-8")
extracting messages from invenio_drafts_resources/services/records/components/__init__.py (encoding="utf-8")
extracting messages from invenio_drafts_resources/services/records/components/base.py (encoding="utf-8")
extracting messages from invenio_drafts_resources/services/records/components/files.py (encoding="utf-8")
extracting messages from invenio_drafts_resources/services/records/components/media_files.py (encoding="utf-8")
extracting messages from invenio_drafts_resources/services/records/components/metadata.py (encoding="utf-8")
extracting messages from invenio_drafts_resources/services/records/components/pid.py (encoding="utf-8")
extracting messages from invenio_drafts_resources/services/records/components/relations.py (encoding="utf-8")
writing PO template file to /dev/null
 postgresql Pulling 
 opensearch Pulling 
 cb628c265f09 Pulling fs layer 
 f8406d9c00ea Pulling fs layer 
 91d2729fa4d5 Pulling fs layer 
 c1cb13b19080 Pulling fs layer 
 873532e5f8c7 Pulling fs layer 
 050d9f8c3b1c Pulling fs layer 
 e0d55fdb4d15 Pulling fs layer 
 c199bff16b05 Pulling fs layer 
 710e142705f8 Pulling fs layer 
 283a477db7bb Pulling fs layer 
 ae3bb1b347a4 Pulling fs layer 
 9739ced65621 Pulling fs layer 
 dda3d8fbd5ed Pulling fs layer 
 b0a0cf830b12 Pulling fs layer 
 2e81b9cb93cd Pulling fs layer 
 f9dd052e142d Pulling fs layer 
 e8c6d4883897 Pulling fs layer 
 eb77aa907276 Pulling fs layer 
 0ffa8f8aba1e Pulling fs layer 
 4f4fb700ef54 Pulling fs layer 
 648eb81b3252 Pulling fs layer 
 91d2729fa4d5 Download complete 
 e0d55fdb4d15 Downloading [=====>                                             ]  11.53MB/109MB
 4f4fb700ef54 Already exists 
 873532e5f8c7 Download complete 
 c199bff16b05 Download complete 
 9739ced65621 Downloading [======>                                            ]  1.049MB/8.069MB
 c1cb13b19080 Download complete 
 050d9f8c3b1c Download complete 
 283a477db7bb Downloading [===========>                                       ]  1.049MB/4.533MB
 cb628c265f09 Download complete 
 dda3d8fbd5ed Download complete 
 f8406d9c00ea Download complete 
 56b5e4f0933d Download complete 
 b0a0cf830b12 Downloading [============>                                      ]   7.34MB/29.15MB
 e0d55fdb4d15 Downloading [==============>                                    ]  31.46MB/109MB
 710e142705f8 Download complete 
 eb77aa907276 Downloading [>                                                  ]   7.34MB/907.7MB
 2e81b9cb93cd Download complete 
 ae3bb1b347a4 Download complete 
 b0a0cf830b12 Downloading [===================================>               ]  20.97MB/29.15MB
 e0d55fdb4d15 Downloading [=====================>                             ]  46.14MB/109MB
 9739ced65621 Download complete 
 283a477db7bb Download complete 
 e0d55fdb4d15 Downloading [===========================>                       ]  60.82MB/109MB
 5682dec5b749 Download complete 
 648eb81b3252 Download complete 
 0ffa8f8aba1e Download complete 
 f9dd052e142d Downloading [=>                                                 ]  1.049MB/52.33MB
 eb77aa907276 Downloading [=>                                                 ]  22.02MB/907.7MB
 b0a0cf830b12 Download complete 
 b0a0cf830b12 Extracting 1 s
 f9dd052e142d Downloading [=============>                                     ]  13.63MB/52.33MB
 e0d55fdb4d15 Downloading [=================================>                 ]   73.4MB/109MB
 e8c6d4883897 Download complete 
 eb77aa907276 Downloading [=>                                                 ]   34.6MB/907.7MB
 b0a0cf830b12 Extracting 1 s
 f9dd052e142d Downloading [===========================>                       ]  28.31MB/52.33MB
 eb77aa907276 Downloading [==>                                                ]  50.33MB/907.7MB
 e0d55fdb4d15 Downloading [========================================>          ]  88.08MB/109MB
 b0a0cf830b12 Extracting 1 s
 f9dd052e142d Downloading [===========================================>       ]  45.09MB/52.33MB
 e0d55fdb4d15 Downloading [==============================================>    ]  101.7MB/109MB
 eb77aa907276 Downloading [===>                                               ]  63.96MB/907.7MB
 b0a0cf830b12 Extracting 1 s
 e0d55fdb4d15 Downloading [==================================================>]    109MB/109MB
 eb77aa907276 Downloading [====>                                              ]  79.69MB/907.7MB
 f9dd052e142d Downloading [==================================================>]  52.33MB/52.33MB
 eb77aa907276 Downloading [=====>                                             ]  93.32MB/907.7MB
 f9dd052e142d Downloading [==================================================>]  52.33MB/52.33MB
 b0a0cf830b12 Extracting 1 s
 e0d55fdb4d15 Downloading [==================================================>]    109MB/109MB
 b0a0cf830b12 Extracting 1 s
 e0d55fdb4d15 Downloading [==================================================>]    109MB/109MB
 eb77aa907276 Downloading [=====>                                             ]  96.47MB/907.7MB
 b0a0cf830b12 Extracting 1 s
 e0d55fdb4d15 Download complete 
 f9dd052e142d Download complete 
 eb77aa907276 Downloading [=====>                                             ]    108MB/907.7MB
 f9dd052e142d Extracting 1 s
 b0a0cf830b12 Extracting 1 s
 eb77aa907276 Downloading [======>                                            ]  123.7MB/907.7MB
 f9dd052e142d Extracting 1 s
 b0a0cf830b12 Extracting 1 s
 eb77aa907276 Downloading [=======>                                           ]  139.5MB/907.7MB
 f9dd052e142d Extracting 1 s
 b0a0cf830b12 Extracting 1 s
 eb77aa907276 Downloading [========>                                          ]  157.3MB/907.7MB
 f9dd052e142d Extracting 1 s
 b0a0cf830b12 Extracting 1 s
 eb77aa907276 Downloading [=========>                                         ]  176.2MB/907.7MB
 f9dd052e142d Extracting 1 s
 b0a0cf830b12 Extracting 2 s
 eb77aa907276 Downloading [==========>                                        ]  195.6MB/907.7MB
 f9dd052e142d Extracting 1 s
 b0a0cf830b12 Extracting 2 s
 eb77aa907276 Downloading [===========>                                       ]  209.7MB/907.7MB
 f9dd052e142d Extracting 1 s
 b0a0cf830b12 Extracting 2 s
 eb77aa907276 Downloading [============>                                      ]  225.4MB/907.7MB
 f9dd052e142d Extracting 1 s
 b0a0cf830b12 Extracting 2 s
 eb77aa907276 Downloading [=============>                                     ]  243.3MB/907.7MB
 f9dd052e142d Extracting 1 s
 dda3d8fbd5ed Extracting 1 s
 b0a0cf830b12 Pull complete 
 eb77aa907276 Downloading [==============>                                    ]  255.9MB/907.7MB
 f9dd052e142d Extracting 1 s
 dda3d8fbd5ed Pull complete 
 283a477db7bb Extracting 1 s
 eb77aa907276 Downloading [===============>                                   ]  275.8MB/907.7MB
 91d2729fa4d5 Pull complete 
 f9dd052e142d Extracting 1 s
 9739ced65621 Extracting 1 s
 283a477db7bb Pull complete 
 eb77aa907276 Downloading [================>                                  ]  291.5MB/907.7MB
 f9dd052e142d Extracting 2 s
 9739ced65621 Extracting 1 s
 eb77aa907276 Downloading [=================>                                 ]  310.4MB/907.7MB
 f9dd052e142d Extracting 2 s
 9739ced65621 Extracting 1 s
 eb77aa907276 Downloading [=================>                                 ]    324MB/907.7MB
 f9dd052e142d Extracting 2 s
 ae3bb1b347a4 Extracting 1 s
 9739ced65621 Pull complete 
 eb77aa907276 Downloading [==================>                                ]  342.9MB/907.7MB
 c199bff16b05 Pull complete 
 f9dd052e142d Extracting 2 s
 f8406d9c00ea Pull complete 
 ae3bb1b347a4 Pull complete 
 e0d55fdb4d15 Extracting 1 s
 eb77aa907276 Downloading [===================>                               ]  359.7MB/907.7MB
 f9dd052e142d Extracting 2 s
 e0d55fdb4d15 Extracting 1 s
 eb77aa907276 Downloading [====================>                              ]  378.5MB/907.7MB
 f9dd052e142d Extracting 2 s
 e0d55fdb4d15 Extracting 1 s
 eb77aa907276 Downloading [=====================>                             ]  397.4MB/907.7MB
 e0d55fdb4d15 Extracting 1 s
 f9dd052e142d Extracting 2 s
 eb77aa907276 Downloading [======================>                            ]  416.3MB/907.7MB
 e0d55fdb4d15 Extracting 1 s
 f9dd052e142d Extracting 2 s
 eb77aa907276 Downloading [=======================>                           ]  435.2MB/907.7MB
 e0d55fdb4d15 Extracting 1 s
 f9dd052e142d Extracting 2 s
 eb77aa907276 Downloading [========================>                          ]  453.2MB/907.7MB
 f9dd052e142d Extracting 3 s
 e0d55fdb4d15 Extracting 1 s
 eb77aa907276 Downloading [=========================>                         ]  468.7MB/907.7MB
 f9dd052e142d Extracting 3 s
 e0d55fdb4d15 Extracting 1 s
 eb77aa907276 Downloading [==========================>                        ]  486.5MB/907.7MB
 e0d55fdb4d15 Extracting 1 s
 f9dd052e142d Extracting 3 s
 eb77aa907276 Downloading [===========================>                       ]  499.1MB/907.7MB
 e0d55fdb4d15 Extracting 1 s
 f9dd052e142d Extracting 3 s
 eb77aa907276 Downloading [===========================>                       ]  507.5MB/907.7MB
 e0d55fdb4d15 Extracting 1 s
 e8c6d4883897 Extracting 1 s
 f9dd052e142d Pull complete 
 eb77aa907276 Downloading [============================>                      ]    519MB/907.7MB
 e0d55fdb4d15 Extracting 2 s
 e8c6d4883897 Extracting 1 s
 eb77aa907276 Downloading [=============================>                     ]  537.9MB/907.7MB
 e0d55fdb4d15 Extracting 2 s
 e8c6d4883897 Extracting 1 s
 eb77aa907276 Downloading [==============================>                    ]  555.7MB/907.7MB
 648eb81b3252 Pull complete 
 e8c6d4883897 Pull complete 
 e0d55fdb4d15 Extracting 2 s
 eb77aa907276 Downloading [===============================>                   ]  575.7MB/907.7MB
 e0d55fdb4d15 Extracting 2 s
 eb77aa907276 Downloading [================================>                  ]  591.8MB/907.7MB
 e0d55fdb4d15 Extracting 2 s
 eb77aa907276 Downloading [=================================>                 ]  610.3MB/907.7MB
 e0d55fdb4d15 Extracting 2 s
 eb77aa907276 Downloading [==================================>                ]  629.1MB/907.7MB
 e0d55fdb4d15 Extracting 2 s
 eb77aa907276 Downloading [===================================>               ]    648MB/907.7MB
 e0d55fdb4d15 Extracting 2 s
 eb77aa907276 Downloading [====================================>              ]  664.8MB/907.7MB
 e0d55fdb4d15 Extracting 2 s
 eb77aa907276 Downloading [=====================================>             ]  682.6MB/907.7MB
 e0d55fdb4d15 Extracting 2 s
 eb77aa907276 Downloading [======================================>            ]  702.5MB/907.7MB
 e0d55fdb4d15 Extracting 3 s
 eb77aa907276 Downloading [=======================================>           ]  721.1MB/907.7MB
 e0d55fdb4d15 Extracting 3 s
 eb77aa907276 Downloading [========================================>          ]  738.6MB/907.7MB
 e0d55fdb4d15 Extracting 3 s
 eb77aa907276 Downloading [=========================================>         ]  757.2MB/907.7MB
 e0d55fdb4d15 Extracting 3 s
 eb77aa907276 Downloading [==========================================>        ]    778MB/907.7MB
 e0d55fdb4d15 Extracting 3 s
 eb77aa907276 Downloading [============================================>      ]    799MB/907.7MB
 e0d55fdb4d15 Extracting 3 s
 eb77aa907276 Downloading [=============================================>     ]  818.9MB/907.7MB
 e0d55fdb4d15 Extracting 3 s
 eb77aa907276 Downloading [==============================================>    ]  836.8MB/907.7MB
 e0d55fdb4d15 Pull complete 
 eb77aa907276 Downloading [==============================================>    ]  849.3MB/907.7MB
 873532e5f8c7 Pull complete 
 c1cb13b19080 Pull complete 
 050d9f8c3b1c Pull complete 
 cb628c265f09 Pull complete 
 710e142705f8 Pull complete 
 postgresql Pulled 
 eb77aa907276 Downloading [===============================================>   ]  868.2MB/907.7MB
 eb77aa907276 Downloading [================================================>  ]  888.1MB/907.7MB
 eb77aa907276 Downloading [=================================================> ]    907MB/907.7MB
 eb77aa907276 Downloading [==================================================>]  907.7MB/907.7MB
 eb77aa907276 Downloading [==================================================>]  907.7MB/907.7MB
 eb77aa907276 Downloading [==================================================>]  907.7MB/907.7MB
 eb77aa907276 Downloading [==================================================>]  907.7MB/907.7MB
 eb77aa907276 Downloading [==================================================>]  907.7MB/907.7MB
 eb77aa907276 Downloading [==================================================>]  907.7MB/907.7MB
 eb77aa907276 Downloading [==================================================>]  907.7MB/907.7MB
 eb77aa907276 Downloading [==================================================>]  907.7MB/907.7MB
 eb77aa907276 Downloading [==================================================>]  907.7MB/907.7MB
 eb77aa907276 Downloading [==================================================>]  907.7MB/907.7MB
 eb77aa907276 Downloading [==================================================>]  907.7MB/907.7MB
 eb77aa907276 Downloading [==================================================>]  907.7MB/907.7MB
 eb77aa907276 Downloading [==================================================>]  907.7MB/907.7MB
 eb77aa907276 Downloading [==================================================>]  907.7MB/907.7MB
 eb77aa907276 Downloading [==================================================>]  907.7MB/907.7MB
 eb77aa907276 Downloading [==================================================>]  907.7MB/907.7MB
 eb77aa907276 Downloading [==================================================>]  907.7MB/907.7MB
 eb77aa907276 Downloading [==================================================>]  907.7MB/907.7MB
 eb77aa907276 Downloading [==================================================>]  907.7MB/907.7MB
 eb77aa907276 Downloading [==================================================>]  907.7MB/907.7MB
 eb77aa907276 Downloading [==================================================>]  907.7MB/907.7MB
 eb77aa907276 Downloading [==================================================>]  907.7MB/907.7MB
 eb77aa907276 Download complete 
 eb77aa907276 Extracting 1 s
 eb77aa907276 Extracting 1 s
 eb77aa907276 Extracting 1 s
 eb77aa907276 Extracting 1 s
 eb77aa907276 Extracting 1 s
 eb77aa907276 Extracting 1 s
 eb77aa907276 Extracting 1 s
 eb77aa907276 Extracting 1 s
 eb77aa907276 Extracting 1 s
 eb77aa907276 Extracting 1 s
 eb77aa907276 Extracting 1 s
 eb77aa907276 Extracting 2 s
 eb77aa907276 Extracting 2 s
 eb77aa907276 Extracting 2 s
 eb77aa907276 Extracting 2 s
 eb77aa907276 Extracting 2 s
 eb77aa907276 Extracting 2 s
 eb77aa907276 Extracting 2 s
 eb77aa907276 Extracting 2 s
 eb77aa907276 Extracting 2 s
 eb77aa907276 Extracting 3 s
 eb77aa907276 Extracting 3 s
 eb77aa907276 Extracting 3 s
 eb77aa907276 Extracting 3 s
 eb77aa907276 Extracting 3 s
 eb77aa907276 Extracting 3 s
 eb77aa907276 Extracting 3 s
 eb77aa907276 Extracting 3 s
 eb77aa907276 Extracting 3 s
 eb77aa907276 Extracting 3 s
 eb77aa907276 Extracting 4 s
 eb77aa907276 Extracting 4 s
 eb77aa907276 Extracting 4 s
 eb77aa907276 Extracting 4 s
 eb77aa907276 Extracting 4 s
 eb77aa907276 Extracting 4 s
 eb77aa907276 Extracting 4 s
 eb77aa907276 Extracting 4 s
 eb77aa907276 Extracting 4 s
 eb77aa907276 Extracting 4 s
 eb77aa907276 Extracting 4 s
 eb77aa907276 Extracting 5 s
 eb77aa907276 Extracting 5 s
 eb77aa907276 Extracting 5 s
 eb77aa907276 Extracting 5 s
 eb77aa907276 Extracting 5 s
 eb77aa907276 Pull complete 
 4f4fb700ef54 Pull complete 
 2e81b9cb93cd Pull complete 
 0ffa8f8aba1e Pull complete 
 opensearch Pulled 
 Network docker_services_cli_default  Creating
 Network docker_services_cli_default  Created
 Container docker_services_cli-postgresql-1  Creating
 Container docker_services_cli-opensearch-1  Creating
 Container docker_services_cli-opensearch-1  Created
 Container docker_services_cli-postgresql-1  Created
 Container docker_services_cli-opensearch-1  Starting
 Container docker_services_cli-postgresql-1  Starting
 Container docker_services_cli-postgresql-1  Started
 Container docker_services_cli-opensearch-1  Started
::warning file=/home/runner/work/test-zip-extract-repository/test-zip-extract-repository/workdir/tests/invenio-drafts-resources/original/.venv/lib/python3.14/site-packages/edtf/parser/grammar.py,line=9::'enablePackrat' deprecated - use 'enable_packrat'
::warning file=/home/runner/work/test-zip-extract-repository/test-zip-extract-repository/workdir/tests/invenio-drafts-resources/original/.venv/lib/python3.14/site-packages/edtf/parser/grammar.py,line=52::'oneOf' deprecated - use 'one_of'
::warning file=/home/runner/work/test-zip-extract-repository/test-zip-extract-repository/workdir/tests/invenio-drafts-resources/original/.venv/lib/python3.14/site-packages/edtf/parser/grammar.py,line=53::'oneOf' deprecated - use 'one_of'
::warning file=/home/runner/work/test-zip-extract-repository/test-zip-extract-repository/workdir/tests/invenio-drafts-resources/original/.venv/lib/python3.14/site-packages/edtf/parser/grammar.py,line=54::'oneOf' deprecated - use 'one_of'
::warning file=/home/runner/work/test-zip-extract-repository/test-zip-extract-repository/workdir/tests/invenio-drafts-resources/original/.venv/lib/python3.14/site-packages/edtf/parser/grammar.py,line=55::'oneOf' deprecated - use 'one_of'
::warning file=/home/runner/work/test-zip-extract-repository/test-zip-extract-repository/workdir/tests/invenio-drafts-resources/original/.venv/lib/python3.14/site-packages/edtf/parser/grammar.py,line=56::'oneOf' deprecated - use 'one_of'
::warning file=/home/runner/work/test-zip-extract-repository/test-zip-extract-repository/workdir/tests/invenio-drafts-resources/original/.venv/lib/python3.14/site-packages/edtf/parser/grammar.py,line=57::'oneOf' deprecated - use 'one_of'
::warning file=/home/runner/work/test-zip-extract-repository/test-zip-extract-repository/workdir/tests/invenio-drafts-resources/original/.venv/lib/python3.14/site-packages/edtf/parser/grammar.py,line=58::'oneOf' deprecated - use 'one_of'
::warning file=/home/runner/work/test-zip-extract-repository/test-zip-extract-repository/workdir/tests/invenio-drafts-resources/original/.venv/lib/python3.14/site-packages/edtf/parser/grammar.py,line=59::'oneOf' deprecated - use 'one_of'
::warning file=/home/runner/work/test-zip-extract-repository/test-zip-extract-repository/workdir/tests/invenio-drafts-resources/original/.venv/lib/python3.14/site-packages/edtf/parser/grammar.py,line=60::'oneOf' deprecated - use 'one_of'
::warning file=/home/runner/work/test-zip-extract-repository/test-zip-extract-repository/workdir/tests/invenio-drafts-resources/original/.venv/lib/python3.14/site-packages/edtf/parser/grammar.py,line=63::'excludeChars' argument is deprecated, use 'exclude_chars'
::warning file=/home/runner/work/test-zip-extract-repository/test-zip-extract-repository/workdir/tests/invenio-drafts-resources/original/.venv/lib/python3.14/site-packages/edtf/parser/grammar.py,line=73::'oneOf' deprecated - use 'one_of'
::warning file=/home/runner/work/test-zip-extract-repository/test-zip-extract-repository/workdir/tests/invenio-drafts-resources/original/.venv/lib/python3.14/site-packages/edtf/parser/grammar.py,line=74::'oneOf' deprecated - use 'one_of'
::warning file=/home/runner/work/test-zip-extract-repository/test-zip-extract-repository/workdir/tests/invenio-drafts-resources/original/.venv/lib/python3.14/site-packages/edtf/parser/parser_classes.py,line=103::'addParseAction' deprecated - use 'add_parse_action'
::warning file=/home/runner/work/test-zip-extract-repository/test-zip-extract-repository/workdir/tests/invenio-drafts-resources/original/.venv/lib/python3.14/site-packages/edtf/parser/parser_classes.py,line=103::'addParseAction' deprecated - use 'add_parse_action'
::warning file=/home/runner/work/test-zip-extract-repository/test-zip-extract-repository/workdir/tests/invenio-drafts-resources/original/.venv/lib/python3.14/site-packages/edtf/parser/parser_classes.py,line=103::'addParseAction' deprecated - use 'add_parse_action'
::warning file=/home/runner/work/test-zip-extract-repository/test-zip-extract-repository/workdir/tests/invenio-drafts-resources/original/.venv/lib/python3.14/site-packages/edtf/parser/grammar.py,line=119::'oneOf' deprecated - use 'one_of'
::warning file=/home/runner/work/test-zip-extract-repository/test-zip-extract-repository/workdir/tests/invenio-drafts-resources/original/.venv/lib/python3.14/site-packages/edtf/parser/parser_classes.py,line=103::'addParseAction' deprecated - use 'add_parse_action'
::warning file=/home/runner/work/test-zip-extract-repository/test-zip-extract-repository/workdir/tests/invenio-drafts-resources/original/.venv/lib/python3.14/site-packages/edtf/parser/grammar.py,line=122::'oneOf' deprecated - use 'one_of'
::warning file=/home/runner/work/test-zip-extract-repository/test-zip-extract-repository/workdir/tests/invenio-drafts-resources/original/.venv/lib/python3.14/site-packages/edtf/parser/parser_classes.py,line=103::'addParseAction' deprecated - use 'add_parse_action'
::warning file=/home/runner/work/test-zip-extract-repository/test-zip-extract-repository/workdir/tests/invenio-drafts-resources/original/.venv/lib/python3.14/site-packages/edtf/parser/parser_classes.py,line=103::'addParseAction' deprecated - use 'add_parse_action'
::warning file=/home/runner/work/test-zip-extract-repository/test-zip-extract-repository/workdir/tests/invenio-drafts-resources/original/.venv/lib/python3.14/site-packages/edtf/parser/grammar.py,line=155::'addParseAction' deprecated - use 'add_parse_action'
::warning file=/home/runner/work/test-zip-extract-repository/test-zip-extract-repository/workdir/tests/invenio-drafts-resources/original/.venv/lib/python3.14/site-packages/edtf/parser/grammar.py,line=157::'addParseAction' deprecated - use 'add_parse_action'
::warning file=/home/runner/work/test-zip-extract-repository/test-zip-extract-repository/workdir/tests/invenio-drafts-resources/original/.venv/lib/python3.14/site-packages/edtf/parser/parser_classes.py,line=103::'addParseAction' deprecated - use 'add_parse_action'
::warning file=/home/runner/work/test-zip-extract-repository/test-zip-extract-repository/workdir/tests/invenio-drafts-resources/original/.venv/lib/python3.14/site-packages/edtf/parser/parser_classes.py,line=103::'addParseAction' deprecated - use 'add_parse_action'
::warning file=/home/runner/work/test-zip-extract-repository/test-zip-extract-repository/workdir/tests/invenio-drafts-resources/original/.venv/lib/python3.14/site-packages/edtf/parser/parser_classes.py,line=103::'addParseAction' deprecated - use 'add_parse_action'
::warning file=/home/runner/work/test-zip-extract-repository/test-zip-extract-repository/workdir/tests/invenio-drafts-resources/original/.venv/lib/python3.14/site-packages/edtf/parser/grammar.py,line=199::'oneOf' deprecated - use 'one_of'
::warning file=/home/runner/work/test-zip-extract-repository/test-zip-extract-repository/workdir/tests/invenio-drafts-resources/original/.venv/lib/python3.14/site-packages/edtf/parser/parser_classes.py,line=103::'addParseAction' deprecated - use 'add_parse_action'
::warning file=/home/runner/work/test-zip-extract-repository/test-zip-extract-repository/workdir/tests/invenio-drafts-resources/original/.venv/lib/python3.14/site-packages/edtf/parser/parser_classes.py,line=103::'addParseAction' deprecated - use 'add_parse_action'
::warning file=/home/runner/work/test-zip-extract-repository/test-zip-extract-repository/workdir/tests/invenio-drafts-resources/original/.venv/lib/python3.14/site-packages/edtf/parser/parser_classes.py,line=103::'addParseAction' deprecated - use 'add_parse_action'
::warning file=/home/runner/work/test-zip-extract-repository/test-zip-extract-repository/workdir/tests/invenio-drafts-resources/original/.venv/lib/python3.14/site-packages/edtf/parser/parser_classes.py,line=103::'addParseAction' deprecated - use 'add_parse_action'
::warning file=/home/runner/work/test-zip-extract-repository/test-zip-extract-repository/workdir/tests/invenio-drafts-resources/original/.venv/lib/python3.14/site-packages/edtf/parser/parser_classes.py,line=103::'addParseAction' deprecated - use 'add_parse_action'
::warning file=/home/runner/work/test-zip-extract-repository/test-zip-extract-repository/workdir/tests/invenio-drafts-resources/original/.venv/lib/python3.14/site-packages/edtf/parser/grammar.py,line=303::'addParseAction' deprecated - use 'add_parse_action'
::warning file=/home/runner/work/test-zip-extract-repository/test-zip-extract-repository/workdir/tests/invenio-drafts-resources/original/.venv/lib/python3.14/site-packages/edtf/parser/grammar.py,line=303::'addParseAction' deprecated - use 'add_parse_action'
::warning file=/home/runner/work/test-zip-extract-repository/test-zip-extract-repository/workdir/tests/invenio-drafts-resources/original/.venv/lib/python3.14/site-packages/edtf/parser/grammar.py,line=304::'addParseAction' deprecated - use 'add_parse_action'
::warning file=/home/runner/work/test-zip-extract-repository/test-zip-extract-repository/workdir/tests/invenio-drafts-resources/original/.venv/lib/python3.14/site-packages/edtf/parser/grammar.py,line=304::'addParseAction' deprecated - use 'add_parse_action'
::warning file=/home/runner/work/test-zip-extract-repository/test-zip-extract-repository/workdir/tests/invenio-drafts-resources/original/.venv/lib/python3.14/site-packages/edtf/parser/parser_classes.py,line=103::'addParseAction' deprecated - use 'add_parse_action'
::warning file=/home/runner/work/test-zip-extract-repository/test-zip-extract-repository/workdir/tests/invenio-drafts-resources/original/.venv/lib/python3.14/site-packages/edtf/parser/parser_classes.py,line=103::'addParseAction' deprecated - use 'add_parse_action'
::warning file=/home/runner/work/test-zip-extract-repository/test-zip-extract-repository/workdir/tests/invenio-drafts-resources/original/.venv/lib/python3.14/site-packages/edtf/parser/parser_classes.py,line=103::'addParseAction' deprecated - use 'add_parse_action'
::warning file=/home/runner/work/test-zip-extract-repository/test-zip-extract-repository/workdir/tests/invenio-drafts-resources/original/.venv/lib/python3.14/site-packages/edtf/parser/parser_classes.py,line=103::'addParseAction' deprecated - use 'add_parse_action'
::warning file=/home/runner/work/test-zip-extract-repository/test-zip-extract-repository/workdir/tests/invenio-drafts-resources/original/.venv/lib/python3.14/site-packages/edtf/parser/grammar.py,line=325::'oneOf' deprecated - use 'one_of'
::warning file=/home/runner/work/test-zip-extract-repository/test-zip-extract-repository/workdir/tests/invenio-drafts-resources/original/.venv/lib/python3.14/site-packages/edtf/parser/parser_classes.py,line=103::'addParseAction' deprecated - use 'add_parse_action'
============================= test session starts ==============================
platform linux -- Python 3.14.2, pytest-8.4.2, pluggy-1.6.0
rootdir: /home/runner/work/test-zip-extract-repository/test-zip-extract-repository/workdir/tests/invenio-drafts-resources/original
configfile: setup.cfg
testpaths: docs, tests, invenio_drafts_resources
plugins: invenio-4.0.0, isort-4.0.0, flask-1.3.0, github-actions-annotate-failures-0.3.0, pydocstyle-2.4.0, cov-7.0.0, black-0.6.0, pycodestyle-2.5.0
collected 81 items

tests/records/test_api.py ...................                            [ 23%]
tests/resources/test_files_resource.py .::warning file=/home/runner/work/test-zip-extract-repository/test-zip-extract-repository/workdir/tests/invenio-drafts-resources/original/.venv/lib/python3.14/site-packages/invenio_rest/ext.py,line=29::CSRF validation will be enabled by default in the version 1.3.x
....                             [ 29%]
tests/resources/test_record_resource.py .::warning file=/home/runner/work/test-zip-extract-repository/test-zip-extract-repository/workdir/tests/invenio-drafts-resources/original/.venv/lib/python3.14/site-packages/invenio_rest/ext.py,line=29::CSRF validation will be enabled by default in the version 1.3.x
........                        [ 40%]
tests/resources/test_resource_links.py .::warning file=/home/runner/work/test-zip-extract-repository/test-zip-extract-repository/workdir/tests/invenio-drafts-resources/original/.venv/lib/python3.14/site-packages/invenio_rest/ext.py,line=29::CSRF validation will be enabled by default in the version 1.3.x
...                              [ 45%]
tests/services/test_record_service.py .::warning file=/home/runner/work/test-zip-extract-repository/test-zip-extract-repository/workdir/tests/invenio-drafts-resources/original/.venv/lib/python3.14/site-packages/invenio_rest/ext.py,line=29::CSRF validation will be enabled by default in the version 1.3.x
............                      [ 61%]
tests/services/test_record_service_files.py .::warning file=/home/runner/work/test-zip-extract-repository/test-zip-extract-repository/workdir/tests/invenio-drafts-resources/original/.venv/lib/python3.14/site-packages/invenio_rest/ext.py,line=29::CSRF validation will be enabled by default in the version 1.3.x
......................::warning file=/home/runner/work/test-zip-extract-repository/test-zip-extract-repository/workdir/tests/invenio-drafts-resources/original/.venv/lib/python3.14/site-packages/invenio_files_rest/models.py,line=719::Object of type <ObjectVersion> not in session, add operation along 'Bucket.objects' will not proceed (This warning originated from the Session 'autoflush' process, which was invoked automatically in response to a user-initiated operation. Consider using ``no_autoflush`` context manager if this warning happened while initializing objects.)
.::warning file=/home/runner/work/test-zip-extract-repository/test-zip-extract-repository/workdir/tests/invenio-drafts-resources/original/.venv/lib/python3.14/site-packages/invenio_files_rest/models.py,line=719::Object of type <ObjectVersion> not in session, add operation along 'Bucket.objects' will not proceed (This warning originated from the Session 'autoflush' process, which was invoked automatically in response to a user-initiated operation. Consider using ``no_autoflush`` context manager if this warning happened while initializing objects.)
     [ 91%]
tests/services/test_record_service_search.py .::warning file=/home/runner/work/test-zip-extract-repository/test-zip-extract-repository/workdir/tests/invenio-drafts-resources/original/.venv/lib/python3.14/site-packages/invenio_rest/ext.py,line=29::CSRF validation will be enabled by default in the version 1.3.x
.                          [ 93%]
tests/services/test_record_service_tasks.py .::warning file=/home/runner/work/test-zip-extract-repository/test-zip-extract-repository/workdir/tests/invenio-drafts-resources/original/.venv/lib/python3.14/site-packages/invenio_rest/ext.py,line=29::CSRF validation will be enabled by default in the version 1.3.x
                            [ 95%]
tests/services/test_records_uow.py .::warning file=/home/runner/work/test-zip-extract-repository/test-zip-extract-repository/workdir/tests/invenio-drafts-resources/original/.venv/lib/python3.14/site-packages/invenio_rest/ext.py,line=29::CSRF validation will be enabled by default in the version 1.3.x
.                                    [ 97%]
tests/services/test_services.py .::warning file=/home/runner/work/test-zip-extract-repository/test-zip-extract-repository/workdir/tests/invenio-drafts-resources/original/.venv/lib/python3.14/site-packages/invenio_rest/ext.py,line=29::CSRF validation will be enabled by default in the version 1.3.x
.                                       [100%]

=============================== warnings summary ===============================
.venv/lib/python3.14/site-packages/edtf/parser/grammar.py:9
  /home/runner/work/test-zip-extract-repository/test-zip-extract-repository/workdir/tests/invenio-drafts-resources/original/.venv/lib/python3.14/site-packages/edtf/parser/grammar.py:9: PyparsingDeprecationWarning: 'enablePackrat' deprecated - use 'enable_packrat'
    pyparsing.ParserElement.enablePackrat()

.venv/lib/python3.14/site-packages/edtf/parser/grammar.py:52
  /home/runner/work/test-zip-extract-repository/test-zip-extract-repository/workdir/tests/invenio-drafts-resources/original/.venv/lib/python3.14/site-packages/edtf/parser/grammar.py:52: PyparsingDeprecationWarning: 'oneOf' deprecated - use 'one_of'
    oneThru12 = oneOf(["%.2d" % i for i in range(1, 13)])

.venv/lib/python3.14/site-packages/edtf/parser/grammar.py:53
  /home/runner/work/test-zip-extract-repository/test-zip-extract-repository/workdir/tests/invenio-drafts-resources/original/.venv/lib/python3.14/site-packages/edtf/parser/grammar.py:53: PyparsingDeprecationWarning: 'oneOf' deprecated - use 'one_of'
    oneThru13 = oneOf(["%.2d" % i for i in range(1, 14)])

.venv/lib/python3.14/site-packages/edtf/parser/grammar.py:54
  /home/runner/work/test-zip-extract-repository/test-zip-extract-repository/workdir/tests/invenio-drafts-resources/original/.venv/lib/python3.14/site-packages/edtf/parser/grammar.py:54: PyparsingDeprecationWarning: 'oneOf' deprecated - use 'one_of'
    oneThru23 = oneOf(["%.2d" % i for i in range(1, 24)])

.venv/lib/python3.14/site-packages/edtf/parser/grammar.py:55
  /home/runner/work/test-zip-extract-repository/test-zip-extract-repository/workdir/tests/invenio-drafts-resources/original/.venv/lib/python3.14/site-packages/edtf/parser/grammar.py:55: PyparsingDeprecationWarning: 'oneOf' deprecated - use 'one_of'
    zeroThru23 = oneOf(["%.2d" % i for i in range(0, 24)])

.venv/lib/python3.14/site-packages/edtf/parser/grammar.py:56
  /home/runner/work/test-zip-extract-repository/test-zip-extract-repository/workdir/tests/invenio-drafts-resources/original/.venv/lib/python3.14/site-packages/edtf/parser/grammar.py:56: PyparsingDeprecationWarning: 'oneOf' deprecated - use 'one_of'
    oneThru29 = oneOf(["%.2d" % i for i in range(1, 30)])

.venv/lib/python3.14/site-packages/edtf/parser/grammar.py:57
  /home/runner/work/test-zip-extract-repository/test-zip-extract-repository/workdir/tests/invenio-drafts-resources/original/.venv/lib/python3.14/site-packages/edtf/parser/grammar.py:57: PyparsingDeprecationWarning: 'oneOf' deprecated - use 'one_of'
    oneThru30 = oneOf(["%.2d" % i for i in range(1, 31)])

.venv/lib/python3.14/site-packages/edtf/parser/grammar.py:58
  /home/runner/work/test-zip-extract-repository/test-zip-extract-repository/workdir/tests/invenio-drafts-resources/original/.venv/lib/python3.14/site-packages/edtf/parser/grammar.py:58: PyparsingDeprecationWarning: 'oneOf' deprecated - use 'one_of'
    oneThru31 = oneOf(["%.2d" % i for i in range(1, 32)])

.venv/lib/python3.14/site-packages/edtf/parser/grammar.py:59
  /home/runner/work/test-zip-extract-repository/test-zip-extract-repository/workdir/tests/invenio-drafts-resources/original/.venv/lib/python3.14/site-packages/edtf/parser/grammar.py:59: PyparsingDeprecationWarning: 'oneOf' deprecated - use 'one_of'
    oneThru59 = oneOf(["%.2d" % i for i in range(1, 60)])

.venv/lib/python3.14/site-packages/edtf/parser/grammar.py:60
  /home/runner/work/test-zip-extract-repository/test-zip-extract-repository/workdir/tests/invenio-drafts-resources/original/.venv/lib/python3.14/site-packages/edtf/parser/grammar.py:60: PyparsingDeprecationWarning: 'oneOf' deprecated - use 'one_of'
    zeroThru59 = oneOf(["%.2d" % i for i in range(0, 60)])

.venv/lib/python3.14/site-packages/edtf/parser/grammar.py:63
  /home/runner/work/test-zip-extract-repository/test-zip-extract-repository/workdir/tests/invenio-drafts-resources/original/.venv/lib/python3.14/site-packages/edtf/parser/grammar.py:63: PyparsingDeprecationWarning: 'excludeChars' argument is deprecated, use 'exclude_chars'
    positiveDigit = Word(nums, exact=1, excludeChars="0")

.venv/lib/python3.14/site-packages/edtf/parser/grammar.py:73
  /home/runner/work/test-zip-extract-repository/test-zip-extract-repository/workdir/tests/invenio-drafts-resources/original/.venv/lib/python3.14/site-packages/edtf/parser/grammar.py:73: PyparsingDeprecationWarning: 'oneOf' deprecated - use 'one_of'
    (oneOf("01 03 05 07 08 10 12")("month") + "-" + oneThru31("day"))

.venv/lib/python3.14/site-packages/edtf/parser/grammar.py:74
  /home/runner/work/test-zip-extract-repository/test-zip-extract-repository/workdir/tests/invenio-drafts-resources/original/.venv/lib/python3.14/site-packages/edtf/parser/grammar.py:74: PyparsingDeprecationWarning: 'oneOf' deprecated - use 'one_of'
    ^ (oneOf("04 06 09 11")("month") + "-" + oneThru30("day"))

.venv/lib/python3.14/site-packages/edtf/parser/parser_classes.py:103: 19 warnings
  /home/runner/work/test-zip-extract-repository/test-zip-extract-repository/workdir/tests/invenio-drafts-resources/original/.venv/lib/python3.14/site-packages/edtf/parser/parser_classes.py:103: PyparsingDeprecationWarning: 'addParseAction' deprecated - use 'add_parse_action'
    p.addParseAction(cls.parse_action)

.venv/lib/python3.14/site-packages/edtf/parser/grammar.py:119
  /home/runner/work/test-zip-extract-repository/test-zip-extract-repository/workdir/tests/invenio-drafts-resources/original/.venv/lib/python3.14/site-packages/edtf/parser/grammar.py:119: PyparsingDeprecationWarning: 'oneOf' deprecated - use 'one_of'
    UASymbol = Combine(oneOf("? ~ %"))

.venv/lib/python3.14/site-packages/edtf/parser/grammar.py:122
  /home/runner/work/test-zip-extract-repository/test-zip-extract-repository/workdir/tests/invenio-drafts-resources/original/.venv/lib/python3.14/site-packages/edtf/parser/grammar.py:122: PyparsingDeprecationWarning: 'oneOf' deprecated - use 'one_of'
    seasonNumber = oneOf("21 22 23 24")

.venv/lib/python3.14/site-packages/edtf/parser/grammar.py:155
  /home/runner/work/test-zip-extract-repository/test-zip-extract-repository/workdir/tests/invenio-drafts-resources/original/.venv/lib/python3.14/site-packages/edtf/parser/grammar.py:155: PyparsingDeprecationWarning: 'addParseAction' deprecated - use 'add_parse_action'
    l1Start.addParseAction(f)

.venv/lib/python3.14/site-packages/edtf/parser/grammar.py:157
  /home/runner/work/test-zip-extract-repository/test-zip-extract-repository/workdir/tests/invenio-drafts-resources/original/.venv/lib/python3.14/site-packages/edtf/parser/grammar.py:157: PyparsingDeprecationWarning: 'addParseAction' deprecated - use 'add_parse_action'
    l1End.addParseAction(f)

.venv/lib/python3.14/site-packages/edtf/parser/grammar.py:199
  /home/runner/work/test-zip-extract-repository/test-zip-extract-repository/workdir/tests/invenio-drafts-resources/original/.venv/lib/python3.14/site-packages/edtf/parser/grammar.py:199: PyparsingDeprecationWarning: 'oneOf' deprecated - use 'one_of'
    monthWithX = Combine(oneOf("0X 1X") ^ ("X" + digitOrX))("month")

.venv/lib/python3.14/site-packages/edtf/parser/grammar.py:303
.venv/lib/python3.14/site-packages/edtf/parser/grammar.py:303
  /home/runner/work/test-zip-extract-repository/test-zip-extract-repository/workdir/tests/invenio-drafts-resources/original/.venv/lib/python3.14/site-packages/edtf/parser/grammar.py:303: PyparsingDeprecationWarning: 'addParseAction' deprecated - use 'add_parse_action'
    earlier = L("..").addParseAction(f)("lower") + date("upper").addParseAction(f)

.venv/lib/python3.14/site-packages/edtf/parser/grammar.py:304
.venv/lib/python3.14/site-packages/edtf/parser/grammar.py:304
  /home/runner/work/test-zip-extract-repository/test-zip-extract-repository/workdir/tests/invenio-drafts-resources/original/.venv/lib/python3.14/site-packages/edtf/parser/grammar.py:304: PyparsingDeprecationWarning: 'addParseAction' deprecated - use 'add_parse_action'
    later = date("lower").addParseAction(f) + L("..").addParseAction(f)("upper")

.venv/lib/python3.14/site-packages/edtf/parser/grammar.py:325
  /home/runner/work/test-zip-extract-repository/test-zip-extract-repository/workdir/tests/invenio-drafts-resources/original/.venv/lib/python3.14/site-packages/edtf/parser/grammar.py:325: PyparsingDeprecationWarning: 'oneOf' deprecated - use 'one_of'
    seasonL2Number = oneOf("21 22 23 24 25 26 27 28 29 30 31 32 33 34 35 36 37 38 39 40 41")

tests/resources/test_files_resource.py::test_files_publish_flow
tests/resources/test_record_resource.py::test_create_draft
tests/resources/test_resource_links.py::test_create_draft
tests/services/test_record_service.py::test_create_draft
tests/services/test_record_service_files.py::test_create_delete_draft
tests/services/test_record_service_search.py::test_search_versions
tests/services/test_record_service_tasks.py::test_hard_delete_soft_deleted_task
tests/services/test_records_uow.py::test_parent_record_uow_params
tests/services/test_services.py::test_hard_delete_soft_deleted
  /home/runner/work/test-zip-extract-repository/test-zip-extract-repository/workdir/tests/invenio-drafts-resources/original/.venv/lib/python3.14/site-packages/invenio_rest/ext.py:29: FutureWarning: CSRF validation will be enabled by default in the version 1.3.x
    self.init_app(app)

tests/services/test_record_service_files.py::test_publish_with_remote_files
tests/services/test_record_service_files.py::test_enable_files_after_publish
  /home/runner/work/test-zip-extract-repository/test-zip-extract-repository/workdir/tests/invenio-drafts-resources/original/.venv/lib/python3.14/site-packages/invenio_files_rest/models.py:719: SAWarning: Object of type <ObjectVersion> not in session, add operation along 'Bucket.objects' will not proceed (This warning originated from the Session 'autoflush' process, which was invoked automatically in response to a user-initiated operation. Consider using ``no_autoflush`` context manager if this warning happened while initializing objects.)
    return db.session.query(cls).filter_by(id=file_id).one_or_none()

-- Docs: https://docs.pytest.org/en/stable/how-to/capture-warnings.html
================================ tests coverage ================================
_______________ coverage: platform linux, python 3.14.2-final-0 ________________

Name                                                                  Stmts   Miss  Cover   Missing
---------------------------------------------------------------------------------------------------
invenio_drafts_resources/__init__.py                                      2      0   100%
invenio_drafts_resources/auditlog/__init__.py                             0      0   100%
invenio_drafts_resources/auditlog/actions.py                             21      0   100%
invenio_drafts_resources/auditlog/context.py                             31     19    39%   26-29, 37-42, 51-62
invenio_drafts_resources/records/__init__.py                              3      0   100%
invenio_drafts_resources/records/api.py                                  93      1    99%   126
invenio_drafts_resources/records/models.py                               36      0   100%
invenio_drafts_resources/records/systemfields/__init__.py                 3      0   100%
invenio_drafts_resources/records/systemfields/parent.py                  50      1    98%   80
invenio_drafts_resources/records/systemfields/versions.py               130      1    99%   173
invenio_drafts_resources/resources/__init__.py                            2      0   100%
invenio_drafts_resources/resources/records/__init__.py                    3      0   100%
invenio_drafts_resources/resources/records/args.py                        5      0   100%
invenio_drafts_resources/resources/records/config.py                      6      0   100%
invenio_drafts_resources/resources/records/errors.py                     16      0   100%
invenio_drafts_resources/resources/records/resource.py                   85      2    98%   101-107
invenio_drafts_resources/services/__init__.py                             2      0   100%
invenio_drafts_resources/services/records/__init__.py                     3      0   100%
invenio_drafts_resources/services/records/components/__init__.py          7      0   100%
invenio_drafts_resources/services/records/components/base.py            126     12    90%   33, 37, 41, 45, 49, 53, 57, 116-124, 140, 296, 302
invenio_drafts_resources/services/records/components/files.py             4      0   100%
invenio_drafts_resources/services/records/components/media_files.py      58      5    91%   53-57, 77-78
invenio_drafts_resources/services/records/components/metadata.py         10      0   100%
invenio_drafts_resources/services/records/components/pid.py              12      0   100%
invenio_drafts_resources/services/records/components/relations.py         4      1    75%   20
invenio_drafts_resources/services/records/config.py                      49      0   100%
invenio_drafts_resources/services/records/permissions.py                 11      0   100%
invenio_drafts_resources/services/records/schema.py                      15      0   100%
invenio_drafts_resources/services/records/search_params.py               13      0   100%
invenio_drafts_resources/services/records/service.py                    227     47    79%   64, 77, 112, 124-148, 174-175, 180, 266, 452-453, 462, 547, 579-590, 594-595, 619-623, 671-674, 678-681, 708-736
invenio_drafts_resources/services/records/tasks.py                        8      0   100%
invenio_drafts_resources/services/records/uow.py                         36      4    89%   74-75, 80-81
---------------------------------------------------------------------------------------------------
TOTAL                                                                  1071     93    91%
======================= 81 passed, 53 warnings in 39.81s =======================
 Container docker_services_cli-opensearch-1  Stopping
 Container docker_services_cli-postgresql-1  Stopping
 Container docker_services_cli-postgresql-1  Stopped
 Container docker_services_cli-postgresql-1  Removing
 Container docker_services_cli-postgresql-1  Removed
 Container docker_services_cli-opensearch-1  Stopped
 Container docker_services_cli-opensearch-1  Removing
 Container docker_services_cli-opensearch-1  Removed
 Network docker_services_cli_default  Removing
 Network docker_services_cli_default  Removed
