 rabbitmq Pulling 
 postgresql Pulling 
 redis Pulling 
 opensearch Pulling 
 2e81b9cb93cd Pulling fs layer 
 648eb81b3252 Pulling fs layer 
 f9dd052e142d Pulling fs layer 
 e8c6d4883897 Pulling fs layer 
 4f4fb700ef54 Pulling fs layer 
 0ffa8f8aba1e Pulling fs layer 
 eb77aa907276 Pulling fs layer 
 cb628c265f09 Pulling fs layer 
 c1cb13b19080 Pulling fs layer 
 873532e5f8c7 Pulling fs layer 
 283a477db7bb Pulling fs layer 
 91d2729fa4d5 Pulling fs layer 
 050d9f8c3b1c Pulling fs layer 
 b0a0cf830b12 Pulling fs layer 
 f8406d9c00ea Pulling fs layer 
 9739ced65621 Pulling fs layer 
 e0d55fdb4d15 Pulling fs layer 
 dda3d8fbd5ed Pulling fs layer 
 ae3bb1b347a4 Pulling fs layer 
 c199bff16b05 Pulling fs layer 
 710e142705f8 Pulling fs layer 
 873532e5f8c7 Downloading [==================================================>]     128B/128B
 2e81b9cb93cd Downloading [==================================================>]  1.859kB/1.859kB
 4f4fb700ef54 Already exists 
 d686b50ce172 Pulling fs layer 
 efa05c660812 Pulling fs layer 
 20043066d3d5 Pulling fs layer 
 d63c4408fdb7 Pulling fs layer 
 3fadc669ef11 Pulling fs layer 
 f4e7f62f4b80 Pulling fs layer 
 14e6209d5fa8 Pulling fs layer 
 7084ac8f4ab6 Pulling fs layer 
 beb0d870d438 Pulling fs layer 
 5e1c03b67a78 Pulling fs layer 
 e8c6d4883897 Downloading [==================================================>]  4.398MB/4.398MB
 cb628c265f09 Download complete 
 0ffa8f8aba1e Download complete 
 2e81b9cb93cd Download complete 
 c1cb13b19080 Download complete 
 873532e5f8c7 Download complete 
 050d9f8c3b1c Download complete 
 edcaff0d5e7e Pulling fs layer 
 c5761dea9b0e Pulling fs layer 
 22dca8215bc4 Pulling fs layer 
 4831516dd0cb Pulling fs layer 
 47a60771af96 Pulling fs layer 
 7b28be0c8c4d Pulling fs layer 
 bbf018d6d4b8 Pulling fs layer 
 4f4fb700ef54 Pulling fs layer 
 91d2729fa4d5 Downloading [====================================>              ]  1.049MB/1.45MB
 b0a0cf830b12 Downloading [=>                                                 ]  1.049MB/29.15MB
 c199bff16b05 Download complete 
 283a477db7bb Downloading [=======================>                           ]  2.097MB/4.533MB
 710e142705f8 Download complete 
 e8c6d4883897 Download complete 
 eb77aa907276 Downloading [>                                                  ]  4.194MB/907.7MB
 648eb81b3252 Download complete 
 f9dd052e142d Downloading [===========>                                       ]  11.53MB/52.33MB
 4f4fb700ef54 Already exists 
 56b5e4f0933d Download complete 
 16ef6b12768c Downloading [================>                                  ]  1.049MB/3.088MB
 dda3d8fbd5ed Download complete 
 f8406d9c00ea Download complete 
 e0d55fdb4d15 Downloading [=>                                                 ]  4.194MB/109MB
 14e6209d5fa8 Downloading [==================================================>]     833B/833B
 5682dec5b749 Downloading [===========================>                       ]  3.146MB/5.719MB
 91d2729fa4d5 Download complete 
 b0a0cf830b12 Downloading [============>                                      ]   7.34MB/29.15MB
 5e1c03b67a78 Download complete 
 f9dd052e142d Downloading [================>                                  ]  16.78MB/52.33MB
 eb77aa907276 Downloading [>                                                  ]  9.437MB/907.7MB
 283a477db7bb Download complete 
 7ec4c696b8bb Download complete 
 9739ced65621 Downloading [================================>                  ]  5.243MB/8.069MB
 16ef6b12768c Download complete 
 e7da101a9486 Download complete 
 ae3bb1b347a4 Download complete 
 47a60771af96 Download complete 
 efa05c660812 Download complete 
 20043066d3d5 Downloading [=>                                                 ]  1.049MB/29.72MB
 c4cc93acbec6 Download complete 
 f4e7f62f4b80 Download complete 
 beb0d870d438 Download complete 
 eb77aa907276 Downloading [>                                                  ]  13.63MB/907.7MB
 f9dd052e142d Downloading [====================>                              ]  20.97MB/52.33MB
 20043066d3d5 Downloading [========>                                          ]  5.243MB/29.72MB
 3fadc669ef11 Downloading [====>                                              ]  4.194MB/43.48MB
 d63c4408fdb7 Downloading [=======>                                           ]  3.146MB/21.31MB
 22dca8215bc4 Downloading [===>                                               ]  1.049MB/15.35MB
 4831516dd0cb Downloading [===>                                               ]  2.097MB/28.23MB
 b0a0cf830b12 Downloading [===================>                               ]  11.53MB/29.15MB
 9739ced65621 Download complete 
 e0d55fdb4d15 Downloading [===>                                               ]  8.389MB/109MB
 14e6209d5fa8 Download complete 
 edcaff0d5e7e Download complete 
 7084ac8f4ab6 Downloading [======================>                            ]  3.305MB/7.468MB
 d686b50ce172 Downloading [================>                                  ]  4.194MB/12.47MB
 c5761dea9b0e Download complete 
 5682dec5b749 Download complete 
 7b28be0c8c4d Download complete 
 bbf018d6d4b8 Download complete 
 f9dd052e142d Downloading [==========================>                        ]  27.26MB/52.33MB
 eb77aa907276 Downloading [=>                                                 ]  19.92MB/907.7MB
 b0a0cf830b12 Downloading [============================>                      ]  16.78MB/29.15MB
 e0d55fdb4d15 Downloading [======>                                            ]  14.68MB/109MB
 d686b50ce172 Downloading [======================================>            ]  9.622MB/12.47MB
 20043066d3d5 Downloading [=================>                                 ]  10.49MB/29.72MB
 3fadc669ef11 Downloading [==========>                                        ]  9.437MB/43.48MB
 d63c4408fdb7 Downloading [===================>                               ]  8.389MB/21.31MB
 22dca8215bc4 Downloading [=================>                                 ]  5.243MB/15.35MB
 4831516dd0cb Downloading [=============>                                     ]   7.34MB/28.23MB
 7084ac8f4ab6 Download complete 
 e0d55fdb4d15 Downloading [=========>                                         ]  19.92MB/109MB
 b0a0cf830b12 Downloading [=====================================>             ]  22.02MB/29.15MB
 22dca8215bc4 Downloading [=====================================>             ]  11.53MB/15.35MB
 4831516dd0cb Downloading [======================>                            ]  12.58MB/28.23MB
 20043066d3d5 Downloading [==========================>                        ]  15.73MB/29.72MB
 3fadc669ef11 Downloading [==================>                                ]  15.73MB/43.48MB
 d63c4408fdb7 Downloading [==================================>                ]  14.68MB/21.31MB
 eb77aa907276 Downloading [=>                                                 ]  25.17MB/907.7MB
 f9dd052e142d Downloading [===============================>                   ]  32.51MB/52.33MB
 d686b50ce172 Download complete 
 20043066d3d5 Downloading [=====================================>             ]  22.02MB/29.72MB
 3fadc669ef11 Downloading [=========================>                         ]  22.02MB/43.48MB
 d63c4408fdb7 Downloading [==================================================>]  21.31MB/21.31MB
 e0d55fdb4d15 Downloading [============>                                      ]  26.21MB/109MB
 b0a0cf830b12 Downloading [==================================================>]  29.15MB/29.15MB
 eb77aa907276 Downloading [=>                                                 ]  30.59MB/907.7MB
 f9dd052e142d Downloading [=====================================>             ]   38.8MB/52.33MB
 22dca8215bc4 Download complete 
 4831516dd0cb Downloading [=================================>                 ]  18.87MB/28.23MB
 e0d55fdb4d15 Downloading [===============>                                   ]  33.55MB/109MB
 4831516dd0cb Downloading [==============================================>    ]  26.21MB/28.23MB
 20043066d3d5 Download complete 
 3fadc669ef11 Downloading [=================================>                 ]  29.36MB/43.48MB
 b0a0cf830b12 Download complete 
 d63c4408fdb7 Download complete 
 f9dd052e142d Downloading [============================================>      ]  46.14MB/52.33MB
 eb77aa907276 Downloading [==>                                                ]   38.8MB/907.7MB
 20043066d3d5 Extracting 1 s
 b0a0cf830b12 Extracting 1 s
 e0d55fdb4d15 Downloading [===================>                               ]  41.94MB/109MB
 3fadc669ef11 Downloading [==========================================>        ]   36.7MB/43.48MB
 f9dd052e142d Downloading [==================================================>]  52.33MB/52.33MB
 eb77aa907276 Downloading [==>                                                ]  45.09MB/907.7MB
 4831516dd0cb Download complete 
 20043066d3d5 Extracting 1 s
 4831516dd0cb Extracting 1 s
 b0a0cf830b12 Extracting 1 s
 e0d55fdb4d15 Downloading [========================>                          ]  53.48MB/109MB
 3fadc669ef11 Downloading [==================================================>]  43.48MB/43.48MB
 eb77aa907276 Downloading [==>                                                ]  51.38MB/907.7MB
 f9dd052e142d Download complete 
 20043066d3d5 Extracting 1 s
 4831516dd0cb Extracting 1 s
 f9dd052e142d Extracting 1 s
 b0a0cf830b12 Extracting 1 s
 e0d55fdb4d15 Downloading [=============================>                     ]  64.43MB/109MB
 eb77aa907276 Downloading [===>                                               ]  57.67MB/907.7MB
 3fadc669ef11 Download complete 
 f9dd052e142d Extracting 1 s
 20043066d3d5 Extracting 1 s
 4831516dd0cb Extracting 1 s
 b0a0cf830b12 Extracting 1 s
 e0d55fdb4d15 Downloading [==================================>                ]   75.5MB/109MB
 eb77aa907276 Downloading [===>                                               ]  59.77MB/907.7MB
 f9dd052e142d Extracting 1 s
 4831516dd0cb Extracting 1 s
 20043066d3d5 Extracting 1 s
 b0a0cf830b12 Extracting 1 s
 e0d55fdb4d15 Downloading [=======================================>           ]  85.98MB/109MB
 eb77aa907276 Downloading [===>                                               ]  69.21MB/907.7MB
 20043066d3d5 Extracting 1 s
 f9dd052e142d Extracting 1 s
 4831516dd0cb Extracting 1 s
 b0a0cf830b12 Extracting 1 s
 e0d55fdb4d15 Downloading [============================================>      ]  96.47MB/109MB
 eb77aa907276 Downloading [====>                                              ]  79.69MB/907.7MB
 f9dd052e142d Extracting 1 s
 4831516dd0cb Extracting 1 s
 20043066d3d5 Extracting 1 s
 b0a0cf830b12 Extracting 1 s
 e0d55fdb4d15 Downloading [==================================================>]    109MB/109MB
 eb77aa907276 Downloading [====>                                              ]  90.18MB/907.7MB
 f9dd052e142d Extracting 1 s
 20043066d3d5 Extracting 1 s
 4831516dd0cb Extracting 1 s
 b0a0cf830b12 Extracting 1 s
 eb77aa907276 Downloading [=====>                                             ]  102.8MB/907.7MB
 e0d55fdb4d15 Download complete 
 f9dd052e142d Extracting 1 s
 20043066d3d5 Extracting 1 s
 4831516dd0cb Extracting 1 s
 b0a0cf830b12 Extracting 1 s
 eb77aa907276 Downloading [======>                                            ]  116.2MB/907.7MB
 f9dd052e142d Extracting 1 s
 4831516dd0cb Extracting 1 s
 20043066d3d5 Extracting 1 s
 b0a0cf830b12 Extracting 1 s
 eb77aa907276 Downloading [=======>                                           ]  130.8MB/907.7MB
 f9dd052e142d Extracting 1 s
 20043066d3d5 Extracting 1 s
 4831516dd0cb Extracting 1 s
 b0a0cf830b12 Extracting 1 s
 eb77aa907276 Downloading [=======>                                           ]  142.6MB/907.7MB
 f9dd052e142d Extracting 1 s
 b0a0cf830b12 Extracting 2 s
 4831516dd0cb Extracting 1 s
 20043066d3d5 Extracting 2 s
 eb77aa907276 Downloading [========>                                          ]  156.5MB/907.7MB
 f9dd052e142d Extracting 1 s
 20043066d3d5 Extracting 2 s
 4831516dd0cb Extracting 2 s
 b0a0cf830b12 Extracting 2 s
 eb77aa907276 Downloading [=========>                                         ]    173MB/907.7MB
 f9dd052e142d Extracting 2 s
 20043066d3d5 Extracting 2 s
 4831516dd0cb Extracting 2 s
 b0a0cf830b12 Extracting 2 s
 eb77aa907276 Downloading [==========>                                        ]  183.5MB/907.7MB
 f9dd052e142d Extracting 2 s
 20043066d3d5 Extracting 2 s
 4831516dd0cb Extracting 2 s
 b0a0cf830b12 Extracting 2 s
 eb77aa907276 Downloading [==========>                                        ]    195MB/907.7MB
 f9dd052e142d Extracting 2 s
 4831516dd0cb Extracting 2 s
 20043066d3d5 Extracting 2 s
 b0a0cf830b12 Extracting 2 s
 eb77aa907276 Downloading [===========>                                       ]  204.5MB/907.7MB
 f9dd052e142d Extracting 2 s
 4831516dd0cb Extracting 2 s
 20043066d3d5 Extracting 2 s
 b0a0cf830b12 Extracting 2 s
 eb77aa907276 Downloading [===========>                                       ]  211.8MB/907.7MB
 f9dd052e142d Extracting 2 s
 4831516dd0cb Extracting 2 s
 20043066d3d5 Extracting 2 s
 b0a0cf830b12 Extracting 2 s
 eb77aa907276 Downloading [============>                                      ]  223.3MB/907.7MB
 f9dd052e142d Extracting 2 s
 20043066d3d5 Extracting 2 s
 4831516dd0cb Extracting 2 s
 b0a0cf830b12 Extracting 2 s
 eb77aa907276 Downloading [============>                                      ]  234.1MB/907.7MB
 f9dd052e142d Extracting 2 s
 4831516dd0cb Extracting 2 s
 20043066d3d5 Extracting 2 s
 b0a0cf830b12 Extracting 2 s
 eb77aa907276 Downloading [=============>                                     ]  247.5MB/907.7MB
 f9dd052e142d Extracting 2 s
 20043066d3d5 Extracting 2 s
 4831516dd0cb Extracting 2 s
 b0a0cf830b12 Extracting 2 s
 eb77aa907276 Downloading [=============>                                     ]  249.6MB/907.7MB
 f9dd052e142d Extracting 2 s
 4831516dd0cb Extracting 3 s
 20043066d3d5 Pull complete 
 eb77aa907276 Downloading [==============>                                    ]  254.8MB/907.7MB
 b0a0cf830b12 Extracting 3 s
 3fadc669ef11 Extracting 1 s
 f9dd052e142d Extracting 2 s
 4831516dd0cb Extracting 3 s
 3fadc669ef11 Extracting 1 s
 b0a0cf830b12 Extracting 3 s
 eb77aa907276 Downloading [==============>                                    ]  269.5MB/907.7MB
 f9dd052e142d Extracting 3 s
 dda3d8fbd5ed Pull complete 
 4831516dd0cb Extracting 3 s
 283a477db7bb Extracting 1 s
 3fadc669ef11 Extracting 1 s
 b0a0cf830b12 Pull complete 
 eb77aa907276 Downloading [===============>                                   ]    281MB/907.7MB
 47a60771af96 Extracting 1 s
 f9dd052e142d Extracting 3 s
 4831516dd0cb Pull complete 
 3fadc669ef11 Extracting 1 s
 283a477db7bb Extracting 1 s
 eb77aa907276 Downloading [===============>                                   ]  288.4MB/907.7MB
 47a60771af96 Pull complete 
 edcaff0d5e7e Pull complete 
 7b28be0c8c4d Pull complete 
 f9dd052e142d Extracting 3 s
 22dca8215bc4 Extracting 1 s
 91d2729fa4d5 Extracting 1 s
 283a477db7bb Pull complete 
 3fadc669ef11 Extracting 1 s
 eb77aa907276 Downloading [================>                                  ]  297.8MB/907.7MB
 f9dd052e142d Extracting 3 s
 3fadc669ef11 Extracting 1 s
 22dca8215bc4 Extracting 1 s
 91d2729fa4d5 Pull complete 
 9739ced65621 Extracting 1 s
 eb77aa907276 Downloading [=================>                                 ]  310.4MB/907.7MB
 22dca8215bc4 Extracting 1 s
 f9dd052e142d Extracting 3 s
 9739ced65621 Extracting 1 s
 3fadc669ef11 Extracting 1 s
 eb77aa907276 Downloading [=================>                                 ]    324MB/907.7MB
 22dca8215bc4 Extracting 1 s
 f9dd052e142d Extracting 3 s
 3fadc669ef11 Extracting 1 s
 9739ced65621 Extracting 1 s
 eb77aa907276 Downloading [==================>                                ]  333.4MB/907.7MB
 22dca8215bc4 Extracting 1 s
 f9dd052e142d Extracting 3 s
 3fadc669ef11 Extracting 1 s
 9739ced65621 Extracting 1 s
 eb77aa907276 Downloading [==================>                                ]  343.9MB/907.7MB
 22dca8215bc4 Extracting 1 s
 3fadc669ef11 Extracting 1 s
 9739ced65621 Extracting 1 s
 f9dd052e142d Extracting 3 s
 eb77aa907276 Downloading [===================>                               ]  354.4MB/907.7MB
 4f4fb700ef54 Pull complete 
 c5761dea9b0e Pull complete 
 bbf018d6d4b8 Pull complete 
 f9dd052e142d Extracting 3 s
 22dca8215bc4 Pull complete 
 9739ced65621 Pull complete 
 3fadc669ef11 Extracting 1 s
 redis Pulled 
 eb77aa907276 Downloading [====================>                              ]  369.1MB/907.7MB
 f9dd052e142d Extracting 3 s
 ae3bb1b347a4 Pull complete 
 3fadc669ef11 Extracting 2 s
 eb77aa907276 Downloading [=====================>                             ]  383.8MB/907.7MB
 c199bff16b05 Pull complete 
 f8406d9c00ea Pull complete 
 e0d55fdb4d15 Extracting 1 s
 f9dd052e142d Extracting 4 s
 3fadc669ef11 Extracting 2 s
 eb77aa907276 Downloading [=====================>                             ]  392.2MB/907.7MB
 e0d55fdb4d15 Extracting 1 s
 7084ac8f4ab6 Extracting 1 s
 f9dd052e142d Extracting 4 s
 3fadc669ef11 Pull complete 
 eb77aa907276 Downloading [======================>                            ]  407.9MB/907.7MB
 e0d55fdb4d15 Extracting 1 s
 7084ac8f4ab6 Extracting 1 s
 f9dd052e142d Extracting 4 s
 eb77aa907276 Downloading [=======================>                           ]  422.6MB/907.7MB
 f9dd052e142d Extracting 4 s
 e0d55fdb4d15 Extracting 1 s
 7084ac8f4ab6 Extracting 1 s
 eb77aa907276 Downloading [=======================>                           ]    431MB/907.7MB
 beb0d870d438 Pull complete 
 7084ac8f4ab6 Pull complete 
 e0d55fdb4d15 Extracting 1 s
 d63c4408fdb7 Extracting 1 s
 f9dd052e142d Extracting 4 s
 eb77aa907276 Downloading [========================>                          ]  446.7MB/907.7MB
 e0d55fdb4d15 Extracting 1 s
 f9dd052e142d Extracting 4 s
 d63c4408fdb7 Extracting 1 s
 eb77aa907276 Downloading [=========================>                         ]  455.1MB/907.7MB
 f9dd052e142d Extracting 4 s
 e0d55fdb4d15 Extracting 1 s
 d63c4408fdb7 Extracting 1 s
 eb77aa907276 Downloading [=========================>                         ]  465.6MB/907.7MB
 e8c6d4883897 Extracting 1 s
 d63c4408fdb7 Extracting 1 s
 e0d55fdb4d15 Extracting 1 s
 f9dd052e142d Pull complete 
 eb77aa907276 Downloading [==========================>                        ]  479.2MB/907.7MB
 e8c6d4883897 Extracting 1 s
 d63c4408fdb7 Extracting 1 s
 e0d55fdb4d15 Extracting 1 s
 eb77aa907276 Downloading [===========================>                       ]  492.8MB/907.7MB
 e8c6d4883897 Extracting 1 s
 d63c4408fdb7 Extracting 1 s
 e0d55fdb4d15 Extracting 1 s
 eb77aa907276 Downloading [============================>                      ]  509.6MB/907.7MB
 e8c6d4883897 Pull complete 
 648eb81b3252 Pull complete 
 e0d55fdb4d15 Extracting 1 s
 d63c4408fdb7 Extracting 1 s
 eb77aa907276 Downloading [============================>                      ]  520.1MB/907.7MB
 d63c4408fdb7 Extracting 1 s
 e0d55fdb4d15 Extracting 2 s
 eb77aa907276 Downloading [=============================>                     ]  536.9MB/907.7MB
 e0d55fdb4d15 Extracting 2 s
 d63c4408fdb7 Extracting 1 s
 eb77aa907276 Downloading [==============================>                    ]  545.3MB/907.7MB
 d63c4408fdb7 Extracting 1 s
 e0d55fdb4d15 Extracting 2 s
 eb77aa907276 Downloading [==============================>                    ]  556.8MB/907.7MB
 d63c4408fdb7 Extracting 1 s
 e0d55fdb4d15 Extracting 2 s
 eb77aa907276 Downloading [===============================>                   ]  567.3MB/907.7MB
 e0d55fdb4d15 Extracting 2 s
 eb77aa907276 Downloading [===============================>                   ]  574.6MB/907.7MB
 5e1c03b67a78 Pull complete 
 efa05c660812 Pull complete 
 f4e7f62f4b80 Pull complete 
 14e6209d5fa8 Pull complete 
 d686b50ce172 Extracting 1 s
 e0d55fdb4d15 Extracting 2 s
 d63c4408fdb7 Pull complete 
 eb77aa907276 Downloading [================================>                  ]  589.4MB/907.7MB
 d686b50ce172 Extracting 1 s
 e0d55fdb4d15 Extracting 2 s
 eb77aa907276 Downloading [=================================>                 ]  608.2MB/907.7MB
 d686b50ce172 Extracting 1 s
 e0d55fdb4d15 Extracting 2 s
 eb77aa907276 Downloading [==================================>                ]  620.8MB/907.7MB
 d686b50ce172 Extracting 1 s
 e0d55fdb4d15 Extracting 2 s
 eb77aa907276 Downloading [===================================>               ]  635.4MB/907.7MB
 d686b50ce172 Extracting 1 s
 e0d55fdb4d15 Extracting 2 s
 d686b50ce172 Pull complete 
 rabbitmq Pulled 
 eb77aa907276 Downloading [===================================>               ]  650.1MB/907.7MB
 e0d55fdb4d15 Extracting 3 s
 eb77aa907276 Downloading [====================================>              ]  663.6MB/907.7MB
 e0d55fdb4d15 Extracting 3 s
 eb77aa907276 Downloading [=====================================>             ]  680.5MB/907.7MB
 e0d55fdb4d15 Extracting 3 s
 eb77aa907276 Downloading [======================================>            ]  690.1MB/907.7MB
 e0d55fdb4d15 Extracting 3 s
 eb77aa907276 Downloading [======================================>            ]  702.5MB/907.7MB
 e0d55fdb4d15 Extracting 3 s
 eb77aa907276 Downloading [=======================================>           ]  710.9MB/907.7MB
 e0d55fdb4d15 Extracting 3 s
 eb77aa907276 Downloading [=======================================>           ]  723.5MB/907.7MB
 e0d55fdb4d15 Extracting 3 s
 eb77aa907276 Downloading [========================================>          ]  736.1MB/907.7MB
 e0d55fdb4d15 Extracting 3 s
 eb77aa907276 Downloading [========================================>          ]  740.3MB/907.7MB
 e0d55fdb4d15 Extracting 3 s
 eb77aa907276 Downloading [=========================================>         ]  745.5MB/907.7MB
 e0d55fdb4d15 Pull complete 
 eb77aa907276 Downloading [=========================================>         ]  752.9MB/907.7MB
 c1cb13b19080 Extracting 1 s
 eb77aa907276 Downloading [=========================================>         ]  761.3MB/907.7MB
 c1cb13b19080 Pull complete 
 873532e5f8c7 Pull complete 
 050d9f8c3b1c Pull complete 
 cb628c265f09 Pull complete 
 710e142705f8 Pull complete 
 postgresql Pulled 
 eb77aa907276 Downloading [==========================================>        ]  764.4MB/907.7MB
 eb77aa907276 Downloading [==========================================>        ]  769.7MB/907.7MB
 eb77aa907276 Downloading [==========================================>        ]  779.1MB/907.7MB
 eb77aa907276 Downloading [===========================================>       ]  790.6MB/907.7MB
 eb77aa907276 Downloading [============================================>      ]  804.3MB/907.7MB
 eb77aa907276 Downloading [=============================================>     ]  817.9MB/907.7MB
 eb77aa907276 Downloading [==============================================>    ]  835.7MB/907.7MB
 eb77aa907276 Downloading [==============================================>    ]  846.2MB/907.7MB
 eb77aa907276 Downloading [===============================================>   ]  860.9MB/907.7MB
 eb77aa907276 Downloading [===============================================>   ]  867.2MB/907.7MB
 eb77aa907276 Downloading [================================================>  ]  879.8MB/907.7MB
 eb77aa907276 Downloading [=================================================> ]  894.4MB/907.7MB
 eb77aa907276 Downloading [=================================================> ]    907MB/907.7MB
 eb77aa907276 Downloading [==================================================>]  907.7MB/907.7MB
 eb77aa907276 Downloading [==================================================>]  907.7MB/907.7MB
 eb77aa907276 Downloading [==================================================>]  907.7MB/907.7MB
 eb77aa907276 Downloading [==================================================>]  907.7MB/907.7MB
 eb77aa907276 Downloading [==================================================>]  907.7MB/907.7MB
 eb77aa907276 Downloading [==================================================>]  907.7MB/907.7MB
 eb77aa907276 Downloading [==================================================>]  907.7MB/907.7MB
 eb77aa907276 Downloading [==================================================>]  907.7MB/907.7MB
 eb77aa907276 Downloading [==================================================>]  907.7MB/907.7MB
 eb77aa907276 Downloading [==================================================>]  907.7MB/907.7MB
 eb77aa907276 Downloading [==================================================>]  907.7MB/907.7MB
 eb77aa907276 Downloading [==================================================>]  907.7MB/907.7MB
 eb77aa907276 Downloading [==================================================>]  907.7MB/907.7MB
 eb77aa907276 Downloading [==================================================>]  907.7MB/907.7MB
 eb77aa907276 Downloading [==================================================>]  907.7MB/907.7MB
 eb77aa907276 Downloading [==================================================>]  907.7MB/907.7MB
 eb77aa907276 Downloading [==================================================>]  907.7MB/907.7MB
 eb77aa907276 Downloading [==================================================>]  907.7MB/907.7MB
 eb77aa907276 Download complete 
 eb77aa907276 Extracting 1 s
 eb77aa907276 Extracting 1 s
 eb77aa907276 Extracting 1 s
 eb77aa907276 Extracting 1 s
 eb77aa907276 Extracting 1 s
 eb77aa907276 Extracting 1 s
 eb77aa907276 Extracting 1 s
 eb77aa907276 Extracting 1 s
 eb77aa907276 Extracting 1 s
 eb77aa907276 Extracting 1 s
 eb77aa907276 Extracting 1 s
 eb77aa907276 Extracting 2 s
 eb77aa907276 Extracting 2 s
 eb77aa907276 Extracting 2 s
 eb77aa907276 Extracting 2 s
 eb77aa907276 Extracting 2 s
 eb77aa907276 Extracting 2 s
 eb77aa907276 Extracting 2 s
 eb77aa907276 Extracting 2 s
 eb77aa907276 Extracting 2 s
 eb77aa907276 Extracting 2 s
 eb77aa907276 Extracting 3 s
 eb77aa907276 Extracting 3 s
 eb77aa907276 Extracting 3 s
 eb77aa907276 Extracting 3 s
 eb77aa907276 Extracting 3 s
 eb77aa907276 Extracting 3 s
 eb77aa907276 Extracting 3 s
 eb77aa907276 Extracting 3 s
 eb77aa907276 Extracting 3 s
 eb77aa907276 Extracting 4 s
 eb77aa907276 Extracting 4 s
 eb77aa907276 Extracting 4 s
 eb77aa907276 Extracting 4 s
 eb77aa907276 Extracting 4 s
 eb77aa907276 Extracting 4 s
 eb77aa907276 Extracting 4 s
 eb77aa907276 Extracting 4 s
 eb77aa907276 Extracting 4 s
 eb77aa907276 Extracting 4 s
 eb77aa907276 Extracting 4 s
 eb77aa907276 Extracting 5 s
 eb77aa907276 Extracting 5 s
 eb77aa907276 Extracting 5 s
 eb77aa907276 Extracting 5 s
 4f4fb700ef54 Pull complete 
 eb77aa907276 Pull complete 
 0ffa8f8aba1e Pull complete 
 2e81b9cb93cd Pull complete 
 opensearch Pulled 
 Network docker_services_cli_default  Creating
 Network docker_services_cli_default  Created
 Container docker_services_cli-redis-1  Creating
 Container docker_services_cli-rabbitmq-1  Creating
 Container docker_services_cli-opensearch-1  Creating
 Container docker_services_cli-postgresql-1  Creating
 Container docker_services_cli-rabbitmq-1  Created
 Container docker_services_cli-opensearch-1  Created
 Container docker_services_cli-postgresql-1  Created
 Container docker_services_cli-redis-1  Created
 Container docker_services_cli-opensearch-1  Starting
 Container docker_services_cli-rabbitmq-1  Starting
 Container docker_services_cli-redis-1  Starting
 Container docker_services_cli-postgresql-1  Starting
 Container docker_services_cli-redis-1  Started
 Container docker_services_cli-opensearch-1  Started
 Container docker_services_cli-rabbitmq-1  Started
 Container docker_services_cli-postgresql-1  Started
============================= test session starts ==============================
platform linux -- Python 3.14.2, pytest-8.4.2, pluggy-1.6.0
rootdir: /home/runner/work/test-zip-extract-repository/test-zip-extract-repository/workdir/tests/invenio-notifications/original
configfile: setup.cfg
testpaths: docs, tests, invenio_notifications
plugins: isort-4.0.0, flask-1.3.0, black-ng-0.4.1, invenio-3.4.2, github-actions-annotate-failures-0.3.0, pydocstyle-2.4.0, cov-7.0.0, pycodestyle-2.5.0
collected 2 items
::warning file=/home/runner/work/test-zip-extract-repository/test-zip-extract-repository/workdir/tests/invenio-notifications/original/.venv/lib/python3.14/site-packages/invenio_records/resolver.py,line=14::jsonschema.exceptions.RefResolutionError is deprecated as of version 4.18.0. If you wish to catch potential reference resolution errors, directly catch referencing.exceptions.Unresolvable.
::warning file=/home/runner/work/test-zip-extract-repository/test-zip-extract-repository/workdir/tests/invenio-notifications/original/.venv/lib/python3.14/site-packages/invenio_records/resolver.py,line=14::jsonschema.RefResolver is deprecated as of v4.18.0, in favor of the https://github.com/python-jsonschema/referencing library, which provides more compliant referencing behavior as well as more flexible APIs for customization. A future release will remove RefResolver. Please file a feature request (on referencing) if you are missing an API for the kind of customization you need.
::warning file=/home/runner/work/test-zip-extract-repository/test-zip-extract-repository/workdir/tests/invenio-notifications/original/.venv/lib/python3.14/site-packages/invenio_records/resolver.py,line=14::jsonschema.exceptions.RefResolutionError is deprecated as of version 4.18.0. If you wish to catch potential reference resolution errors, directly catch referencing.exceptions.Unresolvable.
::warning file=/home/runner/work/test-zip-extract-repository/test-zip-extract-repository/workdir/tests/invenio-notifications/original/.venv/lib/python3.14/site-packages/invenio_records/resolver.py,line=14::jsonschema.RefResolver is deprecated as of v4.18.0, in favor of the https://github.com/python-jsonschema/referencing library, which provides more compliant referencing behavior as well as more flexible APIs for customization. A future release will remove RefResolver. Please file a feature request (on referencing) if you are missing an API for the kind of customization you need.
::warning file=/home/runner/work/test-zip-extract-repository/test-zip-extract-repository/workdir/tests/invenio-notifications/original/.venv/lib/python3.14/site-packages/invenio_records_resources/services/base/links.py,line=137::Link is deprecated and will be removed in v14.0. Use `ExternalLink` for third-party links and `EndpointLink` for InvenioRDM links.
::warning file=/home/runner/work/test-zip-extract-repository/test-zip-extract-repository/workdir/tests/invenio-notifications/original/.venv/lib/python3.14/site-packages/fs/__init__.py,line=4::pkg_resources is deprecated as an API. See https://setuptools.pypa.io/en/latest/pkg_resources.html. The pkg_resources package is slated for removal as early as 2025-11-30. Refrain from using this package or pin to Setuptools<81.
::warning file=/home/runner/work/test-zip-extract-repository/test-zip-extract-repository/workdir/tests/invenio-notifications/original/.venv/lib/python3.14/site-packages/pkg_resources/__init__.py,line=3148::Deprecated call to `pkg_resources.declare_namespace('sphinxcontrib')`.%0AImplementing implicit namespace packages (as specified in PEP 420) is preferred to `pkg_resources.declare_namespace`. See https://setuptools.pypa.io/en/latest/references/keywords.html#keyword-namespace-packages
::warning file=/home/runner/work/test-zip-extract-repository/test-zip-extract-repository/workdir/tests/invenio-notifications/original/.venv/lib/python3.14/site-packages/fs/__init__.py,line=4::Deprecated call to `pkg_resources.declare_namespace('fs')`.%0AImplementing implicit namespace packages (as specified in PEP 420) is preferred to `pkg_resources.declare_namespace`. See https://setuptools.pypa.io/en/latest/references/keywords.html#keyword-namespace-packages
::warning file=/home/runner/work/test-zip-extract-repository/test-zip-extract-repository/workdir/tests/invenio-notifications/original/.venv/lib/python3.14/site-packages/fs/opener/__init__.py,line=6::Deprecated call to `pkg_resources.declare_namespace('fs.opener')`.%0AImplementing implicit namespace packages (as specified in PEP 420) is preferred to `pkg_resources.declare_namespace`. See https://setuptools.pypa.io/en/latest/references/keywords.html#keyword-namespace-packages
::warning file=/home/runner/work/test-zip-extract-repository/test-zip-extract-repository/workdir/tests/invenio-notifications/original/.venv/lib/python3.14/site-packages/pkg_resources/__init__.py,line=2560::Deprecated call to `pkg_resources.declare_namespace('fs')`.%0AImplementing implicit namespace packages (as specified in PEP 420) is preferred to `pkg_resources.declare_namespace`. See https://setuptools.pypa.io/en/latest/references/keywords.html#keyword-namespace-packages
::warning file=/home/runner/work/test-zip-extract-repository/test-zip-extract-repository/workdir/tests/invenio-notifications/original/.venv/lib/python3.14/site-packages/edtf/parser/grammar.py,line=9::'enablePackrat' deprecated - use 'enable_packrat'
::warning file=/home/runner/work/test-zip-extract-repository/test-zip-extract-repository/workdir/tests/invenio-notifications/original/.venv/lib/python3.14/site-packages/edtf/parser/grammar.py,line=52::'oneOf' deprecated - use 'one_of'
::warning file=/home/runner/work/test-zip-extract-repository/test-zip-extract-repository/workdir/tests/invenio-notifications/original/.venv/lib/python3.14/site-packages/edtf/parser/grammar.py,line=53::'oneOf' deprecated - use 'one_of'
::warning file=/home/runner/work/test-zip-extract-repository/test-zip-extract-repository/workdir/tests/invenio-notifications/original/.venv/lib/python3.14/site-packages/edtf/parser/grammar.py,line=54::'oneOf' deprecated - use 'one_of'
::warning file=/home/runner/work/test-zip-extract-repository/test-zip-extract-repository/workdir/tests/invenio-notifications/original/.venv/lib/python3.14/site-packages/edtf/parser/grammar.py,line=55::'oneOf' deprecated - use 'one_of'
::warning file=/home/runner/work/test-zip-extract-repository/test-zip-extract-repository/workdir/tests/invenio-notifications/original/.venv/lib/python3.14/site-packages/edtf/parser/grammar.py,line=56::'oneOf' deprecated - use 'one_of'
::warning file=/home/runner/work/test-zip-extract-repository/test-zip-extract-repository/workdir/tests/invenio-notifications/original/.venv/lib/python3.14/site-packages/edtf/parser/grammar.py,line=57::'oneOf' deprecated - use 'one_of'
::warning file=/home/runner/work/test-zip-extract-repository/test-zip-extract-repository/workdir/tests/invenio-notifications/original/.venv/lib/python3.14/site-packages/edtf/parser/grammar.py,line=58::'oneOf' deprecated - use 'one_of'
::warning file=/home/runner/work/test-zip-extract-repository/test-zip-extract-repository/workdir/tests/invenio-notifications/original/.venv/lib/python3.14/site-packages/edtf/parser/grammar.py,line=59::'oneOf' deprecated - use 'one_of'
::warning file=/home/runner/work/test-zip-extract-repository/test-zip-extract-repository/workdir/tests/invenio-notifications/original/.venv/lib/python3.14/site-packages/edtf/parser/grammar.py,line=60::'oneOf' deprecated - use 'one_of'
::warning file=/home/runner/work/test-zip-extract-repository/test-zip-extract-repository/workdir/tests/invenio-notifications/original/.venv/lib/python3.14/site-packages/edtf/parser/grammar.py,line=63::'excludeChars' argument is deprecated, use 'exclude_chars'
::warning file=/home/runner/work/test-zip-extract-repository/test-zip-extract-repository/workdir/tests/invenio-notifications/original/.venv/lib/python3.14/site-packages/edtf/parser/grammar.py,line=73::'oneOf' deprecated - use 'one_of'
::warning file=/home/runner/work/test-zip-extract-repository/test-zip-extract-repository/workdir/tests/invenio-notifications/original/.venv/lib/python3.14/site-packages/edtf/parser/grammar.py,line=74::'oneOf' deprecated - use 'one_of'
::warning file=/home/runner/work/test-zip-extract-repository/test-zip-extract-repository/workdir/tests/invenio-notifications/original/.venv/lib/python3.14/site-packages/edtf/parser/parser_classes.py,line=103::'addParseAction' deprecated - use 'add_parse_action'
::warning file=/home/runner/work/test-zip-extract-repository/test-zip-extract-repository/workdir/tests/invenio-notifications/original/.venv/lib/python3.14/site-packages/edtf/parser/parser_classes.py,line=103::'addParseAction' deprecated - use 'add_parse_action'
::warning file=/home/runner/work/test-zip-extract-repository/test-zip-extract-repository/workdir/tests/invenio-notifications/original/.venv/lib/python3.14/site-packages/edtf/parser/parser_classes.py,line=103::'addParseAction' deprecated - use 'add_parse_action'
::warning file=/home/runner/work/test-zip-extract-repository/test-zip-extract-repository/workdir/tests/invenio-notifications/original/.venv/lib/python3.14/site-packages/edtf/parser/grammar.py,line=119::'oneOf' deprecated - use 'one_of'
::warning file=/home/runner/work/test-zip-extract-repository/test-zip-extract-repository/workdir/tests/invenio-notifications/original/.venv/lib/python3.14/site-packages/edtf/parser/parser_classes.py,line=103::'addParseAction' deprecated - use 'add_parse_action'
::warning file=/home/runner/work/test-zip-extract-repository/test-zip-extract-repository/workdir/tests/invenio-notifications/original/.venv/lib/python3.14/site-packages/edtf/parser/grammar.py,line=122::'oneOf' deprecated - use 'one_of'
::warning file=/home/runner/work/test-zip-extract-repository/test-zip-extract-repository/workdir/tests/invenio-notifications/original/.venv/lib/python3.14/site-packages/edtf/parser/parser_classes.py,line=103::'addParseAction' deprecated - use 'add_parse_action'
::warning file=/home/runner/work/test-zip-extract-repository/test-zip-extract-repository/workdir/tests/invenio-notifications/original/.venv/lib/python3.14/site-packages/edtf/parser/parser_classes.py,line=103::'addParseAction' deprecated - use 'add_parse_action'
::warning file=/home/runner/work/test-zip-extract-repository/test-zip-extract-repository/workdir/tests/invenio-notifications/original/.venv/lib/python3.14/site-packages/edtf/parser/grammar.py,line=155::'addParseAction' deprecated - use 'add_parse_action'
::warning file=/home/runner/work/test-zip-extract-repository/test-zip-extract-repository/workdir/tests/invenio-notifications/original/.venv/lib/python3.14/site-packages/edtf/parser/grammar.py,line=157::'addParseAction' deprecated - use 'add_parse_action'
::warning file=/home/runner/work/test-zip-extract-repository/test-zip-extract-repository/workdir/tests/invenio-notifications/original/.venv/lib/python3.14/site-packages/edtf/parser/parser_classes.py,line=103::'addParseAction' deprecated - use 'add_parse_action'
::warning file=/home/runner/work/test-zip-extract-repository/test-zip-extract-repository/workdir/tests/invenio-notifications/original/.venv/lib/python3.14/site-packages/edtf/parser/parser_classes.py,line=103::'addParseAction' deprecated - use 'add_parse_action'
::warning file=/home/runner/work/test-zip-extract-repository/test-zip-extract-repository/workdir/tests/invenio-notifications/original/.venv/lib/python3.14/site-packages/edtf/parser/parser_classes.py,line=103::'addParseAction' deprecated - use 'add_parse_action'
::warning file=/home/runner/work/test-zip-extract-repository/test-zip-extract-repository/workdir/tests/invenio-notifications/original/.venv/lib/python3.14/site-packages/edtf/parser/grammar.py,line=199::'oneOf' deprecated - use 'one_of'
::warning file=/home/runner/work/test-zip-extract-repository/test-zip-extract-repository/workdir/tests/invenio-notifications/original/.venv/lib/python3.14/site-packages/edtf/parser/parser_classes.py,line=103::'addParseAction' deprecated - use 'add_parse_action'
::warning file=/home/runner/work/test-zip-extract-repository/test-zip-extract-repository/workdir/tests/invenio-notifications/original/.venv/lib/python3.14/site-packages/edtf/parser/parser_classes.py,line=103::'addParseAction' deprecated - use 'add_parse_action'
::warning file=/home/runner/work/test-zip-extract-repository/test-zip-extract-repository/workdir/tests/invenio-notifications/original/.venv/lib/python3.14/site-packages/edtf/parser/parser_classes.py,line=103::'addParseAction' deprecated - use 'add_parse_action'
::warning file=/home/runner/work/test-zip-extract-repository/test-zip-extract-repository/workdir/tests/invenio-notifications/original/.venv/lib/python3.14/site-packages/edtf/parser/parser_classes.py,line=103::'addParseAction' deprecated - use 'add_parse_action'
::warning file=/home/runner/work/test-zip-extract-repository/test-zip-extract-repository/workdir/tests/invenio-notifications/original/.venv/lib/python3.14/site-packages/edtf/parser/parser_classes.py,line=103::'addParseAction' deprecated - use 'add_parse_action'
::warning file=/home/runner/work/test-zip-extract-repository/test-zip-extract-repository/workdir/tests/invenio-notifications/original/.venv/lib/python3.14/site-packages/edtf/parser/grammar.py,line=303::'addParseAction' deprecated - use 'add_parse_action'
::warning file=/home/runner/work/test-zip-extract-repository/test-zip-extract-repository/workdir/tests/invenio-notifications/original/.venv/lib/python3.14/site-packages/edtf/parser/grammar.py,line=303::'addParseAction' deprecated - use 'add_parse_action'
::warning file=/home/runner/work/test-zip-extract-repository/test-zip-extract-repository/workdir/tests/invenio-notifications/original/.venv/lib/python3.14/site-packages/edtf/parser/grammar.py,line=304::'addParseAction' deprecated - use 'add_parse_action'
::warning file=/home/runner/work/test-zip-extract-repository/test-zip-extract-repository/workdir/tests/invenio-notifications/original/.venv/lib/python3.14/site-packages/edtf/parser/grammar.py,line=304::'addParseAction' deprecated - use 'add_parse_action'
::warning file=/home/runner/work/test-zip-extract-repository/test-zip-extract-repository/workdir/tests/invenio-notifications/original/.venv/lib/python3.14/site-packages/edtf/parser/parser_classes.py,line=103::'addParseAction' deprecated - use 'add_parse_action'
::warning file=/home/runner/work/test-zip-extract-repository/test-zip-extract-repository/workdir/tests/invenio-notifications/original/.venv/lib/python3.14/site-packages/edtf/parser/parser_classes.py,line=103::'addParseAction' deprecated - use 'add_parse_action'
::warning file=/home/runner/work/test-zip-extract-repository/test-zip-extract-repository/workdir/tests/invenio-notifications/original/.venv/lib/python3.14/site-packages/edtf/parser/parser_classes.py,line=103::'addParseAction' deprecated - use 'add_parse_action'
::warning file=/home/runner/work/test-zip-extract-repository/test-zip-extract-repository/workdir/tests/invenio-notifications/original/.venv/lib/python3.14/site-packages/edtf/parser/parser_classes.py,line=103::'addParseAction' deprecated - use 'add_parse_action'
::warning file=/home/runner/work/test-zip-extract-repository/test-zip-extract-repository/workdir/tests/invenio-notifications/original/.venv/lib/python3.14/site-packages/edtf/parser/grammar.py,line=325::'oneOf' deprecated - use 'one_of'
::warning file=/home/runner/work/test-zip-extract-repository/test-zip-extract-repository/workdir/tests/invenio-notifications/original/.venv/lib/python3.14/site-packages/edtf/parser/parser_classes.py,line=103::'addParseAction' deprecated - use 'add_parse_action'

tests/test_invenio_notifications.py ..                                   [100%]

=============================== warnings summary ===============================
.venv/lib/python3.14/site-packages/invenio_records/resolver.py:14
.venv/lib/python3.14/site-packages/invenio_records/resolver.py:14
  /home/runner/work/test-zip-extract-repository/test-zip-extract-repository/workdir/tests/invenio-notifications/original/.venv/lib/python3.14/site-packages/invenio_records/resolver.py:14: DeprecationWarning: jsonschema.exceptions.RefResolutionError is deprecated as of version 4.18.0. If you wish to catch potential reference resolution errors, directly catch referencing.exceptions.Unresolvable.
    from jsonschema import RefResolutionError, RefResolver

.venv/lib/python3.14/site-packages/invenio_records/resolver.py:14
.venv/lib/python3.14/site-packages/invenio_records/resolver.py:14
  /home/runner/work/test-zip-extract-repository/test-zip-extract-repository/workdir/tests/invenio-notifications/original/.venv/lib/python3.14/site-packages/invenio_records/resolver.py:14: DeprecationWarning: jsonschema.RefResolver is deprecated as of v4.18.0, in favor of the https://github.com/python-jsonschema/referencing library, which provides more compliant referencing behavior as well as more flexible APIs for customization. A future release will remove RefResolver. Please file a feature request (on referencing) if you are missing an API for the kind of customization you need.
    from jsonschema import RefResolutionError, RefResolver

.venv/lib/python3.14/site-packages/invenio_records_resources/services/base/links.py:137
  /home/runner/work/test-zip-extract-repository/test-zip-extract-repository/workdir/tests/invenio-notifications/original/.venv/lib/python3.14/site-packages/invenio_records_resources/services/base/links.py:137: DeprecationWarning: Link is deprecated and will be removed in v14.0. Use `ExternalLink` for third-party links and `EndpointLink` for InvenioRDM links.
    warnings.warn(

.venv/lib/python3.14/site-packages/fs/__init__.py:4
  /home/runner/work/test-zip-extract-repository/test-zip-extract-repository/workdir/tests/invenio-notifications/original/.venv/lib/python3.14/site-packages/fs/__init__.py:4: UserWarning: pkg_resources is deprecated as an API. See https://setuptools.pypa.io/en/latest/pkg_resources.html. The pkg_resources package is slated for removal as early as 2025-11-30. Refrain from using this package or pin to Setuptools<81.
    __import__("pkg_resources").declare_namespace(__name__)  # type: ignore

.venv/lib/python3.14/site-packages/pkg_resources/__init__.py:3148
  /home/runner/work/test-zip-extract-repository/test-zip-extract-repository/workdir/tests/invenio-notifications/original/.venv/lib/python3.14/site-packages/pkg_resources/__init__.py:3148: DeprecationWarning: Deprecated call to `pkg_resources.declare_namespace('sphinxcontrib')`.
  Implementing implicit namespace packages (as specified in PEP 420) is preferred to `pkg_resources.declare_namespace`. See https://setuptools.pypa.io/en/latest/references/keywords.html#keyword-namespace-packages
    declare_namespace(pkg)

.venv/lib/python3.14/site-packages/fs/__init__.py:4
  /home/runner/work/test-zip-extract-repository/test-zip-extract-repository/workdir/tests/invenio-notifications/original/.venv/lib/python3.14/site-packages/fs/__init__.py:4: DeprecationWarning: Deprecated call to `pkg_resources.declare_namespace('fs')`.
  Implementing implicit namespace packages (as specified in PEP 420) is preferred to `pkg_resources.declare_namespace`. See https://setuptools.pypa.io/en/latest/references/keywords.html#keyword-namespace-packages
    __import__("pkg_resources").declare_namespace(__name__)  # type: ignore

.venv/lib/python3.14/site-packages/fs/opener/__init__.py:6
  /home/runner/work/test-zip-extract-repository/test-zip-extract-repository/workdir/tests/invenio-notifications/original/.venv/lib/python3.14/site-packages/fs/opener/__init__.py:6: DeprecationWarning: Deprecated call to `pkg_resources.declare_namespace('fs.opener')`.
  Implementing implicit namespace packages (as specified in PEP 420) is preferred to `pkg_resources.declare_namespace`. See https://setuptools.pypa.io/en/latest/references/keywords.html#keyword-namespace-packages
    __import__("pkg_resources").declare_namespace(__name__)  # type: ignore

.venv/lib/python3.14/site-packages/pkg_resources/__init__.py:2560
  /home/runner/work/test-zip-extract-repository/test-zip-extract-repository/workdir/tests/invenio-notifications/original/.venv/lib/python3.14/site-packages/pkg_resources/__init__.py:2560: DeprecationWarning: Deprecated call to `pkg_resources.declare_namespace('fs')`.
  Implementing implicit namespace packages (as specified in PEP 420) is preferred to `pkg_resources.declare_namespace`. See https://setuptools.pypa.io/en/latest/references/keywords.html#keyword-namespace-packages
    declare_namespace(parent)

.venv/lib/python3.14/site-packages/edtf/parser/grammar.py:9
  /home/runner/work/test-zip-extract-repository/test-zip-extract-repository/workdir/tests/invenio-notifications/original/.venv/lib/python3.14/site-packages/edtf/parser/grammar.py:9: PyparsingDeprecationWarning: 'enablePackrat' deprecated - use 'enable_packrat'
    pyparsing.ParserElement.enablePackrat()

.venv/lib/python3.14/site-packages/edtf/parser/grammar.py:52
  /home/runner/work/test-zip-extract-repository/test-zip-extract-repository/workdir/tests/invenio-notifications/original/.venv/lib/python3.14/site-packages/edtf/parser/grammar.py:52: PyparsingDeprecationWarning: 'oneOf' deprecated - use 'one_of'
    oneThru12 = oneOf(["%.2d" % i for i in range(1, 13)])

.venv/lib/python3.14/site-packages/edtf/parser/grammar.py:53
  /home/runner/work/test-zip-extract-repository/test-zip-extract-repository/workdir/tests/invenio-notifications/original/.venv/lib/python3.14/site-packages/edtf/parser/grammar.py:53: PyparsingDeprecationWarning: 'oneOf' deprecated - use 'one_of'
    oneThru13 = oneOf(["%.2d" % i for i in range(1, 14)])

.venv/lib/python3.14/site-packages/edtf/parser/grammar.py:54
  /home/runner/work/test-zip-extract-repository/test-zip-extract-repository/workdir/tests/invenio-notifications/original/.venv/lib/python3.14/site-packages/edtf/parser/grammar.py:54: PyparsingDeprecationWarning: 'oneOf' deprecated - use 'one_of'
    oneThru23 = oneOf(["%.2d" % i for i in range(1, 24)])

.venv/lib/python3.14/site-packages/edtf/parser/grammar.py:55
  /home/runner/work/test-zip-extract-repository/test-zip-extract-repository/workdir/tests/invenio-notifications/original/.venv/lib/python3.14/site-packages/edtf/parser/grammar.py:55: PyparsingDeprecationWarning: 'oneOf' deprecated - use 'one_of'
    zeroThru23 = oneOf(["%.2d" % i for i in range(0, 24)])

.venv/lib/python3.14/site-packages/edtf/parser/grammar.py:56
  /home/runner/work/test-zip-extract-repository/test-zip-extract-repository/workdir/tests/invenio-notifications/original/.venv/lib/python3.14/site-packages/edtf/parser/grammar.py:56: PyparsingDeprecationWarning: 'oneOf' deprecated - use 'one_of'
    oneThru29 = oneOf(["%.2d" % i for i in range(1, 30)])

.venv/lib/python3.14/site-packages/edtf/parser/grammar.py:57
  /home/runner/work/test-zip-extract-repository/test-zip-extract-repository/workdir/tests/invenio-notifications/original/.venv/lib/python3.14/site-packages/edtf/parser/grammar.py:57: PyparsingDeprecationWarning: 'oneOf' deprecated - use 'one_of'
    oneThru30 = oneOf(["%.2d" % i for i in range(1, 31)])

.venv/lib/python3.14/site-packages/edtf/parser/grammar.py:58
  /home/runner/work/test-zip-extract-repository/test-zip-extract-repository/workdir/tests/invenio-notifications/original/.venv/lib/python3.14/site-packages/edtf/parser/grammar.py:58: PyparsingDeprecationWarning: 'oneOf' deprecated - use 'one_of'
    oneThru31 = oneOf(["%.2d" % i for i in range(1, 32)])

.venv/lib/python3.14/site-packages/edtf/parser/grammar.py:59
  /home/runner/work/test-zip-extract-repository/test-zip-extract-repository/workdir/tests/invenio-notifications/original/.venv/lib/python3.14/site-packages/edtf/parser/grammar.py:59: PyparsingDeprecationWarning: 'oneOf' deprecated - use 'one_of'
    oneThru59 = oneOf(["%.2d" % i for i in range(1, 60)])

.venv/lib/python3.14/site-packages/edtf/parser/grammar.py:60
  /home/runner/work/test-zip-extract-repository/test-zip-extract-repository/workdir/tests/invenio-notifications/original/.venv/lib/python3.14/site-packages/edtf/parser/grammar.py:60: PyparsingDeprecationWarning: 'oneOf' deprecated - use 'one_of'
    zeroThru59 = oneOf(["%.2d" % i for i in range(0, 60)])

.venv/lib/python3.14/site-packages/edtf/parser/grammar.py:63
  /home/runner/work/test-zip-extract-repository/test-zip-extract-repository/workdir/tests/invenio-notifications/original/.venv/lib/python3.14/site-packages/edtf/parser/grammar.py:63: PyparsingDeprecationWarning: 'excludeChars' argument is deprecated, use 'exclude_chars'
    positiveDigit = Word(nums, exact=1, excludeChars="0")

.venv/lib/python3.14/site-packages/edtf/parser/grammar.py:73
  /home/runner/work/test-zip-extract-repository/test-zip-extract-repository/workdir/tests/invenio-notifications/original/.venv/lib/python3.14/site-packages/edtf/parser/grammar.py:73: PyparsingDeprecationWarning: 'oneOf' deprecated - use 'one_of'
    (oneOf("01 03 05 07 08 10 12")("month") + "-" + oneThru31("day"))

.venv/lib/python3.14/site-packages/edtf/parser/grammar.py:74
  /home/runner/work/test-zip-extract-repository/test-zip-extract-repository/workdir/tests/invenio-notifications/original/.venv/lib/python3.14/site-packages/edtf/parser/grammar.py:74: PyparsingDeprecationWarning: 'oneOf' deprecated - use 'one_of'
    ^ (oneOf("04 06 09 11")("month") + "-" + oneThru30("day"))

.venv/lib/python3.14/site-packages/edtf/parser/parser_classes.py:103: 19 warnings
  /home/runner/work/test-zip-extract-repository/test-zip-extract-repository/workdir/tests/invenio-notifications/original/.venv/lib/python3.14/site-packages/edtf/parser/parser_classes.py:103: PyparsingDeprecationWarning: 'addParseAction' deprecated - use 'add_parse_action'
    p.addParseAction(cls.parse_action)

.venv/lib/python3.14/site-packages/edtf/parser/grammar.py:119
  /home/runner/work/test-zip-extract-repository/test-zip-extract-repository/workdir/tests/invenio-notifications/original/.venv/lib/python3.14/site-packages/edtf/parser/grammar.py:119: PyparsingDeprecationWarning: 'oneOf' deprecated - use 'one_of'
    UASymbol = Combine(oneOf("? ~ %"))

.venv/lib/python3.14/site-packages/edtf/parser/grammar.py:122
  /home/runner/work/test-zip-extract-repository/test-zip-extract-repository/workdir/tests/invenio-notifications/original/.venv/lib/python3.14/site-packages/edtf/parser/grammar.py:122: PyparsingDeprecationWarning: 'oneOf' deprecated - use 'one_of'
    seasonNumber = oneOf("21 22 23 24")

.venv/lib/python3.14/site-packages/edtf/parser/grammar.py:155
  /home/runner/work/test-zip-extract-repository/test-zip-extract-repository/workdir/tests/invenio-notifications/original/.venv/lib/python3.14/site-packages/edtf/parser/grammar.py:155: PyparsingDeprecationWarning: 'addParseAction' deprecated - use 'add_parse_action'
    l1Start.addParseAction(f)

.venv/lib/python3.14/site-packages/edtf/parser/grammar.py:157
  /home/runner/work/test-zip-extract-repository/test-zip-extract-repository/workdir/tests/invenio-notifications/original/.venv/lib/python3.14/site-packages/edtf/parser/grammar.py:157: PyparsingDeprecationWarning: 'addParseAction' deprecated - use 'add_parse_action'
    l1End.addParseAction(f)

.venv/lib/python3.14/site-packages/edtf/parser/grammar.py:199
  /home/runner/work/test-zip-extract-repository/test-zip-extract-repository/workdir/tests/invenio-notifications/original/.venv/lib/python3.14/site-packages/edtf/parser/grammar.py:199: PyparsingDeprecationWarning: 'oneOf' deprecated - use 'one_of'
    monthWithX = Combine(oneOf("0X 1X") ^ ("X" + digitOrX))("month")

.venv/lib/python3.14/site-packages/edtf/parser/grammar.py:303
.venv/lib/python3.14/site-packages/edtf/parser/grammar.py:303
  /home/runner/work/test-zip-extract-repository/test-zip-extract-repository/workdir/tests/invenio-notifications/original/.venv/lib/python3.14/site-packages/edtf/parser/grammar.py:303: PyparsingDeprecationWarning: 'addParseAction' deprecated - use 'add_parse_action'
    earlier = L("..").addParseAction(f)("lower") + date("upper").addParseAction(f)

.venv/lib/python3.14/site-packages/edtf/parser/grammar.py:304
.venv/lib/python3.14/site-packages/edtf/parser/grammar.py:304
  /home/runner/work/test-zip-extract-repository/test-zip-extract-repository/workdir/tests/invenio-notifications/original/.venv/lib/python3.14/site-packages/edtf/parser/grammar.py:304: PyparsingDeprecationWarning: 'addParseAction' deprecated - use 'add_parse_action'
    later = date("lower").addParseAction(f) + L("..").addParseAction(f)("upper")

.venv/lib/python3.14/site-packages/edtf/parser/grammar.py:325
  /home/runner/work/test-zip-extract-repository/test-zip-extract-repository/workdir/tests/invenio-notifications/original/.venv/lib/python3.14/site-packages/edtf/parser/grammar.py:325: PyparsingDeprecationWarning: 'oneOf' deprecated - use 'one_of'
    seasonL2Number = oneOf("21 22 23 24 25 26 27 28 29 30 31 32 33 34 35 36 37 38 39 40 41")

-- Docs: https://docs.pytest.org/en/stable/how-to/capture-warnings.html
================================ tests coverage ================================
_______________ coverage: platform linux, python 3.14.2-final-0 ________________

Name                                               Stmts   Miss  Cover   Missing
--------------------------------------------------------------------------------
invenio_notifications/__init__.py                      4      0   100%
invenio_notifications/backends/__init__.py             3      0   100%
invenio_notifications/backends/base.py                 7      1    86%   23
invenio_notifications/backends/email.py               11      3    73%   26-40
invenio_notifications/backends/utils/__init__.py       2      0   100%
invenio_notifications/backends/utils/loaders.py       14      8    43%   30-58
invenio_notifications/config.py                        8      0   100%
invenio_notifications/errors.py                        7      2    71%   24, 37
invenio_notifications/ext.py                          32      5    84%   58-59, 64-74
invenio_notifications/manager.py                      20     12    40%   36-38, 43-54, 63
invenio_notifications/models.py                        9      2    78%   25, 42
invenio_notifications/proxies.py                       6      0   100%
invenio_notifications/registry.py                      6      1    83%   23
invenio_notifications/services/__init__.py             0      0   100%
invenio_notifications/services/builders.py            37     15    59%   36, 41-44, 49-52, 57-59, 64-67
invenio_notifications/services/filters.py             17      9    47%   22, 30-31, 35-42
invenio_notifications/services/generators.py          42     20    52%   25, 34, 42-43, 46, 50-56, 65, 73, 77-82, 90-92
invenio_notifications/services/uow.py                  7      2    71%   21, 25
invenio_notifications/tasks.py                         9      2    78%   21, 27
invenio_notifications/views.py                        14     10    29%   18-25, 30-50
--------------------------------------------------------------------------------
TOTAL                                                255     92    64%
======================== 2 passed, 52 warnings in 2.91s ========================
 Container docker_services_cli-redis-1  Stopping
 Container docker_services_cli-postgresql-1  Stopping
 Container docker_services_cli-rabbitmq-1  Stopping
 Container docker_services_cli-opensearch-1  Stopping
 Container docker_services_cli-postgresql-1  Stopped
 Container docker_services_cli-postgresql-1  Removing
 Container docker_services_cli-redis-1  Stopped
 Container docker_services_cli-redis-1  Removing
 Container docker_services_cli-redis-1  Removed
 Container docker_services_cli-postgresql-1  Removed
 Container docker_services_cli-opensearch-1  Stopped
 Container docker_services_cli-opensearch-1  Removing
 Container docker_services_cli-opensearch-1  Removed
 Container docker_services_cli-rabbitmq-1  Stopped
 Container docker_services_cli-rabbitmq-1  Removing
 Container docker_services_cli-rabbitmq-1  Removed
 Network docker_services_cli_default  Removing
 Network docker_services_cli_default  Removed
