 postgresql Pulling 
 b0a0cf830b12 Pulling fs layer 
 cb628c265f09 Pulling fs layer 
 c199bff16b05 Pulling fs layer 
 91d2729fa4d5 Pulling fs layer 
 c1cb13b19080 Pulling fs layer 
 f8406d9c00ea Pulling fs layer 
 e0d55fdb4d15 Pulling fs layer 
 dda3d8fbd5ed Pulling fs layer 
 283a477db7bb Pulling fs layer 
 9739ced65621 Pulling fs layer 
 ae3bb1b347a4 Pulling fs layer 
 050d9f8c3b1c Pulling fs layer 
 873532e5f8c7 Pulling fs layer 
 710e142705f8 Pulling fs layer 
 710e142705f8 Download complete 
 e0d55fdb4d15 Downloading [>                                                  ]  917.5kB/109MB
 dda3d8fbd5ed Download complete 
 f8406d9c00ea Download complete 
 c199bff16b05 Download complete 
 c1cb13b19080 Download complete 
 050d9f8c3b1c Download complete 
 56b5e4f0933d Download complete 
 cb628c265f09 Download complete 
 91d2729fa4d5 Downloading [====================================>              ]  1.049MB/1.45MB
 873532e5f8c7 Download complete 
 5682dec5b749 Download complete 
 e0d55fdb4d15 Downloading [======>                                            ]  13.63MB/109MB
 9739ced65621 Download complete 
 91d2729fa4d5 Download complete 
 283a477db7bb Download complete 
 b0a0cf830b12 Downloading [===================>                               ]  11.53MB/29.15MB
 ae3bb1b347a4 Download complete 
 b0a0cf830b12 Downloading [================================>                  ]  18.87MB/29.15MB
 e0d55fdb4d15 Downloading [=============>                                     ]  30.41MB/109MB
 e0d55fdb4d15 Downloading [=================>                                 ]   38.8MB/109MB
 b0a0cf830b12 Download complete 
 b0a0cf830b12 Extracting 1 s
 e0d55fdb4d15 Downloading [========================>                          ]  52.43MB/109MB
 b0a0cf830b12 Extracting 1 s
 e0d55fdb4d15 Downloading [==============================>                    ]  67.11MB/109MB
 b0a0cf830b12 Extracting 1 s
 e0d55fdb4d15 Downloading [===================================>               ]  77.59MB/109MB
 b0a0cf830b12 Extracting 1 s
 e0d55fdb4d15 Downloading [=========================================>         ]  90.18MB/109MB
 b0a0cf830b12 Extracting 1 s
 e0d55fdb4d15 Downloading [==============================================>    ]  101.7MB/109MB
 b0a0cf830b12 Extracting 1 s
 e0d55fdb4d15 Downloading [==================================================>]    109MB/109MB
 b0a0cf830b12 Extracting 1 s
 e0d55fdb4d15 Download complete 
 b0a0cf830b12 Extracting 1 s
 b0a0cf830b12 Extracting 1 s
 dda3d8fbd5ed Pull complete 
 283a477db7bb Extracting 1 s
 b0a0cf830b12 Pull complete 
 9739ced65621 Extracting 1 s
 91d2729fa4d5 Pull complete 
 283a477db7bb Pull complete 
 9739ced65621 Extracting 1 s
 9739ced65621 Pull complete 
 ae3bb1b347a4 Pull complete 
 f8406d9c00ea Pull complete 
 c199bff16b05 Pull complete 
 e0d55fdb4d15 Extracting 1 s
 e0d55fdb4d15 Extracting 1 s
 e0d55fdb4d15 Extracting 1 s
 e0d55fdb4d15 Extracting 1 s
 e0d55fdb4d15 Extracting 1 s
 e0d55fdb4d15 Extracting 1 s
 e0d55fdb4d15 Extracting 1 s
 e0d55fdb4d15 Extracting 1 s
 e0d55fdb4d15 Extracting 1 s
 e0d55fdb4d15 Extracting 1 s
 e0d55fdb4d15 Extracting 2 s
 e0d55fdb4d15 Extracting 2 s
 e0d55fdb4d15 Extracting 2 s
 e0d55fdb4d15 Extracting 2 s
 e0d55fdb4d15 Extracting 2 s
 e0d55fdb4d15 Extracting 2 s
 e0d55fdb4d15 Extracting 2 s
 e0d55fdb4d15 Extracting 2 s
 e0d55fdb4d15 Extracting 2 s
 710e142705f8 Pull complete 
 c1cb13b19080 Pull complete 
 050d9f8c3b1c Pull complete 
 cb628c265f09 Pull complete 
 873532e5f8c7 Pull complete 
 e0d55fdb4d15 Pull complete 
 postgresql Pulled 
 Network docker_services_cli_default  Creating
 Network docker_services_cli_default  Created
 Container docker_services_cli-postgresql-1  Creating
 Container docker_services_cli-postgresql-1  Created
 Container docker_services_cli-postgresql-1  Starting
 Container docker_services_cli-postgresql-1  Started
============================= test session starts ==============================
platform linux -- Python 3.14.2, pytest-8.4.2, pluggy-1.6.0
rootdir: /home/runner/work/test-zip-extract-repository/test-zip-extract-repository/workdir/tests/invenio-records-ui/original
configfile: setup.cfg
testpaths: docs, tests, invenio_records_ui
plugins: invenio-4.0.0, isort-4.0.0, flask-1.3.0, github-actions-annotate-failures-0.3.0, pydocstyle-2.4.0, cov-7.0.0, black-0.6.0, pycodestyle-2.5.0
collected 11 items
::warning file=/home/runner/work/test-zip-extract-repository/test-zip-extract-repository/workdir/tests/invenio-records-ui/original/.venv/lib/python3.14/site-packages/_pytest/config/__init__.py,line=1474::Unknown config option: pep8ignore%0A

tests/test_invenio_records_ui.py ...::warning file=/home/runner/work/test-zip-extract-repository/test-zip-extract-repository/workdir/tests/invenio-records-ui/original/.venv/lib/python3.14/site-packages/invenio_records/api.py,line=334::nested transaction already deassociated from connection
.::warning file=/home/runner/work/test-zip-extract-repository/test-zip-extract-repository/workdir/tests/invenio-records-ui/original/.venv/lib/python3.14/site-packages/invenio_records/api.py,line=334::nested transaction already deassociated from connection
.::warning file=/home/runner/work/test-zip-extract-repository/test-zip-extract-repository/workdir/tests/invenio-records-ui/original/.venv/lib/python3.14/site-packages/invenio_records/api.py,line=334::nested transaction already deassociated from connection
.::warning file=/home/runner/work/test-zip-extract-repository/test-zip-extract-repository/workdir/tests/invenio-records-ui/original/.venv/lib/python3.14/site-packages/invenio_records/api.py,line=334::nested transaction already deassociated from connection
.::warning file=/home/runner/work/test-zip-extract-repository/test-zip-extract-repository/workdir/tests/invenio-records-ui/original/.venv/lib/python3.14/site-packages/invenio_records/api.py,line=334::nested transaction already deassociated from connection
::warning file=/home/runner/work/test-zip-extract-repository/test-zip-extract-repository/workdir/tests/invenio-records-ui/original/.venv/lib/python3.14/site-packages/flask_security/utils.py,line=180::Please use hash_password instead of encrypt_password.
.::warning file=/home/runner/work/test-zip-extract-repository/test-zip-extract-repository/workdir/tests/invenio-records-ui/original/.venv/lib/python3.14/site-packages/invenio_records/api.py,line=334::nested transaction already deassociated from connection
.                               [ 81%]
tests/test_utils.py .                                                    [ 90%]
invenio_records_ui/__init__.py .::warning file=/home/runner/work/test-zip-extract-repository/test-zip-extract-repository/workdir/tests/invenio-records-ui/original/.venv/lib/python3.14/site-packages/invenio_records/api.py,line=334::nested transaction already deassociated from connection
                                         [100%]

=============================== warnings summary ===============================
.venv/lib/python3.14/site-packages/_pytest/config/__init__.py:1474
  /home/runner/work/test-zip-extract-repository/test-zip-extract-repository/workdir/tests/invenio-records-ui/original/.venv/lib/python3.14/site-packages/_pytest/config/__init__.py:1474: PytestConfigWarning: Unknown config option: pep8ignore
  
    self._warn_or_fail_if_strict(f"Unknown config option: {key}\n")

tests/test_invenio_records_ui.py::test_view
tests/test_invenio_records_ui.py::test_signal
tests/test_invenio_records_ui.py::test_changed_views
tests/test_invenio_records_ui.py::test_custom_view_method
tests/test_invenio_records_ui.py::test_permission
tests/test_invenio_records_ui.py::test_record_export
invenio_records_ui/__init__.py::invenio_records_ui
  /home/runner/work/test-zip-extract-repository/test-zip-extract-repository/workdir/tests/invenio-records-ui/original/.venv/lib/python3.14/site-packages/invenio_records/api.py:334: SAWarning: nested transaction already deassociated from connection
    with db.session.begin_nested():

tests/test_invenio_records_ui.py::test_permission
  /home/runner/work/test-zip-extract-repository/test-zip-extract-repository/workdir/tests/invenio-records-ui/original/.venv/lib/python3.14/site-packages/flask_security/utils.py:180: DeprecationWarning: Please use hash_password instead of encrypt_password.
    warnings.warn(

-- Docs: https://docs.pytest.org/en/stable/how-to/capture-warnings.html
================================ tests coverage ================================
_______________ coverage: platform linux, python 3.14.2-final-0 ________________

Name                             Stmts   Miss  Cover   Missing
--------------------------------------------------------------
invenio_records_ui/__init__.py       4      0   100%
invenio_records_ui/config.py         9      0   100%
invenio_records_ui/ext.py           31      0   100%
invenio_records_ui/signals.py        5      0   100%
invenio_records_ui/utils.py          9      0   100%
invenio_records_ui/views.py         75      3    96%   244, 288, 295
--------------------------------------------------------------
TOTAL                              133      3    98%
======================== 11 passed, 9 warnings in 2.61s ========================
 Container docker_services_cli-postgresql-1  Stopping
 Container docker_services_cli-postgresql-1  Stopped
 Container docker_services_cli-postgresql-1  Removing
 Container docker_services_cli-postgresql-1  Removed
 Network docker_services_cli_default  Removing
 Network docker_services_cli_default  Removed
