 postgresql Pulling 
 postgresql Pulled 
 Network docker_services_cli_default  Creating
 Network docker_services_cli_default  Created
 Container docker_services_cli-postgresql-1  Creating
 Container docker_services_cli-postgresql-1  Created
 Container docker_services_cli-postgresql-1  Starting
 Container docker_services_cli-postgresql-1  Started
============================= test session starts ==============================
platform linux -- Python 3.14.2, pytest-8.4.2, pluggy-1.6.0
rootdir: /home/runner/work/test-zip-extract-repository/test-zip-extract-repository/workdir/tests/invenio-records-ui/original
configfile: setup.cfg
testpaths: docs, tests, invenio_records_ui
plugins: invenio-4.0.0, isort-4.0.0, flask-1.3.0, github-actions-annotate-failures-0.3.0, pydocstyle-2.4.0, cov-7.0.0, black-0.6.0, pycodestyle-2.5.0
collected 11 items
tests/test_invenio_records_ui.py 
                               [ 81%]
tests/test_utils.py .                                                    [ 90%]
invenio_records_ui/__init__.py 
                                         [100%]
=============================== warnings summary ===============================
venv/lib/python3.14/site-packages/_pytest/config/__init__.py:1474
  /home/runner/work/test-zip-extract-repository/test-zip-extract-repository/workdir/tests/invenio-records-ui/original/.venv/lib/python3.14/site-packages/_pytest/config/__init__.py:1474: PytestConfigWarning: Unknown config option: pep8ignore
    self._warn_or_fail_if_strict(f"Unknown config option: {key}\n")
tests/test_invenio_records_ui.py::test_view
tests/test_invenio_records_ui.py::test_signal
tests/test_invenio_records_ui.py::test_changed_views
tests/test_invenio_records_ui.py::test_custom_view_method
tests/test_invenio_records_ui.py::test_permission
tests/test_invenio_records_ui.py::test_record_export
invenio_records_ui/__init__.py::invenio_records_ui
  /home/runner/work/test-zip-extract-repository/test-zip-extract-repository/workdir/tests/invenio-records-ui/original/.venv/lib/python3.14/site-packages/invenio_records/api.py:334: SAWarning: nested transaction already deassociated from connection
    with db.session.begin_nested():
tests/test_invenio_records_ui.py::test_permission
    warnings.warn(
================================ tests coverage ================================
_______________ coverage: platform linux, python 3.14.2-final-0 ________________
Name                             Stmts   Miss  Cover   Missing
invenio_records_ui/__init__.py       4      0   100%
invenio_records_ui/config.py         9      0   100%
invenio_records_ui/ext.py           31      0   100%
invenio_records_ui/signals.py        5      0   100%
invenio_records_ui/utils.py          9      0   100%
invenio_records_ui/views.py         75      3    96%   244, 288, 295
TOTAL                              133      3    98%
======================== 11 passed, 9 warnings in 2.61s ========================
 Container docker_services_cli-postgresql-1  Stopping
 Container docker_services_cli-postgresql-1  Stopped
 Container docker_services_cli-postgresql-1  Removing
 Container docker_services_cli-postgresql-1  Removed
 Network docker_services_cli_default  Removing
 Network docker_services_cli_default  Removed
