running extract_messages
extracting messages from invenio_pidstore/__init__.py (encoding="utf-8")
extracting messages from invenio_pidstore/admin.py (encoding="utf-8")
extracting messages from invenio_pidstore/cli.py (encoding="utf-8")
extracting messages from invenio_pidstore/config.py (encoding="utf-8")
extracting messages from invenio_pidstore/errors.py (encoding="utf-8")
extracting messages from invenio_pidstore/ext.py (encoding="utf-8")
extracting messages from invenio_pidstore/fetchers.py (encoding="utf-8")
extracting messages from invenio_pidstore/minters.py (encoding="utf-8")
extracting messages from invenio_pidstore/models.py (encoding="utf-8")
extracting messages from invenio_pidstore/proxies.py (encoding="utf-8")
extracting messages from invenio_pidstore/resolver.py (encoding="utf-8")
extracting messages from invenio_pidstore/alembic/999c62899c20_create_pidstore_tables.py (encoding="utf-8")
extracting messages from invenio_pidstore/alembic/f615cee99600_create_pidstore_branch.py (encoding="utf-8")
extracting messages from invenio_pidstore/providers/__init__.py (encoding="utf-8")
extracting messages from invenio_pidstore/providers/base.py (encoding="utf-8")
extracting messages from invenio_pidstore/providers/datacite.py (encoding="utf-8")
extracting messages from invenio_pidstore/providers/recordid.py (encoding="utf-8")
extracting messages from invenio_pidstore/providers/recordid_v2.py (encoding="utf-8")
writing PO template file to /dev/null
 redis Pulling 
 postgresql Pulling 
 4f4fb700ef54 Already exists 
 redis Pulled 
 postgresql Pulled 
 Network docker_services_cli_default  Creating
 Network docker_services_cli_default  Created
 Container docker_services_cli-redis-1  Creating
 Container docker_services_cli-postgresql-1  Creating
 Container docker_services_cli-postgresql-1  Created
 Container docker_services_cli-redis-1  Created
 Container docker_services_cli-redis-1  Starting
 Container docker_services_cli-postgresql-1  Starting
 Container docker_services_cli-redis-1  Started
 Container docker_services_cli-postgresql-1  Started
============================= test session starts ==============================
platform linux -- Python 3.14.2, pytest-8.4.2, pluggy-1.6.0
rootdir: /home/runner/work/test-zip-extract-repository/test-zip-extract-repository/workdir/tests/invenio-pidstore/original
configfile: setup.cfg
testpaths: docs, tests, invenio_pidstore
plugins: isort-4.0.0, flask-1.3.0, black-ng-0.4.1, invenio-3.4.2, github-actions-annotate-failures-0.3.0, pydocstyle-2.4.0, cov-7.0.0, pycodestyle-2.5.0
collected 46 items
tests/test_admin.py 
                                                  [  6%]
tests/test_cli.py 
                                                    [ 13%]
tests/test_ext.py 
                                                  [ 23%]
tests/test_fetchers.py 
                                               [ 30%]
tests/test_invenio_pidstore.py 
s
                            [ 60%]
tests/test_minters.py 
                                                [ 67%]
tests/test_providers.py 
                                       [ 89%]
tests/test_recordidentifier.py .                                         [ 91%]
tests/test_resolver.py 
                                               [ 97%]
invenio_pidstore/__init__.py 
                                           [100%]
=============================== warnings summary ===============================
tests/conftest.py:26
  Use @pytest.fixture instead; they are the same
    @pytest.yield_fixture()
tests/conftest.py:50
  Use @pytest.fixture instead; they are the same
    @pytest.yield_fixture()
venv/lib/python3.14/site-packages/flask_admin/contrib/__init__.py:2
    __import__('pkg_resources').declare_namespace(__name__)
venv/lib/python3.14/site-packages/pkg_resources/__init__.py:3148
  Implementing implicit namespace packages (as specified in PEP 420) is preferred to `pkg_resources.declare_namespace`. See https://setuptools.pypa.io/en/latest/references/keywords.html#keyword-namespace-packages
    declare_namespace(pkg)
venv/lib/python3.14/site-packages/flask_admin/contrib/__init__.py:2
  Implementing implicit namespace packages (as specified in PEP 420) is preferred to `pkg_resources.declare_namespace`. See https://setuptools.pypa.io/en/latest/references/keywords.html#keyword-namespace-packages
    __import__('pkg_resources').declare_namespace(__name__)
venv/lib/python3.14/site-packages/pkg_resources/__init__.py:2560
  Implementing implicit namespace packages (as specified in PEP 420) is preferred to `pkg_resources.declare_namespace`. See https://setuptools.pypa.io/en/latest/references/keywords.html#keyword-namespace-packages
    declare_namespace(parent)
venv/lib/python3.14/site-packages/datacite/rest_client.py:23
    from idutils import normalize_doi
    return util.wrap_callable(lambda ctx: fn(), fn)  # type: ignore
    target.updated = datetime.utcnow()
================================ tests coverage ================================
_______________ coverage: platform linux, python 3.14.2-final-0 ________________
Name                                                              Stmts   Miss  Cover   Missing
invenio_pidstore/__init__.py                                          4      0   100%
invenio_pidstore/admin.py                                            30      0   100%
invenio_pidstore/alembic/999c62899c20_create_pidstore_tables.py      21     12    43%   24-49, 64-69
invenio_pidstore/alembic/f615cee99600_create_pidstore_branch.py       8      0   100%
invenio_pidstore/cli.py                                              73      0   100%
invenio_pidstore/config.py                                            5      0   100%
invenio_pidstore/errors.py                                           25      0   100%
invenio_pidstore/ext.py                                              60      1    98%   145
invenio_pidstore/fetchers.py                                         13      0   100%
invenio_pidstore/minters.py                                          16      0   100%
invenio_pidstore/models.py                                          247      0   100%
invenio_pidstore/providers/__init__.py                                0      0   100%
invenio_pidstore/providers/base.py                                   31      0   100%
invenio_pidstore/providers/datacite.py                               94      0   100%
invenio_pidstore/providers/recordid.py                               18      0   100%
invenio_pidstore/providers/recordid_v2.py                            32      0   100%
invenio_pidstore/proxies.py                                           4      0   100%
invenio_pidstore/resolver.py                                         29      2    93%   64-65
TOTAL                                                               710     15    98%
================= 45 passed, 1 skipped, 265 warnings in 8.14s ==================
  gc.collect()
  gc.collect()
  gc.collect()
  gc.collect()
  gc.collect()
  gc.collect()
  gc.collect()
  gc.collect()
  gc.collect()
  gc.collect()
  gc.collect()
  gc.collect()
  gc.collect()
  gc.collect()
  gc.collect()
  gc.collect()
  gc.collect()
  gc.collect()
  gc.collect()
  gc.collect()
  gc.collect()
  gc.collect()
  gc.collect()
  gc.collect()
  gc.collect()
  gc.collect()
  gc.collect()
  gc.collect()
  gc.collect()
  gc.collect()
  gc.collect()
  gc.collect()
  gc.collect()
  gc.collect()
  gc.collect()
  gc.collect()
  gc.collect()
  gc.collect()
  gc.collect()
 Container docker_services_cli-redis-1  Stopping
 Container docker_services_cli-postgresql-1  Stopping
 Container docker_services_cli-postgresql-1  Stopped
 Container docker_services_cli-postgresql-1  Removing
 Container docker_services_cli-postgresql-1  Removed
 Container docker_services_cli-redis-1  Stopped
 Container docker_services_cli-redis-1  Removing
 Container docker_services_cli-redis-1  Removed
 Network docker_services_cli_default  Removing
 Network docker_services_cli_default  Removed
