running extract_messages
extracting messages from invenio_users_resources/__init__.py (encoding="utf-8")
extracting messages from invenio_users_resources/config.py (encoding="utf-8")
extracting messages from invenio_users_resources/entity_resolvers.py (encoding="utf-8")
extracting messages from invenio_users_resources/ext.py (encoding="utf-8")
extracting messages from invenio_users_resources/forms.py (encoding="utf-8")
extracting messages from invenio_users_resources/models.py (encoding="utf-8")
extracting messages from invenio_users_resources/permissions.py (encoding="utf-8")
extracting messages from invenio_users_resources/proxies.py (encoding="utf-8")
extracting messages from invenio_users_resources/views.py (encoding="utf-8")
extracting messages from invenio_users_resources/notifications/__init__.py (encoding="utf-8")
extracting messages from invenio_users_resources/notifications/filters.py (encoding="utf-8")
extracting messages from invenio_users_resources/notifications/generators.py (encoding="utf-8")
extracting messages from invenio_users_resources/records/__init__.py (encoding="utf-8")
extracting messages from invenio_users_resources/records/api.py (encoding="utf-8")
extracting messages from invenio_users_resources/records/hooks.py (encoding="utf-8")
extracting messages from invenio_users_resources/records/models.py (encoding="utf-8")
extracting messages from invenio_users_resources/records/dumpers/__init__.py (encoding="utf-8")
extracting messages from invenio_users_resources/records/dumpers/email.py (encoding="utf-8")
extracting messages from invenio_users_resources/records/mappings/__init__.py (encoding="utf-8")
extracting messages from invenio_users_resources/records/mappings/os-v1/__init__.py (encoding="utf-8")
extracting messages from invenio_users_resources/records/mappings/os-v2/__init__.py (encoding="utf-8")
extracting messages from invenio_users_resources/records/mappings/v7/__init__.py (encoding="utf-8")
extracting messages from invenio_users_resources/records/systemfields/__init__.py (encoding="utf-8")
extracting messages from invenio_users_resources/resources/__init__.py (encoding="utf-8")
extracting messages from invenio_users_resources/resources/domains/__init__.py (encoding="utf-8")
extracting messages from invenio_users_resources/resources/domains/config.py (encoding="utf-8")
extracting messages from invenio_users_resources/resources/domains/resource.py (encoding="utf-8")
extracting messages from invenio_users_resources/resources/groups/__init__.py (encoding="utf-8")
extracting messages from invenio_users_resources/resources/groups/config.py (encoding="utf-8")
extracting messages from invenio_users_resources/resources/groups/errors.py (encoding="utf-8")
extracting messages from invenio_users_resources/resources/groups/resource.py (encoding="utf-8")
extracting messages from invenio_users_resources/resources/users/__init__.py (encoding="utf-8")
extracting messages from invenio_users_resources/resources/users/config.py (encoding="utf-8")
extracting messages from invenio_users_resources/resources/users/errors.py (encoding="utf-8")
extracting messages from invenio_users_resources/resources/users/resource.py (encoding="utf-8")
extracting messages from invenio_users_resources/services/__init__.py (encoding="utf-8")
extracting messages from invenio_users_resources/services/common.py (encoding="utf-8")
extracting messages from invenio_users_resources/services/generators.py (encoding="utf-8")
extracting messages from invenio_users_resources/services/params.py (encoding="utf-8")
extracting messages from invenio_users_resources/services/permissions.py (encoding="utf-8")
extracting messages from invenio_users_resources/services/results.py (encoding="utf-8")
extracting messages from invenio_users_resources/services/schemas.py (encoding="utf-8")
extracting messages from invenio_users_resources/services/domains/__init__.py (encoding="utf-8")
extracting messages from invenio_users_resources/services/domains/components.py (encoding="utf-8")
extracting messages from invenio_users_resources/services/domains/config.py (encoding="utf-8")
extracting messages from invenio_users_resources/services/domains/facets.py (encoding="utf-8")
extracting messages from invenio_users_resources/services/domains/service.py (encoding="utf-8")
extracting messages from invenio_users_resources/services/domains/tasks.py (encoding="utf-8")
extracting messages from invenio_users_resources/services/groups/__init__.py (encoding="utf-8")
extracting messages from invenio_users_resources/services/groups/config.py (encoding="utf-8")
extracting messages from invenio_users_resources/services/groups/facets.py (encoding="utf-8")
extracting messages from invenio_users_resources/services/groups/results.py (encoding="utf-8")
extracting messages from invenio_users_resources/services/groups/service.py (encoding="utf-8")
extracting messages from invenio_users_resources/services/groups/tasks.py (encoding="utf-8")
extracting messages from invenio_users_resources/services/users/__init__.py (encoding="utf-8")
extracting messages from invenio_users_resources/services/users/config.py (encoding="utf-8")
extracting messages from invenio_users_resources/services/users/facets.py (encoding="utf-8")
extracting messages from invenio_users_resources/services/users/lock.py (encoding="utf-8")
extracting messages from invenio_users_resources/services/users/results.py (encoding="utf-8")
extracting messages from invenio_users_resources/services/users/search_params.py (encoding="utf-8")
extracting messages from invenio_users_resources/services/users/service.py (encoding="utf-8")
extracting messages from invenio_users_resources/services/users/tasks.py (encoding="utf-8")
extracting messages from invenio_users_resources/templates/security/email/new_user_via_admin.html (encoding="utf-8")
extracting messages from invenio_users_resources/templates/semantic-ui/invenio_users_resources/settings/notifications.html (encoding="utf-8")
writing PO template file to /dev/null
 opensearch Pulling 
 rabbitmq Pulling 
 redis Pulling 
 postgresql Pulling 
 f9dd052e142d Pulling fs layer 
 e8c6d4883897 Pulling fs layer 
 eb77aa907276 Pulling fs layer 
 648eb81b3252 Pulling fs layer 
 2e81b9cb93cd Pulling fs layer 
 4f4fb700ef54 Pulling fs layer 
 0ffa8f8aba1e Pulling fs layer 
 4f4fb700ef54 Already exists 
 c5761dea9b0e Pulling fs layer 
 edcaff0d5e7e Pulling fs layer 
 22dca8215bc4 Pulling fs layer 
 bbf018d6d4b8 Pulling fs layer 
 4831516dd0cb Pulling fs layer 
 4f4fb700ef54 Pulling fs layer 
 7b28be0c8c4d Pulling fs layer 
 47a60771af96 Pulling fs layer 
 5e1c03b67a78 Pulling fs layer 
 f4e7f62f4b80 Pulling fs layer 
 d63c4408fdb7 Pulling fs layer 
 14e6209d5fa8 Pulling fs layer 
 d686b50ce172 Pulling fs layer 
 20043066d3d5 Pulling fs layer 
 7084ac8f4ab6 Pulling fs layer 
 beb0d870d438 Pulling fs layer 
 efa05c660812 Pulling fs layer 
 3fadc669ef11 Pulling fs layer 
 4f4fb700ef54 Already exists 
 cb628c265f09 Pulling fs layer 
 283a477db7bb Pulling fs layer 
 873532e5f8c7 Pulling fs layer 
 91d2729fa4d5 Pulling fs layer 
 dda3d8fbd5ed Pulling fs layer 
 9739ced65621 Pulling fs layer 
 710e142705f8 Pulling fs layer 
 ae3bb1b347a4 Pulling fs layer 
 f8406d9c00ea Pulling fs layer 
 c199bff16b05 Pulling fs layer 
 b0a0cf830b12 Pulling fs layer 
 050d9f8c3b1c Pulling fs layer 
 e0d55fdb4d15 Pulling fs layer 
 c1cb13b19080 Pulling fs layer 
 c5761dea9b0e Download complete 
 eb77aa907276 Downloading [>                                                  ]  290.8kB/907.7MB
 f9dd052e142d Downloading [===================>                               ]  20.14MB/52.33MB
 edcaff0d5e7e Download complete 
 283a477db7bb Downloading [=======================>                           ]  2.097MB/4.533MB
 f9dd052e142d Downloading [==============================>                    ]  31.46MB/52.33MB
 7b28be0c8c4d Download complete 
 beb0d870d438 Download complete 
 2e81b9cb93cd Download complete 
 e8c6d4883897 Downloading [===================================>               ]  3.146MB/4.398MB
 eb77aa907276 Downloading [>                                                  ]  12.58MB/907.7MB
 f4e7f62f4b80 Download complete 
 648eb81b3252 Download complete 
 47a60771af96 Download complete 
 22dca8215bc4 Downloading [=====================================>             ]  11.53MB/15.35MB
 0ffa8f8aba1e Download complete 
 bbf018d6d4b8 Download complete 
 4831516dd0cb Downloading [===>                                               ]  2.097MB/28.23MB
 20043066d3d5 Downloading [===>                                               ]  2.097MB/29.72MB
 d63c4408fdb7 Downloading [====>                                              ]  2.097MB/21.31MB
 efa05c660812 Download complete 
 f9dd052e142d Downloading [===================================>               ]   36.7MB/52.33MB
 e8c6d4883897 Download complete 
 eb77aa907276 Downloading [>                                                  ]  17.83MB/907.7MB
 c1cb13b19080 Download complete 
 873532e5f8c7 Downloading [==================================================>]     128B/128B
 4831516dd0cb Downloading [=============>                                     ]   7.34MB/28.23MB
 283a477db7bb Download complete 
 050d9f8c3b1c Downloading [==================================================>]     169B/169B
 22dca8215bc4 Download complete 
 14e6209d5fa8 Download complete 
 7084ac8f4ab6 Downloading [=======>                                           ]  1.049MB/7.468MB
 3fadc669ef11 Downloading [=>                                                 ]  1.049MB/43.48MB
 710e142705f8 Download complete 
 5e1c03b67a78 Download complete 
 b0a0cf830b12 Downloading [============>                                      ]   7.34MB/29.15MB
 dda3d8fbd5ed Downloading [==================================================>]  1.165kB/1.165kB
 050d9f8c3b1c Downloading [==================================================>]     169B/169B
 9739ced65621 Downloading [======================================>            ]  6.291MB/8.069MB
 f8406d9c00ea Downloading [==================================================>]     116B/116B
 e0d55fdb4d15 Downloading [==>                                                ]  6.099MB/109MB
 cb628c265f09 Downloading [==================================================>]     184B/184B
 873532e5f8c7 Downloading [==================================================>]     128B/128B
 c199bff16b05 Downloading [==================================================>]  3.145kB/3.145kB
 7084ac8f4ab6 Downloading [==============>                                    ]  2.097MB/7.468MB
 3fadc669ef11 Downloading [==>                                                ]  2.097MB/43.48MB
 20043066d3d5 Downloading [=====>                                             ]  3.146MB/29.72MB
 d63c4408fdb7 Downloading [=======>                                           ]  3.146MB/21.31MB
 d686b50ce172 Downloading [====>                                              ]  1.049MB/12.47MB
 f9dd052e142d Downloading [====================================>              ]  37.75MB/52.33MB
 eb77aa907276 Downloading [=>                                                 ]  25.17MB/907.7MB
 e7da101a9486 Downloading [==================================================>]  35.71kB/35.71kB
 4831516dd0cb Downloading [==============>                                    ]  8.389MB/28.23MB
 f9dd052e142d Downloading [======================================>            ]  39.85MB/52.33MB
 eb77aa907276 Downloading [=>                                                 ]  31.46MB/907.7MB
 d686b50ce172 Downloading [============>                                      ]  3.146MB/12.47MB
 7084ac8f4ab6 Downloading [============================>                      ]  4.194MB/7.468MB
 3fadc669ef11 Downloading [====>                                              ]  4.039MB/43.48MB
 20043066d3d5 Downloading [========>                                          ]  4.977MB/29.72MB
 d63c4408fdb7 Downloading [============>                                      ]  5.243MB/21.31MB
 e7da101a9486 Downloading [==================================================>]  35.71kB/35.71kB
 c4cc93acbec6 Downloading [============================================>      ]  2.097MB/2.377MB
 4831516dd0cb Downloading [==================>                                ]  10.49MB/28.23MB
 9739ced65621 Downloading [==================================================>]  8.069MB/8.069MB
 ae3bb1b347a4 Downloading [==================================================>]  1.196MB/1.196MB
 f8406d9c00ea Downloading [==================================================>]     116B/116B
 e0d55fdb4d15 Downloading [======>                                            ]  14.68MB/109MB
 cb628c265f09 Downloading [==================================================>]     184B/184B
 873532e5f8c7 Downloading [==================================================>]     128B/128B
 91d2729fa4d5 Downloading [==================================================>]   1.45MB/1.45MB
 c199bff16b05 Downloading [==================================================>]  3.145kB/3.145kB
 b0a0cf830b12 Downloading [============================>                      ]  16.78MB/29.15MB
 dda3d8fbd5ed Downloading [==================================================>]  1.165kB/1.165kB
 d63c4408fdb7 Downloading [===================>                               ]  8.389MB/21.31MB
 d686b50ce172 Downloading [=========================>                         ]  6.291MB/12.47MB
 7084ac8f4ab6 Downloading [==================================================>]  7.468MB/7.468MB
 3fadc669ef11 Downloading [=========>                                         ]  8.389MB/43.48MB
 20043066d3d5 Downloading [==============>                                    ]  8.389MB/29.72MB
 f9dd052e142d Downloading [=========================================>         ]  42.99MB/52.33MB
 eb77aa907276 Downloading [=>                                                 ]   34.6MB/907.7MB
 4831516dd0cb Downloading [========================>                          ]  13.63MB/28.23MB
 e7da101a9486 Downloading [==================================================>]  35.71kB/35.71kB
 c4cc93acbec6 Downloading [==================================================>]  2.377MB/2.377MB
 dda3d8fbd5ed Downloading [==================================================>]  1.165kB/1.165kB
 050d9f8c3b1c Download complete 
 9739ced65621 Downloading [==================================================>]  8.069MB/8.069MB
 ae3bb1b347a4 Downloading [==================================================>]  1.196MB/1.196MB
 f8406d9c00ea Downloading [==================================================>]     116B/116B
 e0d55fdb4d15 Downloading [========>                                          ]  18.87MB/109MB
 cb628c265f09 Downloading [==================================================>]     184B/184B
 91d2729fa4d5 Downloading [==================================================>]   1.45MB/1.45MB
 c199bff16b05 Downloading [==================================================>]  3.145kB/3.145kB
 b0a0cf830b12 Downloading [================================>                  ]  18.87MB/29.15MB
 f9dd052e142d Downloading [===============================================>   ]  49.28MB/52.33MB
 eb77aa907276 Downloading [==>                                                ]  40.89MB/907.7MB
 20043066d3d5 Downloading [========================>                          ]  14.68MB/29.72MB
 d63c4408fdb7 Downloading [==================================>                ]  14.68MB/21.31MB
 d686b50ce172 Downloading [==================================================>]  12.47MB/12.47MB
 f8406d9c00ea Download complete 
 e0d55fdb4d15 Downloading [===========>                                       ]  25.17MB/109MB
 cb628c265f09 Download complete 
 c4cc93acbec6 Download complete 
 4831516dd0cb Downloading [===================================>               ]  19.92MB/28.23MB
 7084ac8f4ab6 Download complete 
 3fadc669ef11 Downloading [================>                                  ]  14.68MB/43.48MB
 873532e5f8c7 Download complete 
 e7da101a9486 Download complete 
 91d2729fa4d5 Download complete 
 c199bff16b05 Download complete 
 b0a0cf830b12 Downloading [=======================================>           ]  23.07MB/29.15MB
 dda3d8fbd5ed Download complete 
 9739ced65621 Download complete 
 ae3bb1b347a4 Download complete 
 4831516dd0cb Downloading [==============================================>    ]  26.21MB/28.23MB
 d63c4408fdb7 Downloading [==================================================>]  21.31MB/21.31MB
 eb77aa907276 Downloading [==>                                                ]  50.33MB/907.7MB
 e0d55fdb4d15 Downloading [==============>                                    ]  31.99MB/109MB
 5682dec5b749 Downloading [======>                                            ]  790.5kB/5.719MB
 b0a0cf830b12 Downloading [==================================================>]  29.15MB/29.15MB
 56b5e4f0933d Downloading [==================================================>]  55.24kB/55.24kB
 d686b50ce172 Download complete 
 3fadc669ef11 Downloading [=========================>                         ]  22.02MB/43.48MB
 16ef6b12768c Downloading [==================================================>]  3.088MB/3.088MB
 20043066d3d5 Downloading [======================================>            ]  23.07MB/29.72MB
 f9dd052e142d Download complete 
 eb77aa907276 Downloading [==>                                                ]  50.33MB/907.7MB
 4831516dd0cb Downloading [================================================>  ]  27.26MB/28.23MB
 3fadc669ef11 Downloading [===========================>                       ]  24.12MB/43.48MB
 16ef6b12768c Downloading [==================================================>]  3.088MB/3.088MB
 20043066d3d5 Downloading [==========================================>        ]  25.17MB/29.72MB
 d63c4408fdb7 Download complete 
 f9dd052e142d Extracting 1 s
 5682dec5b749 Downloading [===========================>                       ]  3.146MB/5.719MB
 b0a0cf830b12 Download complete 
 56b5e4f0933d Download complete 
 e0d55fdb4d15 Downloading [===============>                                   ]   34.6MB/109MB
 eb77aa907276 Downloading [==>                                                ]  53.48MB/907.7MB
 4831516dd0cb Download complete 
 7ec4c696b8bb Download complete 
 3fadc669ef11 Downloading [===============================>                   ]  27.26MB/43.48MB
 16ef6b12768c Download complete 
 20043066d3d5 Downloading [===============================================>   ]  28.31MB/29.72MB
 f9dd052e142d Extracting 1 s
 b0a0cf830b12 Extracting 1 s
 4831516dd0cb Extracting 1 s
 e0d55fdb4d15 Downloading [=================>                                 ]   38.8MB/109MB
 5682dec5b749 Downloading [==================================================>]  5.719MB/5.719MB
 b0a0cf830b12 Extracting 1 s
 eb77aa907276 Downloading [===>                                               ]  66.06MB/907.7MB
 3fadc669ef11 Downloading [==================================>                ]  30.41MB/43.48MB
 20043066d3d5 Downloading [==================================================>]  29.72MB/29.72MB
 5682dec5b749 Download complete 
 e0d55fdb4d15 Downloading [==================>                                ]  39.85MB/109MB
 f9dd052e142d Extracting 1 s
 4831516dd0cb Extracting 1 s
 b0a0cf830b12 Extracting 1 s
 eb77aa907276 Downloading [====>                                              ]   73.4MB/907.7MB
 3fadc669ef11 Downloading [==========================================>        ]   36.7MB/43.48MB
 20043066d3d5 Download complete 
 e0d55fdb4d15 Downloading [======================>                            ]  49.28MB/109MB
 f9dd052e142d Extracting 1 s
 4831516dd0cb Extracting 1 s
 20043066d3d5 Extracting 1 s
 b0a0cf830b12 Extracting 1 s
 eb77aa907276 Downloading [====>                                              ]  84.93MB/907.7MB
 e0d55fdb4d15 Downloading [=======================>                           ]  51.38MB/109MB
 3fadc669ef11 Download complete 
 f9dd052e142d Extracting 1 s
 4831516dd0cb Extracting 1 s
 20043066d3d5 Extracting 1 s
 b0a0cf830b12 Extracting 1 s
 e0d55fdb4d15 Downloading [=========================>                         ]  56.62MB/109MB
 eb77aa907276 Downloading [=====>                                             ]  96.47MB/907.7MB
 f9dd052e142d Extracting 1 s
 4831516dd0cb Extracting 1 s
 20043066d3d5 Extracting 1 s
 b0a0cf830b12 Extracting 1 s
 eb77aa907276 Downloading [=====>                                             ]    107MB/907.7MB
 e0d55fdb4d15 Downloading [===============================>                   ]  68.16MB/109MB
 f9dd052e142d Extracting 1 s
 4831516dd0cb Extracting 1 s
 20043066d3d5 Extracting 1 s
 b0a0cf830b12 Extracting 1 s
 eb77aa907276 Downloading [======>                                            ]  119.5MB/907.7MB
 e0d55fdb4d15 Downloading [=====================================>             ]  81.79MB/109MB
 f9dd052e142d Extracting 1 s
 4831516dd0cb Extracting 1 s
 20043066d3d5 Extracting 1 s
 b0a0cf830b12 Extracting 1 s
 eb77aa907276 Downloading [=======>                                           ]  127.9MB/907.7MB
 e0d55fdb4d15 Downloading [=========================================>         ]  91.23MB/109MB
 f9dd052e142d Extracting 1 s
 4831516dd0cb Extracting 1 s
 20043066d3d5 Extracting 1 s
 b0a0cf830b12 Extracting 1 s
 eb77aa907276 Downloading [=======>                                           ]  138.4MB/907.7MB
 e0d55fdb4d15 Downloading [================================================>  ]  104.9MB/109MB
 f9dd052e142d Extracting 1 s
 20043066d3d5 Extracting 1 s
 4831516dd0cb Extracting 1 s
 b0a0cf830b12 Extracting 1 s
 eb77aa907276 Downloading [========>                                          ]  148.9MB/907.7MB
 e0d55fdb4d15 Download complete 
 f9dd052e142d Extracting 1 s
 4831516dd0cb Extracting 1 s
 20043066d3d5 Extracting 1 s
 b0a0cf830b12 Extracting 1 s
 eb77aa907276 Downloading [=========>                                         ]  164.9MB/907.7MB
 f9dd052e142d Extracting 2 s
 20043066d3d5 Extracting 1 s
 b0a0cf830b12 Extracting 1 s
 4831516dd0cb Extracting 1 s
 eb77aa907276 Downloading [=========>                                         ]  180.4MB/907.7MB
 f9dd052e142d Extracting 2 s
 4831516dd0cb Extracting 2 s
 20043066d3d5 Extracting 1 s
 b0a0cf830b12 Extracting 2 s
 eb77aa907276 Downloading [==========>                                        ]  198.2MB/907.7MB
 f9dd052e142d Extracting 2 s
 4831516dd0cb Extracting 2 s
 20043066d3d5 Extracting 1 s
 b0a0cf830b12 Extracting 2 s
 eb77aa907276 Downloading [===========>                                       ]  215.1MB/907.7MB
 f9dd052e142d Extracting 2 s
 20043066d3d5 Extracting 2 s
 4831516dd0cb Extracting 2 s
 b0a0cf830b12 Extracting 2 s
 eb77aa907276 Downloading [============>                                      ]  230.3MB/907.7MB
 f9dd052e142d Extracting 2 s
 4831516dd0cb Extracting 2 s
 20043066d3d5 Extracting 2 s
 b0a0cf830b12 Extracting 2 s
 eb77aa907276 Downloading [=============>                                     ]  245.4MB/907.7MB
 f9dd052e142d Extracting 2 s
 20043066d3d5 Extracting 2 s
 4831516dd0cb Extracting 2 s
 b0a0cf830b12 Extracting 2 s
 eb77aa907276 Downloading [==============>                                    ]  259.4MB/907.7MB
 f9dd052e142d Extracting 2 s
 20043066d3d5 Extracting 2 s
 4831516dd0cb Extracting 2 s
 b0a0cf830b12 Extracting 2 s
 eb77aa907276 Downloading [===============>                                   ]  274.7MB/907.7MB
 f9dd052e142d Extracting 2 s
 4831516dd0cb Extracting 2 s
 20043066d3d5 Extracting 2 s
 b0a0cf830b12 Extracting 2 s
 eb77aa907276 Downloading [================>                                  ]  292.6MB/907.7MB
 f9dd052e142d Extracting 2 s
 4831516dd0cb Extracting 2 s
 20043066d3d5 Extracting 2 s
 b0a0cf830b12 Extracting 2 s
 eb77aa907276 Downloading [================>                                  ]  308.3MB/907.7MB
 f9dd052e142d Extracting 2 s
 4831516dd0cb Extracting 2 s
 20043066d3d5 Extracting 2 s
 b0a0cf830b12 Extracting 2 s
 eb77aa907276 Downloading [=================>                                 ]  325.1MB/907.7MB
 f9dd052e142d Extracting 3 s
 4831516dd0cb Extracting 2 s
 20043066d3d5 Extracting 2 s
 b0a0cf830b12 Extracting 2 s
 eb77aa907276 Downloading [==================>                                ]  338.7MB/907.7MB
 f9dd052e142d Extracting 3 s
 4831516dd0cb Extracting 3 s
 20043066d3d5 Extracting 2 s
 b0a0cf830b12 Extracting 3 s
 eb77aa907276 Downloading [===================>                               ]  354.4MB/907.7MB
 f9dd052e142d Extracting 3 s
 20043066d3d5 Extracting 2 s
 4831516dd0cb Extracting 3 s
 b0a0cf830b12 Extracting 3 s
 eb77aa907276 Downloading [====================>                              ]  370.1MB/907.7MB
 f9dd052e142d Extracting 3 s
 4831516dd0cb Extracting 3 s
 20043066d3d5 Pull complete 
 3fadc669ef11 Extracting 1 s
 b0a0cf830b12 Extracting 3 s
 eb77aa907276 Downloading [=====================>                             ]  388.5MB/907.7MB
 47a60771af96 Extracting 1 s
 f9dd052e142d Extracting 3 s
 4831516dd0cb Pull complete 
 3fadc669ef11 Extracting 1 s
 dda3d8fbd5ed Pull complete 
 b0a0cf830b12 Pull complete 
 eb77aa907276 Downloading [======================>                            ]  403.7MB/907.7MB
 edcaff0d5e7e Extracting 1 s
 7b28be0c8c4d Pull complete 
 283a477db7bb Extracting 1 s
 47a60771af96 Pull complete 
 f9dd052e142d Extracting 3 s
 3fadc669ef11 Extracting 1 s
 eb77aa907276 Downloading [=======================>                           ]    422MB/907.7MB
 283a477db7bb Extracting 1 s
 edcaff0d5e7e Pull complete 
 f9dd052e142d Extracting 3 s
 22dca8215bc4 Extracting 1 s
 3fadc669ef11 Extracting 1 s
 eb77aa907276 Downloading [========================>                          ]  436.2MB/907.7MB
 283a477db7bb Pull complete 
 22dca8215bc4 Extracting 1 s
 f9dd052e142d Extracting 3 s
 91d2729fa4d5 Extracting 1 s
 3fadc669ef11 Extracting 1 s
 eb77aa907276 Downloading [========================>                          ]  452.2MB/907.7MB
 f9dd052e142d Extracting 3 s
 22dca8215bc4 Extracting 1 s
 91d2729fa4d5 Pull complete 
 3fadc669ef11 Extracting 1 s
 9739ced65621 Extracting 1 s
 eb77aa907276 Downloading [=========================>                         ]  467.7MB/907.7MB
 22dca8215bc4 Extracting 1 s
 f9dd052e142d Extracting 3 s
 9739ced65621 Extracting 1 s
 3fadc669ef11 Extracting 1 s
 eb77aa907276 Downloading [==========================>                        ]  484.4MB/907.7MB
 22dca8215bc4 Extracting 1 s
 f9dd052e142d Extracting 4 s
 3fadc669ef11 Extracting 1 s
 9739ced65621 Extracting 1 s
 eb77aa907276 Downloading [===========================>                       ]  501.2MB/907.7MB
 22dca8215bc4 Pull complete 
 f9dd052e142d Extracting 4 s
 3fadc669ef11 Extracting 1 s
 9739ced65621 Extracting 1 s
 eb77aa907276 Downloading [============================>                      ]  516.9MB/907.7MB
 4f4fb700ef54 Pull complete 
 c5761dea9b0e Pull complete 
 bbf018d6d4b8 Pull complete 
 f9dd052e142d Extracting 4 s
 9739ced65621 Extracting 1 s
 3fadc669ef11 Extracting 1 s
 redis Pulled 
 eb77aa907276 Downloading [=============================>                     ]  532.7MB/907.7MB
 f9dd052e142d Extracting 4 s
 3fadc669ef11 Extracting 1 s
 9739ced65621 Pull complete 
 ae3bb1b347a4 Extracting 1 s
 eb77aa907276 Downloading [==============================>                    ]  549.4MB/907.7MB
 f8406d9c00ea Pull complete 
 f9dd052e142d Extracting 4 s
 c199bff16b05 Pull complete 
 ae3bb1b347a4 Pull complete 
 3fadc669ef11 Extracting 2 s
 eb77aa907276 Downloading [===============================>                   ]  565.2MB/907.7MB
 f9dd052e142d Extracting 4 s
 3fadc669ef11 Extracting 2 s
 e0d55fdb4d15 Extracting 1 s
 eb77aa907276 Downloading [================================>                  ]  584.5MB/907.7MB
 7084ac8f4ab6 Extracting 1 s
 f9dd052e142d Extracting 4 s
 e0d55fdb4d15 Extracting 1 s
 3fadc669ef11 Pull complete 
 eb77aa907276 Downloading [=================================>                 ]    604MB/907.7MB
 e0d55fdb4d15 Extracting 1 s
 7084ac8f4ab6 Extracting 1 s
 f9dd052e142d Extracting 4 s
 eb77aa907276 Downloading [==================================>                ]  622.9MB/907.7MB
 f9dd052e142d Extracting 4 s
 e0d55fdb4d15 Extracting 1 s
 7084ac8f4ab6 Extracting 1 s
 eb77aa907276 Downloading [===================================>               ]  641.2MB/907.7MB
 beb0d870d438 Extracting 1 s
 7084ac8f4ab6 Pull complete 
 e0d55fdb4d15 Extracting 1 s
 f9dd052e142d Extracting 4 s
 eb77aa907276 Downloading [====================================>              ]  660.6MB/907.7MB
 beb0d870d438 Pull complete 
 d63c4408fdb7 Extracting 1 s
 e0d55fdb4d15 Extracting 1 s
 f9dd052e142d Extracting 5 s
 eb77aa907276 Downloading [=====================================>             ]  678.4MB/907.7MB
 d63c4408fdb7 Extracting 1 s
 f9dd052e142d Extracting 5 s
 e0d55fdb4d15 Extracting 1 s
 eb77aa907276 Downloading [======================================>            ]  698.4MB/907.7MB
 d63c4408fdb7 Extracting 1 s
 e8c6d4883897 Extracting 1 s
 e0d55fdb4d15 Extracting 1 s
 f9dd052e142d Pull complete 
 eb77aa907276 Downloading [=======================================>           ]  716.2MB/907.7MB
 d63c4408fdb7 Extracting 1 s
 e8c6d4883897 Extracting 1 s
 e0d55fdb4d15 Extracting 1 s
 eb77aa907276 Downloading [========================================>          ]  734.7MB/907.7MB
 e8c6d4883897 Extracting 1 s
 e0d55fdb4d15 Extracting 1 s
 d63c4408fdb7 Extracting 1 s
 eb77aa907276 Downloading [=========================================>         ]  752.9MB/907.7MB
 648eb81b3252 Pull complete 
 e8c6d4883897 Pull complete 
 d63c4408fdb7 Extracting 1 s
 e0d55fdb4d15 Extracting 1 s
 eb77aa907276 Downloading [==========================================>        ]  774.9MB/907.7MB
 d63c4408fdb7 Extracting 1 s
 e0d55fdb4d15 Extracting 2 s
 eb77aa907276 Downloading [===========================================>       ]    798MB/907.7MB
 e0d55fdb4d15 Extracting 2 s
 d63c4408fdb7 Extracting 1 s
 eb77aa907276 Downloading [============================================>      ]  816.8MB/907.7MB
 e0d55fdb4d15 Extracting 2 s
 d63c4408fdb7 Extracting 1 s
 eb77aa907276 Downloading [==============================================>    ]  837.3MB/907.7MB
 f4e7f62f4b80 Extracting 1 s
 efa05c660812 Pull complete 
 e0d55fdb4d15 Extracting 2 s
 d63c4408fdb7 Pull complete 
 eb77aa907276 Downloading [===============================================>   ]  859.8MB/907.7MB
 f4e7f62f4b80 Pull complete 
 14e6209d5fa8 Pull complete 
 5e1c03b67a78 Pull complete 
 d686b50ce172 Extracting 1 s
 e0d55fdb4d15 Extracting 2 s
 eb77aa907276 Downloading [================================================>  ]  880.8MB/907.7MB
 d686b50ce172 Extracting 1 s
 e0d55fdb4d15 Extracting 2 s
 eb77aa907276 Downloading [=================================================> ]  898.6MB/907.7MB
 d686b50ce172 Extracting 1 s
 e0d55fdb4d15 Extracting 2 s
 eb77aa907276 Downloading [==================================================>]  907.7MB/907.7MB
 d686b50ce172 Extracting 1 s
 e0d55fdb4d15 Extracting 2 s
 d686b50ce172 Extracting 1 s
 eb77aa907276 Downloading [==================================================>]  907.7MB/907.7MB
 e0d55fdb4d15 Extracting 2 s
 eb77aa907276 Downloading [==================================================>]  907.7MB/907.7MB
 d686b50ce172 Extracting 1 s
 e0d55fdb4d15 Extracting 2 s
 eb77aa907276 Downloading [==================================================>]  907.7MB/907.7MB
 d686b50ce172 Extracting 1 s
 e0d55fdb4d15 Extracting 3 s
 eb77aa907276 Downloading [==================================================>]  907.7MB/907.7MB
 d686b50ce172 Extracting 1 s
 e0d55fdb4d15 Extracting 3 s
 eb77aa907276 Downloading [==================================================>]  907.7MB/907.7MB
 d686b50ce172 Extracting 1 s
 e0d55fdb4d15 Extracting 3 s
 eb77aa907276 Downloading [==================================================>]  907.7MB/907.7MB
 d686b50ce172 Extracting 1 s
 e0d55fdb4d15 Extracting 3 s
 eb77aa907276 Downloading [==================================================>]  907.7MB/907.7MB
 d686b50ce172 Extracting 1 s
 e0d55fdb4d15 Extracting 3 s
 eb77aa907276 Downloading [==================================================>]  907.7MB/907.7MB
 e0d55fdb4d15 Extracting 3 s
 eb77aa907276 Downloading [==================================================>]  907.7MB/907.7MB
 e0d55fdb4d15 Extracting 3 s
 eb77aa907276 Downloading [==================================================>]  907.7MB/907.7MB
 e0d55fdb4d15 Extracting 3 s
 eb77aa907276 Downloading [==================================================>]  907.7MB/907.7MB
 e0d55fdb4d15 Extracting 3 s
 eb77aa907276 Downloading [==================================================>]  907.7MB/907.7MB
 e0d55fdb4d15 Extracting 3 s
 eb77aa907276 Downloading [==================================================>]  907.7MB/907.7MB
 e0d55fdb4d15 Extracting 4 s
 eb77aa907276 Downloading [==================================================>]  907.7MB/907.7MB
 e0d55fdb4d15 Extracting 4 s
 eb77aa907276 Downloading [==================================================>]  907.7MB/907.7MB
 e0d55fdb4d15 Extracting 4 s
 eb77aa907276 Downloading [==================================================>]  907.7MB/907.7MB
 e0d55fdb4d15 Extracting 4 s
 eb77aa907276 Downloading [==================================================>]  907.7MB/907.7MB
 d686b50ce172 Pull complete 
 e0d55fdb4d15 Extracting 4 s
 eb77aa907276 Downloading [==================================================>]  907.7MB/907.7MB
 e0d55fdb4d15 Extracting 4 s
 rabbitmq Pulled 
 eb77aa907276 Download complete 
 c1cb13b19080 Pull complete 
 710e142705f8 Pull complete 
 050d9f8c3b1c Pull complete 
 eb77aa907276 Extracting 1 s
 cb628c265f09 Pull complete 
 873532e5f8c7 Pull complete 
 e0d55fdb4d15 Pull complete 
 postgresql Pulled 
 eb77aa907276 Extracting 1 s
 eb77aa907276 Extracting 1 s
 eb77aa907276 Extracting 1 s
 eb77aa907276 Extracting 1 s
 eb77aa907276 Extracting 1 s
 eb77aa907276 Extracting 1 s
 eb77aa907276 Extracting 1 s
 eb77aa907276 Extracting 1 s
 eb77aa907276 Extracting 1 s
 eb77aa907276 Extracting 1 s
 eb77aa907276 Extracting 2 s
 eb77aa907276 Extracting 2 s
 eb77aa907276 Extracting 2 s
 eb77aa907276 Extracting 2 s
 eb77aa907276 Extracting 2 s
 eb77aa907276 Extracting 2 s
 eb77aa907276 Extracting 2 s
 eb77aa907276 Extracting 2 s
 eb77aa907276 Extracting 2 s
 eb77aa907276 Extracting 2 s
 eb77aa907276 Extracting 3 s
 eb77aa907276 Extracting 3 s
 eb77aa907276 Extracting 3 s
 eb77aa907276 Extracting 3 s
 eb77aa907276 Extracting 3 s
 eb77aa907276 Extracting 3 s
 eb77aa907276 Extracting 3 s
 eb77aa907276 Extracting 3 s
 eb77aa907276 Extracting 3 s
 eb77aa907276 Extracting 3 s
 eb77aa907276 Extracting 4 s
 eb77aa907276 Extracting 4 s
 eb77aa907276 Extracting 4 s
 eb77aa907276 Extracting 4 s
 eb77aa907276 Extracting 4 s
 eb77aa907276 Extracting 4 s
 eb77aa907276 Extracting 4 s
 eb77aa907276 Extracting 4 s
 eb77aa907276 Extracting 4 s
 eb77aa907276 Extracting 4 s
 eb77aa907276 Extracting 5 s
 eb77aa907276 Extracting 5 s
 eb77aa907276 Extracting 5 s
 eb77aa907276 Extracting 5 s
 eb77aa907276 Extracting 5 s
 eb77aa907276 Extracting 5 s
 4f4fb700ef54 Pull complete 
 0ffa8f8aba1e Pull complete 
 eb77aa907276 Pull complete 
 2e81b9cb93cd Pull complete 
 opensearch Pulled 
 Network docker_services_cli_default  Creating
 Network docker_services_cli_default  Created
 Container docker_services_cli-postgresql-1  Creating
 Container docker_services_cli-opensearch-1  Creating
 Container docker_services_cli-redis-1  Creating
 Container docker_services_cli-rabbitmq-1  Creating
 Container docker_services_cli-opensearch-1  Created
 Container docker_services_cli-rabbitmq-1  Created
 Container docker_services_cli-redis-1  Created
 Container docker_services_cli-postgresql-1  Created
 Container docker_services_cli-rabbitmq-1  Starting
 Container docker_services_cli-redis-1  Starting
 Container docker_services_cli-postgresql-1  Starting
 Container docker_services_cli-opensearch-1  Starting
 Container docker_services_cli-postgresql-1  Started
 Container docker_services_cli-redis-1  Started
 Container docker_services_cli-opensearch-1  Started
 Container docker_services_cli-rabbitmq-1  Started
::warning file=/home/runner/work/test-zip-extract-repository/test-zip-extract-repository/workdir/tests/invenio-users-resources/original/.venv/lib/python3.14/site-packages/edtf/parser/grammar.py,line=9::'enablePackrat' deprecated - use 'enable_packrat'
::warning file=/home/runner/work/test-zip-extract-repository/test-zip-extract-repository/workdir/tests/invenio-users-resources/original/.venv/lib/python3.14/site-packages/edtf/parser/grammar.py,line=52::'oneOf' deprecated - use 'one_of'
::warning file=/home/runner/work/test-zip-extract-repository/test-zip-extract-repository/workdir/tests/invenio-users-resources/original/.venv/lib/python3.14/site-packages/edtf/parser/grammar.py,line=53::'oneOf' deprecated - use 'one_of'
::warning file=/home/runner/work/test-zip-extract-repository/test-zip-extract-repository/workdir/tests/invenio-users-resources/original/.venv/lib/python3.14/site-packages/edtf/parser/grammar.py,line=54::'oneOf' deprecated - use 'one_of'
::warning file=/home/runner/work/test-zip-extract-repository/test-zip-extract-repository/workdir/tests/invenio-users-resources/original/.venv/lib/python3.14/site-packages/edtf/parser/grammar.py,line=55::'oneOf' deprecated - use 'one_of'
::warning file=/home/runner/work/test-zip-extract-repository/test-zip-extract-repository/workdir/tests/invenio-users-resources/original/.venv/lib/python3.14/site-packages/edtf/parser/grammar.py,line=56::'oneOf' deprecated - use 'one_of'
::warning file=/home/runner/work/test-zip-extract-repository/test-zip-extract-repository/workdir/tests/invenio-users-resources/original/.venv/lib/python3.14/site-packages/edtf/parser/grammar.py,line=57::'oneOf' deprecated - use 'one_of'
::warning file=/home/runner/work/test-zip-extract-repository/test-zip-extract-repository/workdir/tests/invenio-users-resources/original/.venv/lib/python3.14/site-packages/edtf/parser/grammar.py,line=58::'oneOf' deprecated - use 'one_of'
::warning file=/home/runner/work/test-zip-extract-repository/test-zip-extract-repository/workdir/tests/invenio-users-resources/original/.venv/lib/python3.14/site-packages/edtf/parser/grammar.py,line=59::'oneOf' deprecated - use 'one_of'
::warning file=/home/runner/work/test-zip-extract-repository/test-zip-extract-repository/workdir/tests/invenio-users-resources/original/.venv/lib/python3.14/site-packages/edtf/parser/grammar.py,line=60::'oneOf' deprecated - use 'one_of'
::warning file=/home/runner/work/test-zip-extract-repository/test-zip-extract-repository/workdir/tests/invenio-users-resources/original/.venv/lib/python3.14/site-packages/edtf/parser/grammar.py,line=63::'excludeChars' argument is deprecated, use 'exclude_chars'
::warning file=/home/runner/work/test-zip-extract-repository/test-zip-extract-repository/workdir/tests/invenio-users-resources/original/.venv/lib/python3.14/site-packages/edtf/parser/grammar.py,line=73::'oneOf' deprecated - use 'one_of'
::warning file=/home/runner/work/test-zip-extract-repository/test-zip-extract-repository/workdir/tests/invenio-users-resources/original/.venv/lib/python3.14/site-packages/edtf/parser/grammar.py,line=74::'oneOf' deprecated - use 'one_of'
::warning file=/home/runner/work/test-zip-extract-repository/test-zip-extract-repository/workdir/tests/invenio-users-resources/original/.venv/lib/python3.14/site-packages/edtf/parser/parser_classes.py,line=103::'addParseAction' deprecated - use 'add_parse_action'
::warning file=/home/runner/work/test-zip-extract-repository/test-zip-extract-repository/workdir/tests/invenio-users-resources/original/.venv/lib/python3.14/site-packages/edtf/parser/parser_classes.py,line=103::'addParseAction' deprecated - use 'add_parse_action'
::warning file=/home/runner/work/test-zip-extract-repository/test-zip-extract-repository/workdir/tests/invenio-users-resources/original/.venv/lib/python3.14/site-packages/edtf/parser/parser_classes.py,line=103::'addParseAction' deprecated - use 'add_parse_action'
::warning file=/home/runner/work/test-zip-extract-repository/test-zip-extract-repository/workdir/tests/invenio-users-resources/original/.venv/lib/python3.14/site-packages/edtf/parser/grammar.py,line=119::'oneOf' deprecated - use 'one_of'
::warning file=/home/runner/work/test-zip-extract-repository/test-zip-extract-repository/workdir/tests/invenio-users-resources/original/.venv/lib/python3.14/site-packages/edtf/parser/parser_classes.py,line=103::'addParseAction' deprecated - use 'add_parse_action'
::warning file=/home/runner/work/test-zip-extract-repository/test-zip-extract-repository/workdir/tests/invenio-users-resources/original/.venv/lib/python3.14/site-packages/edtf/parser/grammar.py,line=122::'oneOf' deprecated - use 'one_of'
::warning file=/home/runner/work/test-zip-extract-repository/test-zip-extract-repository/workdir/tests/invenio-users-resources/original/.venv/lib/python3.14/site-packages/edtf/parser/parser_classes.py,line=103::'addParseAction' deprecated - use 'add_parse_action'
::warning file=/home/runner/work/test-zip-extract-repository/test-zip-extract-repository/workdir/tests/invenio-users-resources/original/.venv/lib/python3.14/site-packages/edtf/parser/parser_classes.py,line=103::'addParseAction' deprecated - use 'add_parse_action'
::warning file=/home/runner/work/test-zip-extract-repository/test-zip-extract-repository/workdir/tests/invenio-users-resources/original/.venv/lib/python3.14/site-packages/edtf/parser/grammar.py,line=155::'addParseAction' deprecated - use 'add_parse_action'
::warning file=/home/runner/work/test-zip-extract-repository/test-zip-extract-repository/workdir/tests/invenio-users-resources/original/.venv/lib/python3.14/site-packages/edtf/parser/grammar.py,line=157::'addParseAction' deprecated - use 'add_parse_action'
::warning file=/home/runner/work/test-zip-extract-repository/test-zip-extract-repository/workdir/tests/invenio-users-resources/original/.venv/lib/python3.14/site-packages/edtf/parser/parser_classes.py,line=103::'addParseAction' deprecated - use 'add_parse_action'
::warning file=/home/runner/work/test-zip-extract-repository/test-zip-extract-repository/workdir/tests/invenio-users-resources/original/.venv/lib/python3.14/site-packages/edtf/parser/parser_classes.py,line=103::'addParseAction' deprecated - use 'add_parse_action'
::warning file=/home/runner/work/test-zip-extract-repository/test-zip-extract-repository/workdir/tests/invenio-users-resources/original/.venv/lib/python3.14/site-packages/edtf/parser/parser_classes.py,line=103::'addParseAction' deprecated - use 'add_parse_action'
::warning file=/home/runner/work/test-zip-extract-repository/test-zip-extract-repository/workdir/tests/invenio-users-resources/original/.venv/lib/python3.14/site-packages/edtf/parser/grammar.py,line=199::'oneOf' deprecated - use 'one_of'
::warning file=/home/runner/work/test-zip-extract-repository/test-zip-extract-repository/workdir/tests/invenio-users-resources/original/.venv/lib/python3.14/site-packages/edtf/parser/parser_classes.py,line=103::'addParseAction' deprecated - use 'add_parse_action'
::warning file=/home/runner/work/test-zip-extract-repository/test-zip-extract-repository/workdir/tests/invenio-users-resources/original/.venv/lib/python3.14/site-packages/edtf/parser/parser_classes.py,line=103::'addParseAction' deprecated - use 'add_parse_action'
::warning file=/home/runner/work/test-zip-extract-repository/test-zip-extract-repository/workdir/tests/invenio-users-resources/original/.venv/lib/python3.14/site-packages/edtf/parser/parser_classes.py,line=103::'addParseAction' deprecated - use 'add_parse_action'
::warning file=/home/runner/work/test-zip-extract-repository/test-zip-extract-repository/workdir/tests/invenio-users-resources/original/.venv/lib/python3.14/site-packages/edtf/parser/parser_classes.py,line=103::'addParseAction' deprecated - use 'add_parse_action'
::warning file=/home/runner/work/test-zip-extract-repository/test-zip-extract-repository/workdir/tests/invenio-users-resources/original/.venv/lib/python3.14/site-packages/edtf/parser/parser_classes.py,line=103::'addParseAction' deprecated - use 'add_parse_action'
::warning file=/home/runner/work/test-zip-extract-repository/test-zip-extract-repository/workdir/tests/invenio-users-resources/original/.venv/lib/python3.14/site-packages/edtf/parser/grammar.py,line=303::'addParseAction' deprecated - use 'add_parse_action'
::warning file=/home/runner/work/test-zip-extract-repository/test-zip-extract-repository/workdir/tests/invenio-users-resources/original/.venv/lib/python3.14/site-packages/edtf/parser/grammar.py,line=303::'addParseAction' deprecated - use 'add_parse_action'
::warning file=/home/runner/work/test-zip-extract-repository/test-zip-extract-repository/workdir/tests/invenio-users-resources/original/.venv/lib/python3.14/site-packages/edtf/parser/grammar.py,line=304::'addParseAction' deprecated - use 'add_parse_action'
::warning file=/home/runner/work/test-zip-extract-repository/test-zip-extract-repository/workdir/tests/invenio-users-resources/original/.venv/lib/python3.14/site-packages/edtf/parser/grammar.py,line=304::'addParseAction' deprecated - use 'add_parse_action'
::warning file=/home/runner/work/test-zip-extract-repository/test-zip-extract-repository/workdir/tests/invenio-users-resources/original/.venv/lib/python3.14/site-packages/edtf/parser/parser_classes.py,line=103::'addParseAction' deprecated - use 'add_parse_action'
::warning file=/home/runner/work/test-zip-extract-repository/test-zip-extract-repository/workdir/tests/invenio-users-resources/original/.venv/lib/python3.14/site-packages/edtf/parser/parser_classes.py,line=103::'addParseAction' deprecated - use 'add_parse_action'
::warning file=/home/runner/work/test-zip-extract-repository/test-zip-extract-repository/workdir/tests/invenio-users-resources/original/.venv/lib/python3.14/site-packages/edtf/parser/parser_classes.py,line=103::'addParseAction' deprecated - use 'add_parse_action'
::warning file=/home/runner/work/test-zip-extract-repository/test-zip-extract-repository/workdir/tests/invenio-users-resources/original/.venv/lib/python3.14/site-packages/edtf/parser/parser_classes.py,line=103::'addParseAction' deprecated - use 'add_parse_action'
::warning file=/home/runner/work/test-zip-extract-repository/test-zip-extract-repository/workdir/tests/invenio-users-resources/original/.venv/lib/python3.14/site-packages/edtf/parser/grammar.py,line=325::'oneOf' deprecated - use 'one_of'
::warning file=/home/runner/work/test-zip-extract-repository/test-zip-extract-repository/workdir/tests/invenio-users-resources/original/.venv/lib/python3.14/site-packages/edtf/parser/parser_classes.py,line=103::'addParseAction' deprecated - use 'add_parse_action'
============================= test session starts ==============================
platform linux -- Python 3.14.2, pytest-8.4.2, pluggy-1.6.0
rootdir: /home/runner/work/test-zip-extract-repository/test-zip-extract-repository/workdir/tests/invenio-users-resources/original
configfile: setup.cfg
testpaths: docs, tests, invenio_users_resources
plugins: invenio-4.0.0, isort-4.0.0, flask-1.3.0, github-actions-annotate-failures-0.3.0, pydocstyle-2.4.0, cov-7.0.0, black-0.6.0, pycodestyle-2.5.0
collected 118 items

tests/resources/test_resources_domains.py ..........                     [  8%]
tests/resources/test_resources_groups.py .::warning file=/home/runner/work/test-zip-extract-repository/test-zip-extract-repository/workdir/tests/invenio-users-resources/original/.venv/lib/python3.14/site-packages/invenio_rest/ext.py,line=29::CSRF validation will be enabled by default in the version 1.3.x
.....                          [ 13%]
tests/resources/test_resources_users.py .::warning file=/home/runner/work/test-zip-extract-repository/test-zip-extract-repository/workdir/tests/invenio-users-resources/original/.venv/lib/python3.14/site-packages/invenio_rest/ext.py,line=29::CSRF validation will be enabled by default in the version 1.3.x
................                [ 27%]
tests/services/test_generators.py .::warning file=/home/runner/work/test-zip-extract-repository/test-zip-extract-repository/workdir/tests/invenio-users-resources/original/.venv/lib/python3.14/site-packages/invenio_rest/ext.py,line=29::CSRF validation will be enabled by default in the version 1.3.x
                                      [ 28%]
tests/services/test_schemas.py ..                                        [ 30%]
tests/services/test_service_groups.py .::warning file=/home/runner/work/test-zip-extract-repository/test-zip-extract-repository/workdir/tests/invenio-users-resources/original/.venv/lib/python3.14/site-packages/invenio_rest/ext.py,line=29::CSRF validation will be enabled by default in the version 1.3.x
.....................             [ 49%]
tests/services/test_service_tasks_domains.py .::warning file=/home/runner/work/test-zip-extract-repository/test-zip-extract-repository/workdir/tests/invenio-users-resources/original/.venv/lib/python3.14/site-packages/invenio_rest/ext.py,line=29::CSRF validation will be enabled by default in the version 1.3.x
.                          [ 50%]
tests/services/users/test_service_users.py .::warning file=/home/runner/work/test-zip-extract-repository/test-zip-extract-repository/workdir/tests/invenio-users-resources/original/.venv/lib/python3.14/site-packages/invenio_rest/ext.py,line=29::CSRF validation will be enabled by default in the version 1.3.x
............................ [ 75%]
.................                                                        [ 89%]
tests/services/users/test_user_moderation.py .::warning file=/home/runner/work/test-zip-extract-repository/test-zip-extract-repository/workdir/tests/invenio-users-resources/original/.venv/lib/python3.14/site-packages/invenio_rest/ext.py,line=29::CSRF validation will be enabled by default in the version 1.3.x
....                       [ 94%]
tests/test_invenio_users_resources.py ..                                 [ 95%]
tests/test_notifications.py .::warning file=/home/runner/work/test-zip-extract-repository/test-zip-extract-repository/workdir/tests/invenio-users-resources/original/.venv/lib/python3.14/site-packages/invenio_rest/ext.py,line=29::CSRF validation will be enabled by default in the version 1.3.x
.                                           [ 97%]
tests/test_user_roles_admin.py .::warning file=/home/runner/work/test-zip-extract-repository/test-zip-extract-repository/workdir/tests/invenio-users-resources/original/.venv/lib/python3.14/site-packages/invenio_rest/ext.py,line=29::CSRF validation will be enabled by default in the version 1.3.x
..                                       [100%]

=============================== warnings summary ===============================
.venv/lib/python3.14/site-packages/edtf/parser/grammar.py:9
  /home/runner/work/test-zip-extract-repository/test-zip-extract-repository/workdir/tests/invenio-users-resources/original/.venv/lib/python3.14/site-packages/edtf/parser/grammar.py:9: PyparsingDeprecationWarning: 'enablePackrat' deprecated - use 'enable_packrat'
    pyparsing.ParserElement.enablePackrat()

.venv/lib/python3.14/site-packages/edtf/parser/grammar.py:52
  /home/runner/work/test-zip-extract-repository/test-zip-extract-repository/workdir/tests/invenio-users-resources/original/.venv/lib/python3.14/site-packages/edtf/parser/grammar.py:52: PyparsingDeprecationWarning: 'oneOf' deprecated - use 'one_of'
    oneThru12 = oneOf(["%.2d" % i for i in range(1, 13)])

.venv/lib/python3.14/site-packages/edtf/parser/grammar.py:53
  /home/runner/work/test-zip-extract-repository/test-zip-extract-repository/workdir/tests/invenio-users-resources/original/.venv/lib/python3.14/site-packages/edtf/parser/grammar.py:53: PyparsingDeprecationWarning: 'oneOf' deprecated - use 'one_of'
    oneThru13 = oneOf(["%.2d" % i for i in range(1, 14)])

.venv/lib/python3.14/site-packages/edtf/parser/grammar.py:54
  /home/runner/work/test-zip-extract-repository/test-zip-extract-repository/workdir/tests/invenio-users-resources/original/.venv/lib/python3.14/site-packages/edtf/parser/grammar.py:54: PyparsingDeprecationWarning: 'oneOf' deprecated - use 'one_of'
    oneThru23 = oneOf(["%.2d" % i for i in range(1, 24)])

.venv/lib/python3.14/site-packages/edtf/parser/grammar.py:55
  /home/runner/work/test-zip-extract-repository/test-zip-extract-repository/workdir/tests/invenio-users-resources/original/.venv/lib/python3.14/site-packages/edtf/parser/grammar.py:55: PyparsingDeprecationWarning: 'oneOf' deprecated - use 'one_of'
    zeroThru23 = oneOf(["%.2d" % i for i in range(0, 24)])

.venv/lib/python3.14/site-packages/edtf/parser/grammar.py:56
  /home/runner/work/test-zip-extract-repository/test-zip-extract-repository/workdir/tests/invenio-users-resources/original/.venv/lib/python3.14/site-packages/edtf/parser/grammar.py:56: PyparsingDeprecationWarning: 'oneOf' deprecated - use 'one_of'
    oneThru29 = oneOf(["%.2d" % i for i in range(1, 30)])

.venv/lib/python3.14/site-packages/edtf/parser/grammar.py:57
  /home/runner/work/test-zip-extract-repository/test-zip-extract-repository/workdir/tests/invenio-users-resources/original/.venv/lib/python3.14/site-packages/edtf/parser/grammar.py:57: PyparsingDeprecationWarning: 'oneOf' deprecated - use 'one_of'
    oneThru30 = oneOf(["%.2d" % i for i in range(1, 31)])

.venv/lib/python3.14/site-packages/edtf/parser/grammar.py:58
  /home/runner/work/test-zip-extract-repository/test-zip-extract-repository/workdir/tests/invenio-users-resources/original/.venv/lib/python3.14/site-packages/edtf/parser/grammar.py:58: PyparsingDeprecationWarning: 'oneOf' deprecated - use 'one_of'
    oneThru31 = oneOf(["%.2d" % i for i in range(1, 32)])

.venv/lib/python3.14/site-packages/edtf/parser/grammar.py:59
  /home/runner/work/test-zip-extract-repository/test-zip-extract-repository/workdir/tests/invenio-users-resources/original/.venv/lib/python3.14/site-packages/edtf/parser/grammar.py:59: PyparsingDeprecationWarning: 'oneOf' deprecated - use 'one_of'
    oneThru59 = oneOf(["%.2d" % i for i in range(1, 60)])

.venv/lib/python3.14/site-packages/edtf/parser/grammar.py:60
  /home/runner/work/test-zip-extract-repository/test-zip-extract-repository/workdir/tests/invenio-users-resources/original/.venv/lib/python3.14/site-packages/edtf/parser/grammar.py:60: PyparsingDeprecationWarning: 'oneOf' deprecated - use 'one_of'
    zeroThru59 = oneOf(["%.2d" % i for i in range(0, 60)])

.venv/lib/python3.14/site-packages/edtf/parser/grammar.py:63
  /home/runner/work/test-zip-extract-repository/test-zip-extract-repository/workdir/tests/invenio-users-resources/original/.venv/lib/python3.14/site-packages/edtf/parser/grammar.py:63: PyparsingDeprecationWarning: 'excludeChars' argument is deprecated, use 'exclude_chars'
    positiveDigit = Word(nums, exact=1, excludeChars="0")

.venv/lib/python3.14/site-packages/edtf/parser/grammar.py:73
  /home/runner/work/test-zip-extract-repository/test-zip-extract-repository/workdir/tests/invenio-users-resources/original/.venv/lib/python3.14/site-packages/edtf/parser/grammar.py:73: PyparsingDeprecationWarning: 'oneOf' deprecated - use 'one_of'
    (oneOf("01 03 05 07 08 10 12")("month") + "-" + oneThru31("day"))

.venv/lib/python3.14/site-packages/edtf/parser/grammar.py:74
  /home/runner/work/test-zip-extract-repository/test-zip-extract-repository/workdir/tests/invenio-users-resources/original/.venv/lib/python3.14/site-packages/edtf/parser/grammar.py:74: PyparsingDeprecationWarning: 'oneOf' deprecated - use 'one_of'
    ^ (oneOf("04 06 09 11")("month") + "-" + oneThru30("day"))

.venv/lib/python3.14/site-packages/edtf/parser/parser_classes.py:103: 19 warnings
  /home/runner/work/test-zip-extract-repository/test-zip-extract-repository/workdir/tests/invenio-users-resources/original/.venv/lib/python3.14/site-packages/edtf/parser/parser_classes.py:103: PyparsingDeprecationWarning: 'addParseAction' deprecated - use 'add_parse_action'
    p.addParseAction(cls.parse_action)

.venv/lib/python3.14/site-packages/edtf/parser/grammar.py:119
  /home/runner/work/test-zip-extract-repository/test-zip-extract-repository/workdir/tests/invenio-users-resources/original/.venv/lib/python3.14/site-packages/edtf/parser/grammar.py:119: PyparsingDeprecationWarning: 'oneOf' deprecated - use 'one_of'
    UASymbol = Combine(oneOf("? ~ %"))

.venv/lib/python3.14/site-packages/edtf/parser/grammar.py:122
  /home/runner/work/test-zip-extract-repository/test-zip-extract-repository/workdir/tests/invenio-users-resources/original/.venv/lib/python3.14/site-packages/edtf/parser/grammar.py:122: PyparsingDeprecationWarning: 'oneOf' deprecated - use 'one_of'
    seasonNumber = oneOf("21 22 23 24")

.venv/lib/python3.14/site-packages/edtf/parser/grammar.py:155
  /home/runner/work/test-zip-extract-repository/test-zip-extract-repository/workdir/tests/invenio-users-resources/original/.venv/lib/python3.14/site-packages/edtf/parser/grammar.py:155: PyparsingDeprecationWarning: 'addParseAction' deprecated - use 'add_parse_action'
    l1Start.addParseAction(f)

.venv/lib/python3.14/site-packages/edtf/parser/grammar.py:157
  /home/runner/work/test-zip-extract-repository/test-zip-extract-repository/workdir/tests/invenio-users-resources/original/.venv/lib/python3.14/site-packages/edtf/parser/grammar.py:157: PyparsingDeprecationWarning: 'addParseAction' deprecated - use 'add_parse_action'
    l1End.addParseAction(f)

.venv/lib/python3.14/site-packages/edtf/parser/grammar.py:199
  /home/runner/work/test-zip-extract-repository/test-zip-extract-repository/workdir/tests/invenio-users-resources/original/.venv/lib/python3.14/site-packages/edtf/parser/grammar.py:199: PyparsingDeprecationWarning: 'oneOf' deprecated - use 'one_of'
    monthWithX = Combine(oneOf("0X 1X") ^ ("X" + digitOrX))("month")

.venv/lib/python3.14/site-packages/edtf/parser/grammar.py:303
.venv/lib/python3.14/site-packages/edtf/parser/grammar.py:303
  /home/runner/work/test-zip-extract-repository/test-zip-extract-repository/workdir/tests/invenio-users-resources/original/.venv/lib/python3.14/site-packages/edtf/parser/grammar.py:303: PyparsingDeprecationWarning: 'addParseAction' deprecated - use 'add_parse_action'
    earlier = L("..").addParseAction(f)("lower") + date("upper").addParseAction(f)

.venv/lib/python3.14/site-packages/edtf/parser/grammar.py:304
.venv/lib/python3.14/site-packages/edtf/parser/grammar.py:304
  /home/runner/work/test-zip-extract-repository/test-zip-extract-repository/workdir/tests/invenio-users-resources/original/.venv/lib/python3.14/site-packages/edtf/parser/grammar.py:304: PyparsingDeprecationWarning: 'addParseAction' deprecated - use 'add_parse_action'
    later = date("lower").addParseAction(f) + L("..").addParseAction(f)("upper")

.venv/lib/python3.14/site-packages/edtf/parser/grammar.py:325
  /home/runner/work/test-zip-extract-repository/test-zip-extract-repository/workdir/tests/invenio-users-resources/original/.venv/lib/python3.14/site-packages/edtf/parser/grammar.py:325: PyparsingDeprecationWarning: 'oneOf' deprecated - use 'one_of'
    seasonL2Number = oneOf("21 22 23 24 25 26 27 28 29 30 31 32 33 34 35 36 37 38 39 40 41")

tests/resources/test_resources_groups.py::test_group_create_api
tests/resources/test_resources_users.py::test_read_self_serialization
tests/services/test_generators.py::test_group_not_managed_generator
tests/services/test_service_groups.py::test_groups_sort
tests/services/test_service_tasks_domains.py::test_import_domain_blocklist
tests/services/users/test_service_users.py::test_search_restricted
tests/services/users/test_user_moderation.py::test_moderation_callbacks_success
tests/test_notifications.py::test_user_recipient_generator
tests/test_user_roles_admin.py::test_read_includes_roles
  /home/runner/work/test-zip-extract-repository/test-zip-extract-repository/workdir/tests/invenio-users-resources/original/.venv/lib/python3.14/site-packages/invenio_rest/ext.py:29: FutureWarning: CSRF validation will be enabled by default in the version 1.3.x
    self.init_app(app)

-- Docs: https://docs.pytest.org/en/stable/how-to/capture-warnings.html
================================ tests coverage ================================
_______________ coverage: platform linux, python 3.14.2-final-0 ________________

Name                                                                      Stmts   Miss  Cover   Missing
-------------------------------------------------------------------------------------------------------
invenio_users_resources/__init__.py                                           2      0   100%
invenio_users_resources/config.py                                            39      0   100%
invenio_users_resources/entity_resolvers.py                                  82     45    45%   36-43, 47-53, 57, 61-62, 66-90, 102-103, 107, 111, 115, 119, 128-132, 136-141, 145-146, 156, 169-170, 174, 178, 182, 186
invenio_users_resources/ext.py                                               64      5    92%   116-119, 127
invenio_users_resources/forms.py                                             14      5    64%   30-32, 38-39
invenio_users_resources/models.py                                            10      4    60%   21, 25, 29, 39
invenio_users_resources/notifications/__init__.py                             0      0   100%
invenio_users_resources/notifications/filters.py                             11      1    91%   23
invenio_users_resources/notifications/generators.py                          37     15    59%   25, 47, 51-53, 61-62, 67-68, 76-77, 80-85
invenio_users_resources/permissions.py                                        3      0   100%
invenio_users_resources/proxies.py                                           12      0   100%
invenio_users_resources/records/__init__.py                                   2      0   100%
invenio_users_resources/records/api.py                                      309     26    92%   91, 95, 104, 110, 149, 161, 163, 251-255, 276-277, 286, 293, 300, 307, 319, 380, 400-408, 431, 448
invenio_users_resources/records/dumpers/__init__.py                           2      0   100%
invenio_users_resources/records/dumpers/email.py                             15      0   100%
invenio_users_resources/records/hooks.py                                     45     16    64%   36-41, 44-49, 73, 78, 82, 88
invenio_users_resources/records/mappings/__init__.py                          0      0   100%
invenio_users_resources/records/mappings/os-v1/__init__.py                    0      0   100%
invenio_users_resources/records/mappings/os-v2/__init__.py                    0      0   100%
invenio_users_resources/records/mappings/v7/__init__.py                       0      0   100%
invenio_users_resources/records/models.py                                    98      9    91%   55, 86, 91, 153-155, 180-182
invenio_users_resources/records/systemfields/__init__.py                     72      0   100%
invenio_users_resources/resources/__init__.py                                 4      0   100%
invenio_users_resources/resources/domains/__init__.py                         3      0   100%
invenio_users_resources/resources/domains/config.py                          11      0   100%
invenio_users_resources/resources/domains/resource.py                         6      0   100%
invenio_users_resources/resources/groups/__init__.py                          3      0   100%
invenio_users_resources/resources/groups/config.py                           24      0   100%
invenio_users_resources/resources/groups/errors.py                            8      0   100%
invenio_users_resources/resources/groups/resource.py                         39      1    97%   85
invenio_users_resources/resources/users/__init__.py                           3      0   100%
invenio_users_resources/resources/users/config.py                            19      0   100%
invenio_users_resources/resources/users/errors.py                             4      0   100%
invenio_users_resources/resources/users/resource.py                          74      8    89%   50, 79, 86-91, 149-153, 167-171
invenio_users_resources/services/__init__.py                                  4      0   100%
invenio_users_resources/services/common.py                                   13      0   100%
invenio_users_resources/services/domains/__init__.py                          3      0   100%
invenio_users_resources/services/domains/components.py                       27      6    78%   50-59
invenio_users_resources/services/domains/config.py                           27      0   100%
invenio_users_resources/services/domains/facets.py                            7      0   100%
invenio_users_resources/services/domains/service.py                           8      0   100%
invenio_users_resources/services/domains/tasks.py                            61     15    75%   25-30, 36-41, 71-73
invenio_users_resources/services/generators.py                              150     14    91%   50, 67-72, 99, 108, 174, 195, 213, 238, 289, 314
invenio_users_resources/services/groups/__init__.py                           3      0   100%
invenio_users_resources/services/groups/config.py                            32      0   100%
invenio_users_resources/services/groups/facets.py                             3      0   100%
invenio_users_resources/services/groups/results.py                           57      4    93%   39, 59, 77, 83
invenio_users_resources/services/groups/service.py                           74     12    84%   45-46, 51-52, 79-80, 104-105, 161, 167-171
invenio_users_resources/services/groups/tasks.py                             21      8    62%   27-28, 34-39
invenio_users_resources/services/params.py                                    9      0   100%
invenio_users_resources/services/permissions.py                              35      0   100%
invenio_users_resources/services/results.py                                  29      0   100%
invenio_users_resources/services/schemas.py                                 148     10    93%   217-220, 228, 231, 234, 277, 289, 299
invenio_users_resources/services/users/__init__.py                            3      0   100%
invenio_users_resources/services/users/config.py                             44      4    91%   59-62
invenio_users_resources/services/users/facets.py                              7      0   100%
invenio_users_resources/services/users/lock.py                               11      0   100%
invenio_users_resources/services/users/results.py                            83      4    95%   75, 79, 116, 122
invenio_users_resources/services/users/search_params.py                      23      8    65%   37-55
invenio_users_resources/services/users/service.py                           134     13    90%   143, 149-150, 159, 165-167, 185, 208, 232, 255, 267, 281
invenio_users_resources/services/users/tasks.py                              49      8    84%   56-57, 63-68
invenio_users_resources/templates/security/email/new_user_via_admin.txt       3      1    67%   3
invenio_users_resources/views.py                                             11      0   100%
-------------------------------------------------------------------------------------------------------
TOTAL                                                                      2094    242    88%
====================== 118 passed, 51 warnings in 42.16s =======================
 Container docker_services_cli-rabbitmq-1  Stopping
 Container docker_services_cli-postgresql-1  Stopping
 Container docker_services_cli-opensearch-1  Stopping
 Container docker_services_cli-redis-1  Stopping
 Container docker_services_cli-postgresql-1  Stopped
 Container docker_services_cli-postgresql-1  Removing
 Container docker_services_cli-postgresql-1  Removed
 Container docker_services_cli-redis-1  Stopped
 Container docker_services_cli-redis-1  Removing
 Container docker_services_cli-redis-1  Removed
 Container docker_services_cli-opensearch-1  Stopped
 Container docker_services_cli-opensearch-1  Removing
 Container docker_services_cli-opensearch-1  Removed
 Container docker_services_cli-rabbitmq-1  Stopped
 Container docker_services_cli-rabbitmq-1  Removing
 Container docker_services_cli-rabbitmq-1  Removed
 Network docker_services_cli_default  Removing
 Network docker_services_cli_default  Removed
