running extract_messages
extracting messages from invenio_records_permissions/__init__.py
extracting messages from invenio_records_permissions/api.py
extracting messages from invenio_records_permissions/config.py
extracting messages from invenio_records_permissions/errors.py
extracting messages from invenio_records_permissions/ext.py
extracting messages from invenio_records_permissions/generators.py
extracting messages from invenio_records_permissions/policies/__init__.py
extracting messages from invenio_records_permissions/policies/base.py
extracting messages from invenio_records_permissions/policies/records.py
writing PO template file to /dev/null
 redis Pulling 
 opensearch Pulling 
 postgresql Pulling 
 c5761dea9b0e Pulling fs layer 
 4831516dd0cb Pulling fs layer 
 22dca8215bc4 Pulling fs layer 
 47a60771af96 Pulling fs layer 
 7b28be0c8c4d Pulling fs layer 
 bbf018d6d4b8 Pulling fs layer 
 4f4fb700ef54 Pulling fs layer 
 edcaff0d5e7e Pulling fs layer 
 cb628c265f09 Pulling fs layer 
 e0d55fdb4d15 Pulling fs layer 
 050d9f8c3b1c Pulling fs layer 
 710e142705f8 Pulling fs layer 
 f8406d9c00ea Pulling fs layer 
 873532e5f8c7 Pulling fs layer 
 b0a0cf830b12 Pulling fs layer 
 283a477db7bb Pulling fs layer 
 dda3d8fbd5ed Pulling fs layer 
 ae3bb1b347a4 Pulling fs layer 
 c1cb13b19080 Pulling fs layer 
 c199bff16b05 Pulling fs layer 
 9739ced65621 Pulling fs layer 
 91d2729fa4d5 Pulling fs layer 
 2e81b9cb93cd Pulling fs layer 
 f9dd052e142d Pulling fs layer 
 4f4fb700ef54 Pulling fs layer 
 eb77aa907276 Pulling fs layer 
 0ffa8f8aba1e Pulling fs layer 
 648eb81b3252 Pulling fs layer 
 e8c6d4883897 Pulling fs layer 
 4f4fb700ef54 Already exists 
 4f4fb700ef54 Already exists 
 47a60771af96 Download complete 
 ae3bb1b347a4 Downloading [==================================================>]  1.196MB/1.196MB
 e7da101a9486 Download complete 
 873532e5f8c7 Download complete 
 e0d55fdb4d15 Downloading [>                                                  ]  2.097MB/109MB
 c5761dea9b0e Download complete 
 0ffa8f8aba1e Download complete 
 648eb81b3252 Downloading [==================================================>]  1.561kB/1.561kB
 2e81b9cb93cd Download complete 
 edcaff0d5e7e Download complete 
 050d9f8c3b1c Download complete 
 7b28be0c8c4d Download complete 
 4831516dd0cb Downloading [=>                                                 ]  1.004MB/28.23MB
 22dca8215bc4 Downloading [=============>                                     ]  4.194MB/15.35MB
 710e142705f8 Download complete 
 f8406d9c00ea Download complete 
 dda3d8fbd5ed Download complete 
 283a477db7bb Download complete 
 c1cb13b19080 Download complete 
 5682dec5b749 Downloading [===========================>                       ]  3.146MB/5.719MB
 cb628c265f09 Download complete 
 b0a0cf830b12 Downloading [=>                                                 ]  1.049MB/29.15MB
 9739ced65621 Downloading [======>                                            ]  1.049MB/8.069MB
 c199bff16b05 Downloading [==================================================>]  3.145kB/3.145kB
 56b5e4f0933d Download complete 
 648eb81b3252 Download complete 
 f9dd052e142d Downloading [=======>                                           ]   7.34MB/52.33MB
 22dca8215bc4 Downloading [==================================>                ]  10.49MB/15.35MB
 e8c6d4883897 Download complete 
 eb77aa907276 Downloading [>                                                  ]  2.097MB/907.7MB
 bbf018d6d4b8 Download complete 
 91d2729fa4d5 Download complete 
 e0d55fdb4d15 Downloading [====>                                              ]  9.437MB/109MB
 5682dec5b749 Download complete 
 b0a0cf830b12 Downloading [============>                                      ]   7.34MB/29.15MB
 9739ced65621 Downloading [==================================================>]  8.069MB/8.069MB
 c4cc93acbec6 Download complete 
 4831516dd0cb Downloading [=====>                                             ]  3.146MB/28.23MB
 c199bff16b05 Download complete 
 ae3bb1b347a4 Download complete 
 4831516dd0cb Downloading [====================>                              ]  11.53MB/28.23MB
 eb77aa907276 Downloading [>                                                  ]  3.396MB/907.7MB
 f9dd052e142d Downloading [==================>                                ]  18.87MB/52.33MB
 b0a0cf830b12 Downloading [==============================>                    ]  17.83MB/29.15MB
 22dca8215bc4 Download complete 
 9739ced65621 Download complete 
 e0d55fdb4d15 Downloading [=========>                                         ]  20.97MB/109MB
 4831516dd0cb Downloading [==========================>                        ]  14.68MB/28.23MB
 eb77aa907276 Downloading [>                                                  ]  6.291MB/907.7MB
 f9dd052e142d Downloading [======================>                            ]  23.07MB/52.33MB
 b0a0cf830b12 Downloading [==============================================>    ]  27.26MB/29.15MB
 e0d55fdb4d15 Downloading [==============>                                    ]  32.51MB/109MB
 eb77aa907276 Downloading [>                                                  ]  8.389MB/907.7MB
 f9dd052e142d Downloading [==================================>                ]  35.65MB/52.33MB
 e0d55fdb4d15 Downloading [===================>                               ]  42.99MB/109MB
 b0a0cf830b12 Download complete 
 4831516dd0cb Downloading [==================================================>]  28.23MB/28.23MB
 b0a0cf830b12 Extracting 1 s
 e0d55fdb4d15 Downloading [=========================>                         ]  55.57MB/109MB
 eb77aa907276 Downloading [>                                                  ]  11.53MB/907.7MB
 f9dd052e142d Downloading [=============================================>     ]  47.19MB/52.33MB
 4831516dd0cb Download complete 
 4831516dd0cb Extracting 1 s
 b0a0cf830b12 Extracting 1 s
 eb77aa907276 Downloading [>                                                  ]  17.83MB/907.7MB
 f9dd052e142d Downloading [==================================================>]  52.33MB/52.33MB
 e0d55fdb4d15 Downloading [=============================>                     ]  65.01MB/109MB
 4831516dd0cb Extracting 1 s
 b0a0cf830b12 Extracting 1 s
 e0d55fdb4d15 Downloading [====================================>              ]  78.64MB/109MB
 eb77aa907276 Downloading [=>                                                 ]  20.97MB/907.7MB
 f9dd052e142d Download complete 
 f9dd052e142d Extracting 1 s
 4831516dd0cb Extracting 1 s
 b0a0cf830b12 Extracting 1 s
 e0d55fdb4d15 Downloading [==========================================>        ]  92.27MB/109MB
 eb77aa907276 Downloading [=>                                                 ]  28.31MB/907.7MB
 f9dd052e142d Extracting 1 s
 4831516dd0cb Extracting 1 s
 b0a0cf830b12 Extracting 1 s
 e0d55fdb4d15 Downloading [================================================>  ]  105.9MB/109MB
 eb77aa907276 Downloading [=>                                                 ]  32.51MB/907.7MB
 4831516dd0cb Extracting 1 s
 f9dd052e142d Extracting 1 s
 b0a0cf830b12 Extracting 1 s
 eb77aa907276 Downloading [=>                                                 ]  35.65MB/907.7MB
 e0d55fdb4d15 Download complete 
 f9dd052e142d Extracting 1 s
 4831516dd0cb Extracting 1 s
 b0a0cf830b12 Extracting 1 s
 eb77aa907276 Downloading [==>                                                ]  41.94MB/907.7MB
 f9dd052e142d Extracting 1 s
 4831516dd0cb Extracting 1 s
 b0a0cf830b12 Extracting 1 s
 eb77aa907276 Downloading [==>                                                ]  53.44MB/907.7MB
 f9dd052e142d Extracting 1 s
 4831516dd0cb Extracting 1 s
 b0a0cf830b12 Extracting 1 s
 eb77aa907276 Downloading [===>                                               ]  57.36MB/907.7MB
 f9dd052e142d Extracting 1 s
 4831516dd0cb Extracting 1 s
 b0a0cf830b12 Extracting 1 s
 eb77aa907276 Downloading [===>                                               ]  59.77MB/907.7MB
 f9dd052e142d Extracting 1 s
 4831516dd0cb Extracting 1 s
 b0a0cf830b12 Extracting 1 s
 eb77aa907276 Downloading [===>                                               ]  62.91MB/907.7MB
 f9dd052e142d Extracting 1 s
 4831516dd0cb Extracting 1 s
 b0a0cf830b12 Extracting 2 s
 eb77aa907276 Downloading [===>                                               ]  66.06MB/907.7MB
 f9dd052e142d Extracting 1 s
 4831516dd0cb Extracting 2 s
 b0a0cf830b12 Extracting 2 s
 eb77aa907276 Downloading [===>                                               ]  69.21MB/907.7MB
 f9dd052e142d Extracting 1 s
 4831516dd0cb Extracting 2 s
 b0a0cf830b12 Extracting 2 s
 eb77aa907276 Downloading [===>                                               ]  69.21MB/907.7MB
 f9dd052e142d Extracting 2 s
 4831516dd0cb Extracting 2 s
 b0a0cf830b12 Extracting 2 s
 eb77aa907276 Downloading [===>                                               ]  69.21MB/907.7MB
 47a60771af96 Pull complete 
 edcaff0d5e7e Extracting 1 s
 7b28be0c8c4d Pull complete 
 dda3d8fbd5ed Pull complete 
 283a477db7bb Extracting 1 s
 f9dd052e142d Extracting 2 s
 4831516dd0cb Pull complete 
 b0a0cf830b12 Pull complete 
 eb77aa907276 Downloading [===>                                               ]  70.25MB/907.7MB
 edcaff0d5e7e Pull complete 
 22dca8215bc4 Extracting 1 s
 283a477db7bb Pull complete 
 f9dd052e142d Extracting 2 s
 eb77aa907276 Downloading [====>                                              ]   73.4MB/907.7MB
 22dca8215bc4 Extracting 1 s
 f9dd052e142d Extracting 2 s
 91d2729fa4d5 Pull complete 
 9739ced65621 Extracting 1 s
 eb77aa907276 Downloading [====>                                              ]  76.55MB/907.7MB
 22dca8215bc4 Extracting 1 s
 9739ced65621 Extracting 1 s
 f9dd052e142d Extracting 2 s
 eb77aa907276 Downloading [====>                                              ]  77.59MB/907.7MB
 22dca8215bc4 Pull complete 
 f9dd052e142d Extracting 2 s
 eb77aa907276 Downloading [====>                                              ]  79.69MB/907.7MB
 bbf018d6d4b8 Extracting 1 s
 9739ced65621 Extracting 1 s
 f9dd052e142d Extracting 2 s
 9739ced65621 Extracting 1 s
 eb77aa907276 Downloading [====>                                              ]  89.13MB/907.7MB
 4f4fb700ef54 Pull complete 
 c5761dea9b0e Pull complete 
 bbf018d6d4b8 Pull complete 
 f9dd052e142d Extracting 2 s
 9739ced65621 Extracting 1 s
 redis Pulled 
 eb77aa907276 Downloading [====>                                              ]  90.18MB/907.7MB
 f9dd052e142d Extracting 2 s
 ae3bb1b347a4 Extracting 1 s
 9739ced65621 Pull complete 
 eb77aa907276 Downloading [=====>                                             ]  96.47MB/907.7MB
 f8406d9c00ea Pull complete 
 c199bff16b05 Pull complete 
 ae3bb1b347a4 Pull complete 
 f9dd052e142d Extracting 2 s
 e0d55fdb4d15 Extracting 1 s
 eb77aa907276 Downloading [=====>                                             ]  103.8MB/907.7MB
 e0d55fdb4d15 Extracting 1 s
 f9dd052e142d Extracting 3 s
 eb77aa907276 Downloading [======>                                            ]  109.1MB/907.7MB
 f9dd052e142d Extracting 3 s
 e0d55fdb4d15 Extracting 1 s
 eb77aa907276 Downloading [======>                                            ]  112.2MB/907.7MB
 e0d55fdb4d15 Extracting 1 s
 f9dd052e142d Extracting 3 s
 eb77aa907276 Downloading [======>                                            ]  117.4MB/907.7MB
 e0d55fdb4d15 Extracting 1 s
 f9dd052e142d Extracting 3 s
 eb77aa907276 Downloading [======>                                            ]  119.5MB/907.7MB
 f9dd052e142d Extracting 3 s
 e0d55fdb4d15 Extracting 1 s
 eb77aa907276 Downloading [======>                                            ]  125.8MB/907.7MB
 e8c6d4883897 Extracting 1 s
 e0d55fdb4d15 Extracting 1 s
 f9dd052e142d Pull complete 
 eb77aa907276 Downloading [=======>                                           ]    129MB/907.7MB
 e8c6d4883897 Extracting 1 s
 e0d55fdb4d15 Extracting 1 s
 eb77aa907276 Downloading [=======>                                           ]  133.2MB/907.7MB
 648eb81b3252 Pull complete 
 e8c6d4883897 Pull complete 
 e0d55fdb4d15 Extracting 1 s
 eb77aa907276 Downloading [=======>                                           ]  136.3MB/907.7MB
 e0d55fdb4d15 Extracting 1 s
 eb77aa907276 Downloading [=======>                                           ]  144.7MB/907.7MB
 e0d55fdb4d15 Extracting 1 s
 eb77aa907276 Downloading [========>                                          ]    151MB/907.7MB
 e0d55fdb4d15 Extracting 2 s
 eb77aa907276 Downloading [========>                                          ]  156.2MB/907.7MB
 e0d55fdb4d15 Extracting 2 s
 eb77aa907276 Downloading [========>                                          ]  160.4MB/907.7MB
 e0d55fdb4d15 Extracting 2 s
 eb77aa907276 Downloading [=========>                                         ]  163.6MB/907.7MB
 e0d55fdb4d15 Extracting 2 s
 eb77aa907276 Downloading [=========>                                         ]  168.8MB/907.7MB
 e0d55fdb4d15 Extracting 2 s
 eb77aa907276 Downloading [=========>                                         ]  175.1MB/907.7MB
 e0d55fdb4d15 Extracting 2 s
 eb77aa907276 Downloading [=========>                                         ]  180.4MB/907.7MB
 e0d55fdb4d15 Extracting 2 s
 eb77aa907276 Downloading [==========>                                        ]  187.7MB/907.7MB
 e0d55fdb4d15 Extracting 2 s
 eb77aa907276 Downloading [==========>                                        ]  190.8MB/907.7MB
 e0d55fdb4d15 Extracting 2 s
 eb77aa907276 Downloading [==========>                                        ]    195MB/907.7MB
 e0d55fdb4d15 Extracting 2 s
 eb77aa907276 Downloading [===========>                                       ]  206.6MB/907.7MB
 e0d55fdb4d15 Extracting 3 s
 eb77aa907276 Downloading [===========>                                       ]    215MB/907.7MB
 c1cb13b19080 Extracting 1 s
 e0d55fdb4d15 Pull complete 
 eb77aa907276 Downloading [============>                                      ]  227.5MB/907.7MB
 873532e5f8c7 Pull complete 
 050d9f8c3b1c Pull complete 
 710e142705f8 Pull complete 
 c1cb13b19080 Pull complete 
 cb628c265f09 Extracting 1 s
 cb628c265f09 Pull complete 
 postgresql Pulled 
 eb77aa907276 Downloading [============>                                      ]  235.9MB/907.7MB
 eb77aa907276 Downloading [=============>                                     ]  240.1MB/907.7MB
 eb77aa907276 Downloading [=============>                                     ]  246.4MB/907.7MB
 eb77aa907276 Downloading [=============>                                     ]  251.7MB/907.7MB
 eb77aa907276 Downloading [==============>                                    ]  257.9MB/907.7MB
 eb77aa907276 Downloading [==============>                                    ]  267.4MB/907.7MB
 eb77aa907276 Downloading [===============>                                   ]  272.6MB/907.7MB
 eb77aa907276 Downloading [===============>                                   ]    281MB/907.7MB
 eb77aa907276 Downloading [===============>                                   ]  289.4MB/907.7MB
 eb77aa907276 Downloading [================>                                  ]  296.7MB/907.7MB
 eb77aa907276 Downloading [================>                                  ]  305.1MB/907.7MB
 eb77aa907276 Downloading [=================>                                 ]  312.5MB/907.7MB
 eb77aa907276 Downloading [=================>                                 ]  316.7MB/907.7MB
 eb77aa907276 Downloading [=================>                                 ]  321.9MB/907.7MB
 eb77aa907276 Downloading [==================>                                ]  328.2MB/907.7MB
 eb77aa907276 Downloading [==================>                                ]  342.9MB/907.7MB
 eb77aa907276 Downloading [===================>                               ]  347.1MB/907.7MB
 eb77aa907276 Downloading [===================>                               ]  352.3MB/907.7MB
 eb77aa907276 Downloading [===================>                               ]  356.5MB/907.7MB
 eb77aa907276 Downloading [===================>                               ]  360.7MB/907.7MB
 eb77aa907276 Downloading [====================>                              ]  364.9MB/907.7MB
 eb77aa907276 Downloading [====================>                              ]    367MB/907.7MB
 eb77aa907276 Downloading [====================>                              ]  368.1MB/907.7MB
 eb77aa907276 Downloading [====================>                              ]  373.3MB/907.7MB
 eb77aa907276 Downloading [====================>                              ]  380.6MB/907.7MB
 eb77aa907276 Downloading [=====================>                             ]  391.1MB/907.7MB
 eb77aa907276 Downloading [=====================>                             ]  397.4MB/907.7MB
 eb77aa907276 Downloading [======================>                            ]  406.8MB/907.7MB
 eb77aa907276 Downloading [======================>                            ]    410MB/907.7MB
 eb77aa907276 Downloading [======================>                            ]  412.1MB/907.7MB
 eb77aa907276 Downloading [======================>                            ]  417.3MB/907.7MB
 eb77aa907276 Downloading [=======================>                           ]  424.7MB/907.7MB
 eb77aa907276 Downloading [=======================>                           ]  428.9MB/907.7MB
 eb77aa907276 Downloading [=======================>                           ]    431MB/907.7MB
 eb77aa907276 Downloading [=======================>                           ]  433.1MB/907.7MB
 eb77aa907276 Downloading [========================>                          ]  438.3MB/907.7MB
 eb77aa907276 Downloading [========================>                          ]  445.6MB/907.7MB
 eb77aa907276 Downloading [========================>                          ]  452.1MB/907.7MB
 eb77aa907276 Downloading [=========================>                         ]  458.2MB/907.7MB
 eb77aa907276 Downloading [=========================>                         ]  462.4MB/907.7MB
 eb77aa907276 Downloading [=========================>                         ]  466.6MB/907.7MB
 eb77aa907276 Downloading [=========================>                         ]  469.8MB/907.7MB
 eb77aa907276 Downloading [=========================>                         ]  469.8MB/907.7MB
 eb77aa907276 Downloading [==========================>                        ]  477.1MB/907.7MB
 eb77aa907276 Downloading [==========================>                        ]  481.3MB/907.7MB
 eb77aa907276 Downloading [==========================>                        ]  486.5MB/907.7MB
 eb77aa907276 Downloading [===========================>                       ]  491.8MB/907.7MB
 eb77aa907276 Downloading [===========================>                       ]  493.9MB/907.7MB
 eb77aa907276 Downloading [===========================>                       ]    497MB/907.7MB
 eb77aa907276 Downloading [===========================>                       ]  499.1MB/907.7MB
 eb77aa907276 Downloading [===========================>                       ]  503.3MB/907.7MB
 eb77aa907276 Downloading [============================>                      ]  508.6MB/907.7MB
 eb77aa907276 Downloading [============================>                      ]  515.9MB/907.7MB
 eb77aa907276 Downloading [============================>                      ]  524.3MB/907.7MB
 eb77aa907276 Downloading [=============================>                     ]  532.7MB/907.7MB
 eb77aa907276 Downloading [==============================>                    ]  545.3MB/907.7MB
 eb77aa907276 Downloading [==============================>                    ]  558.9MB/907.7MB
 eb77aa907276 Downloading [===============================>                   ]  566.2MB/907.7MB
 eb77aa907276 Downloading [===============================>                   ]  576.7MB/907.7MB
 eb77aa907276 Downloading [===============================>                   ]  578.8MB/907.7MB
 eb77aa907276 Downloading [================================>                  ]    583MB/907.7MB
 eb77aa907276 Downloading [================================>                  ]  590.3MB/907.7MB
 eb77aa907276 Downloading [=================================>                 ]  601.9MB/907.7MB
 eb77aa907276 Downloading [=================================>                 ]  611.3MB/907.7MB
 eb77aa907276 Downloading [==================================>                ]    619MB/907.7MB
 eb77aa907276 Downloading [==================================>                ]  630.2MB/907.7MB
 eb77aa907276 Downloading [==================================>                ]  633.3MB/907.7MB
 eb77aa907276 Downloading [===================================>               ]  636.5MB/907.7MB
 eb77aa907276 Downloading [===================================>               ]  639.6MB/907.7MB
 eb77aa907276 Downloading [===================================>               ]  640.7MB/907.7MB
 eb77aa907276 Downloading [===================================>               ]  642.8MB/907.7MB
 eb77aa907276 Downloading [====================================>              ]  655.4MB/907.7MB
 eb77aa907276 Downloading [====================================>              ]  671.1MB/907.7MB
 eb77aa907276 Downloading [=====================================>             ]  679.5MB/907.7MB
 eb77aa907276 Downloading [=====================================>             ]  685.8MB/907.7MB
 eb77aa907276 Downloading [======================================>            ]    690MB/907.7MB
 eb77aa907276 Downloading [======================================>            ]  698.4MB/907.7MB
 eb77aa907276 Downloading [======================================>            ]  704.6MB/907.7MB
 eb77aa907276 Downloading [=======================================>           ]  708.8MB/907.7MB
 eb77aa907276 Downloading [=======================================>           ]  715.1MB/907.7MB
 eb77aa907276 Downloading [=======================================>           ]  724.6MB/907.7MB
 eb77aa907276 Downloading [========================================>          ]  730.9MB/907.7MB
 eb77aa907276 Downloading [=========================================>         ]  744.5MB/907.7MB
 eb77aa907276 Downloading [=========================================>         ]  748.7MB/907.7MB
 eb77aa907276 Downloading [=========================================>         ]  762.3MB/907.7MB
 eb77aa907276 Downloading [==========================================>        ]  780.1MB/907.7MB
 eb77aa907276 Downloading [===========================================>       ]  785.4MB/907.7MB
 eb77aa907276 Downloading [===========================================>       ]  792.7MB/907.7MB
 eb77aa907276 Downloading [============================================>      ]    799MB/907.7MB
 eb77aa907276 Downloading [============================================>      ]  802.2MB/907.7MB
 eb77aa907276 Downloading [============================================>      ]  811.6MB/907.7MB
 eb77aa907276 Downloading [=============================================>     ]  825.2MB/907.7MB
 eb77aa907276 Downloading [=============================================>     ]  831.6MB/907.7MB
 eb77aa907276 Downloading [==============================================>    ]  837.8MB/907.7MB
 eb77aa907276 Downloading [==============================================>    ]  844.1MB/907.7MB
 eb77aa907276 Downloading [==============================================>    ]  849.3MB/907.7MB
 eb77aa907276 Downloading [===============================================>   ]  853.5MB/907.7MB
 eb77aa907276 Downloading [===============================================>   ]  860.9MB/907.7MB
 eb77aa907276 Downloading [===============================================>   ]    864MB/907.7MB
 eb77aa907276 Downloading [================================================>  ]  873.5MB/907.7MB
 eb77aa907276 Downloading [================================================>  ]  873.5MB/907.7MB
 eb77aa907276 Downloading [================================================>  ]  874.5MB/907.7MB
 eb77aa907276 Downloading [================================================>  ]  877.7MB/907.7MB
 eb77aa907276 Downloading [================================================>  ]    886MB/907.7MB
 eb77aa907276 Downloading [=================================================> ]  890.2MB/907.7MB
 eb77aa907276 Downloading [=================================================> ]  897.6MB/907.7MB
 eb77aa907276 Downloading [==================================================>]  907.7MB/907.7MB
 eb77aa907276 Downloading [==================================================>]  907.7MB/907.7MB
 eb77aa907276 Downloading [==================================================>]  907.7MB/907.7MB
 eb77aa907276 Downloading [==================================================>]  907.7MB/907.7MB
 eb77aa907276 Downloading [==================================================>]  907.7MB/907.7MB
 eb77aa907276 Downloading [==================================================>]  907.7MB/907.7MB
 eb77aa907276 Downloading [==================================================>]  907.7MB/907.7MB
 eb77aa907276 Downloading [==================================================>]  907.7MB/907.7MB
 eb77aa907276 Downloading [==================================================>]  907.7MB/907.7MB
 eb77aa907276 Downloading [==================================================>]  907.7MB/907.7MB
 eb77aa907276 Downloading [==================================================>]  907.7MB/907.7MB
 eb77aa907276 Downloading [==================================================>]  907.7MB/907.7MB
 eb77aa907276 Downloading [==================================================>]  907.7MB/907.7MB
 eb77aa907276 Downloading [==================================================>]  907.7MB/907.7MB
 eb77aa907276 Downloading [==================================================>]  907.7MB/907.7MB
 eb77aa907276 Downloading [==================================================>]  907.7MB/907.7MB
 eb77aa907276 Downloading [==================================================>]  907.7MB/907.7MB
 eb77aa907276 Downloading [==================================================>]  907.7MB/907.7MB
 eb77aa907276 Downloading [==================================================>]  907.7MB/907.7MB
 eb77aa907276 Downloading [==================================================>]  907.7MB/907.7MB
 eb77aa907276 Download complete 
 eb77aa907276 Extracting 1 s
 eb77aa907276 Extracting 1 s
 eb77aa907276 Extracting 1 s
 eb77aa907276 Extracting 1 s
 eb77aa907276 Extracting 1 s
 eb77aa907276 Extracting 1 s
 eb77aa907276 Extracting 1 s
 eb77aa907276 Extracting 1 s
 eb77aa907276 Extracting 1 s
 eb77aa907276 Extracting 1 s
 eb77aa907276 Extracting 1 s
 eb77aa907276 Extracting 2 s
 eb77aa907276 Extracting 2 s
 eb77aa907276 Extracting 2 s
 eb77aa907276 Extracting 2 s
 eb77aa907276 Extracting 2 s
 eb77aa907276 Extracting 2 s
 eb77aa907276 Extracting 2 s
 eb77aa907276 Extracting 2 s
 eb77aa907276 Extracting 2 s
 eb77aa907276 Extracting 2 s
 eb77aa907276 Extracting 3 s
 eb77aa907276 Extracting 3 s
 eb77aa907276 Extracting 3 s
 eb77aa907276 Extracting 3 s
 eb77aa907276 Extracting 3 s
 eb77aa907276 Extracting 3 s
 eb77aa907276 Extracting 3 s
 eb77aa907276 Extracting 3 s
 eb77aa907276 Extracting 3 s
 eb77aa907276 Extracting 4 s
 eb77aa907276 Extracting 4 s
 eb77aa907276 Extracting 4 s
 eb77aa907276 Extracting 4 s
 eb77aa907276 Extracting 4 s
 eb77aa907276 Extracting 4 s
 eb77aa907276 Extracting 4 s
 eb77aa907276 Extracting 4 s
 eb77aa907276 Extracting 4 s
 eb77aa907276 Extracting 4 s
 eb77aa907276 Extracting 5 s
 eb77aa907276 Extracting 5 s
 eb77aa907276 Extracting 5 s
 eb77aa907276 Extracting 5 s
 eb77aa907276 Extracting 5 s
 eb77aa907276 Extracting 5 s
 4f4fb700ef54 Pull complete 
 0ffa8f8aba1e Pull complete 
 2e81b9cb93cd Pull complete 
 eb77aa907276 Pull complete 
 opensearch Pulled 
 Network docker_services_cli_default  Creating
 Network docker_services_cli_default  Created
 Container docker_services_cli-postgresql-1  Creating
 Container docker_services_cli-redis-1  Creating
 Container docker_services_cli-opensearch-1  Creating
 Container docker_services_cli-redis-1  Created
 Container docker_services_cli-opensearch-1  Created
 Container docker_services_cli-postgresql-1  Created
 Container docker_services_cli-redis-1  Starting
 Container docker_services_cli-opensearch-1  Starting
 Container docker_services_cli-postgresql-1  Starting
 Container docker_services_cli-postgresql-1  Started
 Container docker_services_cli-redis-1  Started
 Container docker_services_cli-opensearch-1  Started
::warning file=/home/runner/work/test-zip-extract-repository/test-zip-extract-repository/workdir/tests/invenio-records-permissions/original/.venv/lib/python3.14/site-packages/invenio_records/resolver.py,line=14::jsonschema.exceptions.RefResolutionError is deprecated as of version 4.18.0. If you wish to catch potential reference resolution errors, directly catch referencing.exceptions.Unresolvable.
::warning file=/home/runner/work/test-zip-extract-repository/test-zip-extract-repository/workdir/tests/invenio-records-permissions/original/.venv/lib/python3.14/site-packages/invenio_records/resolver.py,line=14::jsonschema.RefResolver is deprecated as of v4.18.0, in favor of the https://github.com/python-jsonschema/referencing library, which provides more compliant referencing behavior as well as more flexible APIs for customization. A future release will remove RefResolver. Please file a feature request (on referencing) if you are missing an API for the kind of customization you need.
::warning file=/home/runner/work/test-zip-extract-repository/test-zip-extract-repository/workdir/tests/invenio-records-permissions/original/.venv/lib/python3.14/site-packages/invenio_records/resolver.py,line=14::jsonschema.exceptions.RefResolutionError is deprecated as of version 4.18.0. If you wish to catch potential reference resolution errors, directly catch referencing.exceptions.Unresolvable.
::warning file=/home/runner/work/test-zip-extract-repository/test-zip-extract-repository/workdir/tests/invenio-records-permissions/original/.venv/lib/python3.14/site-packages/invenio_records/resolver.py,line=14::jsonschema.RefResolver is deprecated as of v4.18.0, in favor of the https://github.com/python-jsonschema/referencing library, which provides more compliant referencing behavior as well as more flexible APIs for customization. A future release will remove RefResolver. Please file a feature request (on referencing) if you are missing an API for the kind of customization you need.
============================= test session starts ==============================
platform linux -- Python 3.14.2, pytest-8.4.2, pluggy-1.6.0
rootdir: /home/runner/work/test-zip-extract-repository/test-zip-extract-repository/workdir/tests/invenio-records-permissions/original
configfile: setup.cfg
testpaths: tests, invenio_records_permissions
plugins: mock-3.15.1, isort-4.0.0, flask-1.3.0, black-ng-0.4.1, invenio-3.4.2, github-actions-annotate-failures-0.3.0, pydocstyle-2.4.0, cov-7.0.0, pycodestyle-2.5.0
collected 28 items
::warning file=/home/runner/work/test-zip-extract-repository/test-zip-extract-repository/workdir/tests/invenio-records-permissions/original/tests/test_permissions_base.py,line=29::cannot collect test class 'TestPermissionPolicy' because it has a __init__ constructor (from: tests/test_permissions_base.py)

tests/test_generators.py ...............::warning file=/home/runner/work/test-zip-extract-repository/test-zip-extract-repository/workdir/tests/invenio-records-permissions/original/.venv/lib/python3.14/site-packages/sqlalchemy/sql/schema.py,line=3624::datetime.datetime.utcnow() is deprecated and scheduled for removal in a future version. Use timezone-aware objects to represent datetimes in UTC: datetime.datetime.now(datetime.UTC).
::warning file=/home/runner/work/test-zip-extract-repository/test-zip-extract-repository/workdir/tests/invenio-records-permissions/original/.venv/lib/python3.14/site-packages/sqlalchemy/sql/schema.py,line=3624::datetime.datetime.utcnow() is deprecated and scheduled for removal in a future version. Use timezone-aware objects to represent datetimes in UTC: datetime.datetime.now(datetime.UTC).
                                 [ 53%]
tests/test_invenio_records_permissions.py ..                             [ 60%]
tests/test_permissions_base.py .::warning file=/home/runner/work/test-zip-extract-repository/test-zip-extract-repository/workdir/tests/invenio-records-permissions/original/.venv/lib/python3.14/site-packages/flask_caching/__init__.py,line=145::Using the initialization functions in flask_caching.backend is deprecated.  Use the a full path to backend classes directly.
::warning file=/home/runner/work/test-zip-extract-repository/test-zip-extract-repository/workdir/tests/invenio-records-permissions/original/.venv/lib/python3.14/site-packages/invenio_rest/ext.py,line=29::CSRF validation will be enabled by default in the version 1.3.x
::warning file=/home/runner/work/test-zip-extract-repository/test-zip-extract-repository/workdir/tests/invenio-records-permissions/original/.venv/lib/python3.14/site-packages/flask_caching/__init__.py,line=145::Using the initialization functions in flask_caching.backend is deprecated.  Use the a full path to backend classes directly.
..::warning file=/home/runner/work/test-zip-extract-repository/test-zip-extract-repository/workdir/tests/invenio-records-permissions/original/.venv/lib/python3.14/site-packages/sqlalchemy/sql/schema.py,line=3624::datetime.datetime.utcnow() is deprecated and scheduled for removal in a future version. Use timezone-aware objects to represent datetimes in UTC: datetime.datetime.now(datetime.UTC).
::warning file=/home/runner/work/test-zip-extract-repository/test-zip-extract-repository/workdir/tests/invenio-records-permissions/original/.venv/lib/python3.14/site-packages/sqlalchemy/sql/schema.py,line=3624::datetime.datetime.utcnow() is deprecated and scheduled for removal in a future version. Use timezone-aware objects to represent datetimes in UTC: datetime.datetime.now(datetime.UTC).
.::warning file=/home/runner/work/test-zip-extract-repository/test-zip-extract-repository/workdir/tests/invenio-records-permissions/original/.venv/lib/python3.14/site-packages/sqlalchemy/sql/schema.py,line=3624::datetime.datetime.utcnow() is deprecated and scheduled for removal in a future version. Use timezone-aware objects to represent datetimes in UTC: datetime.datetime.now(datetime.UTC).
::warning file=/home/runner/work/test-zip-extract-repository/test-zip-extract-repository/workdir/tests/invenio-records-permissions/original/.venv/lib/python3.14/site-packages/sqlalchemy/sql/schema.py,line=3624::datetime.datetime.utcnow() is deprecated and scheduled for removal in a future version. Use timezone-aware objects to represent datetimes in UTC: datetime.datetime.now(datetime.UTC).
::warning file=/home/runner/work/test-zip-extract-repository/test-zip-extract-repository/workdir/tests/invenio-records-permissions/original/.venv/lib/python3.14/site-packages/pytest_invenio/user.py,line=36::datetime.datetime.utcnow() is deprecated and scheduled for removal in a future version. Use timezone-aware objects to represent datetimes in UTC: datetime.datetime.now(datetime.UTC).
::warning file=/home/runner/work/test-zip-extract-repository/test-zip-extract-repository/workdir/tests/invenio-records-permissions/original/.venv/lib/python3.14/site-packages/sqlalchemy/sql/schema.py,line=3624::datetime.datetime.utcnow() is deprecated and scheduled for removal in a future version. Use timezone-aware objects to represent datetimes in UTC: datetime.datetime.now(datetime.UTC).
::warning file=/home/runner/work/test-zip-extract-repository/test-zip-extract-repository/workdir/tests/invenio-records-permissions/original/.venv/lib/python3.14/site-packages/sqlalchemy/sql/schema.py,line=3624::datetime.datetime.utcnow() is deprecated and scheduled for removal in a future version. Use timezone-aware objects to represent datetimes in UTC: datetime.datetime.now(datetime.UTC).
::warning file=/home/runner/work/test-zip-extract-repository/test-zip-extract-repository/workdir/tests/invenio-records-permissions/original/.venv/lib/python3.14/site-packages/sqlalchemy_utils/models.py,line=33::datetime.datetime.utcnow() is deprecated and scheduled for removal in a future version. Use timezone-aware objects to represent datetimes in UTC: datetime.datetime.now(datetime.UTC).
::warning file=/home/runner/work/test-zip-extract-repository/test-zip-extract-repository/workdir/tests/invenio-records-permissions/original/.venv/lib/python3.14/site-packages/sqlalchemy_utils/models.py,line=33::datetime.datetime.utcnow() is deprecated and scheduled for removal in a future version. Use timezone-aware objects to represent datetimes in UTC: datetime.datetime.now(datetime.UTC).
.                                     [ 78%]
tests/test_record_permission_policy.py .::warning file=/home/runner/work/test-zip-extract-repository/test-zip-extract-repository/workdir/tests/invenio-records-permissions/original/.venv/lib/python3.14/site-packages/flask_caching/__init__.py,line=145::Using the initialization functions in flask_caching.backend is deprecated.  Use the a full path to backend classes directly.
::warning file=/home/runner/work/test-zip-extract-repository/test-zip-extract-repository/workdir/tests/invenio-records-permissions/original/.venv/lib/python3.14/site-packages/invenio_rest/ext.py,line=29::CSRF validation will be enabled by default in the version 1.3.x
::warning file=/home/runner/work/test-zip-extract-repository/test-zip-extract-repository/workdir/tests/invenio-records-permissions/original/.venv/lib/python3.14/site-packages/flask_caching/__init__.py,line=145::Using the initialization functions in flask_caching.backend is deprecated.  Use the a full path to backend classes directly.
::warning file=/home/runner/work/test-zip-extract-repository/test-zip-extract-repository/workdir/tests/invenio-records-permissions/original/.venv/lib/python3.14/site-packages/sqlalchemy/sql/schema.py,line=3624::datetime.datetime.utcnow() is deprecated and scheduled for removal in a future version. Use timezone-aware objects to represent datetimes in UTC: datetime.datetime.now(datetime.UTC).
.::warning file=/home/runner/work/test-zip-extract-repository/test-zip-extract-repository/workdir/tests/invenio-records-permissions/original/.venv/lib/python3.14/site-packages/sqlalchemy/sql/schema.py,line=3624::datetime.datetime.utcnow() is deprecated and scheduled for removal in a future version. Use timezone-aware objects to represent datetimes in UTC: datetime.datetime.now(datetime.UTC).
::warning file=/home/runner/work/test-zip-extract-repository/test-zip-extract-repository/workdir/tests/invenio-records-permissions/original/.venv/lib/python3.14/site-packages/sqlalchemy/sql/schema.py,line=3624::datetime.datetime.utcnow() is deprecated and scheduled for removal in a future version. Use timezone-aware objects to represent datetimes in UTC: datetime.datetime.now(datetime.UTC).
.::warning file=/home/runner/work/test-zip-extract-repository/test-zip-extract-repository/workdir/tests/invenio-records-permissions/original/.venv/lib/python3.14/site-packages/sqlalchemy/sql/schema.py,line=3624::datetime.datetime.utcnow() is deprecated and scheduled for removal in a future version. Use timezone-aware objects to represent datetimes in UTC: datetime.datetime.now(datetime.UTC).
::warning file=/home/runner/work/test-zip-extract-repository/test-zip-extract-repository/workdir/tests/invenio-records-permissions/original/.venv/lib/python3.14/site-packages/sqlalchemy/sql/schema.py,line=3624::datetime.datetime.utcnow() is deprecated and scheduled for removal in a future version. Use timezone-aware objects to represent datetimes in UTC: datetime.datetime.now(datetime.UTC).
...::warning file=/home/runner/work/test-zip-extract-repository/test-zip-extract-repository/workdir/tests/invenio-records-permissions/original/.venv/lib/python3.14/site-packages/sqlalchemy/sql/schema.py,line=3624::datetime.datetime.utcnow() is deprecated and scheduled for removal in a future version. Use timezone-aware objects to represent datetimes in UTC: datetime.datetime.now(datetime.UTC).
::warning file=/home/runner/work/test-zip-extract-repository/test-zip-extract-repository/workdir/tests/invenio-records-permissions/original/.venv/lib/python3.14/site-packages/sqlalchemy/sql/schema.py,line=3624::datetime.datetime.utcnow() is deprecated and scheduled for removal in a future version. Use timezone-aware objects to represent datetimes in UTC: datetime.datetime.now(datetime.UTC).
                            [100%]

=============================== warnings summary ===============================
.venv/lib/python3.14/site-packages/invenio_records/resolver.py:14
.venv/lib/python3.14/site-packages/invenio_records/resolver.py:14
  /home/runner/work/test-zip-extract-repository/test-zip-extract-repository/workdir/tests/invenio-records-permissions/original/.venv/lib/python3.14/site-packages/invenio_records/resolver.py:14: DeprecationWarning: jsonschema.exceptions.RefResolutionError is deprecated as of version 4.18.0. If you wish to catch potential reference resolution errors, directly catch referencing.exceptions.Unresolvable.
    from jsonschema import RefResolutionError, RefResolver

.venv/lib/python3.14/site-packages/invenio_records/resolver.py:14
.venv/lib/python3.14/site-packages/invenio_records/resolver.py:14
  /home/runner/work/test-zip-extract-repository/test-zip-extract-repository/workdir/tests/invenio-records-permissions/original/.venv/lib/python3.14/site-packages/invenio_records/resolver.py:14: DeprecationWarning: jsonschema.RefResolver is deprecated as of v4.18.0, in favor of the https://github.com/python-jsonschema/referencing library, which provides more compliant referencing behavior as well as more flexible APIs for customization. A future release will remove RefResolver. Please file a feature request (on referencing) if you are missing an API for the kind of customization you need.
    from jsonschema import RefResolutionError, RefResolver

tests/test_permissions_base.py:29
  /home/runner/work/test-zip-extract-repository/test-zip-extract-repository/workdir/tests/invenio-records-permissions/original/tests/test_permissions_base.py:29: PytestCollectionWarning: cannot collect test class 'TestPermissionPolicy' because it has a __init__ constructor (from: tests/test_permissions_base.py)
    class TestPermissionPolicy(BasePermissionPolicy):

tests/test_generators.py: 2 warnings
tests/test_permissions_base.py: 6 warnings
tests/test_record_permission_policy.py: 7 warnings
  /home/runner/work/test-zip-extract-repository/test-zip-extract-repository/workdir/tests/invenio-records-permissions/original/.venv/lib/python3.14/site-packages/sqlalchemy/sql/schema.py:3624: DeprecationWarning: datetime.datetime.utcnow() is deprecated and scheduled for removal in a future version. Use timezone-aware objects to represent datetimes in UTC: datetime.datetime.now(datetime.UTC).
    return util.wrap_callable(lambda ctx: fn(), fn)  # type: ignore

tests/test_permissions_base.py::test_base_permission_policy_generators
tests/test_permissions_base.py::test_base_permission_policy_generators
tests/test_record_permission_policy.py::test_delete_record_policy
tests/test_record_permission_policy.py::test_delete_record_policy
  /home/runner/work/test-zip-extract-repository/test-zip-extract-repository/workdir/tests/invenio-records-permissions/original/.venv/lib/python3.14/site-packages/flask_caching/__init__.py:145: DeprecationWarning: Using the initialization functions in flask_caching.backend is deprecated.  Use the a full path to backend classes directly.
    self._set_cache(app, config)

tests/test_permissions_base.py::test_base_permission_policy_generators
tests/test_record_permission_policy.py::test_delete_record_policy
  /home/runner/work/test-zip-extract-repository/test-zip-extract-repository/workdir/tests/invenio-records-permissions/original/.venv/lib/python3.14/site-packages/invenio_rest/ext.py:29: FutureWarning: CSRF validation will be enabled by default in the version 1.3.x
    self.init_app(app)

tests/test_permissions_base.py::test_permission_policy_query_filters
  /home/runner/work/test-zip-extract-repository/test-zip-extract-repository/workdir/tests/invenio-records-permissions/original/.venv/lib/python3.14/site-packages/pytest_invenio/user.py:36: DeprecationWarning: datetime.datetime.utcnow() is deprecated and scheduled for removal in a future version. Use timezone-aware objects to represent datetimes in UTC: datetime.datetime.now(datetime.UTC).
    self._confirmed = datetime.utcnow() if confirmed else None

tests/test_permissions_base.py::test_permission_policy_query_filters
tests/test_permissions_base.py::test_permission_policy_query_filters
  /home/runner/work/test-zip-extract-repository/test-zip-extract-repository/workdir/tests/invenio-records-permissions/original/.venv/lib/python3.14/site-packages/sqlalchemy_utils/models.py:33: DeprecationWarning: datetime.datetime.utcnow() is deprecated and scheduled for removal in a future version. Use timezone-aware objects to represent datetimes in UTC: datetime.datetime.now(datetime.UTC).
    target.updated = datetime.utcnow()

-- Docs: https://docs.pytest.org/en/stable/how-to/capture-warnings.html
================================ tests coverage ================================
_______________ coverage: platform linux, python 3.14.2-final-0 ________________

Name                                               Stmts   Miss  Cover   Missing
--------------------------------------------------------------------------------
invenio_records_permissions/__init__.py                4      0   100%
invenio_records_permissions/api.py                     6      0   100%
invenio_records_permissions/config.py                  2      0   100%
invenio_records_permissions/errors.py                  1      0   100%
invenio_records_permissions/ext.py                    14      1    93%   33
invenio_records_permissions/generators.py            117      2    98%   182, 279
invenio_records_permissions/policies/__init__.py       2      0   100%
invenio_records_permissions/policies/base.py          44      0   100%
invenio_records_permissions/policies/records.py       32      7    78%   23, 38-42, 85
--------------------------------------------------------------------------------
TOTAL                                                222     10    95%
======================= 28 passed, 29 warnings in 3.27s ========================
 Container docker_services_cli-opensearch-1  Stopping
 Container docker_services_cli-redis-1  Stopping
 Container docker_services_cli-postgresql-1  Stopping
 Container docker_services_cli-redis-1  Stopped
 Container docker_services_cli-redis-1  Removing
 Container docker_services_cli-postgresql-1  Stopped
 Container docker_services_cli-postgresql-1  Removing
 Container docker_services_cli-redis-1  Removed
 Container docker_services_cli-postgresql-1  Removed
 Container docker_services_cli-opensearch-1  Stopped
 Container docker_services_cli-opensearch-1  Removing
 Container docker_services_cli-opensearch-1  Removed
 Network docker_services_cli_default  Removing
 Network docker_services_cli_default  Removed
