 rabbitmq Pulling 
 postgresql Pulling 
 redis Pulling 
 opensearch Pulling 
 cb628c265f09 Pulling fs layer 
 f8406d9c00ea Pulling fs layer 
 b0a0cf830b12 Pulling fs layer 
 c199bff16b05 Pulling fs layer 
 91d2729fa4d5 Pulling fs layer 
 e0d55fdb4d15 Pulling fs layer 
 9739ced65621 Pulling fs layer 
 283a477db7bb Pulling fs layer 
 c1cb13b19080 Pulling fs layer 
 ae3bb1b347a4 Pulling fs layer 
 dda3d8fbd5ed Pulling fs layer 
 050d9f8c3b1c Pulling fs layer 
 710e142705f8 Pulling fs layer 
 873532e5f8c7 Pulling fs layer 
 c5761dea9b0e Pulling fs layer 
 7b28be0c8c4d Pulling fs layer 
 22dca8215bc4 Pulling fs layer 
 edcaff0d5e7e Pulling fs layer 
 bbf018d6d4b8 Pulling fs layer 
 4f4fb700ef54 Pulling fs layer 
 4831516dd0cb Pulling fs layer 
 47a60771af96 Pulling fs layer 
 beb0d870d438 Pulling fs layer 
 d63c4408fdb7 Pulling fs layer 
 14e6209d5fa8 Pulling fs layer 
 f4e7f62f4b80 Pulling fs layer 
 5e1c03b67a78 Pulling fs layer 
 efa05c660812 Pulling fs layer 
 3fadc669ef11 Pulling fs layer 
 20043066d3d5 Pulling fs layer 
 7084ac8f4ab6 Pulling fs layer 
 d686b50ce172 Pulling fs layer 
 4f4fb700ef54 Already exists 
 2e81b9cb93cd Pulling fs layer 
 648eb81b3252 Pulling fs layer 
 f9dd052e142d Pulling fs layer 
 e8c6d4883897 Pulling fs layer 
 4f4fb700ef54 Pulling fs layer 
 eb77aa907276 Pulling fs layer 
 0ffa8f8aba1e Pulling fs layer 
 beb0d870d438 Downloading [==================================================>]  9.462kB/9.462kB
 f4e7f62f4b80 Downloading [==================================================>]     109B/109B
 d63c4408fdb7 Downloading [====>                                              ]  2.097MB/21.31MB
 7b28be0c8c4d Downloading [==================================================>]     874B/874B
 edcaff0d5e7e Downloading [==================================================>]  1.438MB/1.438MB
 c1cb13b19080 Download complete 
 efa05c660812 Download complete 
 5e1c03b67a78 Downloading [==================================================>]     620B/620B
 14e6209d5fa8 Downloading [==================================================>]     833B/833B
 bbf018d6d4b8 Download complete 
 4831516dd0cb Downloading [=>                                                 ]  1.049MB/28.23MB
 47a60771af96 Downloading [==================================================>]  1.105kB/1.105kB
 dda3d8fbd5ed Download complete 
 c5761dea9b0e Download complete 
 4f4fb700ef54 Already exists 
 873532e5f8c7 Download complete 
 710e142705f8 Download complete 
 cb628c265f09 Download complete 
 283a477db7bb Downloading [==================================================>]  4.533MB/4.533MB
 c199bff16b05 Download complete 
 e0d55fdb4d15 Downloading [==>                                                ]  5.243MB/109MB
 9739ced65621 Downloading [======================================>            ]  6.291MB/8.069MB
 ae3bb1b347a4 Download complete 
 050d9f8c3b1c Download complete 
 f8406d9c00ea Download complete 
 b0a0cf830b12 Downloading [==========>                                        ]  6.291MB/29.15MB
 91d2729fa4d5 Download complete 
 beb0d870d438 Downloading [==================================================>]  9.462kB/9.462kB
 d686b50ce172 Downloading [====>                                              ]  1.049MB/12.47MB
 f4e7f62f4b80 Downloading [==================================================>]     109B/109B
 2e81b9cb93cd Downloading [==================================================>]  1.859kB/1.859kB
 648eb81b3252 Downloading [==================================================>]  1.561kB/1.561kB
 f9dd052e142d Downloading [=>                                                 ]  1.049MB/52.33MB
 e8c6d4883897 Downloading [===========>                                       ]  1.049MB/4.398MB
 0ffa8f8aba1e Downloading [==================================================>]     226B/226B
 d63c4408fdb7 Downloading [=========>                                         ]  4.194MB/21.31MB
 3fadc669ef11 Downloading [===>                                               ]  3.146MB/43.48MB
 7084ac8f4ab6 Downloading [==============>                                    ]  2.097MB/7.468MB
 5e1c03b67a78 Downloading [==================================================>]     620B/620B
 14e6209d5fa8 Downloading [==================================================>]     833B/833B
 20043066d3d5 Downloading [===>                                               ]  2.097MB/29.72MB
 283a477db7bb Downloading [==================================================>]  4.533MB/4.533MB
 7b28be0c8c4d Download complete 
 22dca8215bc4 Downloading [===>                                               ]  1.049MB/15.35MB
 edcaff0d5e7e Downloading [==================================================>]  1.438MB/1.438MB
 4831516dd0cb Downloading [=====>                                             ]  3.146MB/28.23MB
 e0d55fdb4d15 Downloading [==>                                                ]  6.291MB/109MB
 9739ced65621 Downloading [==================================================>]  8.069MB/8.069MB
 b0a0cf830b12 Downloading [============>                                      ]   7.34MB/29.15MB
 47a60771af96 Download complete 
 2e81b9cb93cd Downloading [==================================================>]  1.859kB/1.859kB
 648eb81b3252 Downloading [==================================================>]  1.561kB/1.561kB
 f9dd052e142d Downloading [==>                                                ]  2.097MB/52.33MB
 e8c6d4883897 Downloading [=======================>                           ]  2.097MB/4.398MB
 4831516dd0cb Downloading [=======>                                           ]  4.194MB/28.23MB
 22dca8215bc4 Downloading [======>                                            ]  2.097MB/15.35MB
 eb77aa907276 Downloading [>                                                  ]  2.097MB/907.7MB
 0ffa8f8aba1e Downloading [==================================================>]     226B/226B
 edcaff0d5e7e Download complete 
 beb0d870d438 Download complete 
 d686b50ce172 Downloading [========>                                          ]  2.097MB/12.47MB
 f4e7f62f4b80 Download complete 
 283a477db7bb Download complete 
 d63c4408fdb7 Downloading [============>                                      ]  5.243MB/21.31MB
 3fadc669ef11 Downloading [====>                                              ]  4.194MB/43.48MB
 7084ac8f4ab6 Downloading [=====================>                             ]  3.146MB/7.468MB
 5e1c03b67a78 Download complete 
 e0d55fdb4d15 Downloading [===>                                               ]  8.389MB/109MB
 9739ced65621 Downloading [==================================================>]  8.069MB/8.069MB
 b0a0cf830b12 Downloading [================>                                  ]  9.437MB/29.15MB
 14e6209d5fa8 Download complete 
 20043066d3d5 Downloading [=====>                                             ]  3.146MB/29.72MB
 4831516dd0cb Downloading [==============>                                    ]  8.389MB/28.23MB
 7ec4c696b8bb Download complete 
 3fadc669ef11 Downloading [========>                                          ]   7.34MB/43.48MB
 7084ac8f4ab6 Downloading [==================================================>]  7.468MB/7.468MB
 20043066d3d5 Downloading [============>                                      ]   7.34MB/29.72MB
 16ef6b12768c Downloading [=================================>                 ]  2.097MB/3.088MB
 d686b50ce172 Downloading [=========================>                         ]  6.291MB/12.47MB
 d63c4408fdb7 Downloading [===================>                               ]  8.389MB/21.31MB
 e8c6d4883897 Download complete 
 eb77aa907276 Downloading [>                                                  ]  6.291MB/907.7MB
 0ffa8f8aba1e Download complete 
 e7da101a9486 Download complete 
 22dca8215bc4 Downloading [=================>                                 ]  5.243MB/15.35MB
 c4cc93acbec6 Downloading [======================>                            ]  1.049MB/2.377MB
 56b5e4f0933d Download complete 
 5682dec5b749 Downloading [=========>                                         ]  1.049MB/5.719MB
 e0d55fdb4d15 Downloading [=====>                                             ]  11.53MB/109MB
 2e81b9cb93cd Download complete 
 9739ced65621 Download complete 
 b0a0cf830b12 Downloading [=====================>                             ]  12.58MB/29.15MB
 648eb81b3252 Download complete 
 f9dd052e142d Downloading [=====>                                             ]  5.796MB/52.33MB
 f9dd052e142d Downloading [==========>                                        ]  10.49MB/52.33MB
 eb77aa907276 Downloading [>                                                  ]  11.53MB/907.7MB
 d686b50ce172 Downloading [==============================================>    ]  11.53MB/12.47MB
 d63c4408fdb7 Downloading [===============================>                   ]  13.63MB/21.31MB
 3fadc669ef11 Downloading [==============>                                    ]  12.58MB/43.48MB
 5682dec5b749 Downloading [==================================================>]  5.719MB/5.719MB
 e0d55fdb4d15 Downloading [=======>                                           ]  16.78MB/109MB
 b0a0cf830b12 Downloading [==============================>                    ]  17.83MB/29.15MB
 7084ac8f4ab6 Download complete 
 20043066d3d5 Downloading [=====================>                             ]  12.58MB/29.72MB
 16ef6b12768c Download complete 
 c4cc93acbec6 Download complete 
 4831516dd0cb Downloading [========================>                          ]  13.63MB/28.23MB
 22dca8215bc4 Downloading [===========================>                       ]  8.389MB/15.35MB
 d63c4408fdb7 Downloading [============================================>      ]  18.87MB/21.31MB
 3fadc669ef11 Downloading [====================>                              ]  17.83MB/43.48MB
 20043066d3d5 Downloading [=============================>                     ]  17.83MB/29.72MB
 eb77aa907276 Downloading [>                                                  ]  16.78MB/907.7MB
 f9dd052e142d Downloading [===============>                                   ]  15.73MB/52.33MB
 5682dec5b749 Download complete 
 e0d55fdb4d15 Downloading [==========>                                        ]  22.02MB/109MB
 b0a0cf830b12 Downloading [=======================================>           ]  23.07MB/29.15MB
 d686b50ce172 Download complete 
 4831516dd0cb Downloading [=================================>                 ]  18.87MB/28.23MB
 22dca8215bc4 Downloading [============================================>      ]  13.63MB/15.35MB
 3fadc669ef11 Downloading [============================>                      ]  25.17MB/43.48MB
 20043066d3d5 Downloading [==========================================>        ]  25.17MB/29.72MB
 e0d55fdb4d15 Downloading [=============>                                     ]  29.36MB/109MB
 f9dd052e142d Downloading [=====================>                             ]  22.02MB/52.33MB
 eb77aa907276 Downloading [=>                                                 ]  25.17MB/907.7MB
 d63c4408fdb7 Download complete 
 22dca8215bc4 Download complete 
 4831516dd0cb Downloading [==============================================>    ]  26.21MB/28.23MB
 b0a0cf830b12 Download complete 
 b0a0cf830b12 Extracting 1 s
 eb77aa907276 Downloading [=>                                                 ]  31.46MB/907.7MB
 f9dd052e142d Downloading [=============================>                     ]  30.41MB/52.33MB
 3fadc669ef11 Downloading [=====================================>             ]  32.51MB/43.48MB
 e0d55fdb4d15 Downloading [=================>                                 ]  37.75MB/109MB
 4831516dd0cb Download complete 
 20043066d3d5 Download complete 
 4831516dd0cb Extracting 1 s
 20043066d3d5 Extracting 1 s
 b0a0cf830b12 Extracting 1 s
 e0d55fdb4d15 Downloading [====================>                              ]  44.04MB/109MB
 eb77aa907276 Downloading [==>                                                ]   38.8MB/907.7MB
 f9dd052e142d Downloading [===================================>               ]   36.7MB/52.33MB
 3fadc669ef11 Downloading [===============================================>   ]  40.89MB/43.48MB
 4831516dd0cb Extracting 1 s
 20043066d3d5 Extracting 1 s
 b0a0cf830b12 Extracting 1 s
 e0d55fdb4d15 Downloading [========================>                          ]  52.43MB/109MB
 eb77aa907276 Downloading [==>                                                ]  48.23MB/907.7MB
 f9dd052e142d Downloading [===========================================>       ]  45.09MB/52.33MB
 3fadc669ef11 Download complete 
 4831516dd0cb Extracting 1 s
 20043066d3d5 Extracting 1 s
 b0a0cf830b12 Extracting 1 s
 eb77aa907276 Downloading [==>                                                ]  49.28MB/907.7MB
 e0d55fdb4d15 Downloading [==============================>                    ]  65.84MB/109MB
 f9dd052e142d Download complete 
 f9dd052e142d Extracting 1 s
 4831516dd0cb Extracting 1 s
 20043066d3d5 Extracting 1 s
 b0a0cf830b12 Extracting 1 s
 eb77aa907276 Downloading [===>                                               ]  54.53MB/907.7MB
 e0d55fdb4d15 Downloading [====================================>              ]  78.64MB/109MB
 f9dd052e142d Extracting 1 s
 4831516dd0cb Extracting 1 s
 20043066d3d5 Extracting 1 s
 b0a0cf830b12 Extracting 1 s
 eb77aa907276 Downloading [===>                                               ]  63.96MB/907.7MB
 e0d55fdb4d15 Downloading [========================================>          ]  88.08MB/109MB
 f9dd052e142d Extracting 1 s
 20043066d3d5 Extracting 1 s
 4831516dd0cb Extracting 1 s
 b0a0cf830b12 Extracting 1 s
 eb77aa907276 Downloading [====>                                              ]   75.5MB/907.7MB
 e0d55fdb4d15 Downloading [=============================================>     ]  98.57MB/109MB
 f9dd052e142d Extracting 1 s
 20043066d3d5 Extracting 1 s
 4831516dd0cb Extracting 1 s
 b0a0cf830b12 Extracting 1 s
 eb77aa907276 Downloading [====>                                              ]  85.96MB/907.7MB
 e0d55fdb4d15 Downloading [=================================================> ]    109MB/109MB
 4831516dd0cb Extracting 1 s
 20043066d3d5 Extracting 1 s
 f9dd052e142d Extracting 1 s
 b0a0cf830b12 Extracting 1 s
 eb77aa907276 Downloading [=====>                                             ]  99.32MB/907.7MB
 e0d55fdb4d15 Download complete 
 f9dd052e142d Extracting 1 s
 4831516dd0cb Extracting 1 s
 20043066d3d5 Extracting 1 s
 b0a0cf830b12 Extracting 1 s
 eb77aa907276 Downloading [======>                                            ]  113.2MB/907.7MB
 f9dd052e142d Extracting 1 s
 4831516dd0cb Extracting 1 s
 20043066d3d5 Extracting 1 s
 b0a0cf830b12 Extracting 1 s
 eb77aa907276 Downloading [======>                                            ]  125.8MB/907.7MB
 f9dd052e142d Extracting 1 s
 4831516dd0cb Extracting 1 s
 20043066d3d5 Extracting 1 s
 b0a0cf830b12 Extracting 2 s
 eb77aa907276 Downloading [=======>                                           ]  139.5MB/907.7MB
 20043066d3d5 Extracting 2 s
 f9dd052e142d Extracting 1 s
 b0a0cf830b12 Extracting 2 s
 4831516dd0cb Extracting 2 s
 eb77aa907276 Downloading [========>                                          ]  154.1MB/907.7MB
 4831516dd0cb Extracting 2 s
 f9dd052e142d Extracting 1 s
 20043066d3d5 Extracting 2 s
 b0a0cf830b12 Extracting 2 s
 eb77aa907276 Downloading [=========>                                         ]  167.8MB/907.7MB
 f9dd052e142d Extracting 2 s
 20043066d3d5 Extracting 2 s
 4831516dd0cb Extracting 2 s
 b0a0cf830b12 Extracting 2 s
 eb77aa907276 Downloading [==========>                                        ]  182.5MB/907.7MB
 f9dd052e142d Extracting 2 s
 4831516dd0cb Extracting 2 s
 20043066d3d5 Extracting 2 s
 b0a0cf830b12 Extracting 2 s
 eb77aa907276 Downloading [==========>                                        ]  197.1MB/907.7MB
 f9dd052e142d Extracting 2 s
 4831516dd0cb Extracting 2 s
 20043066d3d5 Extracting 2 s
 b0a0cf830b12 Extracting 2 s
 eb77aa907276 Downloading [===========>                                       ]  210.8MB/907.7MB
 f9dd052e142d Extracting 2 s
 4831516dd0cb Extracting 2 s
 20043066d3d5 Extracting 2 s
 b0a0cf830b12 Extracting 2 s
 eb77aa907276 Downloading [============>                                      ]  225.4MB/907.7MB
 f9dd052e142d Extracting 2 s
 4831516dd0cb Extracting 2 s
 20043066d3d5 Extracting 2 s
 b0a0cf830b12 Extracting 2 s
 eb77aa907276 Downloading [=============>                                     ]    237MB/907.7MB
 f9dd052e142d Extracting 2 s
 4831516dd0cb Extracting 2 s
 20043066d3d5 Extracting 2 s
 b0a0cf830b12 Extracting 2 s
 eb77aa907276 Downloading [=============>                                     ]  248.5MB/907.7MB
 f9dd052e142d Extracting 2 s
 4831516dd0cb Extracting 2 s
 20043066d3d5 Extracting 2 s
 b0a0cf830b12 Extracting 3 s
 eb77aa907276 Downloading [==============>                                    ]    260MB/907.7MB
 f9dd052e142d Extracting 2 s
 4831516dd0cb Extracting 2 s
 20043066d3d5 Extracting 2 s
 b0a0cf830b12 Extracting 3 s
 eb77aa907276 Downloading [==============>                                    ]  271.8MB/907.7MB
 f9dd052e142d Extracting 2 s
 eb77aa907276 Downloading [===============>                                   ]  273.7MB/907.7MB
 4831516dd0cb Extracting 3 s
 20043066d3d5 Extracting 3 s
 b0a0cf830b12 Pull complete 
 f9dd052e142d Extracting 2 s
 20043066d3d5 Extracting 3 s
 4831516dd0cb Extracting 3 s
 eb77aa907276 Downloading [===============>                                   ]  289.4MB/907.7MB
 f9dd052e142d Extracting 2 s
 47a60771af96 Extracting 1 s
 4831516dd0cb Pull complete 
 20043066d3d5 Pull complete 
 3fadc669ef11 Extracting 1 s
 eb77aa907276 Downloading [================>                                  ]  298.8MB/907.7MB
 dda3d8fbd5ed Pull complete 
 7b28be0c8c4d Pull complete 
 47a60771af96 Pull complete 
 f9dd052e142d Extracting 3 s
 edcaff0d5e7e Extracting 1 s
 3fadc669ef11 Extracting 1 s
 283a477db7bb Extracting 1 s
 eb77aa907276 Downloading [=================>                                 ]  312.9MB/907.7MB
 f9dd052e142d Extracting 3 s
 edcaff0d5e7e Pull complete 
 22dca8215bc4 Extracting 1 s
 3fadc669ef11 Extracting 1 s
 283a477db7bb Extracting 1 s
 eb77aa907276 Downloading [=================>                                 ]  325.1MB/907.7MB
 22dca8215bc4 Extracting 1 s
 f9dd052e142d Extracting 3 s
 3fadc669ef11 Extracting 1 s
 91d2729fa4d5 Extracting 1 s
 283a477db7bb Pull complete 
 eb77aa907276 Downloading [==================>                                ]  332.4MB/907.7MB
 22dca8215bc4 Extracting 1 s
 f9dd052e142d Extracting 3 s
 3fadc669ef11 Extracting 1 s
 91d2729fa4d5 Pull complete 
 9739ced65621 Extracting 1 s
 eb77aa907276 Downloading [==================>                                ]  339.7MB/907.7MB
 22dca8215bc4 Extracting 1 s
 f9dd052e142d Extracting 3 s
 9739ced65621 Extracting 1 s
 3fadc669ef11 Extracting 1 s
 eb77aa907276 Downloading [===================>                               ]  353.4MB/907.7MB
 22dca8215bc4 Extracting 1 s
 f9dd052e142d Extracting 3 s
 3fadc669ef11 Extracting 1 s
 9739ced65621 Extracting 1 s
 eb77aa907276 Downloading [====================>                              ]    367MB/907.7MB
 4f4fb700ef54 Pull complete 
 bbf018d6d4b8 Pull complete 
 c5761dea9b0e Pull complete 
 22dca8215bc4 Pull complete 
 f9dd052e142d Extracting 3 s
 9739ced65621 Extracting 1 s
 3fadc669ef11 Extracting 1 s
 redis Pulled 
 eb77aa907276 Downloading [=====================>                             ]  382.7MB/907.7MB
 9739ced65621 Extracting 1 s
 f9dd052e142d Extracting 3 s
 3fadc669ef11 Extracting 1 s
 eb77aa907276 Downloading [=====================>                             ]  397.8MB/907.7MB
 ae3bb1b347a4 Extracting 1 s
 f9dd052e142d Extracting 3 s
 9739ced65621 Pull complete 
 3fadc669ef11 Extracting 1 s
 eb77aa907276 Downloading [======================>                            ]  414.2MB/907.7MB
 c199bff16b05 Pull complete 
 ae3bb1b347a4 Pull complete 
 f8406d9c00ea Pull complete 
 f9dd052e142d Extracting 3 s
 3fadc669ef11 Extracting 1 s
 e0d55fdb4d15 Extracting 1 s
 eb77aa907276 Downloading [=======================>                           ]  426.8MB/907.7MB
 f9dd052e142d Extracting 4 s
 e0d55fdb4d15 Extracting 1 s
 3fadc669ef11 Extracting 2 s
 eb77aa907276 Downloading [========================>                          ]  447.7MB/907.7MB
 f9dd052e142d Extracting 4 s
 e0d55fdb4d15 Extracting 1 s
 3fadc669ef11 Extracting 2 s
 eb77aa907276 Downloading [=========================>                         ]  464.6MB/907.7MB
 f9dd052e142d Extracting 4 s
 e0d55fdb4d15 Extracting 1 s
 7084ac8f4ab6 Extracting 1 s
 3fadc669ef11 Pull complete 
 eb77aa907276 Downloading [==========================>                        ]  481.3MB/907.7MB
 f9dd052e142d Extracting 4 s
 e0d55fdb4d15 Extracting 1 s
 7084ac8f4ab6 Extracting 1 s
 eb77aa907276 Downloading [===========================>                       ]  499.1MB/907.7MB
 e0d55fdb4d15 Extracting 1 s
 7084ac8f4ab6 Extracting 1 s
 f9dd052e142d Extracting 4 s
 eb77aa907276 Downloading [============================>                      ]    518MB/907.7MB
 f9dd052e142d Extracting 4 s
 7084ac8f4ab6 Pull complete 
 e0d55fdb4d15 Extracting 1 s
 eb77aa907276 Downloading [=============================>                     ]  535.8MB/907.7MB
 beb0d870d438 Pull complete 
 e0d55fdb4d15 Extracting 1 s
 f9dd052e142d Extracting 4 s
 d63c4408fdb7 Extracting 1 s
 eb77aa907276 Downloading [==============================>                    ]  548.4MB/907.7MB
 e0d55fdb4d15 Extracting 1 s
 d63c4408fdb7 Extracting 1 s
 f9dd052e142d Extracting 4 s
 eb77aa907276 Downloading [===============================>                   ]  564.1MB/907.7MB
 e8c6d4883897 Extracting 1 s
 e0d55fdb4d15 Extracting 1 s
 f9dd052e142d Pull complete 
 d63c4408fdb7 Extracting 1 s
 eb77aa907276 Downloading [===============================>                   ]  577.8MB/907.7MB
 e8c6d4883897 Extracting 1 s
 d63c4408fdb7 Extracting 1 s
 e0d55fdb4d15 Extracting 1 s
 eb77aa907276 Downloading [================================>                  ]  592.4MB/907.7MB
 e8c6d4883897 Extracting 1 s
 e0d55fdb4d15 Extracting 2 s
 d63c4408fdb7 Extracting 1 s
 eb77aa907276 Downloading [=================================>                 ]  608.2MB/907.7MB
 e8c6d4883897 Pull complete 
 e0d55fdb4d15 Extracting 2 s
 d63c4408fdb7 Extracting 1 s
 eb77aa907276 Downloading [=================================>                 ]  612.4MB/907.7MB
 648eb81b3252 Pull complete 
 e0d55fdb4d15 Extracting 2 s
 d63c4408fdb7 Extracting 1 s
 eb77aa907276 Downloading [==================================>                ]  620.8MB/907.7MB
 d63c4408fdb7 Extracting 1 s
 e0d55fdb4d15 Extracting 2 s
 eb77aa907276 Downloading [==================================>                ]    634MB/907.7MB
 e0d55fdb4d15 Extracting 2 s
 d63c4408fdb7 Pull complete 
 eb77aa907276 Downloading [====================================>              ]  654.7MB/907.7MB
 efa05c660812 Pull complete 
 f4e7f62f4b80 Pull complete 
 5e1c03b67a78 Pull complete 
 e0d55fdb4d15 Extracting 2 s
 14e6209d5fa8 Pull complete 
 d686b50ce172 Extracting 1 s
 eb77aa907276 Downloading [====================================>              ]  661.7MB/907.7MB
 d686b50ce172 Extracting 1 s
 e0d55fdb4d15 Extracting 2 s
 eb77aa907276 Downloading [====================================>              ]  671.1MB/907.7MB
 d686b50ce172 Extracting 1 s
 e0d55fdb4d15 Extracting 2 s
 eb77aa907276 Downloading [=====================================>             ]  679.5MB/907.7MB
 d686b50ce172 Extracting 1 s
 e0d55fdb4d15 Extracting 2 s
 eb77aa907276 Downloading [======================================>            ]  697.3MB/907.7MB
 d686b50ce172 Extracting 1 s
 e0d55fdb4d15 Extracting 2 s
 eb77aa907276 Downloading [=======================================>           ]  716.2MB/907.7MB
 e0d55fdb4d15 Extracting 3 s
 d686b50ce172 Pull complete 
 rabbitmq Pulled 
 eb77aa907276 Downloading [========================================>          ]    734MB/907.7MB
 e0d55fdb4d15 Extracting 3 s
 eb77aa907276 Downloading [=========================================>         ]  753.9MB/907.7MB
 e0d55fdb4d15 Extracting 3 s
 eb77aa907276 Downloading [==========================================>        ]  770.7MB/907.7MB
 e0d55fdb4d15 Extracting 3 s
 eb77aa907276 Downloading [===========================================>       ]  784.3MB/907.7MB
 e0d55fdb4d15 Extracting 3 s
 eb77aa907276 Downloading [===========================================>       ]  792.7MB/907.7MB
 e0d55fdb4d15 Extracting 3 s
 eb77aa907276 Downloading [============================================>      ]  812.6MB/907.7MB
 e0d55fdb4d15 Extracting 3 s
 eb77aa907276 Downloading [=============================================>     ]  831.5MB/907.7MB
 e0d55fdb4d15 Extracting 3 s
 eb77aa907276 Downloading [==============================================>    ]  849.3MB/907.7MB
 e0d55fdb4d15 Extracting 3 s
 eb77aa907276 Downloading [===============================================>   ]    864MB/907.7MB
 e0d55fdb4d15 Extracting 3 s
 eb77aa907276 Downloading [================================================>  ]  879.8MB/907.7MB
 e0d55fdb4d15 Extracting 4 s
 eb77aa907276 Downloading [=================================================> ]  899.9MB/907.7MB
 e0d55fdb4d15 Pull complete 
 eb77aa907276 Downloading [==================================================>]  907.7MB/907.7MB
 c1cb13b19080 Pull complete 
 873532e5f8c7 Pull complete 
 eb77aa907276 Downloading [==================================================>]  907.7MB/907.7MB
 eb77aa907276 Downloading [==================================================>]  907.7MB/907.7MB
 eb77aa907276 Downloading [==================================================>]  907.7MB/907.7MB
 eb77aa907276 Downloading [==================================================>]  907.7MB/907.7MB
 eb77aa907276 Downloading [==================================================>]  907.7MB/907.7MB
 eb77aa907276 Downloading [==================================================>]  907.7MB/907.7MB
 eb77aa907276 Downloading [==================================================>]  907.7MB/907.7MB
 eb77aa907276 Downloading [==================================================>]  907.7MB/907.7MB
 eb77aa907276 Downloading [==================================================>]  907.7MB/907.7MB
 eb77aa907276 Downloading [==================================================>]  907.7MB/907.7MB
 eb77aa907276 Downloading [==================================================>]  907.7MB/907.7MB
 eb77aa907276 Downloading [==================================================>]  907.7MB/907.7MB
 eb77aa907276 Downloading [==================================================>]  907.7MB/907.7MB
 eb77aa907276 Downloading [==================================================>]  907.7MB/907.7MB
 eb77aa907276 Downloading [==================================================>]  907.7MB/907.7MB
 eb77aa907276 Downloading [==================================================>]  907.7MB/907.7MB
 eb77aa907276 Downloading [==================================================>]  907.7MB/907.7MB
 050d9f8c3b1c Extracting 1 s
 eb77aa907276 Downloading [==================================================>]  907.7MB/907.7MB
 050d9f8c3b1c Extracting 1 s
 eb77aa907276 Downloading [==================================================>]  907.7MB/907.7MB
 eb77aa907276 Downloading [==================================================>]  907.7MB/907.7MB
 050d9f8c3b1c Pull complete 
 710e142705f8 Pull complete 
 cb628c265f09 Pull complete 
 postgresql Pulled 
 eb77aa907276 Download complete 
 eb77aa907276 Extracting 1 s
 eb77aa907276 Extracting 1 s
 eb77aa907276 Extracting 1 s
 eb77aa907276 Extracting 1 s
 eb77aa907276 Extracting 1 s
 eb77aa907276 Extracting 1 s
 eb77aa907276 Extracting 1 s
 eb77aa907276 Extracting 1 s
 eb77aa907276 Extracting 1 s
 eb77aa907276 Extracting 1 s
 eb77aa907276 Extracting 1 s
 eb77aa907276 Extracting 2 s
 eb77aa907276 Extracting 2 s
 eb77aa907276 Extracting 2 s
 eb77aa907276 Extracting 2 s
 eb77aa907276 Extracting 2 s
 eb77aa907276 Extracting 2 s
 eb77aa907276 Extracting 2 s
 eb77aa907276 Extracting 2 s
 eb77aa907276 Extracting 2 s
 eb77aa907276 Extracting 2 s
 eb77aa907276 Extracting 3 s
 eb77aa907276 Extracting 3 s
 eb77aa907276 Extracting 3 s
 eb77aa907276 Extracting 3 s
 eb77aa907276 Extracting 3 s
 eb77aa907276 Extracting 3 s
 eb77aa907276 Extracting 3 s
 eb77aa907276 Extracting 3 s
 eb77aa907276 Extracting 3 s
 eb77aa907276 Extracting 4 s
 eb77aa907276 Extracting 4 s
 eb77aa907276 Extracting 4 s
 eb77aa907276 Extracting 4 s
 eb77aa907276 Extracting 4 s
 eb77aa907276 Extracting 4 s
 eb77aa907276 Extracting 4 s
 eb77aa907276 Extracting 4 s
 eb77aa907276 Extracting 4 s
 eb77aa907276 Extracting 4 s
 eb77aa907276 Extracting 4 s
 eb77aa907276 Extracting 5 s
 eb77aa907276 Extracting 5 s
 eb77aa907276 Extracting 5 s
 eb77aa907276 Extracting 5 s
 eb77aa907276 Extracting 5 s
 4f4fb700ef54 Pull complete 
 0ffa8f8aba1e Pull complete 
 2e81b9cb93cd Pull complete 
 eb77aa907276 Pull complete 
 opensearch Pulled 
 Network docker_services_cli_default  Creating
 Network docker_services_cli_default  Created
 Container docker_services_cli-postgresql-1  Creating
 Container docker_services_cli-opensearch-1  Creating
 Container docker_services_cli-rabbitmq-1  Creating
 Container docker_services_cli-redis-1  Creating
 Container docker_services_cli-redis-1  Created
 Container docker_services_cli-opensearch-1  Created
 Container docker_services_cli-postgresql-1  Created
 Container docker_services_cli-rabbitmq-1  Created
 Container docker_services_cli-rabbitmq-1  Starting
 Container docker_services_cli-opensearch-1  Starting
 Container docker_services_cli-redis-1  Starting
 Container docker_services_cli-postgresql-1  Starting
 Container docker_services_cli-rabbitmq-1  Started
 Container docker_services_cli-redis-1  Started
 Container docker_services_cli-opensearch-1  Started
 Container docker_services_cli-postgresql-1  Started
Generating LALR tables
WARNING: 2 shift/reduce conflicts
WARNING: 2 reduce/reduce conflicts
WARNING: reduce/reduce conflict in state 24 resolved using rule (phrase_or_possibly_negative_term -> PHRASE)
WARNING: rejected rule (phrase_or_term -> PHRASE) in state 24
ImportError while loading conftest '/home/runner/work/test-zip-extract-repository/test-zip-extract-repository/workdir/tests/invenio-rdm-records/original/tests/conftest.py'.
tests/conftest.py:17: in <module>
    from invenio_rdm_records.services.permissions import RDMRequestsPermissionPolicy
invenio_rdm_records/__init__.py:13: in <module>
    from .ext import InvenioRDMRecords
invenio_rdm_records/ext.py:22: in <module>
    from . import config
invenio_rdm_records/config.py:26: in <module>
    import invenio_rdm_records.services.communities.moderation as communities_moderation
invenio_rdm_records/services/__init__.py:11: in <module>
    from .access import RecordAccessService
invenio_rdm_records/services/access/__init__.py:10: in <module>
    from .service import RecordAccessService
invenio_rdm_records/services/access/service.py:38: in <module>
    from ...requests.access import AccessRequestToken, GuestAccessRequest, UserAccessRequest
invenio_rdm_records/requests/__init__.py:10: in <module>
    from .access import GuestAccessRequest, UserAccessRequest
invenio_rdm_records/requests/access/__init__.py:10: in <module>
    from .models import AccessRequestToken
invenio_rdm_records/requests/access/models.py:21: in <module>
    class AccessRequestToken(db.Model):
invenio_rdm_records/requests/access/models.py:41: in AccessRequestToken
    db.UTCDateTime,
    ^^^^^^^^^^^^^^
.venv/lib/python3.14/site-packages/flask_sqlalchemy/extension.py:1008: in __getattr__
    raise AttributeError(name)
E   AttributeError: UTCDateTime
 Container docker_services_cli-postgresql-1  Stopping
 Container docker_services_cli-rabbitmq-1  Stopping
 Container docker_services_cli-redis-1  Stopping
 Container docker_services_cli-opensearch-1  Stopping
 Container docker_services_cli-postgresql-1  Stopped
 Container docker_services_cli-redis-1  Stopped
 Container docker_services_cli-redis-1  Removing
 Container docker_services_cli-postgresql-1  Removing
 Container docker_services_cli-postgresql-1  Removed
 Container docker_services_cli-redis-1  Removed
 Container docker_services_cli-opensearch-1  Stopped
 Container docker_services_cli-opensearch-1  Removing
 Container docker_services_cli-opensearch-1  Removed
 Container docker_services_cli-rabbitmq-1  Stopped
 Container docker_services_cli-rabbitmq-1  Removing
 Container docker_services_cli-rabbitmq-1  Removed
 Network docker_services_cli_default  Removing
 Network docker_services_cli_default  Removed
