 rabbitmq Pulling 
 postgresql Pulling 
 redis Pulling 
 opensearch Pulling 
 f9dd052e142d Pulling fs layer 
 4f4fb700ef54 Pulling fs layer 
 eb77aa907276 Pulling fs layer 
 0ffa8f8aba1e Pulling fs layer 
 e8c6d4883897 Pulling fs layer 
 648eb81b3252 Pulling fs layer 
 2e81b9cb93cd Pulling fs layer 
 4f4fb700ef54 Already exists 
 cb628c265f09 Pulling fs layer 
 c199bff16b05 Pulling fs layer 
 873532e5f8c7 Pulling fs layer 
 dda3d8fbd5ed Pulling fs layer 
 e0d55fdb4d15 Pulling fs layer 
 c1cb13b19080 Pulling fs layer 
 91d2729fa4d5 Pulling fs layer 
 b0a0cf830b12 Pulling fs layer 
 710e142705f8 Pulling fs layer 
 283a477db7bb Pulling fs layer 
 ae3bb1b347a4 Pulling fs layer 
 9739ced65621 Pulling fs layer 
 050d9f8c3b1c Pulling fs layer 
 f8406d9c00ea Pulling fs layer 
 2e81b9cb93cd Download complete 
 c5761dea9b0e Pulling fs layer 
 edcaff0d5e7e Pulling fs layer 
 22dca8215bc4 Pulling fs layer 
 47a60771af96 Pulling fs layer 
 bbf018d6d4b8 Pulling fs layer 
 4f4fb700ef54 Pulling fs layer 
 7b28be0c8c4d Pulling fs layer 
 4831516dd0cb Pulling fs layer 
 d686b50ce172 Pulling fs layer 
 20043066d3d5 Pulling fs layer 
 3fadc669ef11 Pulling fs layer 
 f4e7f62f4b80 Pulling fs layer 
 5e1c03b67a78 Pulling fs layer 
 7084ac8f4ab6 Pulling fs layer 
 14e6209d5fa8 Pulling fs layer 
 efa05c660812 Pulling fs layer 
 beb0d870d438 Pulling fs layer 
 d63c4408fdb7 Pulling fs layer 
 f9dd052e142d Downloading [==========>                                        ]  10.49MB/52.33MB
 f8406d9c00ea Download complete 
 e0d55fdb4d15 Downloading [>                                                  ]  1.049MB/109MB
 4f4fb700ef54 Already exists 
 0ffa8f8aba1e Download complete 
 648eb81b3252 Download complete 
 7ec4c696b8bb Downloading [==================================================>]  11.09kB/11.09kB
 c5761dea9b0e Download complete 
 e0d55fdb4d15 Downloading [==>                                                ]  5.243MB/109MB
 f9dd052e142d Downloading [======================>                            ]  23.07MB/52.33MB
 eb77aa907276 Downloading [>                                                  ]  4.194MB/907.7MB
 e8c6d4883897 Downloading [=======================>                           ]  2.097MB/4.398MB
 16ef6b12768c Downloading [=================================>                 ]  2.097MB/3.088MB
 c199bff16b05 Download complete 
 bbf018d6d4b8 Download complete 
 47a60771af96 Downloading [==================================================>]  1.105kB/1.105kB
 873532e5f8c7 Download complete 
 cb628c265f09 Download complete 
 c1cb13b19080 Download complete 
 56b5e4f0933d Download complete 
 dda3d8fbd5ed Download complete 
 050d9f8c3b1c Download complete 
 eb77aa907276 Downloading [>                                                  ]  9.437MB/907.7MB
 91d2729fa4d5 Download complete 
 e7da101a9486 Download complete 
 c4cc93acbec6 Downloading [======================>                            ]  1.049MB/2.377MB
 22dca8215bc4 Downloading [=============>                                     ]  4.194MB/15.35MB
 e8c6d4883897 Download complete 
 7ec4c696b8bb Download complete 
 f9dd052e142d Downloading [==========================>                        ]  27.26MB/52.33MB
 47a60771af96 Download complete 
 efa05c660812 Download complete 
 283a477db7bb Download complete 
 7b28be0c8c4d Download complete 
 5e1c03b67a78 Download complete 
 14e6209d5fa8 Download complete 
 710e142705f8 Download complete 
 e0d55fdb4d15 Downloading [====>                                              ]  10.49MB/109MB
 edcaff0d5e7e Download complete 
 16ef6b12768c Download complete 
 ae3bb1b347a4 Download complete 
 b0a0cf830b12 Downloading [=====>                                             ]  3.146MB/29.15MB
 5682dec5b749 Downloading [===========================>                       ]  3.146MB/5.719MB
 9739ced65621 Downloading [=========================>                         ]  4.194MB/8.069MB
 f4e7f62f4b80 Download complete 
 beb0d870d438 Download complete 
 f9dd052e142d Downloading [==============================>                    ]  31.46MB/52.33MB
 eb77aa907276 Downloading [>                                                  ]  13.63MB/907.7MB
 7084ac8f4ab6 Downloading [============================>                      ]  4.194MB/7.468MB
 d63c4408fdb7 Downloading [=======>                                           ]  3.146MB/21.31MB
 3fadc669ef11 Downloading [====>                                              ]  4.194MB/43.48MB
 d686b50ce172 Downloading [========>                                          ]  2.097MB/12.47MB
 20043066d3d5 Downloading [=====>                                             ]  3.146MB/29.72MB
 9739ced65621 Download complete 
 e0d55fdb4d15 Downloading [======>                                            ]  14.68MB/109MB
 b0a0cf830b12 Downloading [============>                                      ]   7.34MB/29.15MB
 5682dec5b749 Download complete 
 c4cc93acbec6 Download complete 
 22dca8215bc4 Downloading [===========================>                       ]  8.389MB/15.35MB
 4831516dd0cb Downloading [=======>                                           ]  4.194MB/28.23MB
 f9dd052e142d Downloading [===================================>               ]   36.7MB/52.33MB
 eb77aa907276 Downloading [=>                                                 ]  18.87MB/907.7MB
 e0d55fdb4d15 Downloading [=========>                                         ]  19.92MB/109MB
 b0a0cf830b12 Downloading [=====================>                             ]  12.58MB/29.15MB
 20043066d3d5 Downloading [==============>                                    ]  8.389MB/29.72MB
 7084ac8f4ab6 Downloading [==================================================>]  7.468MB/7.468MB
 d63c4408fdb7 Downloading [===================>                               ]  8.389MB/21.31MB
 3fadc669ef11 Downloading [==========>                                        ]  9.437MB/43.48MB
 d686b50ce172 Downloading [=================================>                 ]  8.389MB/12.47MB
 4831516dd0cb Downloading [================>                                  ]  9.437MB/28.23MB
 22dca8215bc4 Downloading [============================================>      ]  13.63MB/15.35MB
 e0d55fdb4d15 Downloading [============>                                      ]  28.31MB/109MB
 b0a0cf830b12 Downloading [==================================>                ]  19.92MB/29.15MB
 3fadc669ef11 Downloading [====================>                              ]  17.83MB/43.48MB
 f9dd052e142d Downloading [==========================================>        ]  44.04MB/52.33MB
 eb77aa907276 Downloading [=>                                                 ]  26.87MB/907.7MB
 22dca8215bc4 Download complete 
 4831516dd0cb Downloading [=============================>                     ]  16.78MB/28.23MB
 d686b50ce172 Download complete 
 20043066d3d5 Downloading [==============>                                    ]  8.389MB/29.72MB
 7084ac8f4ab6 Download complete 
 d63c4408fdb7 Downloading [===============================>                   ]  13.63MB/21.31MB
 20043066d3d5 Downloading [===============>                                   ]  9.437MB/29.72MB
 d63c4408fdb7 Downloading [==================================================>]  21.31MB/21.31MB
 3fadc669ef11 Downloading [==============================>                    ]  26.21MB/43.48MB
 4831516dd0cb Downloading [=======================================>           ]  22.02MB/28.23MB
 b0a0cf830b12 Downloading [============================================>      ]  26.21MB/29.15MB
 e0d55fdb4d15 Downloading [==============>                                    ]  32.51MB/109MB
 f9dd052e142d Downloading [==================================================>]  52.33MB/52.33MB
 eb77aa907276 Downloading [=>                                                 ]  35.65MB/907.7MB
 20043066d3d5 Downloading [===================>                               ]  11.53MB/29.72MB
 4831516dd0cb Downloading [==================================================>]  28.23MB/28.23MB
 e0d55fdb4d15 Downloading [=================>                                 ]  37.75MB/109MB
 b0a0cf830b12 Download complete 
 d63c4408fdb7 Download complete 
 3fadc669ef11 Downloading [=======================================>           ]   34.6MB/43.48MB
 f9dd052e142d Download complete 
 eb77aa907276 Downloading [==>                                                ]  44.04MB/907.7MB
 f9dd052e142d Extracting 1 s
 b0a0cf830b12 Extracting 1 s
 3fadc669ef11 Downloading [===============================================>   ]  40.89MB/43.48MB
 20043066d3d5 Downloading [==========================>                        ]  15.73MB/29.72MB
 eb77aa907276 Downloading [==>                                                ]  50.06MB/907.7MB
 e0d55fdb4d15 Downloading [===================>                               ]  42.07MB/109MB
 4831516dd0cb Download complete 
 f9dd052e142d Extracting 1 s
 4831516dd0cb Extracting 1 s
 b0a0cf830b12 Extracting 1 s
 eb77aa907276 Downloading [===>                                               ]  57.67MB/907.7MB
 e0d55fdb4d15 Downloading [======================>                            ]  49.28MB/109MB
 3fadc669ef11 Download complete 
 20043066d3d5 Downloading [======================================>            ]  23.07MB/29.72MB
 f9dd052e142d Extracting 1 s
 4831516dd0cb Extracting 1 s
 b0a0cf830b12 Extracting 1 s
 e0d55fdb4d15 Downloading [===========================>                       ]  60.82MB/109MB
 eb77aa907276 Downloading [===>                                               ]  67.11MB/907.7MB
 20043066d3d5 Downloading [============================================>      ]  26.21MB/29.72MB
 f9dd052e142d Extracting 1 s
 4831516dd0cb Extracting 1 s
 b0a0cf830b12 Extracting 1 s
 eb77aa907276 Downloading [====>                                              ]  77.59MB/907.7MB
 e0d55fdb4d15 Downloading [===============================>                   ]  69.21MB/109MB
 20043066d3d5 Downloading [=============================================>     ]  27.26MB/29.72MB
 f9dd052e142d Extracting 1 s
 4831516dd0cb Extracting 1 s
 b0a0cf830b12 Extracting 1 s
 eb77aa907276 Downloading [====>                                              ]  90.18MB/907.7MB
 e0d55fdb4d15 Downloading [==================================>                ]   75.5MB/109MB
 20043066d3d5 Downloading [===============================================>   ]  28.31MB/29.72MB
 4831516dd0cb Extracting 1 s
 f9dd052e142d Extracting 1 s
 b0a0cf830b12 Extracting 1 s
 eb77aa907276 Downloading [=====>                                             ]  97.52MB/907.7MB
 20043066d3d5 Downloading [==================================================>]  29.72MB/29.72MB
 e0d55fdb4d15 Downloading [=====================================>             ]  81.79MB/109MB
 f9dd052e142d Extracting 1 s
 4831516dd0cb Extracting 1 s
 b0a0cf830b12 Extracting 1 s
 e0d55fdb4d15 Downloading [=======================================>           ]  87.03MB/109MB
 eb77aa907276 Downloading [======>                                            ]  109.1MB/907.7MB
 20043066d3d5 Download complete 
 f9dd052e142d Extracting 1 s
 4831516dd0cb Extracting 1 s
 20043066d3d5 Extracting 1 s
 b0a0cf830b12 Extracting 1 s
 eb77aa907276 Downloading [======>                                            ]  121.6MB/907.7MB
 e0d55fdb4d15 Downloading [===========================================>       ]  94.37MB/109MB
 f9dd052e142d Extracting 1 s
 4831516dd0cb Extracting 1 s
 20043066d3d5 Extracting 1 s
 b0a0cf830b12 Extracting 1 s
 eb77aa907276 Downloading [======>                                            ]  125.8MB/907.7MB
 e0d55fdb4d15 Downloading [==============================================>    ]  101.7MB/109MB
 f9dd052e142d Extracting 1 s
 4831516dd0cb Extracting 1 s
 20043066d3d5 Extracting 1 s
 b0a0cf830b12 Extracting 1 s
 e0d55fdb4d15 Downloading [=================================================> ]    108MB/109MB
 eb77aa907276 Downloading [======>                                            ]  126.9MB/907.7MB
 f9dd052e142d Extracting 1 s
 4831516dd0cb Extracting 1 s
 20043066d3d5 Extracting 1 s
 b0a0cf830b12 Extracting 1 s
 eb77aa907276 Downloading [=======>                                           ]  132.1MB/907.7MB
 e0d55fdb4d15 Download complete 
 f9dd052e142d Extracting 2 s
 4831516dd0cb Extracting 1 s
 20043066d3d5 Extracting 1 s
 b0a0cf830b12 Extracting 2 s
 eb77aa907276 Downloading [=======>                                           ]  137.4MB/907.7MB
 f9dd052e142d Extracting 2 s
 4831516dd0cb Extracting 2 s
 20043066d3d5 Extracting 1 s
 b0a0cf830b12 Extracting 2 s
 eb77aa907276 Downloading [========>                                          ]  145.8MB/907.7MB
 f9dd052e142d Extracting 2 s
 4831516dd0cb Extracting 2 s
 20043066d3d5 Extracting 1 s
 b0a0cf830b12 Extracting 2 s
 eb77aa907276 Downloading [========>                                          ]  157.3MB/907.7MB
 f9dd052e142d Extracting 2 s
 4831516dd0cb Extracting 2 s
 20043066d3d5 Extracting 1 s
 b0a0cf830b12 Extracting 2 s
 eb77aa907276 Downloading [=========>                                         ]  168.8MB/907.7MB
 f9dd052e142d Extracting 2 s
 4831516dd0cb Extracting 2 s
 20043066d3d5 Extracting 1 s
 b0a0cf830b12 Extracting 2 s
 eb77aa907276 Downloading [=========>                                         ]  170.9MB/907.7MB
 f9dd052e142d Extracting 2 s
 4831516dd0cb Extracting 2 s
 20043066d3d5 Extracting 1 s
 b0a0cf830b12 Extracting 2 s
 eb77aa907276 Downloading [=========>                                         ]  174.4MB/907.7MB
 f9dd052e142d Extracting 2 s
 4831516dd0cb Extracting 2 s
 20043066d3d5 Extracting 1 s
 b0a0cf830b12 Extracting 2 s
 eb77aa907276 Downloading [==========>                                        ]  182.5MB/907.7MB
 f9dd052e142d Extracting 2 s
 4831516dd0cb Extracting 2 s
 20043066d3d5 Extracting 2 s
 b0a0cf830b12 Extracting 2 s
 eb77aa907276 Downloading [==========>                                        ]  184.5MB/907.7MB
 f9dd052e142d Extracting 2 s
 20043066d3d5 Extracting 2 s
 4831516dd0cb Extracting 2 s
 b0a0cf830b12 Extracting 2 s
 eb77aa907276 Downloading [==========>                                        ]  187.7MB/907.7MB
 f9dd052e142d Extracting 2 s
 dda3d8fbd5ed Pull complete 
 283a477db7bb Extracting 1 s
 4831516dd0cb Extracting 2 s
 20043066d3d5 Extracting 2 s
 b0a0cf830b12 Pull complete 
 eb77aa907276 Downloading [==========>                                        ]    194MB/907.7MB
 47a60771af96 Pull complete 
 7b28be0c8c4d Pull complete 
 edcaff0d5e7e Extracting 1 s
 f9dd052e142d Extracting 3 s
 283a477db7bb Extracting 1 s
 4831516dd0cb Pull complete 
 20043066d3d5 Extracting 2 s
 eb77aa907276 Downloading [===========>                                       ]  206.6MB/907.7MB
 edcaff0d5e7e Pull complete 
 22dca8215bc4 Extracting 1 s
 f9dd052e142d Extracting 3 s
 91d2729fa4d5 Extracting 1 s
 283a477db7bb Pull complete 
 20043066d3d5 Extracting 2 s
 eb77aa907276 Downloading [===========>                                       ]  215.8MB/907.7MB
 22dca8215bc4 Extracting 1 s
 f9dd052e142d Extracting 3 s
 91d2729fa4d5 Pull complete 
 9739ced65621 Extracting 1 s
 20043066d3d5 Extracting 2 s
 eb77aa907276 Downloading [============>                                      ]  226.5MB/907.7MB
 22dca8215bc4 Extracting 1 s
 f9dd052e142d Extracting 3 s
 9739ced65621 Extracting 1 s
 20043066d3d5 Extracting 2 s
 eb77aa907276 Downloading [============>                                      ]  228.6MB/907.7MB
 22dca8215bc4 Extracting 1 s
 f9dd052e142d Extracting 3 s
 3fadc669ef11 Extracting 1 s
 20043066d3d5 Pull complete 
 9739ced65621 Extracting 1 s
 eb77aa907276 Downloading [============>                                      ]  231.7MB/907.7MB
 22dca8215bc4 Extracting 1 s
 f9dd052e142d Extracting 3 s
 9739ced65621 Extracting 1 s
 3fadc669ef11 Extracting 1 s
 eb77aa907276 Downloading [============>                                      ]  232.8MB/907.7MB
 bbf018d6d4b8 Extracting 1 s
 22dca8215bc4 Pull complete 
 f9dd052e142d Extracting 3 s
 3fadc669ef11 Extracting 1 s
 9739ced65621 Extracting 1 s
 4f4fb700ef54 Pull complete 
 c5761dea9b0e Pull complete 
 bbf018d6d4b8 Pull complete 
 redis Pulled 
 eb77aa907276 Downloading [============>                                      ]  235.3MB/907.7MB
 f8406d9c00ea Extracting 1 s
 ae3bb1b347a4 Pull complete 
 9739ced65621 Pull complete 
 f9dd052e142d Extracting 3 s
 3fadc669ef11 Extracting 1 s
 eb77aa907276 Downloading [=============>                                     ]  246.4MB/907.7MB
 f8406d9c00ea Pull complete 
 c199bff16b05 Pull complete 
 f9dd052e142d Extracting 3 s
 e0d55fdb4d15 Extracting 1 s
 3fadc669ef11 Extracting 1 s
 eb77aa907276 Downloading [=============>                                     ]  253.8MB/907.7MB
 f9dd052e142d Extracting 3 s
 e0d55fdb4d15 Extracting 1 s
 3fadc669ef11 Extracting 1 s
 eb77aa907276 Downloading [==============>                                    ]  261.1MB/907.7MB
 e0d55fdb4d15 Extracting 1 s
 f9dd052e142d Extracting 4 s
 3fadc669ef11 Extracting 1 s
 eb77aa907276 Downloading [==============>                                    ]  265.3MB/907.7MB
 e0d55fdb4d15 Extracting 1 s
 f9dd052e142d Extracting 4 s
 3fadc669ef11 Extracting 1 s
 eb77aa907276 Downloading [===============>                                   ]  272.6MB/907.7MB
 f9dd052e142d Extracting 4 s
 e0d55fdb4d15 Extracting 1 s
 3fadc669ef11 Extracting 1 s
 eb77aa907276 Downloading [===============>                                   ]    281MB/907.7MB
 e0d55fdb4d15 Extracting 1 s
 7084ac8f4ab6 Extracting 1 s
 f9dd052e142d Extracting 4 s
 3fadc669ef11 Pull complete 
 eb77aa907276 Downloading [================>                                  ]  290.5MB/907.7MB
 e0d55fdb4d15 Extracting 1 s
 f9dd052e142d Pull complete 
 7084ac8f4ab6 Extracting 1 s
 eb77aa907276 Downloading [================>                                  ]  296.7MB/907.7MB
 e0d55fdb4d15 Extracting 1 s
 7084ac8f4ab6 Extracting 1 s
 e8c6d4883897 Extracting 1 s
 eb77aa907276 Downloading [================>                                  ]  297.8MB/907.7MB
 beb0d870d438 Pull complete 
 e8c6d4883897 Extracting 1 s
 e0d55fdb4d15 Extracting 1 s
 7084ac8f4ab6 Pull complete 
 d63c4408fdb7 Extracting 1 s
 eb77aa907276 Downloading [================>                                  ]  299.9MB/907.7MB
 e8c6d4883897 Extracting 1 s
 e0d55fdb4d15 Extracting 1 s
 d63c4408fdb7 Extracting 1 s
 eb77aa907276 Downloading [================>                                  ]    303MB/907.7MB
 648eb81b3252 Pull complete 
 e0d55fdb4d15 Extracting 1 s
 e8c6d4883897 Pull complete 
 d63c4408fdb7 Extracting 1 s
 eb77aa907276 Downloading [================>                                  ]  306.2MB/907.7MB
 d63c4408fdb7 Extracting 1 s
 e0d55fdb4d15 Extracting 2 s
 eb77aa907276 Downloading [=================>                                 ]  311.4MB/907.7MB
 d63c4408fdb7 Extracting 1 s
 e0d55fdb4d15 Extracting 2 s
 eb77aa907276 Downloading [=================>                                 ]  315.9MB/907.7MB
 e0d55fdb4d15 Extracting 2 s
 d63c4408fdb7 Extracting 1 s
 eb77aa907276 Downloading [=================>                                 ]    323MB/907.7MB
 e0d55fdb4d15 Extracting 2 s
 d63c4408fdb7 Extracting 1 s
 eb77aa907276 Downloading [==================>                                ]  329.3MB/907.7MB
 e0d55fdb4d15 Extracting 2 s
 d63c4408fdb7 Extracting 1 s
 eb77aa907276 Downloading [==================>                                ]  335.5MB/907.7MB
 efa05c660812 Pull complete 
 5e1c03b67a78 Pull complete 
 14e6209d5fa8 Pull complete 
 f4e7f62f4b80 Pull complete 
 e0d55fdb4d15 Extracting 2 s
 d686b50ce172 Extracting 1 s
 d63c4408fdb7 Pull complete 
 eb77aa907276 Downloading [==================>                                ]  342.9MB/907.7MB
 d686b50ce172 Extracting 1 s
 e0d55fdb4d15 Extracting 2 s
 eb77aa907276 Downloading [===================>                               ]  349.2MB/907.7MB
 d686b50ce172 Extracting 1 s
 e0d55fdb4d15 Extracting 2 s
 eb77aa907276 Downloading [===================>                               ]  357.6MB/907.7MB
 d686b50ce172 Extracting 1 s
 e0d55fdb4d15 Extracting 2 s
 eb77aa907276 Downloading [===================>                               ]  361.8MB/907.7MB
 d686b50ce172 Extracting 1 s
 e0d55fdb4d15 Extracting 2 s
 d686b50ce172 Pull complete 
 rabbitmq Pulled 
 eb77aa907276 Downloading [====================>                              ]    366MB/907.7MB
 e0d55fdb4d15 Extracting 3 s
 eb77aa907276 Downloading [====================>                              ]  371.2MB/907.7MB
 e0d55fdb4d15 Extracting 3 s
 eb77aa907276 Downloading [====================>                              ]  374.3MB/907.7MB
 e0d55fdb4d15 Extracting 3 s
 eb77aa907276 Downloading [====================>                              ]  380.6MB/907.7MB
 e0d55fdb4d15 Extracting 3 s
 eb77aa907276 Downloading [=====================>                             ]  386.9MB/907.7MB
 e0d55fdb4d15 Extracting 3 s
 eb77aa907276 Downloading [=====================>                             ]  392.2MB/907.7MB
 e0d55fdb4d15 Extracting 3 s
 eb77aa907276 Downloading [=====================>                             ]  395.3MB/907.7MB
 e0d55fdb4d15 Extracting 3 s
 eb77aa907276 Downloading [======================>                            ]  407.9MB/907.7MB
 873532e5f8c7 Extracting 1 s
 c1cb13b19080 Pull complete 
 e0d55fdb4d15 Pull complete 
 873532e5f8c7 Pull complete 
 cb628c265f09 Pull complete 
 050d9f8c3b1c Pull complete 
 710e142705f8 Pull complete 
 postgresql Pulled 
 eb77aa907276 Downloading [=======================>                           ]  418.4MB/907.7MB
 eb77aa907276 Downloading [=======================>                           ]  424.7MB/907.7MB
 eb77aa907276 Downloading [========================>                          ]  436.2MB/907.7MB
 eb77aa907276 Downloading [========================>                          ]  442.5MB/907.7MB
 eb77aa907276 Downloading [=========================>                         ]    454MB/907.7MB
 eb77aa907276 Downloading [=========================>                         ]  458.2MB/907.7MB
 eb77aa907276 Downloading [=========================>                         ]  462.4MB/907.7MB
 eb77aa907276 Downloading [=========================>                         ]  464.5MB/907.7MB
 eb77aa907276 Downloading [=========================>                         ]  466.6MB/907.7MB
 eb77aa907276 Downloading [=========================>                         ]  468.7MB/907.7MB
 eb77aa907276 Downloading [==========================>                        ]  480.2MB/907.7MB
 eb77aa907276 Downloading [==========================>                        ]  482.3MB/907.7MB
 eb77aa907276 Downloading [==========================>                        ]  485.5MB/907.7MB
 eb77aa907276 Downloading [===========================>                       ]  492.8MB/907.7MB
 eb77aa907276 Downloading [===========================>                       ]  504.4MB/907.7MB
 eb77aa907276 Downloading [===========================>                       ]  505.4MB/907.7MB
 eb77aa907276 Downloading [============================>                      ]  510.7MB/907.7MB
 eb77aa907276 Downloading [============================>                      ]    518MB/907.7MB
 eb77aa907276 Downloading [============================>                      ]  526.4MB/907.7MB
 eb77aa907276 Downloading [=============================>                     ]  532.7MB/907.7MB
 eb77aa907276 Downloading [=============================>                     ]  542.1MB/907.7MB
 eb77aa907276 Downloading [==============================>                    ]  557.8MB/907.7MB
 eb77aa907276 Downloading [===============================>                   ]  567.3MB/907.7MB
 eb77aa907276 Downloading [===============================>                   ]  577.8MB/907.7MB
 eb77aa907276 Downloading [================================>                  ]  585.1MB/907.7MB
 eb77aa907276 Downloading [================================>                  ]  596.4MB/907.7MB
 eb77aa907276 Downloading [=================================>                 ]  612.4MB/907.7MB
 eb77aa907276 Downloading [==================================>                ]  629.1MB/907.7MB
 eb77aa907276 Downloading [===================================>               ]  645.9MB/907.7MB
 eb77aa907276 Downloading [===================================>               ]  652.2MB/907.7MB
 eb77aa907276 Downloading [====================================>              ]  660.8MB/907.7MB
 eb77aa907276 Downloading [====================================>              ]    669MB/907.7MB
 eb77aa907276 Downloading [=====================================>             ]  673.2MB/907.7MB
 eb77aa907276 Downloading [=====================================>             ]  684.7MB/907.7MB
 eb77aa907276 Downloading [======================================>            ]  693.1MB/907.7MB
 eb77aa907276 Downloading [======================================>            ]  702.5MB/907.7MB
 eb77aa907276 Downloading [======================================>            ]  702.5MB/907.7MB
 eb77aa907276 Downloading [======================================>            ]  702.5MB/907.7MB
 eb77aa907276 Downloading [======================================>            ]  706.7MB/907.7MB
 eb77aa907276 Downloading [=======================================>           ]  710.9MB/907.7MB
 eb77aa907276 Downloading [=======================================>           ]  719.3MB/907.7MB
 eb77aa907276 Downloading [=======================================>           ]  722.5MB/907.7MB
 eb77aa907276 Downloading [========================================>          ]  728.8MB/907.7MB
 eb77aa907276 Downloading [========================================>          ]    734MB/907.7MB
 eb77aa907276 Downloading [========================================>          ]  742.4MB/907.7MB
 eb77aa907276 Downloading [=========================================>         ]  746.6MB/907.7MB
 eb77aa907276 Downloading [=========================================>         ]  746.6MB/907.7MB
 eb77aa907276 Downloading [=========================================>         ]  746.6MB/907.7MB
 eb77aa907276 Downloading [=========================================>         ]  747.6MB/907.7MB
 eb77aa907276 Downloading [=========================================>         ]  752.9MB/907.7MB
 eb77aa907276 Downloading [=========================================>         ]  762.3MB/907.7MB
 eb77aa907276 Downloading [==========================================>        ]  767.6MB/907.7MB
 eb77aa907276 Downloading [==========================================>        ]  771.8MB/907.7MB
 eb77aa907276 Downloading [==========================================>        ]    778MB/907.7MB
 eb77aa907276 Downloading [===========================================>       ]  785.4MB/907.7MB
 eb77aa907276 Downloading [===========================================>       ]  792.7MB/907.7MB
 eb77aa907276 Downloading [============================================>      ]  800.1MB/907.7MB
 eb77aa907276 Downloading [============================================>      ]  803.2MB/907.7MB
 eb77aa907276 Downloading [============================================>      ]  804.3MB/907.7MB
 eb77aa907276 Downloading [============================================>      ]  805.3MB/907.7MB
 eb77aa907276 Downloading [============================================>      ]  809.5MB/907.7MB
 eb77aa907276 Downloading [============================================>      ]  815.8MB/907.7MB
 eb77aa907276 Downloading [=============================================>     ]  827.3MB/907.7MB
 eb77aa907276 Downloading [==============================================>    ]  838.9MB/907.7MB
 eb77aa907276 Downloading [==============================================>    ]  848.3MB/907.7MB
 eb77aa907276 Downloading [===============================================>   ]  857.7MB/907.7MB
 eb77aa907276 Downloading [===============================================>   ]  870.3MB/907.7MB
 eb77aa907276 Downloading [================================================>  ]  874.5MB/907.7MB
 eb77aa907276 Downloading [================================================>  ]  887.1MB/907.7MB
 eb77aa907276 Downloading [=================================================> ]  901.8MB/907.7MB
 eb77aa907276 Downloading [==================================================>]  907.7MB/907.7MB
 eb77aa907276 Downloading [==================================================>]  907.7MB/907.7MB
 eb77aa907276 Downloading [==================================================>]  907.7MB/907.7MB
 eb77aa907276 Downloading [==================================================>]  907.7MB/907.7MB
 eb77aa907276 Downloading [==================================================>]  907.7MB/907.7MB
 eb77aa907276 Downloading [==================================================>]  907.7MB/907.7MB
 eb77aa907276 Downloading [==================================================>]  907.7MB/907.7MB
 eb77aa907276 Downloading [==================================================>]  907.7MB/907.7MB
 eb77aa907276 Downloading [==================================================>]  907.7MB/907.7MB
 eb77aa907276 Downloading [==================================================>]  907.7MB/907.7MB
 eb77aa907276 Downloading [==================================================>]  907.7MB/907.7MB
 eb77aa907276 Downloading [==================================================>]  907.7MB/907.7MB
 eb77aa907276 Downloading [==================================================>]  907.7MB/907.7MB
 eb77aa907276 Downloading [==================================================>]  907.7MB/907.7MB
 eb77aa907276 Downloading [==================================================>]  907.7MB/907.7MB
 eb77aa907276 Downloading [==================================================>]  907.7MB/907.7MB
 eb77aa907276 Downloading [==================================================>]  907.7MB/907.7MB
 eb77aa907276 Downloading [==================================================>]  907.7MB/907.7MB
 eb77aa907276 Downloading [==================================================>]  907.7MB/907.7MB
 eb77aa907276 Downloading [==================================================>]  907.7MB/907.7MB
 eb77aa907276 Download complete 
 eb77aa907276 Extracting 1 s
 eb77aa907276 Extracting 1 s
 eb77aa907276 Extracting 1 s
 eb77aa907276 Extracting 1 s
 eb77aa907276 Extracting 1 s
 eb77aa907276 Extracting 1 s
 eb77aa907276 Extracting 1 s
 eb77aa907276 Extracting 1 s
 eb77aa907276 Extracting 1 s
 eb77aa907276 Extracting 1 s
 eb77aa907276 Extracting 1 s
 eb77aa907276 Extracting 2 s
 eb77aa907276 Extracting 2 s
 eb77aa907276 Extracting 2 s
 eb77aa907276 Extracting 2 s
 eb77aa907276 Extracting 2 s
 eb77aa907276 Extracting 2 s
 eb77aa907276 Extracting 2 s
 eb77aa907276 Extracting 2 s
 eb77aa907276 Extracting 2 s
 eb77aa907276 Extracting 2 s
 eb77aa907276 Extracting 3 s
 eb77aa907276 Extracting 3 s
 eb77aa907276 Extracting 3 s
 eb77aa907276 Extracting 3 s
 eb77aa907276 Extracting 3 s
 eb77aa907276 Extracting 3 s
 eb77aa907276 Extracting 3 s
 eb77aa907276 Extracting 3 s
 eb77aa907276 Extracting 3 s
 eb77aa907276 Extracting 4 s
 eb77aa907276 Extracting 4 s
 eb77aa907276 Extracting 4 s
 eb77aa907276 Extracting 4 s
 eb77aa907276 Extracting 4 s
 eb77aa907276 Extracting 4 s
 eb77aa907276 Extracting 4 s
 eb77aa907276 Extracting 4 s
 eb77aa907276 Extracting 4 s
 eb77aa907276 Extracting 4 s
 eb77aa907276 Extracting 4 s
 eb77aa907276 Extracting 5 s
 eb77aa907276 Extracting 5 s
 eb77aa907276 Extracting 5 s
 eb77aa907276 Extracting 5 s
 eb77aa907276 Extracting 5 s
 4f4fb700ef54 Pull complete 
 2e81b9cb93cd Pull complete 
 0ffa8f8aba1e Pull complete 
 eb77aa907276 Pull complete 
 opensearch Pulled 
 Network docker_services_cli_default  Creating
 Network docker_services_cli_default  Created
 Container docker_services_cli-postgresql-1  Creating
 Container docker_services_cli-redis-1  Creating
 Container docker_services_cli-opensearch-1  Creating
 Container docker_services_cli-rabbitmq-1  Creating
 Container docker_services_cli-rabbitmq-1  Created
 Container docker_services_cli-opensearch-1  Created
 Container docker_services_cli-postgresql-1  Created
 Container docker_services_cli-redis-1  Created
 Container docker_services_cli-rabbitmq-1  Starting
 Container docker_services_cli-postgresql-1  Starting
 Container docker_services_cli-redis-1  Starting
 Container docker_services_cli-opensearch-1  Starting
 Container docker_services_cli-opensearch-1  Started
 Container docker_services_cli-redis-1  Started
 Container docker_services_cli-postgresql-1  Started
 Container docker_services_cli-rabbitmq-1  Started
============================= test session starts ==============================
platform linux -- Python 3.14.2, pytest-8.4.2, pluggy-1.6.0
rootdir: /home/runner/work/test-zip-extract-repository/test-zip-extract-repository/workdir/tests/invenio-audit-logs/original
configfile: setup.cfg
testpaths: docs, tests, invenio_audit_logs
plugins: isort-4.0.0, flask-1.3.0, black-ng-0.4.1, invenio-3.4.2, github-actions-annotate-failures-0.3.0, pydocstyle-2.4.0, cov-7.0.0, pycodestyle-2.5.0
collected 7 items
::warning file=/home/runner/work/test-zip-extract-repository/test-zip-extract-repository/workdir/tests/invenio-audit-logs/original/.venv/lib/python3.14/site-packages/invenio_records/resolver.py,line=14::jsonschema.exceptions.RefResolutionError is deprecated as of version 4.18.0. If you wish to catch potential reference resolution errors, directly catch referencing.exceptions.Unresolvable.
::warning file=/home/runner/work/test-zip-extract-repository/test-zip-extract-repository/workdir/tests/invenio-audit-logs/original/.venv/lib/python3.14/site-packages/invenio_records/resolver.py,line=14::jsonschema.RefResolver is deprecated as of v4.18.0, in favor of the https://github.com/python-jsonschema/referencing library, which provides more compliant referencing behavior as well as more flexible APIs for customization. A future release will remove RefResolver. Please file a feature request (on referencing) if you are missing an API for the kind of customization you need.
::warning file=/home/runner/work/test-zip-extract-repository/test-zip-extract-repository/workdir/tests/invenio-audit-logs/original/.venv/lib/python3.14/site-packages/invenio_records/resolver.py,line=14::jsonschema.exceptions.RefResolutionError is deprecated as of version 4.18.0. If you wish to catch potential reference resolution errors, directly catch referencing.exceptions.Unresolvable.
::warning file=/home/runner/work/test-zip-extract-repository/test-zip-extract-repository/workdir/tests/invenio-audit-logs/original/.venv/lib/python3.14/site-packages/invenio_records/resolver.py,line=14::jsonschema.RefResolver is deprecated as of v4.18.0, in favor of the https://github.com/python-jsonschema/referencing library, which provides more compliant referencing behavior as well as more flexible APIs for customization. A future release will remove RefResolver. Please file a feature request (on referencing) if you are missing an API for the kind of customization you need.
::warning file=/home/runner/work/test-zip-extract-repository/test-zip-extract-repository/workdir/tests/invenio-audit-logs/original/.venv/lib/python3.14/site-packages/fs/__init__.py,line=4::pkg_resources is deprecated as an API. See https://setuptools.pypa.io/en/latest/pkg_resources.html. The pkg_resources package is slated for removal as early as 2025-11-30. Refrain from using this package or pin to Setuptools<81.
::warning file=/home/runner/work/test-zip-extract-repository/test-zip-extract-repository/workdir/tests/invenio-audit-logs/original/.venv/lib/python3.14/site-packages/pkg_resources/__init__.py,line=3148::Deprecated call to `pkg_resources.declare_namespace('sphinxcontrib')`.%0AImplementing implicit namespace packages (as specified in PEP 420) is preferred to `pkg_resources.declare_namespace`. See https://setuptools.pypa.io/en/latest/references/keywords.html#keyword-namespace-packages
::warning file=/home/runner/work/test-zip-extract-repository/test-zip-extract-repository/workdir/tests/invenio-audit-logs/original/.venv/lib/python3.14/site-packages/fs/__init__.py,line=4::Deprecated call to `pkg_resources.declare_namespace('fs')`.%0AImplementing implicit namespace packages (as specified in PEP 420) is preferred to `pkg_resources.declare_namespace`. See https://setuptools.pypa.io/en/latest/references/keywords.html#keyword-namespace-packages
::warning file=/home/runner/work/test-zip-extract-repository/test-zip-extract-repository/workdir/tests/invenio-audit-logs/original/.venv/lib/python3.14/site-packages/fs/opener/__init__.py,line=6::Deprecated call to `pkg_resources.declare_namespace('fs.opener')`.%0AImplementing implicit namespace packages (as specified in PEP 420) is preferred to `pkg_resources.declare_namespace`. See https://setuptools.pypa.io/en/latest/references/keywords.html#keyword-namespace-packages
::warning file=/home/runner/work/test-zip-extract-repository/test-zip-extract-repository/workdir/tests/invenio-audit-logs/original/.venv/lib/python3.14/site-packages/pkg_resources/__init__.py,line=2560::Deprecated call to `pkg_resources.declare_namespace('fs')`.%0AImplementing implicit namespace packages (as specified in PEP 420) is preferred to `pkg_resources.declare_namespace`. See https://setuptools.pypa.io/en/latest/references/keywords.html#keyword-namespace-packages
::warning file=/home/runner/work/test-zip-extract-repository/test-zip-extract-repository/workdir/tests/invenio-audit-logs/original/.venv/lib/python3.14/site-packages/edtf/parser/grammar.py,line=9::'enablePackrat' deprecated - use 'enable_packrat'
::warning file=/home/runner/work/test-zip-extract-repository/test-zip-extract-repository/workdir/tests/invenio-audit-logs/original/.venv/lib/python3.14/site-packages/edtf/parser/grammar.py,line=52::'oneOf' deprecated - use 'one_of'
::warning file=/home/runner/work/test-zip-extract-repository/test-zip-extract-repository/workdir/tests/invenio-audit-logs/original/.venv/lib/python3.14/site-packages/edtf/parser/grammar.py,line=53::'oneOf' deprecated - use 'one_of'
::warning file=/home/runner/work/test-zip-extract-repository/test-zip-extract-repository/workdir/tests/invenio-audit-logs/original/.venv/lib/python3.14/site-packages/edtf/parser/grammar.py,line=54::'oneOf' deprecated - use 'one_of'
::warning file=/home/runner/work/test-zip-extract-repository/test-zip-extract-repository/workdir/tests/invenio-audit-logs/original/.venv/lib/python3.14/site-packages/edtf/parser/grammar.py,line=55::'oneOf' deprecated - use 'one_of'
::warning file=/home/runner/work/test-zip-extract-repository/test-zip-extract-repository/workdir/tests/invenio-audit-logs/original/.venv/lib/python3.14/site-packages/edtf/parser/grammar.py,line=56::'oneOf' deprecated - use 'one_of'
::warning file=/home/runner/work/test-zip-extract-repository/test-zip-extract-repository/workdir/tests/invenio-audit-logs/original/.venv/lib/python3.14/site-packages/edtf/parser/grammar.py,line=57::'oneOf' deprecated - use 'one_of'
::warning file=/home/runner/work/test-zip-extract-repository/test-zip-extract-repository/workdir/tests/invenio-audit-logs/original/.venv/lib/python3.14/site-packages/edtf/parser/grammar.py,line=58::'oneOf' deprecated - use 'one_of'
::warning file=/home/runner/work/test-zip-extract-repository/test-zip-extract-repository/workdir/tests/invenio-audit-logs/original/.venv/lib/python3.14/site-packages/edtf/parser/grammar.py,line=59::'oneOf' deprecated - use 'one_of'
::warning file=/home/runner/work/test-zip-extract-repository/test-zip-extract-repository/workdir/tests/invenio-audit-logs/original/.venv/lib/python3.14/site-packages/edtf/parser/grammar.py,line=60::'oneOf' deprecated - use 'one_of'
::warning file=/home/runner/work/test-zip-extract-repository/test-zip-extract-repository/workdir/tests/invenio-audit-logs/original/.venv/lib/python3.14/site-packages/edtf/parser/grammar.py,line=63::'excludeChars' argument is deprecated, use 'exclude_chars'
::warning file=/home/runner/work/test-zip-extract-repository/test-zip-extract-repository/workdir/tests/invenio-audit-logs/original/.venv/lib/python3.14/site-packages/edtf/parser/grammar.py,line=73::'oneOf' deprecated - use 'one_of'
::warning file=/home/runner/work/test-zip-extract-repository/test-zip-extract-repository/workdir/tests/invenio-audit-logs/original/.venv/lib/python3.14/site-packages/edtf/parser/grammar.py,line=74::'oneOf' deprecated - use 'one_of'
::warning file=/home/runner/work/test-zip-extract-repository/test-zip-extract-repository/workdir/tests/invenio-audit-logs/original/.venv/lib/python3.14/site-packages/edtf/parser/parser_classes.py,line=103::'addParseAction' deprecated - use 'add_parse_action'
::warning file=/home/runner/work/test-zip-extract-repository/test-zip-extract-repository/workdir/tests/invenio-audit-logs/original/.venv/lib/python3.14/site-packages/edtf/parser/parser_classes.py,line=103::'addParseAction' deprecated - use 'add_parse_action'
::warning file=/home/runner/work/test-zip-extract-repository/test-zip-extract-repository/workdir/tests/invenio-audit-logs/original/.venv/lib/python3.14/site-packages/edtf/parser/parser_classes.py,line=103::'addParseAction' deprecated - use 'add_parse_action'
::warning file=/home/runner/work/test-zip-extract-repository/test-zip-extract-repository/workdir/tests/invenio-audit-logs/original/.venv/lib/python3.14/site-packages/edtf/parser/grammar.py,line=119::'oneOf' deprecated - use 'one_of'
::warning file=/home/runner/work/test-zip-extract-repository/test-zip-extract-repository/workdir/tests/invenio-audit-logs/original/.venv/lib/python3.14/site-packages/edtf/parser/parser_classes.py,line=103::'addParseAction' deprecated - use 'add_parse_action'
::warning file=/home/runner/work/test-zip-extract-repository/test-zip-extract-repository/workdir/tests/invenio-audit-logs/original/.venv/lib/python3.14/site-packages/edtf/parser/grammar.py,line=122::'oneOf' deprecated - use 'one_of'
::warning file=/home/runner/work/test-zip-extract-repository/test-zip-extract-repository/workdir/tests/invenio-audit-logs/original/.venv/lib/python3.14/site-packages/edtf/parser/parser_classes.py,line=103::'addParseAction' deprecated - use 'add_parse_action'
::warning file=/home/runner/work/test-zip-extract-repository/test-zip-extract-repository/workdir/tests/invenio-audit-logs/original/.venv/lib/python3.14/site-packages/edtf/parser/parser_classes.py,line=103::'addParseAction' deprecated - use 'add_parse_action'
::warning file=/home/runner/work/test-zip-extract-repository/test-zip-extract-repository/workdir/tests/invenio-audit-logs/original/.venv/lib/python3.14/site-packages/edtf/parser/grammar.py,line=155::'addParseAction' deprecated - use 'add_parse_action'
::warning file=/home/runner/work/test-zip-extract-repository/test-zip-extract-repository/workdir/tests/invenio-audit-logs/original/.venv/lib/python3.14/site-packages/edtf/parser/grammar.py,line=157::'addParseAction' deprecated - use 'add_parse_action'
::warning file=/home/runner/work/test-zip-extract-repository/test-zip-extract-repository/workdir/tests/invenio-audit-logs/original/.venv/lib/python3.14/site-packages/edtf/parser/parser_classes.py,line=103::'addParseAction' deprecated - use 'add_parse_action'
::warning file=/home/runner/work/test-zip-extract-repository/test-zip-extract-repository/workdir/tests/invenio-audit-logs/original/.venv/lib/python3.14/site-packages/edtf/parser/parser_classes.py,line=103::'addParseAction' deprecated - use 'add_parse_action'
::warning file=/home/runner/work/test-zip-extract-repository/test-zip-extract-repository/workdir/tests/invenio-audit-logs/original/.venv/lib/python3.14/site-packages/edtf/parser/parser_classes.py,line=103::'addParseAction' deprecated - use 'add_parse_action'
::warning file=/home/runner/work/test-zip-extract-repository/test-zip-extract-repository/workdir/tests/invenio-audit-logs/original/.venv/lib/python3.14/site-packages/edtf/parser/grammar.py,line=199::'oneOf' deprecated - use 'one_of'
::warning file=/home/runner/work/test-zip-extract-repository/test-zip-extract-repository/workdir/tests/invenio-audit-logs/original/.venv/lib/python3.14/site-packages/edtf/parser/parser_classes.py,line=103::'addParseAction' deprecated - use 'add_parse_action'
::warning file=/home/runner/work/test-zip-extract-repository/test-zip-extract-repository/workdir/tests/invenio-audit-logs/original/.venv/lib/python3.14/site-packages/edtf/parser/parser_classes.py,line=103::'addParseAction' deprecated - use 'add_parse_action'
::warning file=/home/runner/work/test-zip-extract-repository/test-zip-extract-repository/workdir/tests/invenio-audit-logs/original/.venv/lib/python3.14/site-packages/edtf/parser/parser_classes.py,line=103::'addParseAction' deprecated - use 'add_parse_action'
::warning file=/home/runner/work/test-zip-extract-repository/test-zip-extract-repository/workdir/tests/invenio-audit-logs/original/.venv/lib/python3.14/site-packages/edtf/parser/parser_classes.py,line=103::'addParseAction' deprecated - use 'add_parse_action'
::warning file=/home/runner/work/test-zip-extract-repository/test-zip-extract-repository/workdir/tests/invenio-audit-logs/original/.venv/lib/python3.14/site-packages/edtf/parser/parser_classes.py,line=103::'addParseAction' deprecated - use 'add_parse_action'
::warning file=/home/runner/work/test-zip-extract-repository/test-zip-extract-repository/workdir/tests/invenio-audit-logs/original/.venv/lib/python3.14/site-packages/edtf/parser/grammar.py,line=303::'addParseAction' deprecated - use 'add_parse_action'
::warning file=/home/runner/work/test-zip-extract-repository/test-zip-extract-repository/workdir/tests/invenio-audit-logs/original/.venv/lib/python3.14/site-packages/edtf/parser/grammar.py,line=303::'addParseAction' deprecated - use 'add_parse_action'
::warning file=/home/runner/work/test-zip-extract-repository/test-zip-extract-repository/workdir/tests/invenio-audit-logs/original/.venv/lib/python3.14/site-packages/edtf/parser/grammar.py,line=304::'addParseAction' deprecated - use 'add_parse_action'
::warning file=/home/runner/work/test-zip-extract-repository/test-zip-extract-repository/workdir/tests/invenio-audit-logs/original/.venv/lib/python3.14/site-packages/edtf/parser/grammar.py,line=304::'addParseAction' deprecated - use 'add_parse_action'
::warning file=/home/runner/work/test-zip-extract-repository/test-zip-extract-repository/workdir/tests/invenio-audit-logs/original/.venv/lib/python3.14/site-packages/edtf/parser/parser_classes.py,line=103::'addParseAction' deprecated - use 'add_parse_action'
::warning file=/home/runner/work/test-zip-extract-repository/test-zip-extract-repository/workdir/tests/invenio-audit-logs/original/.venv/lib/python3.14/site-packages/edtf/parser/parser_classes.py,line=103::'addParseAction' deprecated - use 'add_parse_action'
::warning file=/home/runner/work/test-zip-extract-repository/test-zip-extract-repository/workdir/tests/invenio-audit-logs/original/.venv/lib/python3.14/site-packages/edtf/parser/parser_classes.py,line=103::'addParseAction' deprecated - use 'add_parse_action'
::warning file=/home/runner/work/test-zip-extract-repository/test-zip-extract-repository/workdir/tests/invenio-audit-logs/original/.venv/lib/python3.14/site-packages/edtf/parser/parser_classes.py,line=103::'addParseAction' deprecated - use 'add_parse_action'
::warning file=/home/runner/work/test-zip-extract-repository/test-zip-extract-repository/workdir/tests/invenio-audit-logs/original/.venv/lib/python3.14/site-packages/edtf/parser/grammar.py,line=325::'oneOf' deprecated - use 'one_of'
::warning file=/home/runner/work/test-zip-extract-repository/test-zip-extract-repository/workdir/tests/invenio-audit-logs/original/.venv/lib/python3.14/site-packages/edtf/parser/parser_classes.py,line=103::'addParseAction' deprecated - use 'add_parse_action'
::warning file=/home/runner/work/test-zip-extract-repository/test-zip-extract-repository/workdir/tests/invenio-audit-logs/original/.venv/lib/python3.14/site-packages/invenio_records_resources/services/files/schema.py,line=154::The 'default' argument to fields is deprecated. Use 'dump_default' instead.
::warning file=/home/runner/work/test-zip-extract-repository/test-zip-extract-repository/workdir/tests/invenio-audit-logs/original/.venv/lib/python3.14/site-packages/invenio_records_resources/services/base/links.py,line=140::Link is deprecated and will be removed in v14.0. Use `ExternalLink` for third-party links and `EndpointLink` for InvenioRDM links.
::warning file=/home/runner/work/test-zip-extract-repository/test-zip-extract-repository/workdir/tests/invenio-audit-logs/original/.venv/lib/python3.14/site-packages/invenio_records_resources/services/base/links.py,line=140::Link is deprecated and will be removed in v14.0. Use `ExternalLink` for third-party links and `EndpointLink` for InvenioRDM links.
::warning file=/home/runner/work/test-zip-extract-repository/test-zip-extract-repository/workdir/tests/invenio-audit-logs/original/.venv/lib/python3.14/site-packages/invenio_records_resources/services/base/links.py,line=140::Link is deprecated and will be removed in v14.0. Use `ExternalLink` for third-party links and `EndpointLink` for InvenioRDM links.
::warning file=/home/runner/work/test-zip-extract-repository/test-zip-extract-repository/workdir/tests/invenio-audit-logs/original/.venv/lib/python3.14/site-packages/invenio_records_resources/services/base/links.py,line=140::Link is deprecated and will be removed in v14.0. Use `ExternalLink` for third-party links and `EndpointLink` for InvenioRDM links.

tests/services/test_action_builder.py .                                  [ 14%]
tests/services/test_service.py .::warning file=/home/runner/work/test-zip-extract-repository/test-zip-extract-repository/workdir/tests/invenio-audit-logs/original/.venv/lib/python3.14/site-packages/invenio_rest/ext.py,line=29::CSRF validation will be enabled by default in the version 1.3.x
::warning file=/home/runner/work/test-zip-extract-repository/test-zip-extract-repository/workdir/tests/invenio-audit-logs/original/.venv/lib/python3.14/site-packages/flask_caching/__init__.py,line=145::Using the initialization functions in flask_caching.backend is deprecated.  Use the a full path to backend classes directly.
::warning file=/home/runner/work/test-zip-extract-repository/test-zip-extract-repository/workdir/tests/invenio-audit-logs/original/.venv/lib/python3.14/site-packages/sqlalchemy/sql/schema.py,line=3624::datetime.datetime.utcnow() is deprecated and scheduled for removal in a future version. Use timezone-aware objects to represent datetimes in UTC: datetime.datetime.now(datetime.UTC).
::warning file=/home/runner/work/test-zip-extract-repository/test-zip-extract-repository/workdir/tests/invenio-audit-logs/original/.venv/lib/python3.14/site-packages/flask_security/utils.py,line=77::Remember me support has been removed.
::warning file=/home/runner/work/test-zip-extract-repository/test-zip-extract-repository/workdir/tests/invenio-audit-logs/original/.venv/lib/python3.14/site-packages/flask_security/utils.py,line=87::datetime.datetime.utcnow() is deprecated and scheduled for removal in a future version. Use timezone-aware objects to represent datetimes in UTC: datetime.datetime.now(datetime.UTC).
::warning file=/home/runner/work/test-zip-extract-repository/test-zip-extract-repository/workdir/tests/invenio-audit-logs/original/.venv/lib/python3.14/site-packages/sqlalchemy_utils/models.py,line=33::datetime.datetime.utcnow() is deprecated and scheduled for removal in a future version. Use timezone-aware objects to represent datetimes in UTC: datetime.datetime.now(datetime.UTC).
::warning file=/home/runner/work/test-zip-extract-repository/test-zip-extract-repository/workdir/tests/invenio-audit-logs/original/.venv/lib/python3.14/site-packages/flask_kvsession/__init__.py,line=39::datetime.datetime.utcnow() is deprecated and scheduled for removal in a future version. Use timezone-aware objects to represent datetimes in UTC: datetime.datetime.now(datetime.UTC).
::warning file=/home/runner/work/test-zip-extract-repository/test-zip-extract-repository/workdir/tests/invenio-audit-logs/original/invenio_audit_logs/services/service.py,line=38::datetime.datetime.utcnow() is deprecated and scheduled for removal in a future version. Use timezone-aware objects to represent datetimes in UTC: datetime.datetime.now(datetime.UTC).
::warning file=/home/runner/work/test-zip-extract-repository/test-zip-extract-repository/workdir/tests/invenio-audit-logs/original/.venv/lib/python3.14/site-packages/invenio_records_resources/services/records/schema.py,line=90::The `context` parameter is deprecated and will be removed in marshmallow 4.0. Use `contextvars.ContextVar` to pass context instead.
::warning file=/home/runner/work/test-zip-extract-repository/test-zip-extract-repository/workdir/tests/invenio-audit-logs/original/.venv/lib/python3.14/site-packages/marshmallow/fields.py,line=631::The `context` parameter is deprecated and will be removed in marshmallow 4.0. Use `contextvars.ContextVar` to pass context instead.
::warning file=/home/runner/work/test-zip-extract-repository/test-zip-extract-repository/workdir/tests/invenio-audit-logs/original/.venv/lib/python3.14/site-packages/invenio_records/models.py,line=44::datetime.datetime.utcnow() is deprecated and scheduled for removal in a future version. Use timezone-aware objects to represent datetimes in UTC: datetime.datetime.now(datetime.UTC).
::warning file=/home/runner/work/test-zip-extract-repository/test-zip-extract-repository/workdir/tests/invenio-audit-logs/original/.venv/lib/python3.14/site-packages/invenio_records_resources/services/records/schema.py,line=105::The `context` parameter is deprecated and will be removed in marshmallow 4.0. Use `contextvars.ContextVar` to pass context instead.
.::warning file=/home/runner/work/test-zip-extract-repository/test-zip-extract-repository/workdir/tests/invenio-audit-logs/original/.venv/lib/python3.14/site-packages/sqlalchemy/sql/schema.py,line=3624::datetime.datetime.utcnow() is deprecated and scheduled for removal in a future version. Use timezone-aware objects to represent datetimes in UTC: datetime.datetime.now(datetime.UTC).
::warning file=/home/runner/work/test-zip-extract-repository/test-zip-extract-repository/workdir/tests/invenio-audit-logs/original/.venv/lib/python3.14/site-packages/sqlalchemy/sql/schema.py,line=3624::datetime.datetime.utcnow() is deprecated and scheduled for removal in a future version. Use timezone-aware objects to represent datetimes in UTC: datetime.datetime.now(datetime.UTC).
::warning file=/home/runner/work/test-zip-extract-repository/test-zip-extract-repository/workdir/tests/invenio-audit-logs/original/.venv/lib/python3.14/site-packages/flask_security/utils.py,line=77::Remember me support has been removed.
::warning file=/home/runner/work/test-zip-extract-repository/test-zip-extract-repository/workdir/tests/invenio-audit-logs/original/.venv/lib/python3.14/site-packages/flask_security/utils.py,line=87::datetime.datetime.utcnow() is deprecated and scheduled for removal in a future version. Use timezone-aware objects to represent datetimes in UTC: datetime.datetime.now(datetime.UTC).
::warning file=/home/runner/work/test-zip-extract-repository/test-zip-extract-repository/workdir/tests/invenio-audit-logs/original/.venv/lib/python3.14/site-packages/sqlalchemy_utils/models.py,line=33::datetime.datetime.utcnow() is deprecated and scheduled for removal in a future version. Use timezone-aware objects to represent datetimes in UTC: datetime.datetime.now(datetime.UTC).
::warning file=/home/runner/work/test-zip-extract-repository/test-zip-extract-repository/workdir/tests/invenio-audit-logs/original/.venv/lib/python3.14/site-packages/flask_kvsession/__init__.py,line=39::datetime.datetime.utcnow() is deprecated and scheduled for removal in a future version. Use timezone-aware objects to represent datetimes in UTC: datetime.datetime.now(datetime.UTC).
.::warning file=/home/runner/work/test-zip-extract-repository/test-zip-extract-repository/workdir/tests/invenio-audit-logs/original/invenio_audit_logs/services/service.py,line=38::datetime.datetime.utcnow() is deprecated and scheduled for removal in a future version. Use timezone-aware objects to represent datetimes in UTC: datetime.datetime.now(datetime.UTC).
::warning file=/home/runner/work/test-zip-extract-repository/test-zip-extract-repository/workdir/tests/invenio-audit-logs/original/.venv/lib/python3.14/site-packages/invenio_records_resources/services/records/schema.py,line=90::The `context` parameter is deprecated and will be removed in marshmallow 4.0. Use `contextvars.ContextVar` to pass context instead.
::warning file=/home/runner/work/test-zip-extract-repository/test-zip-extract-repository/workdir/tests/invenio-audit-logs/original/.venv/lib/python3.14/site-packages/marshmallow/fields.py,line=631::The `context` parameter is deprecated and will be removed in marshmallow 4.0. Use `contextvars.ContextVar` to pass context instead.
::warning file=/home/runner/work/test-zip-extract-repository/test-zip-extract-repository/workdir/tests/invenio-audit-logs/original/.venv/lib/python3.14/site-packages/marshmallow/fields.py,line=631::The `context` parameter is deprecated and will be removed in marshmallow 4.0. Use `contextvars.ContextVar` to pass context instead.
::warning file=/home/runner/work/test-zip-extract-repository/test-zip-extract-repository/workdir/tests/invenio-audit-logs/original/.venv/lib/python3.14/site-packages/sqlalchemy/sql/schema.py,line=3624::datetime.datetime.utcnow() is deprecated and scheduled for removal in a future version. Use timezone-aware objects to represent datetimes in UTC: datetime.datetime.now(datetime.UTC).
::warning file=/home/runner/work/test-zip-extract-repository/test-zip-extract-repository/workdir/tests/invenio-audit-logs/original/.venv/lib/python3.14/site-packages/sqlalchemy/sql/schema.py,line=3624::datetime.datetime.utcnow() is deprecated and scheduled for removal in a future version. Use timezone-aware objects to represent datetimes in UTC: datetime.datetime.now(datetime.UTC).
::warning file=/home/runner/work/test-zip-extract-repository/test-zip-extract-repository/workdir/tests/invenio-audit-logs/original/.venv/lib/python3.14/site-packages/invenio_records/models.py,line=44::datetime.datetime.utcnow() is deprecated and scheduled for removal in a future version. Use timezone-aware objects to represent datetimes in UTC: datetime.datetime.now(datetime.UTC).
::warning file=/home/runner/work/test-zip-extract-repository/test-zip-extract-repository/workdir/tests/invenio-audit-logs/original/.venv/lib/python3.14/site-packages/invenio_records_resources/services/records/schema.py,line=105::The `context` parameter is deprecated and will be removed in marshmallow 4.0. Use `contextvars.ContextVar` to pass context instead.
::warning file=/home/runner/work/test-zip-extract-repository/test-zip-extract-repository/workdir/tests/invenio-audit-logs/original/.venv/lib/python3.14/site-packages/marshmallow/fields.py,line=631::The `context` parameter is deprecated and will be removed in marshmallow 4.0. Use `contextvars.ContextVar` to pass context instead.
::warning file=/home/runner/work/test-zip-extract-repository/test-zip-extract-repository/workdir/tests/invenio-audit-logs/original/.venv/lib/python3.14/site-packages/marshmallow/fields.py,line=631::The `context` parameter is deprecated and will be removed in marshmallow 4.0. Use `contextvars.ContextVar` to pass context instead.
::warning file=/home/runner/work/test-zip-extract-repository/test-zip-extract-repository/workdir/tests/invenio-audit-logs/original/.venv/lib/python3.14/site-packages/marshmallow/fields.py,line=631::The `context` parameter is deprecated and will be removed in marshmallow 4.0. Use `contextvars.ContextVar` to pass context instead.
                                       [ 57%]
tests/test_alembic.py .::warning file=/home/runner/work/test-zip-extract-repository/test-zip-extract-repository/workdir/tests/invenio-audit-logs/original/.venv/lib/python3.14/site-packages/invenio_rest/ext.py,line=29::CSRF validation will be enabled by default in the version 1.3.x
::warning file=/home/runner/work/test-zip-extract-repository/test-zip-extract-repository/workdir/tests/invenio-audit-logs/original/.venv/lib/python3.14/site-packages/flask_caching/__init__.py,line=145::Using the initialization functions in flask_caching.backend is deprecated.  Use the a full path to backend classes directly.
::warning file=/home/runner/work/test-zip-extract-repository/test-zip-extract-repository/workdir/tests/invenio-audit-logs/original/.venv/lib/python3.14/site-packages/alembic/config.py,line=580::No path_separator found in configuration; falling back to legacy splitting on spaces/commas for version_locations.  Consider adding path_separator=os to Alembic config.
::warning file=/home/runner/work/test-zip-extract-repository/test-zip-extract-repository/workdir/tests/invenio-audit-logs/original/.venv/lib/python3.14/site-packages/alembic/ddl/postgresql.py,line=202::autoincrement and existing_autoincrement only make sense for MySQL
::warning file=/home/runner/work/test-zip-extract-repository/test-zip-extract-repository/workdir/tests/invenio-audit-logs/original/.venv/lib/python3.14/site-packages/invenio_accounts/alembic/9848d0149abd_create_accounts_tables.py,line=99::The from_engine() method on Inspector is deprecated and will be removed in a future release.  Please use the sqlalchemy.inspect() function on an Engine or Connection in order to acquire an Inspector. (deprecated since: 1.4)
                                                  [ 71%]
tests/test_invenio_audit_logs.py ..                                      [100%]

=============================== warnings summary ===============================
.venv/lib/python3.14/site-packages/invenio_records/resolver.py:14
.venv/lib/python3.14/site-packages/invenio_records/resolver.py:14
  /home/runner/work/test-zip-extract-repository/test-zip-extract-repository/workdir/tests/invenio-audit-logs/original/.venv/lib/python3.14/site-packages/invenio_records/resolver.py:14: DeprecationWarning: jsonschema.exceptions.RefResolutionError is deprecated as of version 4.18.0. If you wish to catch potential reference resolution errors, directly catch referencing.exceptions.Unresolvable.
    from jsonschema import RefResolutionError, RefResolver

.venv/lib/python3.14/site-packages/invenio_records/resolver.py:14
.venv/lib/python3.14/site-packages/invenio_records/resolver.py:14
  /home/runner/work/test-zip-extract-repository/test-zip-extract-repository/workdir/tests/invenio-audit-logs/original/.venv/lib/python3.14/site-packages/invenio_records/resolver.py:14: DeprecationWarning: jsonschema.RefResolver is deprecated as of v4.18.0, in favor of the https://github.com/python-jsonschema/referencing library, which provides more compliant referencing behavior as well as more flexible APIs for customization. A future release will remove RefResolver. Please file a feature request (on referencing) if you are missing an API for the kind of customization you need.
    from jsonschema import RefResolutionError, RefResolver

.venv/lib/python3.14/site-packages/fs/__init__.py:4
  /home/runner/work/test-zip-extract-repository/test-zip-extract-repository/workdir/tests/invenio-audit-logs/original/.venv/lib/python3.14/site-packages/fs/__init__.py:4: UserWarning: pkg_resources is deprecated as an API. See https://setuptools.pypa.io/en/latest/pkg_resources.html. The pkg_resources package is slated for removal as early as 2025-11-30. Refrain from using this package or pin to Setuptools<81.
    __import__("pkg_resources").declare_namespace(__name__)  # type: ignore

.venv/lib/python3.14/site-packages/pkg_resources/__init__.py:3148
  /home/runner/work/test-zip-extract-repository/test-zip-extract-repository/workdir/tests/invenio-audit-logs/original/.venv/lib/python3.14/site-packages/pkg_resources/__init__.py:3148: DeprecationWarning: Deprecated call to `pkg_resources.declare_namespace('sphinxcontrib')`.
  Implementing implicit namespace packages (as specified in PEP 420) is preferred to `pkg_resources.declare_namespace`. See https://setuptools.pypa.io/en/latest/references/keywords.html#keyword-namespace-packages
    declare_namespace(pkg)

.venv/lib/python3.14/site-packages/fs/__init__.py:4
  /home/runner/work/test-zip-extract-repository/test-zip-extract-repository/workdir/tests/invenio-audit-logs/original/.venv/lib/python3.14/site-packages/fs/__init__.py:4: DeprecationWarning: Deprecated call to `pkg_resources.declare_namespace('fs')`.
  Implementing implicit namespace packages (as specified in PEP 420) is preferred to `pkg_resources.declare_namespace`. See https://setuptools.pypa.io/en/latest/references/keywords.html#keyword-namespace-packages
    __import__("pkg_resources").declare_namespace(__name__)  # type: ignore

.venv/lib/python3.14/site-packages/fs/opener/__init__.py:6
  /home/runner/work/test-zip-extract-repository/test-zip-extract-repository/workdir/tests/invenio-audit-logs/original/.venv/lib/python3.14/site-packages/fs/opener/__init__.py:6: DeprecationWarning: Deprecated call to `pkg_resources.declare_namespace('fs.opener')`.
  Implementing implicit namespace packages (as specified in PEP 420) is preferred to `pkg_resources.declare_namespace`. See https://setuptools.pypa.io/en/latest/references/keywords.html#keyword-namespace-packages
    __import__("pkg_resources").declare_namespace(__name__)  # type: ignore

.venv/lib/python3.14/site-packages/pkg_resources/__init__.py:2560
  /home/runner/work/test-zip-extract-repository/test-zip-extract-repository/workdir/tests/invenio-audit-logs/original/.venv/lib/python3.14/site-packages/pkg_resources/__init__.py:2560: DeprecationWarning: Deprecated call to `pkg_resources.declare_namespace('fs')`.
  Implementing implicit namespace packages (as specified in PEP 420) is preferred to `pkg_resources.declare_namespace`. See https://setuptools.pypa.io/en/latest/references/keywords.html#keyword-namespace-packages
    declare_namespace(parent)

.venv/lib/python3.14/site-packages/edtf/parser/grammar.py:9
  /home/runner/work/test-zip-extract-repository/test-zip-extract-repository/workdir/tests/invenio-audit-logs/original/.venv/lib/python3.14/site-packages/edtf/parser/grammar.py:9: PyparsingDeprecationWarning: 'enablePackrat' deprecated - use 'enable_packrat'
    pyparsing.ParserElement.enablePackrat()

.venv/lib/python3.14/site-packages/edtf/parser/grammar.py:52
  /home/runner/work/test-zip-extract-repository/test-zip-extract-repository/workdir/tests/invenio-audit-logs/original/.venv/lib/python3.14/site-packages/edtf/parser/grammar.py:52: PyparsingDeprecationWarning: 'oneOf' deprecated - use 'one_of'
    oneThru12 = oneOf(["%.2d" % i for i in range(1, 13)])

.venv/lib/python3.14/site-packages/edtf/parser/grammar.py:53
  /home/runner/work/test-zip-extract-repository/test-zip-extract-repository/workdir/tests/invenio-audit-logs/original/.venv/lib/python3.14/site-packages/edtf/parser/grammar.py:53: PyparsingDeprecationWarning: 'oneOf' deprecated - use 'one_of'
    oneThru13 = oneOf(["%.2d" % i for i in range(1, 14)])

.venv/lib/python3.14/site-packages/edtf/parser/grammar.py:54
  /home/runner/work/test-zip-extract-repository/test-zip-extract-repository/workdir/tests/invenio-audit-logs/original/.venv/lib/python3.14/site-packages/edtf/parser/grammar.py:54: PyparsingDeprecationWarning: 'oneOf' deprecated - use 'one_of'
    oneThru23 = oneOf(["%.2d" % i for i in range(1, 24)])

.venv/lib/python3.14/site-packages/edtf/parser/grammar.py:55
  /home/runner/work/test-zip-extract-repository/test-zip-extract-repository/workdir/tests/invenio-audit-logs/original/.venv/lib/python3.14/site-packages/edtf/parser/grammar.py:55: PyparsingDeprecationWarning: 'oneOf' deprecated - use 'one_of'
    zeroThru23 = oneOf(["%.2d" % i for i in range(0, 24)])

.venv/lib/python3.14/site-packages/edtf/parser/grammar.py:56
  /home/runner/work/test-zip-extract-repository/test-zip-extract-repository/workdir/tests/invenio-audit-logs/original/.venv/lib/python3.14/site-packages/edtf/parser/grammar.py:56: PyparsingDeprecationWarning: 'oneOf' deprecated - use 'one_of'
    oneThru29 = oneOf(["%.2d" % i for i in range(1, 30)])

.venv/lib/python3.14/site-packages/edtf/parser/grammar.py:57
  /home/runner/work/test-zip-extract-repository/test-zip-extract-repository/workdir/tests/invenio-audit-logs/original/.venv/lib/python3.14/site-packages/edtf/parser/grammar.py:57: PyparsingDeprecationWarning: 'oneOf' deprecated - use 'one_of'
    oneThru30 = oneOf(["%.2d" % i for i in range(1, 31)])

.venv/lib/python3.14/site-packages/edtf/parser/grammar.py:58
  /home/runner/work/test-zip-extract-repository/test-zip-extract-repository/workdir/tests/invenio-audit-logs/original/.venv/lib/python3.14/site-packages/edtf/parser/grammar.py:58: PyparsingDeprecationWarning: 'oneOf' deprecated - use 'one_of'
    oneThru31 = oneOf(["%.2d" % i for i in range(1, 32)])

.venv/lib/python3.14/site-packages/edtf/parser/grammar.py:59
  /home/runner/work/test-zip-extract-repository/test-zip-extract-repository/workdir/tests/invenio-audit-logs/original/.venv/lib/python3.14/site-packages/edtf/parser/grammar.py:59: PyparsingDeprecationWarning: 'oneOf' deprecated - use 'one_of'
    oneThru59 = oneOf(["%.2d" % i for i in range(1, 60)])

.venv/lib/python3.14/site-packages/edtf/parser/grammar.py:60
  /home/runner/work/test-zip-extract-repository/test-zip-extract-repository/workdir/tests/invenio-audit-logs/original/.venv/lib/python3.14/site-packages/edtf/parser/grammar.py:60: PyparsingDeprecationWarning: 'oneOf' deprecated - use 'one_of'
    zeroThru59 = oneOf(["%.2d" % i for i in range(0, 60)])

.venv/lib/python3.14/site-packages/edtf/parser/grammar.py:63
  /home/runner/work/test-zip-extract-repository/test-zip-extract-repository/workdir/tests/invenio-audit-logs/original/.venv/lib/python3.14/site-packages/edtf/parser/grammar.py:63: PyparsingDeprecationWarning: 'excludeChars' argument is deprecated, use 'exclude_chars'
    positiveDigit = Word(nums, exact=1, excludeChars="0")

.venv/lib/python3.14/site-packages/edtf/parser/grammar.py:73
  /home/runner/work/test-zip-extract-repository/test-zip-extract-repository/workdir/tests/invenio-audit-logs/original/.venv/lib/python3.14/site-packages/edtf/parser/grammar.py:73: PyparsingDeprecationWarning: 'oneOf' deprecated - use 'one_of'
    (oneOf("01 03 05 07 08 10 12")("month") + "-" + oneThru31("day"))

.venv/lib/python3.14/site-packages/edtf/parser/grammar.py:74
  /home/runner/work/test-zip-extract-repository/test-zip-extract-repository/workdir/tests/invenio-audit-logs/original/.venv/lib/python3.14/site-packages/edtf/parser/grammar.py:74: PyparsingDeprecationWarning: 'oneOf' deprecated - use 'one_of'
    ^ (oneOf("04 06 09 11")("month") + "-" + oneThru30("day"))

.venv/lib/python3.14/site-packages/edtf/parser/parser_classes.py:103: 19 warnings
  /home/runner/work/test-zip-extract-repository/test-zip-extract-repository/workdir/tests/invenio-audit-logs/original/.venv/lib/python3.14/site-packages/edtf/parser/parser_classes.py:103: PyparsingDeprecationWarning: 'addParseAction' deprecated - use 'add_parse_action'
    p.addParseAction(cls.parse_action)

.venv/lib/python3.14/site-packages/edtf/parser/grammar.py:119
  /home/runner/work/test-zip-extract-repository/test-zip-extract-repository/workdir/tests/invenio-audit-logs/original/.venv/lib/python3.14/site-packages/edtf/parser/grammar.py:119: PyparsingDeprecationWarning: 'oneOf' deprecated - use 'one_of'
    UASymbol = Combine(oneOf("? ~ %"))

.venv/lib/python3.14/site-packages/edtf/parser/grammar.py:122
  /home/runner/work/test-zip-extract-repository/test-zip-extract-repository/workdir/tests/invenio-audit-logs/original/.venv/lib/python3.14/site-packages/edtf/parser/grammar.py:122: PyparsingDeprecationWarning: 'oneOf' deprecated - use 'one_of'
    seasonNumber = oneOf("21 22 23 24")

.venv/lib/python3.14/site-packages/edtf/parser/grammar.py:155
  /home/runner/work/test-zip-extract-repository/test-zip-extract-repository/workdir/tests/invenio-audit-logs/original/.venv/lib/python3.14/site-packages/edtf/parser/grammar.py:155: PyparsingDeprecationWarning: 'addParseAction' deprecated - use 'add_parse_action'
    l1Start.addParseAction(f)

.venv/lib/python3.14/site-packages/edtf/parser/grammar.py:157
  /home/runner/work/test-zip-extract-repository/test-zip-extract-repository/workdir/tests/invenio-audit-logs/original/.venv/lib/python3.14/site-packages/edtf/parser/grammar.py:157: PyparsingDeprecationWarning: 'addParseAction' deprecated - use 'add_parse_action'
    l1End.addParseAction(f)

.venv/lib/python3.14/site-packages/edtf/parser/grammar.py:199
  /home/runner/work/test-zip-extract-repository/test-zip-extract-repository/workdir/tests/invenio-audit-logs/original/.venv/lib/python3.14/site-packages/edtf/parser/grammar.py:199: PyparsingDeprecationWarning: 'oneOf' deprecated - use 'one_of'
    monthWithX = Combine(oneOf("0X 1X") ^ ("X" + digitOrX))("month")

.venv/lib/python3.14/site-packages/edtf/parser/grammar.py:303
.venv/lib/python3.14/site-packages/edtf/parser/grammar.py:303
  /home/runner/work/test-zip-extract-repository/test-zip-extract-repository/workdir/tests/invenio-audit-logs/original/.venv/lib/python3.14/site-packages/edtf/parser/grammar.py:303: PyparsingDeprecationWarning: 'addParseAction' deprecated - use 'add_parse_action'
    earlier = L("..").addParseAction(f)("lower") + date("upper").addParseAction(f)

.venv/lib/python3.14/site-packages/edtf/parser/grammar.py:304
.venv/lib/python3.14/site-packages/edtf/parser/grammar.py:304
  /home/runner/work/test-zip-extract-repository/test-zip-extract-repository/workdir/tests/invenio-audit-logs/original/.venv/lib/python3.14/site-packages/edtf/parser/grammar.py:304: PyparsingDeprecationWarning: 'addParseAction' deprecated - use 'add_parse_action'
    later = date("lower").addParseAction(f) + L("..").addParseAction(f)("upper")

.venv/lib/python3.14/site-packages/edtf/parser/grammar.py:325
  /home/runner/work/test-zip-extract-repository/test-zip-extract-repository/workdir/tests/invenio-audit-logs/original/.venv/lib/python3.14/site-packages/edtf/parser/grammar.py:325: PyparsingDeprecationWarning: 'oneOf' deprecated - use 'one_of'
    seasonL2Number = oneOf("21 22 23 24 25 26 27 28 29 30 31 32 33 34 35 36 37 38 39 40 41")

.venv/lib/python3.14/site-packages/invenio_records_resources/services/files/schema.py:154
  /home/runner/work/test-zip-extract-repository/test-zip-extract-repository/workdir/tests/invenio-audit-logs/original/.venv/lib/python3.14/site-packages/invenio_records_resources/services/files/schema.py:154: RemovedInMarshmallow4Warning: The 'default' argument to fields is deprecated. Use 'dump_default' instead.
    storage_class = Str(default="L", dump_only=False)

.venv/lib/python3.14/site-packages/invenio_records_resources/services/base/links.py:140
.venv/lib/python3.14/site-packages/invenio_records_resources/services/base/links.py:140
.venv/lib/python3.14/site-packages/invenio_records_resources/services/base/links.py:140
.venv/lib/python3.14/site-packages/invenio_records_resources/services/base/links.py:140
  /home/runner/work/test-zip-extract-repository/test-zip-extract-repository/workdir/tests/invenio-audit-logs/original/.venv/lib/python3.14/site-packages/invenio_records_resources/services/base/links.py:140: DeprecationWarning: Link is deprecated and will be removed in v14.0. Use `ExternalLink` for third-party links and `EndpointLink` for InvenioRDM links.
    warnings.warn(

tests/services/test_service.py::test_audit_log_create
tests/test_alembic.py::test_alembic
  /home/runner/work/test-zip-extract-repository/test-zip-extract-repository/workdir/tests/invenio-audit-logs/original/.venv/lib/python3.14/site-packages/invenio_rest/ext.py:29: FutureWarning: CSRF validation will be enabled by default in the version 1.3.x
    self.init_app(app)

tests/services/test_service.py::test_audit_log_create
tests/test_alembic.py::test_alembic
  /home/runner/work/test-zip-extract-repository/test-zip-extract-repository/workdir/tests/invenio-audit-logs/original/.venv/lib/python3.14/site-packages/flask_caching/__init__.py:145: DeprecationWarning: Using the initialization functions in flask_caching.backend is deprecated.  Use the a full path to backend classes directly.
    self._set_cache(app, config)

tests/services/test_service.py::test_audit_log_create
tests/services/test_service.py::test_audit_log_create_identity_mismatch
tests/services/test_service.py::test_audit_log_create_identity_mismatch
tests/services/test_service.py::test_audit_log_create_system_identity
tests/services/test_service.py::test_audit_log_create_system_identity
  /home/runner/work/test-zip-extract-repository/test-zip-extract-repository/workdir/tests/invenio-audit-logs/original/.venv/lib/python3.14/site-packages/sqlalchemy/sql/schema.py:3624: DeprecationWarning: datetime.datetime.utcnow() is deprecated and scheduled for removal in a future version. Use timezone-aware objects to represent datetimes in UTC: datetime.datetime.now(datetime.UTC).
    return util.wrap_callable(lambda ctx: fn(), fn)  # type: ignore

tests/services/test_service.py::test_audit_log_create
tests/services/test_service.py::test_audit_log_create_identity_mismatch
  /home/runner/work/test-zip-extract-repository/test-zip-extract-repository/workdir/tests/invenio-audit-logs/original/.venv/lib/python3.14/site-packages/flask_security/utils.py:77: DeprecationWarning: Remember me support has been removed.
    warnings.warn("Remember me support has been removed.", DeprecationWarning)

tests/services/test_service.py::test_audit_log_create
tests/services/test_service.py::test_audit_log_create_identity_mismatch
  /home/runner/work/test-zip-extract-repository/test-zip-extract-repository/workdir/tests/invenio-audit-logs/original/.venv/lib/python3.14/site-packages/flask_security/utils.py:87: DeprecationWarning: datetime.datetime.utcnow() is deprecated and scheduled for removal in a future version. Use timezone-aware objects to represent datetimes in UTC: datetime.datetime.now(datetime.UTC).
    _security.datetime_factory(),

tests/services/test_service.py::test_audit_log_create
tests/services/test_service.py::test_audit_log_create_identity_mismatch
  /home/runner/work/test-zip-extract-repository/test-zip-extract-repository/workdir/tests/invenio-audit-logs/original/.venv/lib/python3.14/site-packages/sqlalchemy_utils/models.py:33: DeprecationWarning: datetime.datetime.utcnow() is deprecated and scheduled for removal in a future version. Use timezone-aware objects to represent datetimes in UTC: datetime.datetime.now(datetime.UTC).
    target.updated = datetime.utcnow()

tests/services/test_service.py::test_audit_log_create
tests/services/test_service.py::test_audit_log_create_identity_mismatch
  /home/runner/work/test-zip-extract-repository/test-zip-extract-repository/workdir/tests/invenio-audit-logs/original/.venv/lib/python3.14/site-packages/flask_kvsession/__init__.py:39: DeprecationWarning: datetime.datetime.utcnow() is deprecated and scheduled for removal in a future version. Use timezone-aware objects to represent datetimes in UTC: datetime.datetime.now(datetime.UTC).
    created = datetime.utcnow()

tests/services/test_service.py::test_audit_log_create
tests/services/test_service.py::test_audit_log_create_system_identity
  /home/runner/work/test-zip-extract-repository/test-zip-extract-repository/workdir/tests/invenio-audit-logs/original/invenio_audit_logs/services/service.py:38: DeprecationWarning: datetime.datetime.utcnow() is deprecated and scheduled for removal in a future version. Use timezone-aware objects to represent datetimes in UTC: datetime.datetime.now(datetime.UTC).
    data["created"] = datetime.utcnow().isoformat()

tests/services/test_service.py::test_audit_log_create
tests/services/test_service.py::test_audit_log_create_system_identity
  /home/runner/work/test-zip-extract-repository/test-zip-extract-repository/workdir/tests/invenio-audit-logs/original/.venv/lib/python3.14/site-packages/invenio_records_resources/services/records/schema.py:90: RemovedInMarshmallow4Warning: The `context` parameter is deprecated and will be removed in marshmallow 4.0. Use `contextvars.ContextVar` to pass context instead.
    valid_data = self.schema(context=context, **schema_args).load(data)

tests/services/test_service.py::test_audit_log_create
tests/services/test_service.py::test_audit_log_create_system_identity
tests/services/test_service.py::test_audit_log_create_system_identity
tests/services/test_service.py::test_audit_log_create_system_identity
tests/services/test_service.py::test_audit_log_create_system_identity
tests/services/test_service.py::test_audit_log_create_system_identity
  /home/runner/work/test-zip-extract-repository/test-zip-extract-repository/workdir/tests/invenio-audit-logs/original/.venv/lib/python3.14/site-packages/marshmallow/fields.py:631: RemovedInMarshmallow4Warning: The `context` parameter is deprecated and will be removed in marshmallow 4.0. Use `contextvars.ContextVar` to pass context instead.
    self._schema = schema_class(

tests/services/test_service.py::test_audit_log_create
tests/services/test_service.py::test_audit_log_create_system_identity
  /home/runner/work/test-zip-extract-repository/test-zip-extract-repository/workdir/tests/invenio-audit-logs/original/.venv/lib/python3.14/site-packages/invenio_records/models.py:44: DeprecationWarning: datetime.datetime.utcnow() is deprecated and scheduled for removal in a future version. Use timezone-aware objects to represent datetimes in UTC: datetime.datetime.now(datetime.UTC).
    target.updated = datetime.utcnow()

tests/services/test_service.py::test_audit_log_create
tests/services/test_service.py::test_audit_log_create_system_identity
  /home/runner/work/test-zip-extract-repository/test-zip-extract-repository/workdir/tests/invenio-audit-logs/original/.venv/lib/python3.14/site-packages/invenio_records_resources/services/records/schema.py:105: RemovedInMarshmallow4Warning: The `context` parameter is deprecated and will be removed in marshmallow 4.0. Use `contextvars.ContextVar` to pass context instead.
    return self.schema(context=context, **schema_args).dump(data)

tests/test_alembic.py::test_alembic
  /home/runner/work/test-zip-extract-repository/test-zip-extract-repository/workdir/tests/invenio-audit-logs/original/.venv/lib/python3.14/site-packages/alembic/config.py:580: DeprecationWarning: No path_separator found in configuration; falling back to legacy splitting on spaces/commas for version_locations.  Consider adding path_separator=os to Alembic config.
    util.warn_deprecated(

tests/test_alembic.py::test_alembic
  /home/runner/work/test-zip-extract-repository/test-zip-extract-repository/workdir/tests/invenio-audit-logs/original/.venv/lib/python3.14/site-packages/alembic/ddl/postgresql.py:202: UserWarning: autoincrement and existing_autoincrement only make sense for MySQL
    super().alter_column(

tests/test_alembic.py::test_alembic
  /home/runner/work/test-zip-extract-repository/test-zip-extract-repository/workdir/tests/invenio-audit-logs/original/.venv/lib/python3.14/site-packages/invenio_accounts/alembic/9848d0149abd_create_accounts_tables.py:99: SADeprecationWarning: The from_engine() method on Inspector is deprecated and will be removed in a future release.  Please use the sqlalchemy.inspect() function on an Engine or Connection in order to acquire an Inspector. (deprecated since: 1.4)
    insp = Inspector.from_engine(ctx.connection.engine)

-- Docs: https://docs.pytest.org/en/stable/how-to/capture-warnings.html
================================ tests coverage ================================
_______________ coverage: platform linux, python 3.14.2-final-0 ________________

Name                                                                Stmts   Miss  Cover   Missing
-------------------------------------------------------------------------------------------------
invenio_audit_logs/__init__.py                                          3      0   100%
invenio_audit_logs/alembic/1743073617_create_audit_logs_branch.py      10      0   100%
invenio_audit_logs/alembic/1743073720_create_audit_logs_table.py       12      0   100%
invenio_audit_logs/config.py                                           11      0   100%
invenio_audit_logs/ext.py                                              28      0   100%
invenio_audit_logs/proxies.py                                           8      0   100%
invenio_audit_logs/records/__init__.py                                  2      0   100%
invenio_audit_logs/records/api.py                                      21      0   100%
invenio_audit_logs/records/mappings/__init__.py                         0      0   100%
invenio_audit_logs/records/mappings/templates/__init__.py               0      0   100%
invenio_audit_logs/records/mappings/templates/os-v1/__init__.py         0      0   100%
invenio_audit_logs/records/mappings/templates/os-v2/__init__.py         0      0   100%
invenio_audit_logs/records/models.py                                    9      0   100%
invenio_audit_logs/records/systemfields/__init__.py                     2      0   100%
invenio_audit_logs/records/systemfields/action.py                      45     11    76%   26, 36-38, 42-44, 50, 54, 79-80
invenio_audit_logs/resources/__init__.py                                3      0   100%
invenio_audit_logs/resources/config.py                                 16      0   100%
invenio_audit_logs/resources/resource.py                               26      4    85%   52-57, 64-68
invenio_audit_logs/services/__init__.py                                 6      0   100%
invenio_audit_logs/services/action.py                                  22      6    73%   28, 41-42, 46, 51, 55
invenio_audit_logs/services/config.py                                  40      0   100%
invenio_audit_logs/services/permissions.py                              9      0   100%
invenio_audit_logs/services/results.py                                 51     19    63%   68-70, 77-80, 85-96, 100-115
invenio_audit_logs/services/schema.py                                  48      5    90%   105, 115, 188-191
invenio_audit_logs/services/service.py                                 20      1    95%   33
invenio_audit_logs/services/uow.py                                     15      0   100%
invenio_audit_logs/views.py                                             5      0   100%
-------------------------------------------------------------------------------------------------
TOTAL                                                                 412     46    89%
======================== 7 passed, 90 warnings in 7.14s ========================
 Container docker_services_cli-opensearch-1  Stopping
 Container docker_services_cli-redis-1  Stopping
 Container docker_services_cli-postgresql-1  Stopping
 Container docker_services_cli-rabbitmq-1  Stopping
 Container docker_services_cli-redis-1  Stopped
 Container docker_services_cli-redis-1  Removing
 Container docker_services_cli-postgresql-1  Stopped
 Container docker_services_cli-postgresql-1  Removing
 Container docker_services_cli-redis-1  Removed
 Container docker_services_cli-postgresql-1  Removed
 Container docker_services_cli-opensearch-1  Stopped
 Container docker_services_cli-opensearch-1  Removing
 Container docker_services_cli-opensearch-1  Removed
 Container docker_services_cli-rabbitmq-1  Stopped
 Container docker_services_cli-rabbitmq-1  Removing
 Container docker_services_cli-rabbitmq-1  Removed
 Network docker_services_cli_default  Removing
 Network docker_services_cli_default  Removed
