 redis Pulling 
 opensearch Pulling 
 postgresql Pulling 
 rabbitmq Pulling 
 2e81b9cb93cd Pulling fs layer 
 648eb81b3252 Pulling fs layer 
 eb77aa907276 Pulling fs layer 
 0ffa8f8aba1e Pulling fs layer 
 f9dd052e142d Pulling fs layer 
 e8c6d4883897 Pulling fs layer 
 4f4fb700ef54 Pulling fs layer 
 4f4fb700ef54 Already exists 
 cb628c265f09 Pulling fs layer 
 dda3d8fbd5ed Pulling fs layer 
 873532e5f8c7 Pulling fs layer 
 283a477db7bb Pulling fs layer 
 050d9f8c3b1c Pulling fs layer 
 f8406d9c00ea Pulling fs layer 
 710e142705f8 Pulling fs layer 
 ae3bb1b347a4 Pulling fs layer 
 c1cb13b19080 Pulling fs layer 
 91d2729fa4d5 Pulling fs layer 
 c199bff16b05 Pulling fs layer 
 9739ced65621 Pulling fs layer 
 e0d55fdb4d15 Pulling fs layer 
 b0a0cf830b12 Pulling fs layer 
 efa05c660812 Pulling fs layer 
 20043066d3d5 Pulling fs layer 
 14e6209d5fa8 Pulling fs layer 
 beb0d870d438 Pulling fs layer 
 7084ac8f4ab6 Pulling fs layer 
 5e1c03b67a78 Pulling fs layer 
 d63c4408fdb7 Pulling fs layer 
 3fadc669ef11 Pulling fs layer 
 f4e7f62f4b80 Pulling fs layer 
 d686b50ce172 Pulling fs layer 
 7b28be0c8c4d Pulling fs layer 
 bbf018d6d4b8 Pulling fs layer 
 22dca8215bc4 Pulling fs layer 
 4831516dd0cb Pulling fs layer 
 4f4fb700ef54 Pulling fs layer 
 47a60771af96 Pulling fs layer 
 c5761dea9b0e Pulling fs layer 
 edcaff0d5e7e Pulling fs layer 
 dda3d8fbd5ed Download complete 
 4f4fb700ef54 Already exists 
 eb77aa907276 Downloading [>                                                  ]  1.049MB/907.7MB
 648eb81b3252 Download complete 
 eb77aa907276 Downloading [>                                                  ]   7.34MB/907.7MB
 0ffa8f8aba1e Download complete 
 b0a0cf830b12 Downloading [==============>                                    ]  8.389MB/29.15MB
 7b28be0c8c4d Download complete 
 c5761dea9b0e Downloading [==================================================>]     573B/573B
 f8406d9c00ea Download complete 
 2e81b9cb93cd Download complete 
 ae3bb1b347a4 Downloading [==================================================>]  1.196MB/1.196MB
 14e6209d5fa8 Download complete 
 beb0d870d438 Download complete 
 91d2729fa4d5 Download complete 
 7084ac8f4ab6 Downloading [=======>                                           ]  1.049MB/7.468MB
 283a477db7bb Download complete 
 050d9f8c3b1c Download complete 
 710e142705f8 Download complete 
 cb628c265f09 Download complete 
 c1cb13b19080 Downloading [==================================================>]  9.925kB/9.925kB
 873532e5f8c7 Download complete 
 9739ced65621 Downloading [============>                                      ]  2.097MB/8.069MB
 c199bff16b05 Download complete 
 d686b50ce172 Downloading [====>                                              ]  1.049MB/12.47MB
 20043066d3d5 Downloading [=>                                                 ]  1.049MB/29.72MB
 5e1c03b67a78 Downloading [==================================================>]     620B/620B
 7084ac8f4ab6 Downloading [==============>                                    ]  2.097MB/7.468MB
 f4e7f62f4b80 Downloading [==================================================>]     109B/109B
 d63c4408fdb7 Downloading [==>                                                ]  1.049MB/21.31MB
 eb77aa907276 Downloading [>                                                  ]  8.389MB/907.7MB
 f9dd052e142d Downloading [=>                                                 ]  1.049MB/52.33MB
 e8c6d4883897 Downloading [===========>                                       ]  1.049MB/4.398MB
 7ec4c696b8bb Downloading [==================================================>]  11.09kB/11.09kB
 16ef6b12768c Downloading [================>                                  ]  1.049MB/3.088MB
 c5761dea9b0e Download complete 
 bbf018d6d4b8 Downloading [==================================================>]      97B/97B
 4831516dd0cb Downloading [=>                                                 ]  1.049MB/28.23MB
 47a60771af96 Downloading [==================================================>]  1.105kB/1.105kB
 22dca8215bc4 Downloading [===>                                               ]  1.049MB/15.35MB
 e0d55fdb4d15 Downloading [>                                                  ]  2.097MB/109MB
 56b5e4f0933d Downloading [==================================================>]  55.24kB/55.24kB
 c1cb13b19080 Download complete 
 9739ced65621 Downloading [================================>                  ]  5.243MB/8.069MB
 5682dec5b749 Downloading [==================>                                ]  2.097MB/5.719MB
 b0a0cf830b12 Downloading [=================>                                 ]  10.49MB/29.15MB
 ae3bb1b347a4 Download complete 
 e0d55fdb4d15 Downloading [==>                                                ]  5.243MB/109MB
 eb77aa907276 Downloading [>                                                  ]  12.58MB/907.7MB
 f9dd052e142d Downloading [=====>                                             ]  5.243MB/52.33MB
 56b5e4f0933d Download complete 
 9739ced65621 Downloading [==================================================>]  8.069MB/8.069MB
 5682dec5b749 Downloading [=============================================>     ]  5.243MB/5.719MB
 b0a0cf830b12 Downloading [=======================>                           ]  13.63MB/29.15MB
 e8c6d4883897 Download complete 
 47a60771af96 Download complete 
 22dca8215bc4 Downloading [=================>                                 ]  5.243MB/15.35MB
 7ec4c696b8bb Download complete 
 e7da101a9486 Download complete 
 edcaff0d5e7e Downloading [====================================>              ]  1.049MB/1.438MB
 16ef6b12768c Download complete 
 d686b50ce172 Downloading [============>                                      ]  3.146MB/12.47MB
 bbf018d6d4b8 Download complete 
 4831516dd0cb Downloading [==========>                                        ]  5.956MB/28.23MB
 efa05c660812 Download complete 
 3fadc669ef11 Downloading [====>                                              ]  4.194MB/43.48MB
 20043066d3d5 Downloading [========>                                          ]  5.243MB/29.72MB
 5e1c03b67a78 Download complete 
 7084ac8f4ab6 Downloading [==========================================>        ]  6.291MB/7.468MB
 f4e7f62f4b80 Download complete 
 d63c4408fdb7 Downloading [===========>                                       ]  4.714MB/21.31MB
 eb77aa907276 Downloading [>                                                  ]  17.83MB/907.7MB
 f9dd052e142d Downloading [==========>                                        ]  10.49MB/52.33MB
 d686b50ce172 Downloading [============>                                      ]  3.146MB/12.47MB
 3fadc669ef11 Downloading [==========>                                        ]  9.437MB/43.48MB
 20043066d3d5 Downloading [=================>                                 ]  10.49MB/29.72MB
 7084ac8f4ab6 Download complete 
 d63c4408fdb7 Downloading [===========================>                       ]  11.53MB/21.31MB
 edcaff0d5e7e Download complete 
 4831516dd0cb Downloading [====================>                              ]  11.53MB/28.23MB
 22dca8215bc4 Downloading [=====================================>             ]  11.53MB/15.35MB
 9739ced65621 Download complete 
 c4cc93acbec6 Download complete 
 5682dec5b749 Download complete 
 b0a0cf830b12 Downloading [================================>                  ]  18.87MB/29.15MB
 e0d55fdb4d15 Downloading [====>                                              ]  9.437MB/109MB
 f9dd052e142d Downloading [=====================>                             ]  22.02MB/52.33MB
 eb77aa907276 Downloading [=>                                                 ]  25.17MB/907.7MB
 3fadc669ef11 Downloading [===================>                               ]  16.78MB/43.48MB
 22dca8215bc4 Download complete 
 4831516dd0cb Downloading [========================>                          ]  13.63MB/28.23MB
 20043066d3d5 Downloading [============================>                      ]  16.78MB/29.72MB
 d63c4408fdb7 Downloading [==================================>                ]  14.68MB/21.31MB
 d686b50ce172 Downloading [=====================>                             ]  5.243MB/12.47MB
 e0d55fdb4d15 Downloading [=====>                                             ]  12.58MB/109MB
 b0a0cf830b12 Downloading [==================================================>]  29.15MB/29.15MB
 4831516dd0cb Downloading [=============================>                     ]  16.78MB/28.23MB
 eb77aa907276 Downloading [==>                                                ]  37.75MB/907.7MB
 f9dd052e142d Downloading [==========================>                        ]  27.26MB/52.33MB
 b0a0cf830b12 Download complete 
 e0d55fdb4d15 Downloading [=======>                                           ]  15.73MB/109MB
 d686b50ce172 Downloading [=============================>                     ]   7.34MB/12.47MB
 3fadc669ef11 Downloading [===============================>                   ]  27.26MB/43.48MB
 20043066d3d5 Downloading [===================================>               ]  20.97MB/29.72MB
 d63c4408fdb7 Downloading [=========================================>         ]  17.83MB/21.31MB
 b0a0cf830b12 Extracting 1 s
 4831516dd0cb Downloading [===================================>               ]  19.92MB/28.23MB
 f9dd052e142d Downloading [=================================>                 ]   34.6MB/52.33MB
 eb77aa907276 Downloading [==>                                                ]  48.23MB/907.7MB
 e0d55fdb4d15 Downloading [=========>                                         ]  20.97MB/109MB
 d63c4408fdb7 Download complete 
 d686b50ce172 Downloading [==============================================>    ]  11.53MB/12.47MB
 3fadc669ef11 Downloading [==================================>                ]  30.41MB/43.48MB
 20043066d3d5 Downloading [===================================>               ]  20.97MB/29.72MB
 b0a0cf830b12 Extracting 1 s
 e0d55fdb4d15 Downloading [=============>                                     ]  30.41MB/109MB
 4831516dd0cb Downloading [=========================================>         ]  23.68MB/28.23MB
 eb77aa907276 Downloading [===>                                               ]  54.53MB/907.7MB
 f9dd052e142d Downloading [===================================>               ]   36.7MB/52.33MB
 d686b50ce172 Download complete 
 3fadc669ef11 Downloading [=====================================>             ]  32.51MB/43.48MB
 20043066d3d5 Downloading [===================================>               ]  20.97MB/29.72MB
 b0a0cf830b12 Extracting 1 s
 eb77aa907276 Downloading [===>                                               ]  63.96MB/907.7MB
 f9dd052e142d Downloading [=====================================>             ]   38.8MB/52.33MB
 3fadc669ef11 Downloading [===========================================>       ]  37.75MB/43.48MB
 20043066d3d5 Downloading [=============================================>     ]  27.26MB/29.72MB
 4831516dd0cb Download complete 
 e0d55fdb4d15 Downloading [=================>                                 ]   38.8MB/109MB
 4831516dd0cb Extracting 1 s
 b0a0cf830b12 Extracting 1 s
 f9dd052e142d Downloading [=======================================>           ]  40.89MB/52.33MB
 eb77aa907276 Downloading [====>                                              ]  76.55MB/907.7MB
 e0d55fdb4d15 Downloading [=====================>                             ]  47.19MB/109MB
 3fadc669ef11 Downloading [===============================================>   ]  40.89MB/43.48MB
 20043066d3d5 Download complete 
 20043066d3d5 Extracting 1 s
 4831516dd0cb Extracting 1 s
 b0a0cf830b12 Extracting 1 s
 eb77aa907276 Downloading [=====>                                             ]  91.23MB/907.7MB
 f9dd052e142d Downloading [=========================================>         ]  42.99MB/52.33MB
 3fadc669ef11 Download complete 
 e0d55fdb4d15 Downloading [======================>                            ]  49.28MB/109MB
 4831516dd0cb Extracting 1 s
 20043066d3d5 Extracting 1 s
 b0a0cf830b12 Extracting 1 s
 eb77aa907276 Downloading [=====>                                             ]  102.8MB/907.7MB
 f9dd052e142d Downloading [============================================>      ]  46.14MB/52.33MB
 e0d55fdb4d15 Downloading [=======================>                           ]  51.38MB/109MB
 20043066d3d5 Extracting 1 s
 4831516dd0cb Extracting 1 s
 b0a0cf830b12 Extracting 1 s
 eb77aa907276 Downloading [=====>                                             ]  105.9MB/907.7MB
 f9dd052e142d Downloading [================================================>  ]  50.33MB/52.33MB
 e0d55fdb4d15 Downloading [=======================>                           ]  51.38MB/109MB
 20043066d3d5 Extracting 1 s
 4831516dd0cb Extracting 1 s
 b0a0cf830b12 Extracting 1 s
 eb77aa907276 Downloading [======>                                            ]  109.1MB/907.7MB
 f9dd052e142d Download complete 
 e0d55fdb4d15 Downloading [========================>                          ]  53.48MB/109MB
 f9dd052e142d Extracting 1 s
 4831516dd0cb Extracting 1 s
 20043066d3d5 Extracting 1 s
 b0a0cf830b12 Extracting 1 s
 eb77aa907276 Downloading [======>                                            ]  119.5MB/907.7MB
 e0d55fdb4d15 Downloading [=========================>                         ]  54.53MB/109MB
 f9dd052e142d Extracting 1 s
 4831516dd0cb Extracting 1 s
 20043066d3d5 Extracting 1 s
 b0a0cf830b12 Extracting 1 s
 eb77aa907276 Downloading [=======>                                           ]  131.1MB/907.7MB
 e0d55fdb4d15 Downloading [=========================>                         ]  54.53MB/109MB
 f9dd052e142d Extracting 1 s
 4831516dd0cb Extracting 1 s
 20043066d3d5 Extracting 1 s
 b0a0cf830b12 Extracting 1 s
 eb77aa907276 Downloading [=======>                                           ]  143.7MB/907.7MB
 e0d55fdb4d15 Downloading [=========================>                         ]  54.53MB/109MB
 f9dd052e142d Extracting 1 s
 4831516dd0cb Extracting 1 s
 20043066d3d5 Extracting 1 s
 b0a0cf830b12 Extracting 2 s
 eb77aa907276 Downloading [========>                                          ]  156.2MB/907.7MB
 e0d55fdb4d15 Downloading [=========================>                         ]  55.57MB/109MB
 f9dd052e142d Extracting 1 s
 20043066d3d5 Extracting 1 s
 4831516dd0cb Extracting 1 s
 b0a0cf830b12 Extracting 2 s
 e0d55fdb4d15 Downloading [=========================>                         ]  56.62MB/109MB
 eb77aa907276 Downloading [=========>                                         ]  166.7MB/907.7MB
 f9dd052e142d Extracting 1 s
 20043066d3d5 Extracting 1 s
 4831516dd0cb Extracting 1 s
 b0a0cf830b12 Extracting 2 s
 eb77aa907276 Downloading [=========>                                         ]  178.3MB/907.7MB
 e0d55fdb4d15 Downloading [=========================>                         ]  56.62MB/109MB
 f9dd052e142d Extracting 1 s
 4831516dd0cb Extracting 2 s
 20043066d3d5 Extracting 2 s
 b0a0cf830b12 Extracting 2 s
 eb77aa907276 Downloading [==========>                                        ]  186.6MB/907.7MB
 e0d55fdb4d15 Downloading [=========================>                         ]  56.62MB/109MB
 f9dd052e142d Extracting 1 s
 20043066d3d5 Extracting 2 s
 4831516dd0cb Extracting 2 s
 b0a0cf830b12 Extracting 2 s
 eb77aa907276 Downloading [==========>                                        ]    195MB/907.7MB
 e0d55fdb4d15 Downloading [=========================>                         ]  56.62MB/109MB
 f9dd052e142d Extracting 1 s
 4831516dd0cb Extracting 2 s
 20043066d3d5 Extracting 2 s
 b0a0cf830b12 Extracting 2 s
 e0d55fdb4d15 Downloading [==========================>                        ]  57.67MB/109MB
 eb77aa907276 Downloading [===========>                                       ]  202.7MB/907.7MB
 dda3d8fbd5ed Pull complete 
 f9dd052e142d Extracting 1 s
 283a477db7bb Extracting 1 s
 4831516dd0cb Extracting 2 s
 20043066d3d5 Extracting 2 s
 b0a0cf830b12 Pull complete 
 e0d55fdb4d15 Downloading [==========================>                        ]  57.67MB/109MB
 eb77aa907276 Downloading [===========>                                       ]  210.8MB/907.7MB
 283a477db7bb Extracting 1 s
 f9dd052e142d Extracting 1 s
 20043066d3d5 Extracting 2 s
 4831516dd0cb Extracting 2 s
 eb77aa907276 Downloading [============>                                      ]  219.2MB/907.7MB
 e0d55fdb4d15 Downloading [==========================>                        ]  58.72MB/109MB
 91d2729fa4d5 Extracting 1 s
 283a477db7bb Pull complete 
 f9dd052e142d Extracting 2 s
 20043066d3d5 Extracting 2 s
 4831516dd0cb Extracting 2 s
 eb77aa907276 Downloading [============>                                      ]  228.6MB/907.7MB
 e0d55fdb4d15 Downloading [===========================>                       ]  59.77MB/109MB
 91d2729fa4d5 Pull complete 
 f9dd052e142d Extracting 2 s
 4831516dd0cb Extracting 2 s
 20043066d3d5 Extracting 2 s
 9739ced65621 Extracting 1 s
 e0d55fdb4d15 Downloading [===========================>                       ]  60.82MB/109MB
 eb77aa907276 Downloading [=============>                                     ]  243.3MB/907.7MB
 f9dd052e142d Extracting 2 s
 9739ced65621 Extracting 1 s
 20043066d3d5 Extracting 2 s
 4831516dd0cb Extracting 2 s
 eb77aa907276 Downloading [==============>                                    ]  255.9MB/907.7MB
 e0d55fdb4d15 Downloading [=============================>                     ]  65.01MB/109MB
 47a60771af96 Pull complete 
 f9dd052e142d Extracting 2 s
 4831516dd0cb Pull complete 
 20043066d3d5 Pull complete 
 9739ced65621 Extracting 1 s
 3fadc669ef11 Extracting 1 s
 eb77aa907276 Downloading [==============>                                    ]  270.5MB/907.7MB
 7b28be0c8c4d Pull complete 
 e0d55fdb4d15 Downloading [==============================>                    ]  67.11MB/109MB
 f9dd052e142d Extracting 2 s
 3fadc669ef11 Extracting 1 s
 9739ced65621 Extracting 1 s
 eb77aa907276 Downloading [===============>                                   ]  282.5MB/907.7MB
 e0d55fdb4d15 Downloading [================================>                  ]  70.25MB/109MB
 edcaff0d5e7e Pull complete 
 f9dd052e142d Extracting 2 s
 22dca8215bc4 Extracting 1 s
 9739ced65621 Extracting 1 s
 3fadc669ef11 Extracting 1 s
 eb77aa907276 Downloading [================>                                  ]  298.8MB/907.7MB
 e0d55fdb4d15 Downloading [=================================>                 ]  72.35MB/109MB
 22dca8215bc4 Extracting 1 s
 f9dd052e142d Extracting 2 s
 9739ced65621 Extracting 1 s
 3fadc669ef11 Extracting 1 s
 eb77aa907276 Downloading [=================>                                 ]  311.4MB/907.7MB
 e0d55fdb4d15 Downloading [==================================>                ]   75.5MB/109MB
 22dca8215bc4 Extracting 1 s
 f9dd052e142d Extracting 2 s
 3fadc669ef11 Extracting 1 s
 ae3bb1b347a4 Extracting 1 s
 9739ced65621 Pull complete 
 eb77aa907276 Downloading [=================>                                 ]  319.8MB/907.7MB
 e0d55fdb4d15 Downloading [=====================================>             ]  81.79MB/109MB
 22dca8215bc4 Extracting 1 s
 f9dd052e142d Extracting 2 s
 ae3bb1b347a4 Pull complete 
 3fadc669ef11 Extracting 1 s
 eb77aa907276 Downloading [==================>                                ]  334.5MB/907.7MB
 e0d55fdb4d15 Downloading [======================================>            ]  83.89MB/109MB
 f8406d9c00ea Pull complete 
 22dca8215bc4 Extracting 1 s
 f9dd052e142d Extracting 3 s
 c199bff16b05 Pull complete 
 3fadc669ef11 Extracting 1 s
 eb77aa907276 Downloading [===================>                               ]  350.2MB/907.7MB
 e0d55fdb4d15 Downloading [=======================================>           ]  85.98MB/109MB
 22dca8215bc4 Extracting 1 s
 f9dd052e142d Extracting 3 s
 3fadc669ef11 Extracting 1 s
 eb77aa907276 Downloading [====================>                              ]    366MB/907.7MB
 4f4fb700ef54 Pull complete 
 e0d55fdb4d15 Downloading [=========================================>         ]  90.18MB/109MB
 bbf018d6d4b8 Pull complete 
 22dca8215bc4 Pull complete 
 f9dd052e142d Extracting 3 s
 3fadc669ef11 Extracting 1 s
 c5761dea9b0e Pull complete 
 redis Pulled 
 e0d55fdb4d15 Downloading [===========================================>       ]  94.37MB/109MB
 eb77aa907276 Downloading [====================>                              ]  380.9MB/907.7MB
 f9dd052e142d Extracting 3 s
 3fadc669ef11 Extracting 1 s
 e0d55fdb4d15 Downloading [=============================================>     ]  98.57MB/109MB
 eb77aa907276 Downloading [=====================>                             ]  394.3MB/907.7MB
 f9dd052e142d Extracting 3 s
 3fadc669ef11 Extracting 1 s
 e0d55fdb4d15 Downloading [================================================>  ]  105.9MB/109MB
 eb77aa907276 Downloading [======================>                            ]  408.9MB/907.7MB
 f9dd052e142d Extracting 3 s
 3fadc669ef11 Extracting 2 s
 eb77aa907276 Downloading [======================>                            ]  415.2MB/907.7MB
 e0d55fdb4d15 Download complete 
 f9dd052e142d Extracting 3 s
 e0d55fdb4d15 Extracting 1 s
 3fadc669ef11 Extracting 2 s
 eb77aa907276 Downloading [=======================>                           ]  421.5MB/907.7MB
 f9dd052e142d Extracting 3 s
 7084ac8f4ab6 Extracting 1 s
 3fadc669ef11 Pull complete 
 e0d55fdb4d15 Extracting 1 s
 eb77aa907276 Downloading [=======================>                           ]  428.9MB/907.7MB
 f9dd052e142d Extracting 3 s
 e0d55fdb4d15 Extracting 1 s
 7084ac8f4ab6 Extracting 1 s
 eb77aa907276 Downloading [=======================>                           ]  433.1MB/907.7MB
 e0d55fdb4d15 Extracting 1 s
 f9dd052e142d Extracting 3 s
 7084ac8f4ab6 Pull complete 
 eb77aa907276 Downloading [========================>                          ]  441.5MB/907.7MB
 beb0d870d438 Pull complete 
 f9dd052e142d Extracting 3 s
 d63c4408fdb7 Extracting 1 s
 e0d55fdb4d15 Extracting 1 s
 eb77aa907276 Downloading [========================>                          ]  444.6MB/907.7MB
 d63c4408fdb7 Extracting 1 s
 e0d55fdb4d15 Extracting 1 s
 f9dd052e142d Extracting 4 s
 eb77aa907276 Downloading [=========================>                         ]  455.1MB/907.7MB
 d63c4408fdb7 Extracting 1 s
 e0d55fdb4d15 Extracting 1 s
 f9dd052e142d Extracting 4 s
 eb77aa907276 Downloading [=========================>                         ]  468.7MB/907.7MB
 e0d55fdb4d15 Extracting 1 s
 d63c4408fdb7 Extracting 1 s
 f9dd052e142d Extracting 4 s
 eb77aa907276 Downloading [=========================>                         ]  468.7MB/907.7MB
 d63c4408fdb7 Extracting 1 s
 e0d55fdb4d15 Extracting 1 s
 e8c6d4883897 Extracting 1 s
 f9dd052e142d Pull complete 
 eb77aa907276 Downloading [=========================>                         ]  469.8MB/907.7MB
 d63c4408fdb7 Extracting 1 s
 e0d55fdb4d15 Extracting 1 s
 e8c6d4883897 Extracting 1 s
 eb77aa907276 Downloading [==========================>                        ]    474MB/907.7MB
 e8c6d4883897 Extracting 1 s
 d63c4408fdb7 Extracting 1 s
 e0d55fdb4d15 Extracting 2 s
 eb77aa907276 Downloading [==========================>                        ]  476.1MB/907.7MB
 648eb81b3252 Pull complete 
 e8c6d4883897 Pull complete 
 d63c4408fdb7 Extracting 1 s
 e0d55fdb4d15 Extracting 2 s
 eb77aa907276 Downloading [==========================>                        ]  477.1MB/907.7MB
 d63c4408fdb7 Extracting 1 s
 e0d55fdb4d15 Extracting 2 s
 eb77aa907276 Downloading [==========================>                        ]  479.2MB/907.7MB
 14e6209d5fa8 Pull complete 
 efa05c660812 Pull complete 
 5e1c03b67a78 Pull complete 
 f4e7f62f4b80 Pull complete 
 d63c4408fdb7 Pull complete 
 e0d55fdb4d15 Extracting 2 s
 d686b50ce172 Extracting 1 s
 eb77aa907276 Downloading [==========================>                        ]  486.5MB/907.7MB
 d686b50ce172 Extracting 1 s
 e0d55fdb4d15 Extracting 2 s
 eb77aa907276 Downloading [===========================>                       ]  498.1MB/907.7MB
 d686b50ce172 Extracting 1 s
 e0d55fdb4d15 Extracting 2 s
 eb77aa907276 Downloading [============================>                      ]  510.7MB/907.7MB
 d686b50ce172 Extracting 1 s
 e0d55fdb4d15 Extracting 2 s
 eb77aa907276 Downloading [============================>                      ]  522.7MB/907.7MB
 d686b50ce172 Extracting 1 s
 e0d55fdb4d15 Extracting 2 s
 d686b50ce172 Pull complete 
 rabbitmq Pulled 
 eb77aa907276 Downloading [=============================>                     ]  533.7MB/907.7MB
 e0d55fdb4d15 Extracting 2 s
 eb77aa907276 Downloading [=============================>                     ]  535.8MB/907.7MB
 e0d55fdb4d15 Extracting 2 s
 eb77aa907276 Downloading [=============================>                     ]  537.9MB/907.7MB
 e0d55fdb4d15 Extracting 3 s
 eb77aa907276 Downloading [=============================>                     ]  541.1MB/907.7MB
 e0d55fdb4d15 Extracting 3 s
 eb77aa907276 Downloading [=============================>                     ]  543.2MB/907.7MB
 e0d55fdb4d15 Extracting 3 s
 eb77aa907276 Downloading [==============================>                    ]  546.3MB/907.7MB
 e0d55fdb4d15 Extracting 3 s
 eb77aa907276 Downloading [==============================>                    ]  548.4MB/907.7MB
 e0d55fdb4d15 Extracting 3 s
 eb77aa907276 Downloading [==============================>                    ]  549.5MB/907.7MB
 e0d55fdb4d15 Extracting 3 s
 eb77aa907276 Downloading [==============================>                    ]  549.5MB/907.7MB
 c1cb13b19080 Pull complete 
 e0d55fdb4d15 Pull complete 
 050d9f8c3b1c Pull complete 
 710e142705f8 Pull complete 
 cb628c265f09 Pull complete 
 873532e5f8c7 Pull complete 
 postgresql Pulled 
 eb77aa907276 Downloading [==============================>                    ]  551.6MB/907.7MB
 eb77aa907276 Downloading [==============================>                    ]  555.7MB/907.7MB
 eb77aa907276 Downloading [===============================>                   ]  563.1MB/907.7MB
 eb77aa907276 Downloading [===============================>                   ]  572.7MB/907.7MB
 eb77aa907276 Downloading [================================>                  ]  588.3MB/907.7MB
 eb77aa907276 Downloading [================================>                  ]  595.6MB/907.7MB
 eb77aa907276 Downloading [=================================>                 ]    605MB/907.7MB
 eb77aa907276 Downloading [==================================>                ]  621.8MB/907.7MB
 eb77aa907276 Downloading [==================================>                ]  631.2MB/907.7MB
 eb77aa907276 Downloading [===================================>               ]  644.9MB/907.7MB
 eb77aa907276 Downloading [===================================>               ]  649.1MB/907.7MB
 eb77aa907276 Downloading [===================================>               ]  653.3MB/907.7MB
 eb77aa907276 Downloading [====================================>              ]  659.6MB/907.7MB
 eb77aa907276 Downloading [=====================================>             ]  674.2MB/907.7MB
 eb77aa907276 Downloading [=====================================>             ]  683.7MB/907.7MB
 eb77aa907276 Downloading [======================================>            ]  695.2MB/907.7MB
 eb77aa907276 Downloading [======================================>            ]  697.3MB/907.7MB
 eb77aa907276 Downloading [======================================>            ]  698.4MB/907.7MB
 eb77aa907276 Downloading [======================================>            ]  698.4MB/907.7MB
 eb77aa907276 Downloading [======================================>            ]  699.4MB/907.7MB
 eb77aa907276 Downloading [======================================>            ]  700.4MB/907.7MB
 eb77aa907276 Downloading [======================================>            ]  701.5MB/907.7MB
 eb77aa907276 Downloading [======================================>            ]  703.6MB/907.7MB
 eb77aa907276 Downloading [=======================================>           ]    712MB/907.7MB
 eb77aa907276 Downloading [=======================================>           ]  725.6MB/907.7MB
 eb77aa907276 Downloading [========================================>          ]  740.7MB/907.7MB
 eb77aa907276 Downloading [=========================================>         ]  749.7MB/907.7MB
 eb77aa907276 Downloading [=========================================>         ]  752.9MB/907.7MB
 eb77aa907276 Downloading [=========================================>         ]  759.2MB/907.7MB
 eb77aa907276 Downloading [=========================================>         ]  761.3MB/907.7MB
 eb77aa907276 Downloading [==========================================>        ]  768.6MB/907.7MB
 eb77aa907276 Downloading [==========================================>        ]  775.9MB/907.7MB
 eb77aa907276 Downloading [===========================================>       ]  787.4MB/907.7MB
 eb77aa907276 Downloading [===========================================>       ]    798MB/907.7MB
 eb77aa907276 Downloading [============================================>      ]  803.2MB/907.7MB
 eb77aa907276 Downloading [============================================>      ]  814.7MB/907.7MB
 eb77aa907276 Downloading [=============================================>     ]  829.4MB/907.7MB
 eb77aa907276 Downloading [=============================================>     ]  834.7MB/907.7MB
 eb77aa907276 Downloading [==============================================>    ]  839.9MB/907.7MB
 eb77aa907276 Downloading [==============================================>    ]  846.2MB/907.7MB
 eb77aa907276 Downloading [===============================================>   ]  861.9MB/907.7MB
 eb77aa907276 Downloading [================================================>  ]  872.4MB/907.7MB
 eb77aa907276 Downloading [================================================>  ]    883MB/907.7MB
 eb77aa907276 Downloading [=================================================> ]  893.4MB/907.7MB
 eb77aa907276 Downloading [=================================================> ]  903.9MB/907.7MB
 eb77aa907276 Downloading [==================================================>]  907.7MB/907.7MB
 eb77aa907276 Downloading [==================================================>]  907.7MB/907.7MB
 eb77aa907276 Downloading [==================================================>]  907.7MB/907.7MB
 eb77aa907276 Downloading [==================================================>]  907.7MB/907.7MB
 eb77aa907276 Downloading [==================================================>]  907.7MB/907.7MB
 eb77aa907276 Downloading [==================================================>]  907.7MB/907.7MB
 eb77aa907276 Downloading [==================================================>]  907.7MB/907.7MB
 eb77aa907276 Downloading [==================================================>]  907.7MB/907.7MB
 eb77aa907276 Downloading [==================================================>]  907.7MB/907.7MB
 eb77aa907276 Downloading [==================================================>]  907.7MB/907.7MB
 eb77aa907276 Downloading [==================================================>]  907.7MB/907.7MB
 eb77aa907276 Downloading [==================================================>]  907.7MB/907.7MB
 eb77aa907276 Downloading [==================================================>]  907.7MB/907.7MB
 eb77aa907276 Downloading [==================================================>]  907.7MB/907.7MB
 eb77aa907276 Downloading [==================================================>]  907.7MB/907.7MB
 eb77aa907276 Downloading [==================================================>]  907.7MB/907.7MB
 eb77aa907276 Downloading [==================================================>]  907.7MB/907.7MB
 eb77aa907276 Downloading [==================================================>]  907.7MB/907.7MB
 eb77aa907276 Downloading [==================================================>]  907.7MB/907.7MB
 eb77aa907276 Download complete 
 eb77aa907276 Extracting 1 s
 eb77aa907276 Extracting 1 s
 eb77aa907276 Extracting 1 s
 eb77aa907276 Extracting 1 s
 eb77aa907276 Extracting 1 s
 eb77aa907276 Extracting 1 s
 eb77aa907276 Extracting 1 s
 eb77aa907276 Extracting 1 s
 eb77aa907276 Extracting 1 s
 eb77aa907276 Extracting 1 s
 eb77aa907276 Extracting 1 s
 eb77aa907276 Extracting 2 s
 eb77aa907276 Extracting 2 s
 eb77aa907276 Extracting 2 s
 eb77aa907276 Extracting 2 s
 eb77aa907276 Extracting 2 s
 eb77aa907276 Extracting 2 s
 eb77aa907276 Extracting 2 s
 eb77aa907276 Extracting 2 s
 eb77aa907276 Extracting 2 s
 eb77aa907276 Extracting 2 s
 eb77aa907276 Extracting 3 s
 eb77aa907276 Extracting 3 s
 eb77aa907276 Extracting 3 s
 eb77aa907276 Extracting 3 s
 eb77aa907276 Extracting 3 s
 eb77aa907276 Extracting 3 s
 eb77aa907276 Extracting 3 s
 eb77aa907276 Extracting 3 s
 eb77aa907276 Extracting 3 s
 eb77aa907276 Extracting 3 s
 eb77aa907276 Extracting 4 s
 eb77aa907276 Extracting 4 s
 eb77aa907276 Extracting 4 s
 eb77aa907276 Extracting 4 s
 eb77aa907276 Extracting 4 s
 eb77aa907276 Extracting 4 s
 eb77aa907276 Extracting 4 s
 eb77aa907276 Extracting 4 s
 eb77aa907276 Extracting 4 s
 eb77aa907276 Extracting 5 s
 eb77aa907276 Extracting 5 s
 eb77aa907276 Extracting 5 s
 eb77aa907276 Extracting 5 s
 eb77aa907276 Extracting 5 s
 4f4fb700ef54 Pull complete 
 0ffa8f8aba1e Pull complete 
 eb77aa907276 Pull complete 
 2e81b9cb93cd Pull complete 
 opensearch Pulled 
 Network docker_services_cli_default  Creating
 Network docker_services_cli_default  Created
 Container docker_services_cli-postgresql-1  Creating
 Container docker_services_cli-opensearch-1  Creating
 Container docker_services_cli-redis-1  Creating
 Container docker_services_cli-rabbitmq-1  Creating
 Container docker_services_cli-redis-1  Created
 Container docker_services_cli-opensearch-1  Created
 Container docker_services_cli-postgresql-1  Created
 Container docker_services_cli-rabbitmq-1  Created
 Container docker_services_cli-rabbitmq-1  Starting
 Container docker_services_cli-opensearch-1  Starting
 Container docker_services_cli-redis-1  Starting
 Container docker_services_cli-postgresql-1  Starting
 Container docker_services_cli-postgresql-1  Started
 Container docker_services_cli-opensearch-1  Started
 Container docker_services_cli-redis-1  Started
 Container docker_services_cli-rabbitmq-1  Started
============================= test session starts ==============================
platform linux -- Python 3.14.2, pytest-8.4.2, pluggy-1.6.0
rootdir: /home/runner/work/test-zip-extract-repository/test-zip-extract-repository/workdir/tests/invenio-sitemap/original
configfile: pyproject.toml
testpaths: docs, tests, invenio_sitemap
plugins: isort-4.0.0, flask-1.3.0, black-ng-0.4.1, invenio-3.4.2, github-actions-annotate-failures-0.3.0, pydocstyle-2.4.0, cov-7.0.0, pycodestyle-2.5.0
collected 19 items

tests/test_cache.py .                                                    [  5%]
tests/test_invenio_sitemap.py ....                                       [ 26%]
tests/test_sitemap.py .::warning file=/home/runner/work/test-zip-extract-repository/test-zip-extract-repository/workdir/tests/invenio-sitemap/original/.venv/lib/python3.14/site-packages/flask_caching/__init__.py,line=145::Using the initialization functions in flask_caching.backend is deprecated.  Use the a full path to backend classes directly.
::warning file=/home/runner/work/test-zip-extract-repository/test-zip-extract-repository/workdir/tests/invenio-sitemap/original/.venv/lib/python3.14/site-packages/flask_caching/__init__.py,line=145::Using the initialization functions in flask_caching.backend is deprecated.  Use the a full path to backend classes directly.
.....                                             [ 57%]
tests/test_sitemap_index.py .::warning file=/home/runner/work/test-zip-extract-repository/test-zip-extract-repository/workdir/tests/invenio-sitemap/original/.venv/lib/python3.14/site-packages/flask_caching/__init__.py,line=145::Using the initialization functions in flask_caching.backend is deprecated.  Use the a full path to backend classes directly.
::warning file=/home/runner/work/test-zip-extract-repository/test-zip-extract-repository/workdir/tests/invenio-sitemap/original/.venv/lib/python3.14/site-packages/flask_caching/__init__.py,line=145::Using the initialization functions in flask_caching.backend is deprecated.  Use the a full path to backend classes directly.
...                                         [ 78%]
tests/test_sitemap_root.py .::warning file=/home/runner/work/test-zip-extract-repository/test-zip-extract-repository/workdir/tests/invenio-sitemap/original/.venv/lib/python3.14/site-packages/flask_caching/__init__.py,line=145::Using the initialization functions in flask_caching.backend is deprecated.  Use the a full path to backend classes directly.
::warning file=/home/runner/work/test-zip-extract-repository/test-zip-extract-repository/workdir/tests/invenio-sitemap/original/.venv/lib/python3.14/site-packages/flask_caching/__init__.py,line=145::Using the initialization functions in flask_caching.backend is deprecated.  Use the a full path to backend classes directly.
...                                          [100%]

=============================== warnings summary ===============================
tests/test_sitemap.py::test_url_entries_generation
tests/test_sitemap.py::test_url_entries_generation
tests/test_sitemap_index.py::test_sitemap_entries_generation
tests/test_sitemap_index.py::test_sitemap_entries_generation
tests/test_sitemap_root.py::test_sitemap_root_enabled_by_default
tests/test_sitemap_root.py::test_sitemap_root_enabled_by_default
  /home/runner/work/test-zip-extract-repository/test-zip-extract-repository/workdir/tests/invenio-sitemap/original/.venv/lib/python3.14/site-packages/flask_caching/__init__.py:145: DeprecationWarning: Using the initialization functions in flask_caching.backend is deprecated.  Use the a full path to backend classes directly.
    self._set_cache(app, config)

-- Docs: https://docs.pytest.org/en/stable/how-to/capture-warnings.html
================================ tests coverage ================================
_______________ coverage: platform linux, python 3.14.2-final-0 ________________

Name                          Stmts   Miss  Cover   Missing
-----------------------------------------------------------
invenio_sitemap/__init__.py       6      0   100%
invenio_sitemap/cache.py         34      1    97%   60
invenio_sitemap/config.py         6      0   100%
invenio_sitemap/ext.py           12      0   100%
invenio_sitemap/sitemap.py        6      0   100%
invenio_sitemap/tasks.py         49      1    98%   66
invenio_sitemap/utils.py         13      0   100%
invenio_sitemap/views.py         31      0   100%
-----------------------------------------------------------
TOTAL                           157      2    99%
======================== 19 passed, 6 warnings in 4.69s ========================
 Container docker_services_cli-redis-1  Stopping
 Container docker_services_cli-rabbitmq-1  Stopping
 Container docker_services_cli-opensearch-1  Stopping
 Container docker_services_cli-postgresql-1  Stopping
 Container docker_services_cli-postgresql-1  Stopped
 Container docker_services_cli-postgresql-1  Removing
 Container docker_services_cli-redis-1  Stopped
 Container docker_services_cli-redis-1  Removing
 Container docker_services_cli-postgresql-1  Removed
 Container docker_services_cli-redis-1  Removed
 Container docker_services_cli-opensearch-1  Stopped
 Container docker_services_cli-opensearch-1  Removing
 Container docker_services_cli-opensearch-1  Removed
 Container docker_services_cli-rabbitmq-1  Stopped
 Container docker_services_cli-rabbitmq-1  Removing
 Container docker_services_cli-rabbitmq-1  Removed
 Network docker_services_cli_default  Removing
 Network docker_services_cli_default  Removed
