 elasticsearch Pulling 
 postgresql Pulling 
 redis Pulling 
 rabbitmq Pulling 
 4f4fb700ef54 Already exists 
 redis Pulled 
 rabbitmq Pulled 
 postgresql Pulled 
 elasticsearch Pulled 
 Network docker_services_cli_default  Creating
 Network docker_services_cli_default  Created
 Container docker_services_cli-elasticsearch-1  Creating
 Container docker_services_cli-rabbitmq-1  Creating
 Container docker_services_cli-redis-1  Creating
 Container docker_services_cli-postgresql-1  Creating
 Container docker_services_cli-elasticsearch-1  Created
 Container docker_services_cli-rabbitmq-1  Created
 Container docker_services_cli-postgresql-1  Created
 Container docker_services_cli-redis-1  Created
 Container docker_services_cli-elasticsearch-1  Starting
 Container docker_services_cli-postgresql-1  Starting
 Container docker_services_cli-rabbitmq-1  Starting
 Container docker_services_cli-redis-1  Starting
 Container docker_services_cli-postgresql-1  Started
 Container docker_services_cli-rabbitmq-1  Started
 Container docker_services_cli-elasticsearch-1  Started
 Container docker_services_cli-redis-1  Started
============================= test session starts ==============================
platform linux -- Python 3.14.2, pytest-8.4.2, pluggy-1.6.0
rootdir: /home/runner/work/test-zip-extract-repository/test-zip-extract-repository/workdir/tests/invenio-jobs/original
configfile: setup.cfg
testpaths: docs, tests, invenio_jobs
plugins: isort-4.0.0, flask-1.3.0, black-ng-0.4.1, invenio-3.4.2, github-actions-annotate-failures-0.3.0, pydocstyle-2.4.0, cov-7.0.0, pycodestyle-2.5.0
collected 25 items
tests/resources/test_resources.py .s
s                                [ 28%]
tests/test_alembic.py s                                                  [ 32%]
tests/test_deprecated.py .                                               [ 36%]
tests/test_invenio_jobs.py ..                                            [ 44%]
tests/test_services_job_logs.py 
                                       [ 52%]
tests/test_services_subtasks.py 
                              [ 96%]
tests/test_utils.py .                                                    [100%]
=============================== warnings summary ===============================
venv/lib/python3.14/site-packages/edtf/parser/grammar.py:9
    pyparsing.ParserElement.enablePackrat()
venv/lib/python3.14/site-packages/edtf/parser/grammar.py:52
    oneThru12 = oneOf(["%.2d" % i for i in range(1, 13)])
venv/lib/python3.14/site-packages/edtf/parser/grammar.py:53
    oneThru13 = oneOf(["%.2d" % i for i in range(1, 14)])
venv/lib/python3.14/site-packages/edtf/parser/grammar.py:54
    oneThru23 = oneOf(["%.2d" % i for i in range(1, 24)])
venv/lib/python3.14/site-packages/edtf/parser/grammar.py:55
    zeroThru23 = oneOf(["%.2d" % i for i in range(0, 24)])
venv/lib/python3.14/site-packages/edtf/parser/grammar.py:56
    oneThru29 = oneOf(["%.2d" % i for i in range(1, 30)])
venv/lib/python3.14/site-packages/edtf/parser/grammar.py:57
    oneThru30 = oneOf(["%.2d" % i for i in range(1, 31)])
venv/lib/python3.14/site-packages/edtf/parser/grammar.py:58
    oneThru31 = oneOf(["%.2d" % i for i in range(1, 32)])
venv/lib/python3.14/site-packages/edtf/parser/grammar.py:59
    oneThru59 = oneOf(["%.2d" % i for i in range(1, 60)])
venv/lib/python3.14/site-packages/edtf/parser/grammar.py:60
    zeroThru59 = oneOf(["%.2d" % i for i in range(0, 60)])
venv/lib/python3.14/site-packages/edtf/parser/grammar.py:63
    positiveDigit = Word(nums, exact=1, excludeChars="0")
venv/lib/python3.14/site-packages/edtf/parser/grammar.py:73
    (oneOf("01 03 05 07 08 10 12")("month") + "-" + oneThru31("day"))
venv/lib/python3.14/site-packages/edtf/parser/grammar.py:74
    ^ (oneOf("04 06 09 11")("month") + "-" + oneThru30("day"))
    p.addParseAction(cls.parse_action)
venv/lib/python3.14/site-packages/edtf/parser/grammar.py:119
    UASymbol = Combine(oneOf("? ~ %"))
venv/lib/python3.14/site-packages/edtf/parser/grammar.py:122
    seasonNumber = oneOf("21 22 23 24")
venv/lib/python3.14/site-packages/edtf/parser/grammar.py:155
    l1Start.addParseAction(f)
venv/lib/python3.14/site-packages/edtf/parser/grammar.py:157
    l1End.addParseAction(f)
venv/lib/python3.14/site-packages/edtf/parser/grammar.py:199
    monthWithX = Combine(oneOf("0X 1X") ^ ("X" + digitOrX))("month")
venv/lib/python3.14/site-packages/edtf/parser/grammar.py:303
venv/lib/python3.14/site-packages/edtf/parser/grammar.py:303
    earlier = L("..").addParseAction(f)("lower") + date("upper").addParseAction(f)
venv/lib/python3.14/site-packages/edtf/parser/grammar.py:304
venv/lib/python3.14/site-packages/edtf/parser/grammar.py:304
    later = date("lower").addParseAction(f) + L("..").addParseAction(f)("upper")
venv/lib/python3.14/site-packages/edtf/parser/grammar.py:325
    seasonL2Number = oneOf("21 22 23 24 25 26 27 28 29 30 31 32 33 34 35 36 37 38 39 40 41")
venv/lib/python3.14/site-packages/invenio_records/resolver.py:14
venv/lib/python3.14/site-packages/invenio_records/resolver.py:14
    from jsonschema import RefResolutionError, RefResolver
venv/lib/python3.14/site-packages/invenio_records/resolver.py:14
venv/lib/python3.14/site-packages/invenio_records/resolver.py:14
    from jsonschema import RefResolutionError, RefResolver
venv/lib/python3.14/site-packages/fs/__init__.py:4
    __import__("pkg_resources").declare_namespace(__name__)  # type: ignore
venv/lib/python3.14/site-packages/pkg_resources/__init__.py:3148
  Implementing implicit namespace packages (as specified in PEP 420) is preferred to `pkg_resources.declare_namespace`. See https://setuptools.pypa.io/en/latest/references/keywords.html#keyword-namespace-packages
    declare_namespace(pkg)
venv/lib/python3.14/site-packages/fs/__init__.py:4
  Implementing implicit namespace packages (as specified in PEP 420) is preferred to `pkg_resources.declare_namespace`. See https://setuptools.pypa.io/en/latest/references/keywords.html#keyword-namespace-packages
    __import__("pkg_resources").declare_namespace(__name__)  # type: ignore
venv/lib/python3.14/site-packages/fs/opener/__init__.py:6
  Implementing implicit namespace packages (as specified in PEP 420) is preferred to `pkg_resources.declare_namespace`. See https://setuptools.pypa.io/en/latest/references/keywords.html#keyword-namespace-packages
    __import__("pkg_resources").declare_namespace(__name__)  # type: ignore
venv/lib/python3.14/site-packages/pkg_resources/__init__.py:2560
  Implementing implicit namespace packages (as specified in PEP 420) is preferred to `pkg_resources.declare_namespace`. See https://setuptools.pypa.io/en/latest/references/keywords.html#keyword-namespace-packages
    declare_namespace(parent)
venv/lib/python3.14/site-packages/invenio_records_resources/services/files/schema.py:154
  /home/runner/work/test-zip-extract-repository/test-zip-extract-repository/workdir/tests/invenio-jobs/original/.venv/lib/python3.14/site-packages/invenio_records_resources/services/files/schema.py:154: RemovedInMarshmallow4Warning: The 'default' argument to fields is deprecated. Use 'dump_default' instead
    storage_class = Str(default="L", dump_only=False)
    warnings.warn(
venv/lib/python3.14/site-packages/marshmallow/fields.py:986
venv/lib/python3.14/site-packages/marshmallow/fields.py:986
venv/lib/python3.14/site-packages/marshmallow/fields.py:986
venv/lib/python3.14/site-packages/marshmallow/fields.py:986
venv/lib/python3.14/site-packages/marshmallow/fields.py:986
  /home/runner/work/test-zip-extract-repository/test-zip-extract-repository/workdir/tests/invenio-jobs/original/.venv/lib/python3.14/site-packages/marshmallow/fields.py:986: RemovedInMarshmallow4Warning: The 'default' argument to fields is deprecated. Use 'dump_default' instead
    super().__init__(**kwargs)
venv/lib/python3.14/site-packages/marshmallow/utils.py:361
  /home/runner/work/test-zip-extract-repository/test-zip-extract-repository/workdir/tests/invenio-jobs/original/.venv/lib/python3.14/site-packages/marshmallow/utils.py:361: ChangedInMarshmallow4Warning: `Field` should not be instantiated. Use `fields.Raw` or  another field subclass instead
    return cls_or_instance()
  /home/runner/work/test-zip-extract-repository/test-zip-extract-repository/workdir/tests/invenio-jobs/original/.venv/lib/python3.14/site-packages/invenio_records_resources/services/records/schema.py:90: RemovedInMarshmallow4Warning: The `context` parameter is deprecated and will be removed in marshmallow 4.0. Use `contextvars.ContextVar` to pass context instead
    valid_data = self.schema(context=context, **schema_args).load(data)
    warn(
    return util.wrap_callable(lambda ctx: fn(), fn)  # type: ignore
  /home/runner/work/test-zip-extract-repository/test-zip-extract-repository/workdir/tests/invenio-jobs/original/.venv/lib/python3.14/site-packages/invenio_records_resources/services/records/schema.py:105: RemovedInMarshmallow4Warning: The `context` parameter is deprecated and will be removed in marshmallow 4.0. Use `contextvars.ContextVar` to pass context instead
    return self.schema(context=context, **schema_args).dump(data)
  /home/runner/work/test-zip-extract-repository/test-zip-extract-repository/workdir/tests/invenio-jobs/original/.venv/lib/python3.14/site-packages/marshmallow/fields.py:631: RemovedInMarshmallow4Warning: The `context` parameter is deprecated and will be removed in marshmallow 4.0. Use `contextvars.ContextVar` to pass context instead
    self._schema = schema_class(
    warn(
    self._confirmed = datetime.utcnow() if confirmed else None
  /home/runner/work/test-zip-extract-repository/test-zip-extract-repository/workdir/tests/invenio-jobs/original/.venv/lib/python3.14/site-packages/flask_security/datastore.py:235: LegacyAPIWarning: The Query.get() method is considered legacy as of the 1.x series of SQLAlchemy and becomes a legacy construct in 2.0. The method is now available as Session.get() (deprecated since: 2.0) (Background on SQLAlchemy 2.0 at: https://sqlalche.me/e/b8d9)
    return self.user_model.query.get(identifier)
    target.updated = datetime.utcnow()
tests/test_services_job_logs.py::test_job_logs_search_limits_to_max_docs
tests/test_services_subtasks.py::test_create_subtask_run
    self.init_app(app)
tests/test_services_job_logs.py::test_job_logs_search_limits_to_max_docs
tests/test_services_subtasks.py::test_create_subtask_run
    self._set_cache(app, config)
tests/test_services_subtasks.py::test_create_subtask_run
tests/test_services_subtasks.py::test_start_processing_subtask
tests/test_services_subtasks.py::test_start_processing_subtask_invalid_status
tests/test_services_subtasks.py::test_finalize_subtask_success
tests/test_services_subtasks.py::test_finalize_subtask_failure
tests/test_services_subtasks.py::test_finalize_subtask_partial_success
tests/test_services_subtasks.py::test_add_total_entries
tests/test_services_subtasks.py::test_add_total_entries_invalid_values
tests/test_services_subtasks.py::test_finalize_subtask_with_errored_entries_message
    update_run(run, status=RunStatusEnum.RUNNING, started_at=datetime.utcnow())
tests/test_services_subtasks.py::test_create_subtask_run
tests/test_services_subtasks.py::test_start_processing_subtask
tests/test_services_subtasks.py::test_start_processing_subtask_invalid_status
tests/test_services_subtasks.py::test_finalize_subtask_success
tests/test_services_subtasks.py::test_finalize_subtask_failure
tests/test_services_subtasks.py::test_finalize_subtask_partial_success
tests/test_services_subtasks.py::test_add_total_entries
tests/test_services_subtasks.py::test_add_total_entries_invalid_values
tests/test_services_subtasks.py::test_finalize_subtask_with_errored_entries_message
    finished_at=datetime.utcnow(),
  /home/runner/work/test-zip-extract-repository/test-zip-extract-repository/workdir/tests/invenio-jobs/original/invenio_jobs/services/schema.py:127: RemovedInMarshmallow4Warning: The `context` parameter is deprecated and will be removed in marshmallow 4.0. Use `contextvars.ContextVar` to pass context instead
    super().__init__(*args, **kwargs)
tests/test_services_subtasks.py::test_start_processing_subtask
tests/test_services_subtasks.py::test_finalize_subtask_success
tests/test_services_subtasks.py::test_finalize_subtask_failure
tests/test_services_subtasks.py::test_finalize_subtask_partial_success
tests/test_services_subtasks.py::test_finalize_subtask_partial_success
tests/test_services_subtasks.py::test_finalize_subtask_with_errored_entries_message
    run.started_at = datetime.utcnow()
tests/test_services_subtasks.py::test_finalize_subtask_success
tests/test_services_subtasks.py::test_finalize_subtask_failure
tests/test_services_subtasks.py::test_finalize_subtask_partial_success
tests/test_services_subtasks.py::test_finalize_subtask_with_errored_entries_message
    finished_at_value = datetime.utcnow()
================================ tests coverage ================================
_______________ coverage: platform linux, python 3.14.2-final-0 ________________
Name                                                                  Stmts   Miss  Cover   Missing
invenio_jobs/__init__.py                                                  3      0   100%
invenio_jobs/administration/__init__.py                                   0      0   100%
invenio_jobs/administration/jobs.py                                      73     15    79%   105, 109-115, 119-124, 133-138
invenio_jobs/administration/runs.py                                      46     25    46%   39-54, 58-65, 69-70, 74-75
invenio_jobs/alembic/1f896f6990b8_update_jobs_module_table_names.py      20     10    50%   25-32, 40-45
invenio_jobs/alembic/371f4cbcb73d_create_invenio_jobs_branch.py          10      2    80%   22, 27
invenio_jobs/alembic/356496a01197_create_invenio_jobs_tables.py          17      4    76%   30-62, 105-106
invenio_jobs/alembic/1753948224_add_subtasks_columns_to_jobs_run.py      31     22    29%   23-91, 102-114
invenio_jobs/api.py                                                       4      0   100%
invenio_jobs/config.py                                                   32      0   100%
invenio_jobs/errors.py                                                   11      3    73%   20-22
invenio_jobs/ext.py                                                      57      1    98%   106
invenio_jobs/jobs.py                                                     32      7    78%   65-67, 89, 102, 105-113
invenio_jobs/logging/__init__.py                                          0      0   100%
invenio_jobs/logging/celery_signals.py                                   19      5    74%   23-26, 38-40, 49
invenio_jobs/logging/index_templates/__init__.py                          0      0   100%
invenio_jobs/logging/index_templates/os-v1/__init__.py                    0      0   100%
invenio_jobs/logging/index_templates/os-v2/__init__.py                    0      0   100%
invenio_jobs/logging/jobs.py                                             63      5    92%   98, 119-121, 125-126
invenio_jobs/logging/tasks.py                                             8      2    75%   20-21
invenio_jobs/models.py                                                  130     11    92%   80-88, 215-217
invenio_jobs/proxies.py                                                  12      0   100%
invenio_jobs/registry.py                                                 26      5    81%   23, 32-35
invenio_jobs/resources/__init__.py                                        3      0   100%
invenio_jobs/resources/config.py                                         57      0   100%
invenio_jobs/resources/resources.py                                     126     14    89%   48-53, 58-63, 210-217, 237-243, 249-255
invenio_jobs/services/__init__.py                                         4      0   100%
invenio_jobs/services/config.py                                          79      0   100%
invenio_jobs/services/errors.py                                          22      1    95%   63
invenio_jobs/services/links.py                                           11      1    91%   38
invenio_jobs/services/permissions.py                                     25      0   100%
invenio_jobs/services/results.py                                        100     13    87%   53-54, 83, 92-95, 120-121, 148-149, 167, 169-170
invenio_jobs/services/scheduler.py                                       55     31    44%   31-32, 37-39, 59, 66, 70-71, 75-94, 99-106, 113-117
invenio_jobs/services/schema.py                                         149     10    93%   51-56, 132, 185, 288, 321-322
invenio_jobs/services/services.py                                       246     31    87%   52, 60-64, 91-93, 192-194, 212, 309, 418, 438, 474-488, 493-499, 508, 544, 555, 561-562
invenio_jobs/services/ui_schema.py                                       19      0   100%
invenio_jobs/tasks.py                                                    63     23    63%   28, 40-43, 67, 71-86, 88-107, 112, 117, 130
invenio_jobs/utils.py                                                    28     19    32%   20-31, 36-47, 55
invenio_jobs/views.py                                                    14      0   100%
invenio_jobs/webpack.py                                                   2      0   100%
TOTAL                                                                  1597    260    84%
================= 22 passed, 3 skipped, 594 warnings in 9.83s ==================
 Container docker_services_cli-redis-1  Stopping
 Container docker_services_cli-postgresql-1  Stopping
 Container docker_services_cli-elasticsearch-1  Stopping
 Container docker_services_cli-rabbitmq-1  Stopping
 Container docker_services_cli-redis-1  Stopped
 Container docker_services_cli-redis-1  Removing
 Container docker_services_cli-postgresql-1  Stopped
 Container docker_services_cli-postgresql-1  Removing
 Container docker_services_cli-postgresql-1  Removed
 Container docker_services_cli-redis-1  Removed
 Container docker_services_cli-elasticsearch-1  Stopped
 Container docker_services_cli-elasticsearch-1  Removing
 Container docker_services_cli-elasticsearch-1  Removed
 Container docker_services_cli-rabbitmq-1  Stopped
 Container docker_services_cli-rabbitmq-1  Removing
 Container docker_services_cli-rabbitmq-1  Removed
 Network docker_services_cli_default  Removing
 Network docker_services_cli_default  Removed
