 postgresql Pulling 
 opensearch Pulling 
 redis Pulling 
 2e81b9cb93cd Pulling fs layer 
 f9dd052e142d Pulling fs layer 
 e8c6d4883897 Pulling fs layer 
 eb77aa907276 Pulling fs layer 
 0ffa8f8aba1e Pulling fs layer 
 648eb81b3252 Pulling fs layer 
 4f4fb700ef54 Pulling fs layer 
 7b28be0c8c4d Pulling fs layer 
 4f4fb700ef54 Pulling fs layer 
 47a60771af96 Pulling fs layer 
 c5761dea9b0e Pulling fs layer 
 4831516dd0cb Pulling fs layer 
 22dca8215bc4 Pulling fs layer 
 edcaff0d5e7e Pulling fs layer 
 bbf018d6d4b8 Pulling fs layer 
 dda3d8fbd5ed Pulling fs layer 
 873532e5f8c7 Pulling fs layer 
 283a477db7bb Pulling fs layer 
 9739ced65621 Pulling fs layer 
 cb628c265f09 Pulling fs layer 
 91d2729fa4d5 Pulling fs layer 
 e0d55fdb4d15 Pulling fs layer 
 f8406d9c00ea Pulling fs layer 
 b0a0cf830b12 Pulling fs layer 
 050d9f8c3b1c Pulling fs layer 
 c1cb13b19080 Pulling fs layer 
 ae3bb1b347a4 Pulling fs layer 
 c199bff16b05 Pulling fs layer 
 710e142705f8 Pulling fs layer 
 4f4fb700ef54 Already exists 
 4f4fb700ef54 Already exists 
 c5761dea9b0e Downloading [==================================================>]     573B/573B
 0ffa8f8aba1e Download complete 
 bbf018d6d4b8 Download complete 
 dda3d8fbd5ed Download complete 
 b0a0cf830b12 Downloading [=>                                                 ]  1.049MB/29.15MB
 f9dd052e142d Downloading [=====>                                             ]  5.243MB/52.33MB
 e8c6d4883897 Downloading [===================================>               ]  3.146MB/4.398MB
 eb77aa907276 Downloading [>                                                  ]  5.243MB/907.7MB
 c199bff16b05 Download complete 
 47a60771af96 Download complete 
 2e81b9cb93cd Download complete 
 648eb81b3252 Download complete 
 c5761dea9b0e Download complete 
 4831516dd0cb Downloading [=====>                                             ]  3.146MB/28.23MB
 873532e5f8c7 Download complete 
 e0d55fdb4d15 Downloading [>                                                  ]  1.049MB/109MB
 edcaff0d5e7e Download complete 
 cb628c265f09 Download complete 
 283a477db7bb Downloading [=>                                                 ]  180.2kB/4.533MB
 9739ced65621 Downloading [======>                                            ]  1.049MB/8.069MB
 7b28be0c8c4d Download complete 
 22dca8215bc4 Downloading [==========>                                        ]  3.146MB/15.35MB
 c1cb13b19080 Download complete 
 050d9f8c3b1c Download complete 
 ae3bb1b347a4 Download complete 
 710e142705f8 Download complete 
 91d2729fa4d5 Downloading [==================================================>]   1.45MB/1.45MB
 f8406d9c00ea Downloading [==================================================>]     116B/116B
 4831516dd0cb Downloading [==============>                                    ]  8.389MB/28.23MB
 22dca8215bc4 Downloading [==============================>                    ]  9.437MB/15.35MB
 f9dd052e142d Downloading [===========>                                       ]  11.53MB/52.33MB
 e8c6d4883897 Downloading [===============================================>   ]  4.194MB/4.398MB
 eb77aa907276 Downloading [>                                                  ]  11.53MB/907.7MB
 b0a0cf830b12 Downloading [============>                                      ]   7.34MB/29.15MB
 e0d55fdb4d15 Downloading [==>                                                ]  6.291MB/109MB
 e7da101a9486 Download complete 
 c4cc93acbec6 Downloading [======================>                            ]  1.049MB/2.377MB
 56b5e4f0933d Download complete 
 283a477db7bb Download complete 
 9739ced65621 Downloading [=============================================>     ]   7.34MB/8.069MB
 91d2729fa4d5 Download complete 
 f8406d9c00ea Download complete 
 f9dd052e142d Downloading [===================>                               ]  19.92MB/52.33MB
 4831516dd0cb Downloading [=============================>                     ]  16.78MB/28.23MB
 e8c6d4883897 Download complete 
 eb77aa907276 Downloading [=>                                                 ]  19.92MB/907.7MB
 22dca8215bc4 Download complete 
 9739ced65621 Download complete 
 c4cc93acbec6 Download complete 
 5682dec5b749 Download complete 
 b0a0cf830b12 Downloading [=========================>                         ]  14.68MB/29.15MB
 e0d55fdb4d15 Downloading [======>                                            ]  14.68MB/109MB
 f9dd052e142d Downloading [=========================>                         ]  26.21MB/52.33MB
 eb77aa907276 Downloading [=>                                                 ]   34.6MB/907.7MB
 b0a0cf830b12 Downloading [==================================================>]  29.15MB/29.15MB
 e0d55fdb4d15 Downloading [============>                                      ]  26.21MB/109MB
 4831516dd0cb Download complete 
 4831516dd0cb Extracting 1 s
 f9dd052e142d Downloading [================================>                  ]  33.55MB/52.33MB
 eb77aa907276 Downloading [==>                                                ]  46.14MB/907.7MB
 b0a0cf830b12 Download complete 
 e0d55fdb4d15 Downloading [=================>                                 ]   38.8MB/109MB
 4831516dd0cb Extracting 1 s
 b0a0cf830b12 Extracting 1 s
 eb77aa907276 Downloading [===>                                               ]  56.62MB/907.7MB
 f9dd052e142d Downloading [==========================================>        ]  44.04MB/52.33MB
 e0d55fdb4d15 Downloading [=======================>                           ]  50.33MB/109MB
 4831516dd0cb Extracting 1 s
 b0a0cf830b12 Extracting 1 s
 e0d55fdb4d15 Downloading [=============================>                     ]  63.96MB/109MB
 eb77aa907276 Downloading [===>                                               ]  69.88MB/907.7MB
 f9dd052e142d Downloading [==================================================>]  52.33MB/52.33MB
 4831516dd0cb Extracting 1 s
 b0a0cf830b12 Extracting 1 s
 eb77aa907276 Downloading [====>                                              ]  82.84MB/907.7MB
 e0d55fdb4d15 Downloading [====================================>              ]  79.69MB/109MB
 f9dd052e142d Download complete 
 f9dd052e142d Extracting 1 s
 4831516dd0cb Extracting 1 s
 b0a0cf830b12 Extracting 1 s
 eb77aa907276 Downloading [=====>                                             ]   96.2MB/907.7MB
 e0d55fdb4d15 Downloading [==========================================>        ]  92.27MB/109MB
 f9dd052e142d Extracting 1 s
 4831516dd0cb Extracting 1 s
 b0a0cf830b12 Extracting 1 s
 e0d55fdb4d15 Downloading [================================================>  ]  104.9MB/109MB
 eb77aa907276 Downloading [=====>                                             ]    108MB/907.7MB
 f9dd052e142d Extracting 1 s
 4831516dd0cb Extracting 1 s
 b0a0cf830b12 Extracting 1 s
 eb77aa907276 Downloading [======>                                            ]  116.4MB/907.7MB
 e0d55fdb4d15 Download complete 
 f9dd052e142d Extracting 1 s
 4831516dd0cb Extracting 1 s
 b0a0cf830b12 Extracting 1 s
 eb77aa907276 Downloading [======>                                            ]  116.4MB/907.7MB
 f9dd052e142d Extracting 1 s
 4831516dd0cb Extracting 1 s
 b0a0cf830b12 Extracting 1 s
 eb77aa907276 Downloading [======>                                            ]  124.8MB/907.7MB
 f9dd052e142d Extracting 1 s
 4831516dd0cb Extracting 1 s
 b0a0cf830b12 Extracting 1 s
 eb77aa907276 Downloading [=======>                                           ]  143.7MB/907.7MB
 f9dd052e142d Extracting 1 s
 4831516dd0cb Extracting 1 s
 b0a0cf830b12 Extracting 1 s
 eb77aa907276 Downloading [========>                                          ]  161.5MB/907.7MB
 f9dd052e142d Extracting 1 s
 4831516dd0cb Extracting 2 s
 b0a0cf830b12 Extracting 1 s
 eb77aa907276 Downloading [=========>                                         ]  174.1MB/907.7MB
 f9dd052e142d Extracting 1 s
 4831516dd0cb Extracting 2 s
 b0a0cf830b12 Extracting 2 s
 eb77aa907276 Downloading [=========>                                         ]  175.1MB/907.7MB
 f9dd052e142d Extracting 1 s
 b0a0cf830b12 Extracting 2 s
 4831516dd0cb Extracting 2 s
 eb77aa907276 Downloading [==========>                                        ]  182.5MB/907.7MB
 f9dd052e142d Extracting 1 s
 4831516dd0cb Extracting 2 s
 b0a0cf830b12 Extracting 2 s
 eb77aa907276 Downloading [==========>                                        ]  198.2MB/907.7MB
 f9dd052e142d Extracting 2 s
 4831516dd0cb Extracting 2 s
 b0a0cf830b12 Extracting 2 s
 eb77aa907276 Downloading [===========>                                       ]  216.5MB/907.7MB
 f9dd052e142d Extracting 2 s
 4831516dd0cb Extracting 2 s
 b0a0cf830b12 Extracting 2 s
 eb77aa907276 Downloading [============>                                      ]  234.9MB/907.7MB
 dda3d8fbd5ed Pull complete 
 47a60771af96 Pull complete 
 edcaff0d5e7e Extracting 1 s
 f9dd052e142d Extracting 2 s
 7b28be0c8c4d Pull complete 
 4831516dd0cb Pull complete 
 283a477db7bb Extracting 1 s
 b0a0cf830b12 Pull complete 
 eb77aa907276 Downloading [=============>                                     ]  248.8MB/907.7MB
 edcaff0d5e7e Pull complete 
 22dca8215bc4 Extracting 1 s
 f9dd052e142d Extracting 2 s
 283a477db7bb Extracting 1 s
 eb77aa907276 Downloading [==============>                                    ]  264.2MB/907.7MB
 22dca8215bc4 Extracting 1 s
 f9dd052e142d Extracting 2 s
 283a477db7bb Pull complete 
 91d2729fa4d5 Extracting 1 s
 eb77aa907276 Downloading [===============>                                   ]  278.9MB/907.7MB
 22dca8215bc4 Extracting 1 s
 f9dd052e142d Extracting 2 s
 91d2729fa4d5 Pull complete 
 9739ced65621 Extracting 1 s
 eb77aa907276 Downloading [================>                                  ]  296.2MB/907.7MB
 22dca8215bc4 Extracting 1 s
 f9dd052e142d Extracting 2 s
 9739ced65621 Extracting 1 s
 eb77aa907276 Downloading [=================>                                 ]  316.7MB/907.7MB
 22dca8215bc4 Extracting 1 s
 f9dd052e142d Extracting 2 s
 9739ced65621 Extracting 1 s
 eb77aa907276 Downloading [==================>                                ]  333.4MB/907.7MB
 22dca8215bc4 Extracting 1 s
 f9dd052e142d Extracting 2 s
 9739ced65621 Extracting 1 s
 eb77aa907276 Downloading [===================>                               ]  353.4MB/907.7MB
 4f4fb700ef54 Pull complete 
 bbf018d6d4b8 Pull complete 
 c5761dea9b0e Pull complete 
 22dca8215bc4 Pull complete 
 f9dd052e142d Extracting 2 s
 redis Pulled 
 eb77aa907276 Downloading [===================>                               ]  361.8MB/907.7MB
 f9dd052e142d Extracting 3 s
 ae3bb1b347a4 Extracting 1 s
 9739ced65621 Pull complete 
 eb77aa907276 Downloading [=====================>                             ]  381.7MB/907.7MB
 c199bff16b05 Pull complete 
 f9dd052e142d Extracting 3 s
 ae3bb1b347a4 Pull complete 
 f8406d9c00ea Pull complete 
 e0d55fdb4d15 Extracting 1 s
 eb77aa907276 Downloading [======================>                            ]  399.5MB/907.7MB
 e0d55fdb4d15 Extracting 1 s
 f9dd052e142d Extracting 3 s
 eb77aa907276 Downloading [=======================>                           ]  421.5MB/907.7MB
 f9dd052e142d Extracting 3 s
 e0d55fdb4d15 Extracting 1 s
 eb77aa907276 Downloading [========================>                          ]  439.4MB/907.7MB
 e0d55fdb4d15 Extracting 1 s
 f9dd052e142d Extracting 3 s
 eb77aa907276 Downloading [=========================>                         ]  460.3MB/907.7MB
 e0d55fdb4d15 Extracting 1 s
 f9dd052e142d Extracting 3 s
 eb77aa907276 Downloading [==========================>                        ]  482.3MB/907.7MB
 e0d55fdb4d15 Extracting 1 s
 f9dd052e142d Extracting 3 s
 eb77aa907276 Downloading [===========================>                       ]  504.4MB/907.7MB
 e0d55fdb4d15 Extracting 1 s
 f9dd052e142d Extracting 3 s
 eb77aa907276 Downloading [============================>                      ]  526.4MB/907.7MB
 f9dd052e142d Extracting 3 s
 e0d55fdb4d15 Extracting 1 s
 eb77aa907276 Downloading [==============================>                    ]  547.4MB/907.7MB
 e0d55fdb4d15 Extracting 1 s
 e8c6d4883897 Extracting 1 s
 f9dd052e142d Pull complete 
 eb77aa907276 Downloading [===============================>                   ]  566.2MB/907.7MB
 e8c6d4883897 Extracting 1 s
 e0d55fdb4d15 Extracting 1 s
 eb77aa907276 Downloading [================================>                  ]  586.2MB/907.7MB
 648eb81b3252 Pull complete 
 e0d55fdb4d15 Extracting 1 s
 e8c6d4883897 Pull complete 
 eb77aa907276 Downloading [=================================>                 ]  607.7MB/907.7MB
 e0d55fdb4d15 Extracting 2 s
 eb77aa907276 Downloading [==================================>                ]  630.2MB/907.7MB
 e0d55fdb4d15 Extracting 2 s
 eb77aa907276 Downloading [====================================>              ]  654.3MB/907.7MB
 e0d55fdb4d15 Extracting 2 s
 eb77aa907276 Downloading [=====================================>             ]  678.4MB/907.7MB
 e0d55fdb4d15 Extracting 2 s
 eb77aa907276 Downloading [======================================>            ]  696.3MB/907.7MB
 e0d55fdb4d15 Extracting 2 s
 eb77aa907276 Downloading [=======================================>           ]  720.4MB/907.7MB
 e0d55fdb4d15 Extracting 2 s
 eb77aa907276 Downloading [========================================>          ]  742.4MB/907.7MB
 e0d55fdb4d15 Extracting 2 s
 eb77aa907276 Downloading [=========================================>         ]  761.3MB/907.7MB
 e0d55fdb4d15 Extracting 2 s
 eb77aa907276 Downloading [===========================================>       ]  782.2MB/907.7MB
 e0d55fdb4d15 Extracting 2 s
 eb77aa907276 Downloading [============================================>      ]  806.4MB/907.7MB
 e0d55fdb4d15 Extracting 2 s
 eb77aa907276 Downloading [=============================================>     ]  830.5MB/907.7MB
 e0d55fdb4d15 Extracting 3 s
 eb77aa907276 Downloading [===============================================>   ]  855.6MB/907.7MB
 e0d55fdb4d15 Extracting 3 s
 eb77aa907276 Downloading [================================================>  ]  874.5MB/907.7MB
 e0d55fdb4d15 Extracting 3 s
 eb77aa907276 Downloading [=================================================> ]  895.5MB/907.7MB
 e0d55fdb4d15 Extracting 3 s
 eb77aa907276 Downloading [==================================================>]  907.7MB/907.7MB
 e0d55fdb4d15 Extracting 3 s
 eb77aa907276 Downloading [==================================================>]  907.7MB/907.7MB
 e0d55fdb4d15 Extracting 3 s
 eb77aa907276 Downloading [==================================================>]  907.7MB/907.7MB
 e0d55fdb4d15 Extracting 3 s
 eb77aa907276 Downloading [==================================================>]  907.7MB/907.7MB
 e0d55fdb4d15 Extracting 3 s
 eb77aa907276 Downloading [==================================================>]  907.7MB/907.7MB
 e0d55fdb4d15 Extracting 3 s
 eb77aa907276 Downloading [==================================================>]  907.7MB/907.7MB
 e0d55fdb4d15 Extracting 3 s
 eb77aa907276 Downloading [==================================================>]  907.7MB/907.7MB
 e0d55fdb4d15 Extracting 4 s
 eb77aa907276 Downloading [==================================================>]  907.7MB/907.7MB
 eb77aa907276 Downloading [==================================================>]  907.7MB/907.7MB
 eb77aa907276 Downloading [==================================================>]  907.7MB/907.7MB
 eb77aa907276 Downloading [==================================================>]  907.7MB/907.7MB
 eb77aa907276 Downloading [==================================================>]  907.7MB/907.7MB
 eb77aa907276 Downloading [==================================================>]  907.7MB/907.7MB
 eb77aa907276 Downloading [==================================================>]  907.7MB/907.7MB
 eb77aa907276 Downloading [==================================================>]  907.7MB/907.7MB
 eb77aa907276 Downloading [==================================================>]  907.7MB/907.7MB
 e0d55fdb4d15 Pull complete 
 eb77aa907276 Downloading [==================================================>]  907.7MB/907.7MB
 eb77aa907276 Downloading [==================================================>]  907.7MB/907.7MB
 eb77aa907276 Downloading [==================================================>]  907.7MB/907.7MB
 c1cb13b19080 Extracting 1 s
 eb77aa907276 Downloading [==================================================>]  907.7MB/907.7MB
 873532e5f8c7 Extracting 1 s
 c1cb13b19080 Pull complete 
 873532e5f8c7 Pull complete 
 cb628c265f09 Pull complete 
 eb77aa907276 Download complete 
 050d9f8c3b1c Pull complete 
 710e142705f8 Pull complete 
 postgresql Pulled 
 eb77aa907276 Extracting 1 s
 eb77aa907276 Extracting 1 s
 eb77aa907276 Extracting 1 s
 eb77aa907276 Extracting 1 s
 eb77aa907276 Extracting 1 s
 eb77aa907276 Extracting 1 s
 eb77aa907276 Extracting 1 s
 eb77aa907276 Extracting 1 s
 eb77aa907276 Extracting 1 s
 eb77aa907276 Extracting 1 s
 eb77aa907276 Extracting 2 s
 eb77aa907276 Extracting 2 s
 eb77aa907276 Extracting 2 s
 eb77aa907276 Extracting 2 s
 eb77aa907276 Extracting 2 s
 eb77aa907276 Extracting 2 s
 eb77aa907276 Extracting 2 s
 eb77aa907276 Extracting 2 s
 eb77aa907276 Extracting 2 s
 eb77aa907276 Extracting 2 s
 eb77aa907276 Extracting 3 s
 eb77aa907276 Extracting 3 s
 eb77aa907276 Extracting 3 s
 eb77aa907276 Extracting 3 s
 eb77aa907276 Extracting 3 s
 eb77aa907276 Extracting 3 s
 eb77aa907276 Extracting 3 s
 eb77aa907276 Extracting 3 s
 eb77aa907276 Extracting 3 s
 eb77aa907276 Extracting 3 s
 eb77aa907276 Extracting 3 s
 eb77aa907276 Extracting 4 s
 eb77aa907276 Extracting 4 s
 eb77aa907276 Extracting 4 s
 eb77aa907276 Extracting 4 s
 eb77aa907276 Extracting 4 s
 eb77aa907276 Extracting 4 s
 eb77aa907276 Extracting 4 s
 eb77aa907276 Extracting 4 s
 eb77aa907276 Extracting 4 s
 eb77aa907276 Extracting 5 s
 eb77aa907276 Extracting 5 s
 eb77aa907276 Extracting 5 s
 eb77aa907276 Extracting 5 s
 eb77aa907276 Extracting 5 s
 eb77aa907276 Extracting 5 s
 4f4fb700ef54 Pull complete 
 0ffa8f8aba1e Pull complete 
 2e81b9cb93cd Pull complete 
 eb77aa907276 Pull complete 
 opensearch Pulled 
 Network docker_services_cli_default  Creating
 Network docker_services_cli_default  Created
 Container docker_services_cli-opensearch-1  Creating
 Container docker_services_cli-postgresql-1  Creating
 Container docker_services_cli-redis-1  Creating
 Container docker_services_cli-postgresql-1  Created
 Container docker_services_cli-redis-1  Created
 Container docker_services_cli-opensearch-1  Created
 Container docker_services_cli-opensearch-1  Starting
 Container docker_services_cli-redis-1  Starting
 Container docker_services_cli-postgresql-1  Starting
 Container docker_services_cli-opensearch-1  Started
 Container docker_services_cli-postgresql-1  Started
 Container docker_services_cli-redis-1  Started
::warning file=/home/runner/work/test-zip-extract-repository/test-zip-extract-repository/workdir/tests/invenio-requests/original/.venv/lib/python3.14/site-packages/edtf/parser/grammar.py,line=9::'enablePackrat' deprecated - use 'enable_packrat'
::warning file=/home/runner/work/test-zip-extract-repository/test-zip-extract-repository/workdir/tests/invenio-requests/original/.venv/lib/python3.14/site-packages/edtf/parser/grammar.py,line=52::'oneOf' deprecated - use 'one_of'
::warning file=/home/runner/work/test-zip-extract-repository/test-zip-extract-repository/workdir/tests/invenio-requests/original/.venv/lib/python3.14/site-packages/edtf/parser/grammar.py,line=53::'oneOf' deprecated - use 'one_of'
::warning file=/home/runner/work/test-zip-extract-repository/test-zip-extract-repository/workdir/tests/invenio-requests/original/.venv/lib/python3.14/site-packages/edtf/parser/grammar.py,line=54::'oneOf' deprecated - use 'one_of'
::warning file=/home/runner/work/test-zip-extract-repository/test-zip-extract-repository/workdir/tests/invenio-requests/original/.venv/lib/python3.14/site-packages/edtf/parser/grammar.py,line=55::'oneOf' deprecated - use 'one_of'
::warning file=/home/runner/work/test-zip-extract-repository/test-zip-extract-repository/workdir/tests/invenio-requests/original/.venv/lib/python3.14/site-packages/edtf/parser/grammar.py,line=56::'oneOf' deprecated - use 'one_of'
::warning file=/home/runner/work/test-zip-extract-repository/test-zip-extract-repository/workdir/tests/invenio-requests/original/.venv/lib/python3.14/site-packages/edtf/parser/grammar.py,line=57::'oneOf' deprecated - use 'one_of'
::warning file=/home/runner/work/test-zip-extract-repository/test-zip-extract-repository/workdir/tests/invenio-requests/original/.venv/lib/python3.14/site-packages/edtf/parser/grammar.py,line=58::'oneOf' deprecated - use 'one_of'
::warning file=/home/runner/work/test-zip-extract-repository/test-zip-extract-repository/workdir/tests/invenio-requests/original/.venv/lib/python3.14/site-packages/edtf/parser/grammar.py,line=59::'oneOf' deprecated - use 'one_of'
::warning file=/home/runner/work/test-zip-extract-repository/test-zip-extract-repository/workdir/tests/invenio-requests/original/.venv/lib/python3.14/site-packages/edtf/parser/grammar.py,line=60::'oneOf' deprecated - use 'one_of'
::warning file=/home/runner/work/test-zip-extract-repository/test-zip-extract-repository/workdir/tests/invenio-requests/original/.venv/lib/python3.14/site-packages/edtf/parser/grammar.py,line=63::'excludeChars' argument is deprecated, use 'exclude_chars'
::warning file=/home/runner/work/test-zip-extract-repository/test-zip-extract-repository/workdir/tests/invenio-requests/original/.venv/lib/python3.14/site-packages/edtf/parser/grammar.py,line=73::'oneOf' deprecated - use 'one_of'
::warning file=/home/runner/work/test-zip-extract-repository/test-zip-extract-repository/workdir/tests/invenio-requests/original/.venv/lib/python3.14/site-packages/edtf/parser/grammar.py,line=74::'oneOf' deprecated - use 'one_of'
::warning file=/home/runner/work/test-zip-extract-repository/test-zip-extract-repository/workdir/tests/invenio-requests/original/.venv/lib/python3.14/site-packages/edtf/parser/parser_classes.py,line=103::'addParseAction' deprecated - use 'add_parse_action'
::warning file=/home/runner/work/test-zip-extract-repository/test-zip-extract-repository/workdir/tests/invenio-requests/original/.venv/lib/python3.14/site-packages/edtf/parser/parser_classes.py,line=103::'addParseAction' deprecated - use 'add_parse_action'
::warning file=/home/runner/work/test-zip-extract-repository/test-zip-extract-repository/workdir/tests/invenio-requests/original/.venv/lib/python3.14/site-packages/edtf/parser/parser_classes.py,line=103::'addParseAction' deprecated - use 'add_parse_action'
::warning file=/home/runner/work/test-zip-extract-repository/test-zip-extract-repository/workdir/tests/invenio-requests/original/.venv/lib/python3.14/site-packages/edtf/parser/grammar.py,line=119::'oneOf' deprecated - use 'one_of'
::warning file=/home/runner/work/test-zip-extract-repository/test-zip-extract-repository/workdir/tests/invenio-requests/original/.venv/lib/python3.14/site-packages/edtf/parser/parser_classes.py,line=103::'addParseAction' deprecated - use 'add_parse_action'
::warning file=/home/runner/work/test-zip-extract-repository/test-zip-extract-repository/workdir/tests/invenio-requests/original/.venv/lib/python3.14/site-packages/edtf/parser/grammar.py,line=122::'oneOf' deprecated - use 'one_of'
::warning file=/home/runner/work/test-zip-extract-repository/test-zip-extract-repository/workdir/tests/invenio-requests/original/.venv/lib/python3.14/site-packages/edtf/parser/parser_classes.py,line=103::'addParseAction' deprecated - use 'add_parse_action'
::warning file=/home/runner/work/test-zip-extract-repository/test-zip-extract-repository/workdir/tests/invenio-requests/original/.venv/lib/python3.14/site-packages/edtf/parser/parser_classes.py,line=103::'addParseAction' deprecated - use 'add_parse_action'
::warning file=/home/runner/work/test-zip-extract-repository/test-zip-extract-repository/workdir/tests/invenio-requests/original/.venv/lib/python3.14/site-packages/edtf/parser/grammar.py,line=155::'addParseAction' deprecated - use 'add_parse_action'
::warning file=/home/runner/work/test-zip-extract-repository/test-zip-extract-repository/workdir/tests/invenio-requests/original/.venv/lib/python3.14/site-packages/edtf/parser/grammar.py,line=157::'addParseAction' deprecated - use 'add_parse_action'
::warning file=/home/runner/work/test-zip-extract-repository/test-zip-extract-repository/workdir/tests/invenio-requests/original/.venv/lib/python3.14/site-packages/edtf/parser/parser_classes.py,line=103::'addParseAction' deprecated - use 'add_parse_action'
::warning file=/home/runner/work/test-zip-extract-repository/test-zip-extract-repository/workdir/tests/invenio-requests/original/.venv/lib/python3.14/site-packages/edtf/parser/parser_classes.py,line=103::'addParseAction' deprecated - use 'add_parse_action'
::warning file=/home/runner/work/test-zip-extract-repository/test-zip-extract-repository/workdir/tests/invenio-requests/original/.venv/lib/python3.14/site-packages/edtf/parser/parser_classes.py,line=103::'addParseAction' deprecated - use 'add_parse_action'
::warning file=/home/runner/work/test-zip-extract-repository/test-zip-extract-repository/workdir/tests/invenio-requests/original/.venv/lib/python3.14/site-packages/edtf/parser/grammar.py,line=199::'oneOf' deprecated - use 'one_of'
::warning file=/home/runner/work/test-zip-extract-repository/test-zip-extract-repository/workdir/tests/invenio-requests/original/.venv/lib/python3.14/site-packages/edtf/parser/parser_classes.py,line=103::'addParseAction' deprecated - use 'add_parse_action'
::warning file=/home/runner/work/test-zip-extract-repository/test-zip-extract-repository/workdir/tests/invenio-requests/original/.venv/lib/python3.14/site-packages/edtf/parser/parser_classes.py,line=103::'addParseAction' deprecated - use 'add_parse_action'
::warning file=/home/runner/work/test-zip-extract-repository/test-zip-extract-repository/workdir/tests/invenio-requests/original/.venv/lib/python3.14/site-packages/edtf/parser/parser_classes.py,line=103::'addParseAction' deprecated - use 'add_parse_action'
::warning file=/home/runner/work/test-zip-extract-repository/test-zip-extract-repository/workdir/tests/invenio-requests/original/.venv/lib/python3.14/site-packages/edtf/parser/parser_classes.py,line=103::'addParseAction' deprecated - use 'add_parse_action'
::warning file=/home/runner/work/test-zip-extract-repository/test-zip-extract-repository/workdir/tests/invenio-requests/original/.venv/lib/python3.14/site-packages/edtf/parser/parser_classes.py,line=103::'addParseAction' deprecated - use 'add_parse_action'
::warning file=/home/runner/work/test-zip-extract-repository/test-zip-extract-repository/workdir/tests/invenio-requests/original/.venv/lib/python3.14/site-packages/edtf/parser/grammar.py,line=303::'addParseAction' deprecated - use 'add_parse_action'
::warning file=/home/runner/work/test-zip-extract-repository/test-zip-extract-repository/workdir/tests/invenio-requests/original/.venv/lib/python3.14/site-packages/edtf/parser/grammar.py,line=303::'addParseAction' deprecated - use 'add_parse_action'
::warning file=/home/runner/work/test-zip-extract-repository/test-zip-extract-repository/workdir/tests/invenio-requests/original/.venv/lib/python3.14/site-packages/edtf/parser/grammar.py,line=304::'addParseAction' deprecated - use 'add_parse_action'
::warning file=/home/runner/work/test-zip-extract-repository/test-zip-extract-repository/workdir/tests/invenio-requests/original/.venv/lib/python3.14/site-packages/edtf/parser/grammar.py,line=304::'addParseAction' deprecated - use 'add_parse_action'
::warning file=/home/runner/work/test-zip-extract-repository/test-zip-extract-repository/workdir/tests/invenio-requests/original/.venv/lib/python3.14/site-packages/edtf/parser/parser_classes.py,line=103::'addParseAction' deprecated - use 'add_parse_action'
::warning file=/home/runner/work/test-zip-extract-repository/test-zip-extract-repository/workdir/tests/invenio-requests/original/.venv/lib/python3.14/site-packages/edtf/parser/parser_classes.py,line=103::'addParseAction' deprecated - use 'add_parse_action'
::warning file=/home/runner/work/test-zip-extract-repository/test-zip-extract-repository/workdir/tests/invenio-requests/original/.venv/lib/python3.14/site-packages/edtf/parser/parser_classes.py,line=103::'addParseAction' deprecated - use 'add_parse_action'
::warning file=/home/runner/work/test-zip-extract-repository/test-zip-extract-repository/workdir/tests/invenio-requests/original/.venv/lib/python3.14/site-packages/edtf/parser/parser_classes.py,line=103::'addParseAction' deprecated - use 'add_parse_action'
::warning file=/home/runner/work/test-zip-extract-repository/test-zip-extract-repository/workdir/tests/invenio-requests/original/.venv/lib/python3.14/site-packages/edtf/parser/grammar.py,line=325::'oneOf' deprecated - use 'one_of'
::warning file=/home/runner/work/test-zip-extract-repository/test-zip-extract-repository/workdir/tests/invenio-requests/original/.venv/lib/python3.14/site-packages/edtf/parser/parser_classes.py,line=103::'addParseAction' deprecated - use 'add_parse_action'
============================= test session starts ==============================
platform linux -- Python 3.14.2, pytest-8.4.2, pluggy-1.6.0
rootdir: /home/runner/work/test-zip-extract-repository/test-zip-extract-repository/workdir/tests/invenio-requests/original
configfile: setup.cfg
testpaths: docs, tests, invenio_requests
plugins: invenio-4.0.0, time-machine-2.19.0, isort-4.0.0, flask-1.3.0, github-actions-annotate-failures-0.3.0, pydocstyle-2.4.0, cov-7.0.0, black-0.6.0, pycodestyle-2.5.0
collected 125 items

tests/customizations/test_request_types.py ...                           [  2%]
tests/records/events/test_api.py .::warning file=/home/runner/work/test-zip-extract-repository/test-zip-extract-repository/workdir/tests/invenio-requests/original/.venv/lib/python3.14/site-packages/invenio_rest/ext.py,line=29::CSRF validation will be enabled by default in the version 1.3.x
                                       [  3%]
tests/records/systemfields/test_calculated_systemfield.py .::warning file=/home/runner/work/test-zip-extract-repository/test-zip-extract-repository/workdir/tests/invenio-requests/original/.venv/lib/python3.14/site-packages/invenio_rest/ext.py,line=29::CSRF validation will be enabled by default in the version 1.3.x
.             [  4%]
tests/records/systemfields/test_last_activity_field.py .::warning file=/home/runner/work/test-zip-extract-repository/test-zip-extract-repository/workdir/tests/invenio-requests/original/.venv/lib/python3.14/site-packages/invenio_rest/ext.py,line=29::CSRF validation will be enabled by default in the version 1.3.x
..               [  7%]
tests/records/systemfields/test_last_reply_field.py .::warning file=/home/runner/work/test-zip-extract-repository/test-zip-extract-repository/workdir/tests/invenio-requests/original/.venv/lib/python3.14/site-packages/invenio_rest/ext.py,line=29::CSRF validation will be enabled by default in the version 1.3.x
...                 [ 10%]
tests/records/test_request_api.py .::warning file=/home/runner/work/test-zip-extract-repository/test-zip-extract-repository/workdir/tests/invenio-requests/original/.venv/lib/python3.14/site-packages/invenio_rest/ext.py,line=29::CSRF validation will be enabled by default in the version 1.3.x
                                      [ 11%]
tests/records/test_request_numberseq.py .::warning file=/home/runner/work/test-zip-extract-repository/test-zip-extract-repository/workdir/tests/invenio-requests/original/.venv/lib/python3.14/site-packages/invenio_rest/ext.py,line=29::CSRF validation will be enabled by default in the version 1.3.x
                                [ 12%]
tests/records/test_systemfield_relatedrecord.py .::warning file=/home/runner/work/test-zip-extract-repository/test-zip-extract-repository/workdir/tests/invenio-requests/original/.venv/lib/python3.14/site-packages/invenio_rest/ext.py,line=29::CSRF validation will be enabled by default in the version 1.3.x
::warning file=/home/runner/work/test-zip-extract-repository/test-zip-extract-repository/workdir/tests/invenio-requests/original/.venv/lib/python3.14/site-packages/invenio_records/api.py,line=334::nested transaction already deassociated from connection
.::warning file=/home/runner/work/test-zip-extract-repository/test-zip-extract-repository/workdir/tests/invenio-requests/original/.venv/lib/python3.14/site-packages/invenio_records/api.py,line=334::nested transaction already deassociated from connection
.::warning file=/home/runner/work/test-zip-extract-repository/test-zip-extract-repository/workdir/tests/invenio-requests/original/.venv/lib/python3.14/site-packages/invenio_records/api.py,line=334::nested transaction already deassociated from connection
.::warning file=/home/runner/work/test-zip-extract-repository/test-zip-extract-repository/workdir/tests/invenio-requests/original/.venv/lib/python3.14/site-packages/invenio_records/api.py,line=334::nested transaction already deassociated from connection
.::warning file=/home/runner/work/test-zip-extract-repository/test-zip-extract-repository/workdir/tests/invenio-requests/original/.venv/lib/python3.14/site-packages/invenio_records/api.py,line=334::nested transaction already deassociated from connection
                    [ 16%]
tests/resources/events/test_request_events_resources.py .::warning file=/home/runner/work/test-zip-extract-repository/test-zip-extract-repository/workdir/tests/invenio-requests/original/.venv/lib/python3.14/site-packages/invenio_rest/ext.py,line=29::CSRF validation will be enabled by default in the version 1.3.x
::warning file=/home/runner/work/test-zip-extract-repository/test-zip-extract-repository/workdir/tests/invenio-requests/original/.venv/lib/python3.14/site-packages/flask_security/utils.py,line=77::Remember me support has been removed.
.::warning file=/home/runner/work/test-zip-extract-repository/test-zip-extract-repository/workdir/tests/invenio-requests/original/.venv/lib/python3.14/site-packages/flask_security/utils.py,line=77::Remember me support has been removed.
.::warning file=/home/runner/work/test-zip-extract-repository/test-zip-extract-repository/workdir/tests/invenio-requests/original/.venv/lib/python3.14/site-packages/flask_security/utils.py,line=77::Remember me support has been removed.
.::warning file=/home/runner/work/test-zip-extract-repository/test-zip-extract-repository/workdir/tests/invenio-requests/original/.venv/lib/python3.14/site-packages/flask_security/utils.py,line=77::Remember me support has been removed.
.::warning file=/home/runner/work/test-zip-extract-repository/test-zip-extract-repository/workdir/tests/invenio-requests/original/.venv/lib/python3.14/site-packages/flask_security/utils.py,line=77::Remember me support has been removed.
.::warning file=/home/runner/work/test-zip-extract-repository/test-zip-extract-repository/workdir/tests/invenio-requests/original/.venv/lib/python3.14/site-packages/flask_security/utils.py,line=77::Remember me support has been removed.
.::warning file=/home/runner/work/test-zip-extract-repository/test-zip-extract-repository/workdir/tests/invenio-requests/original/.venv/lib/python3.14/site-packages/flask_security/utils.py,line=77::Remember me support has been removed.
.::warning file=/home/runner/work/test-zip-extract-repository/test-zip-extract-repository/workdir/tests/invenio-requests/original/.venv/lib/python3.14/site-packages/flask_security/utils.py,line=77::Remember me support has been removed.
.::warning file=/home/runner/work/test-zip-extract-repository/test-zip-extract-repository/workdir/tests/invenio-requests/original/.venv/lib/python3.14/site-packages/flask_security/utils.py,line=77::Remember me support has been removed.
.::warning file=/home/runner/work/test-zip-extract-repository/test-zip-extract-repository/workdir/tests/invenio-requests/original/.venv/lib/python3.14/site-packages/flask_security/utils.py,line=77::Remember me support has been removed.
::warning file=/home/runner/work/test-zip-extract-repository/test-zip-extract-repository/workdir/tests/invenio-requests/original/.venv/lib/python3.14/site-packages/flask_security/utils.py,line=77::Remember me support has been removed.
::warning file=/home/runner/work/test-zip-extract-repository/test-zip-extract-repository/workdir/tests/invenio-requests/original/.venv/lib/python3.14/site-packages/flask_security/utils.py,line=77::Remember me support has been removed.
.::warning file=/home/runner/work/test-zip-extract-repository/test-zip-extract-repository/workdir/tests/invenio-requests/original/.venv/lib/python3.14/site-packages/flask_security/utils.py,line=77::Remember me support has been removed.
.::warning file=/home/runner/work/test-zip-extract-repository/test-zip-extract-repository/workdir/tests/invenio-requests/original/.venv/lib/python3.14/site-packages/flask_security/utils.py,line=77::Remember me support has been removed.
     [ 25%]
tests/resources/requests/test_requests_resources.py .::warning file=/home/runner/work/test-zip-extract-repository/test-zip-extract-repository/workdir/tests/invenio-requests/original/.venv/lib/python3.14/site-packages/invenio_rest/ext.py,line=29::CSRF validation will be enabled by default in the version 1.3.x
::warning file=/home/runner/work/test-zip-extract-repository/test-zip-extract-repository/workdir/tests/invenio-requests/original/.venv/lib/python3.14/site-packages/flask_security/utils.py,line=77::Remember me support has been removed.
.::warning file=/home/runner/work/test-zip-extract-repository/test-zip-extract-repository/workdir/tests/invenio-requests/original/.venv/lib/python3.14/site-packages/flask_security/utils.py,line=77::Remember me support has been removed.
.::warning file=/home/runner/work/test-zip-extract-repository/test-zip-extract-repository/workdir/tests/invenio-requests/original/.venv/lib/python3.14/site-packages/flask_security/utils.py,line=77::Remember me support has been removed.
.::warning file=/home/runner/work/test-zip-extract-repository/test-zip-extract-repository/workdir/tests/invenio-requests/original/.venv/lib/python3.14/site-packages/flask_security/utils.py,line=77::Remember me support has been removed.
.::warning file=/home/runner/work/test-zip-extract-repository/test-zip-extract-repository/workdir/tests/invenio-requests/original/.venv/lib/python3.14/site-packages/flask_security/utils.py,line=77::Remember me support has been removed.
.::warning file=/home/runner/work/test-zip-extract-repository/test-zip-extract-repository/workdir/tests/invenio-requests/original/.venv/lib/python3.14/site-packages/flask_security/utils.py,line=77::Remember me support has been removed.
               [ 30%]
tests/resources/user_moderation/test_user_moderation_resources.py .::warning file=/home/runner/work/test-zip-extract-repository/test-zip-extract-repository/workdir/tests/invenio-requests/original/.venv/lib/python3.14/site-packages/invenio_rest/ext.py,line=29::CSRF validation will be enabled by default in the version 1.3.x
::warning file=/home/runner/work/test-zip-extract-repository/test-zip-extract-repository/workdir/tests/invenio-requests/original/.venv/lib/python3.14/site-packages/flask_security/utils.py,line=77::Remember me support has been removed.
.::warning file=/home/runner/work/test-zip-extract-repository/test-zip-extract-repository/workdir/tests/invenio-requests/original/.venv/lib/python3.14/site-packages/flask_security/utils.py,line=77::Remember me support has been removed.
.::warning file=/home/runner/work/test-zip-extract-repository/test-zip-extract-repository/workdir/tests/invenio-requests/original/.venv/lib/python3.14/site-packages/flask_security/utils.py,line=77::Remember me support has been removed.
.::warning file=/home/runner/work/test-zip-extract-repository/test-zip-extract-repository/workdir/tests/invenio-requests/original/.venv/lib/python3.14/site-packages/flask_security/utils.py,line=77::Remember me support has been removed.
.::warning file=/home/runner/work/test-zip-extract-repository/test-zip-extract-repository/workdir/tests/invenio-requests/original/.venv/lib/python3.14/site-packages/flask_security/utils.py,line=77::Remember me support has been removed.
. [ 35%]
::warning file=/home/runner/work/test-zip-extract-repository/test-zip-extract-repository/workdir/tests/invenio-requests/original/.venv/lib/python3.14/site-packages/flask_security/utils.py,line=77::Remember me support has been removed.
.::warning file=/home/runner/work/test-zip-extract-repository/test-zip-extract-repository/workdir/tests/invenio-requests/original/.venv/lib/python3.14/site-packages/flask_security/utils.py,line=77::Remember me support has been removed.
.::warning file=/home/runner/work/test-zip-extract-repository/test-zip-extract-repository/workdir/tests/invenio-requests/original/.venv/lib/python3.14/site-packages/flask_security/utils.py,line=77::Remember me support has been removed.
.::warning file=/home/runner/work/test-zip-extract-repository/test-zip-extract-repository/workdir/tests/invenio-requests/original/.venv/lib/python3.14/site-packages/flask_security/utils.py,line=77::Remember me support has been removed.
.::warning file=/home/runner/work/test-zip-extract-repository/test-zip-extract-repository/workdir/tests/invenio-requests/original/.venv/lib/python3.14/site-packages/flask_security/utils.py,line=77::Remember me support has been removed.
.::warning file=/home/runner/work/test-zip-extract-repository/test-zip-extract-repository/workdir/tests/invenio-requests/original/.venv/lib/python3.14/site-packages/flask_security/utils.py,line=77::Remember me support has been removed.
                                                                    [ 39%]
tests/services/components/test_request_reviewers_component.py .::warning file=/home/runner/work/test-zip-extract-repository/test-zip-extract-repository/workdir/tests/invenio-requests/original/.venv/lib/python3.14/site-packages/invenio_rest/ext.py,line=29::CSRF validation will be enabled by default in the version 1.3.x
......... [ 47%]
.......                                                                  [ 52%]
tests/services/events/test_event_permissions.py .::warning file=/home/runner/work/test-zip-extract-repository/test-zip-extract-repository/workdir/tests/invenio-requests/original/.venv/lib/python3.14/site-packages/invenio_rest/ext.py,line=29::CSRF validation will be enabled by default in the version 1.3.x
.....                   [ 57%]
tests/services/events/test_request_events_service.py .::warning file=/home/runner/work/test-zip-extract-repository/test-zip-extract-repository/workdir/tests/invenio-requests/original/.venv/lib/python3.14/site-packages/invenio_rest/ext.py,line=29::CSRF validation will be enabled by default in the version 1.3.x
..........         [ 66%]
tests/services/events/test_request_events_service_config.py .::warning file=/home/runner/work/test-zip-extract-repository/test-zip-extract-repository/workdir/tests/invenio-requests/original/.venv/lib/python3.14/site-packages/invenio_rest/ext.py,line=29::CSRF validation will be enabled by default in the version 1.3.x
.           [ 68%]
tests/services/requests/test_request_permissions.py .::warning file=/home/runner/work/test-zip-extract-repository/test-zip-extract-repository/workdir/tests/invenio-requests/original/.venv/lib/python3.14/site-packages/invenio_rest/ext.py,line=29::CSRF validation will be enabled by default in the version 1.3.x
............        [ 78%]
tests/services/requests/test_request_search_permissions.py .::warning file=/home/runner/work/test-zip-extract-repository/test-zip-extract-repository/workdir/tests/invenio-requests/original/.venv/lib/python3.14/site-packages/invenio_rest/ext.py,line=29::CSRF validation will be enabled by default in the version 1.3.x
             [ 79%]
tests/services/requests/test_requests_schemas.py .::warning file=/home/runner/work/test-zip-extract-repository/test-zip-extract-repository/workdir/tests/invenio-requests/original/.venv/lib/python3.14/site-packages/invenio_rest/ext.py,line=29::CSRF validation will be enabled by default in the version 1.3.x
.                      [ 80%]
tests/services/requests/test_requests_service.py .::warning file=/home/runner/work/test-zip-extract-repository/test-zip-extract-repository/workdir/tests/invenio-requests/original/.venv/lib/python3.14/site-packages/invenio_rest/ext.py,line=29::CSRF validation will be enabled by default in the version 1.3.x
.......                [ 87%]
tests/services/requests/test_requests_service_config.py .::warning file=/home/runner/work/test-zip-extract-repository/test-zip-extract-repository/workdir/tests/invenio-requests/original/.venv/lib/python3.14/site-packages/invenio_rest/ext.py,line=29::CSRF validation will be enabled by default in the version 1.3.x
.               [ 88%]
tests/services/requests/test_requests_tasks.py .::warning file=/home/runner/work/test-zip-extract-repository/test-zip-extract-repository/workdir/tests/invenio-requests/original/.venv/lib/python3.14/site-packages/invenio_rest/ext.py,line=29::CSRF validation will be enabled by default in the version 1.3.x
                         [ 89%]
tests/services/user_moderation/test_user_moderation_service.py .::warning file=/home/runner/work/test-zip-extract-repository/test-zip-extract-repository/workdir/tests/invenio-requests/original/.venv/lib/python3.14/site-packages/invenio_rest/ext.py,line=29::CSRF validation will be enabled by default in the version 1.3.x
......   [ 95%]
tests/test_alembic.py .::warning file=/home/runner/work/test-zip-extract-repository/test-zip-extract-repository/workdir/tests/invenio-requests/original/.venv/lib/python3.14/site-packages/invenio_rest/ext.py,line=29::CSRF validation will be enabled by default in the version 1.3.x
::warning file=/home/runner/work/test-zip-extract-repository/test-zip-extract-repository/workdir/tests/invenio-requests/original/.venv/lib/python3.14/site-packages/alembic/config.py,line=580::No path_separator found in configuration; falling back to legacy splitting on spaces/commas for version_locations.  Consider adding path_separator=os to Alembic config.
::warning file=/home/runner/work/test-zip-extract-repository/test-zip-extract-repository/workdir/tests/invenio-requests/original/.venv/lib/python3.14/site-packages/invenio_oauthclient/alembic/bff1f190b9bd_add_timestamp_oauthclient.py,line=27::datetime.datetime.utcnow() is deprecated and scheduled for removal in a future version. Use timezone-aware objects to represent datetimes in UTC: datetime.datetime.now(datetime.UTC).
::warning file=/home/runner/work/test-zip-extract-repository/test-zip-extract-repository/workdir/tests/invenio-requests/original/.venv/lib/python3.14/site-packages/invenio_oauthclient/alembic/97bbc733896c_create_oauthclient_tables.py,line=76::The from_engine() method on Inspector is deprecated and will be removed in a future release.  Please use the sqlalchemy.inspect() function on an Engine or Connection in order to acquire an Inspector. (deprecated since: 1.4)
::warning file=/home/runner/work/test-zip-extract-repository/test-zip-extract-repository/workdir/tests/invenio-requests/original/.venv/lib/python3.14/site-packages/alembic/ddl/postgresql.py,line=202::autoincrement and existing_autoincrement only make sense for MySQL
::warning file=/home/runner/work/test-zip-extract-repository/test-zip-extract-repository/workdir/tests/invenio-requests/original/.venv/lib/python3.14/site-packages/invenio_accounts/alembic/9848d0149abd_create_accounts_tables.py,line=99::The from_engine() method on Inspector is deprecated and will be removed in a future release.  Please use the sqlalchemy.inspect() function on an Engine or Connection in order to acquire an Inspector. (deprecated since: 1.4)
                                                  [ 96%]
tests/test_invenio_requests.py ..                                        [ 97%]
tests/test_type_registry.py ...                                          [100%]

=============================== warnings summary ===============================
.venv/lib/python3.14/site-packages/edtf/parser/grammar.py:9
  /home/runner/work/test-zip-extract-repository/test-zip-extract-repository/workdir/tests/invenio-requests/original/.venv/lib/python3.14/site-packages/edtf/parser/grammar.py:9: PyparsingDeprecationWarning: 'enablePackrat' deprecated - use 'enable_packrat'
    pyparsing.ParserElement.enablePackrat()

.venv/lib/python3.14/site-packages/edtf/parser/grammar.py:52
  /home/runner/work/test-zip-extract-repository/test-zip-extract-repository/workdir/tests/invenio-requests/original/.venv/lib/python3.14/site-packages/edtf/parser/grammar.py:52: PyparsingDeprecationWarning: 'oneOf' deprecated - use 'one_of'
    oneThru12 = oneOf(["%.2d" % i for i in range(1, 13)])

.venv/lib/python3.14/site-packages/edtf/parser/grammar.py:53
  /home/runner/work/test-zip-extract-repository/test-zip-extract-repository/workdir/tests/invenio-requests/original/.venv/lib/python3.14/site-packages/edtf/parser/grammar.py:53: PyparsingDeprecationWarning: 'oneOf' deprecated - use 'one_of'
    oneThru13 = oneOf(["%.2d" % i for i in range(1, 14)])

.venv/lib/python3.14/site-packages/edtf/parser/grammar.py:54
  /home/runner/work/test-zip-extract-repository/test-zip-extract-repository/workdir/tests/invenio-requests/original/.venv/lib/python3.14/site-packages/edtf/parser/grammar.py:54: PyparsingDeprecationWarning: 'oneOf' deprecated - use 'one_of'
    oneThru23 = oneOf(["%.2d" % i for i in range(1, 24)])

.venv/lib/python3.14/site-packages/edtf/parser/grammar.py:55
  /home/runner/work/test-zip-extract-repository/test-zip-extract-repository/workdir/tests/invenio-requests/original/.venv/lib/python3.14/site-packages/edtf/parser/grammar.py:55: PyparsingDeprecationWarning: 'oneOf' deprecated - use 'one_of'
    zeroThru23 = oneOf(["%.2d" % i for i in range(0, 24)])

.venv/lib/python3.14/site-packages/edtf/parser/grammar.py:56
  /home/runner/work/test-zip-extract-repository/test-zip-extract-repository/workdir/tests/invenio-requests/original/.venv/lib/python3.14/site-packages/edtf/parser/grammar.py:56: PyparsingDeprecationWarning: 'oneOf' deprecated - use 'one_of'
    oneThru29 = oneOf(["%.2d" % i for i in range(1, 30)])

.venv/lib/python3.14/site-packages/edtf/parser/grammar.py:57
  /home/runner/work/test-zip-extract-repository/test-zip-extract-repository/workdir/tests/invenio-requests/original/.venv/lib/python3.14/site-packages/edtf/parser/grammar.py:57: PyparsingDeprecationWarning: 'oneOf' deprecated - use 'one_of'
    oneThru30 = oneOf(["%.2d" % i for i in range(1, 31)])

.venv/lib/python3.14/site-packages/edtf/parser/grammar.py:58
  /home/runner/work/test-zip-extract-repository/test-zip-extract-repository/workdir/tests/invenio-requests/original/.venv/lib/python3.14/site-packages/edtf/parser/grammar.py:58: PyparsingDeprecationWarning: 'oneOf' deprecated - use 'one_of'
    oneThru31 = oneOf(["%.2d" % i for i in range(1, 32)])

.venv/lib/python3.14/site-packages/edtf/parser/grammar.py:59
  /home/runner/work/test-zip-extract-repository/test-zip-extract-repository/workdir/tests/invenio-requests/original/.venv/lib/python3.14/site-packages/edtf/parser/grammar.py:59: PyparsingDeprecationWarning: 'oneOf' deprecated - use 'one_of'
    oneThru59 = oneOf(["%.2d" % i for i in range(1, 60)])

.venv/lib/python3.14/site-packages/edtf/parser/grammar.py:60
  /home/runner/work/test-zip-extract-repository/test-zip-extract-repository/workdir/tests/invenio-requests/original/.venv/lib/python3.14/site-packages/edtf/parser/grammar.py:60: PyparsingDeprecationWarning: 'oneOf' deprecated - use 'one_of'
    zeroThru59 = oneOf(["%.2d" % i for i in range(0, 60)])

.venv/lib/python3.14/site-packages/edtf/parser/grammar.py:63
  /home/runner/work/test-zip-extract-repository/test-zip-extract-repository/workdir/tests/invenio-requests/original/.venv/lib/python3.14/site-packages/edtf/parser/grammar.py:63: PyparsingDeprecationWarning: 'excludeChars' argument is deprecated, use 'exclude_chars'
    positiveDigit = Word(nums, exact=1, excludeChars="0")

.venv/lib/python3.14/site-packages/edtf/parser/grammar.py:73
  /home/runner/work/test-zip-extract-repository/test-zip-extract-repository/workdir/tests/invenio-requests/original/.venv/lib/python3.14/site-packages/edtf/parser/grammar.py:73: PyparsingDeprecationWarning: 'oneOf' deprecated - use 'one_of'
    (oneOf("01 03 05 07 08 10 12")("month") + "-" + oneThru31("day"))

.venv/lib/python3.14/site-packages/edtf/parser/grammar.py:74
  /home/runner/work/test-zip-extract-repository/test-zip-extract-repository/workdir/tests/invenio-requests/original/.venv/lib/python3.14/site-packages/edtf/parser/grammar.py:74: PyparsingDeprecationWarning: 'oneOf' deprecated - use 'one_of'
    ^ (oneOf("04 06 09 11")("month") + "-" + oneThru30("day"))

.venv/lib/python3.14/site-packages/edtf/parser/parser_classes.py:103: 19 warnings
  /home/runner/work/test-zip-extract-repository/test-zip-extract-repository/workdir/tests/invenio-requests/original/.venv/lib/python3.14/site-packages/edtf/parser/parser_classes.py:103: PyparsingDeprecationWarning: 'addParseAction' deprecated - use 'add_parse_action'
    p.addParseAction(cls.parse_action)

.venv/lib/python3.14/site-packages/edtf/parser/grammar.py:119
  /home/runner/work/test-zip-extract-repository/test-zip-extract-repository/workdir/tests/invenio-requests/original/.venv/lib/python3.14/site-packages/edtf/parser/grammar.py:119: PyparsingDeprecationWarning: 'oneOf' deprecated - use 'one_of'
    UASymbol = Combine(oneOf("? ~ %"))

.venv/lib/python3.14/site-packages/edtf/parser/grammar.py:122
  /home/runner/work/test-zip-extract-repository/test-zip-extract-repository/workdir/tests/invenio-requests/original/.venv/lib/python3.14/site-packages/edtf/parser/grammar.py:122: PyparsingDeprecationWarning: 'oneOf' deprecated - use 'one_of'
    seasonNumber = oneOf("21 22 23 24")

.venv/lib/python3.14/site-packages/edtf/parser/grammar.py:155
  /home/runner/work/test-zip-extract-repository/test-zip-extract-repository/workdir/tests/invenio-requests/original/.venv/lib/python3.14/site-packages/edtf/parser/grammar.py:155: PyparsingDeprecationWarning: 'addParseAction' deprecated - use 'add_parse_action'
    l1Start.addParseAction(f)

.venv/lib/python3.14/site-packages/edtf/parser/grammar.py:157
  /home/runner/work/test-zip-extract-repository/test-zip-extract-repository/workdir/tests/invenio-requests/original/.venv/lib/python3.14/site-packages/edtf/parser/grammar.py:157: PyparsingDeprecationWarning: 'addParseAction' deprecated - use 'add_parse_action'
    l1End.addParseAction(f)

.venv/lib/python3.14/site-packages/edtf/parser/grammar.py:199
  /home/runner/work/test-zip-extract-repository/test-zip-extract-repository/workdir/tests/invenio-requests/original/.venv/lib/python3.14/site-packages/edtf/parser/grammar.py:199: PyparsingDeprecationWarning: 'oneOf' deprecated - use 'one_of'
    monthWithX = Combine(oneOf("0X 1X") ^ ("X" + digitOrX))("month")

.venv/lib/python3.14/site-packages/edtf/parser/grammar.py:303
.venv/lib/python3.14/site-packages/edtf/parser/grammar.py:303
  /home/runner/work/test-zip-extract-repository/test-zip-extract-repository/workdir/tests/invenio-requests/original/.venv/lib/python3.14/site-packages/edtf/parser/grammar.py:303: PyparsingDeprecationWarning: 'addParseAction' deprecated - use 'add_parse_action'
    earlier = L("..").addParseAction(f)("lower") + date("upper").addParseAction(f)

.venv/lib/python3.14/site-packages/edtf/parser/grammar.py:304
.venv/lib/python3.14/site-packages/edtf/parser/grammar.py:304
  /home/runner/work/test-zip-extract-repository/test-zip-extract-repository/workdir/tests/invenio-requests/original/.venv/lib/python3.14/site-packages/edtf/parser/grammar.py:304: PyparsingDeprecationWarning: 'addParseAction' deprecated - use 'add_parse_action'
    later = date("lower").addParseAction(f) + L("..").addParseAction(f)("upper")

.venv/lib/python3.14/site-packages/edtf/parser/grammar.py:325
  /home/runner/work/test-zip-extract-repository/test-zip-extract-repository/workdir/tests/invenio-requests/original/.venv/lib/python3.14/site-packages/edtf/parser/grammar.py:325: PyparsingDeprecationWarning: 'oneOf' deprecated - use 'one_of'
    seasonL2Number = oneOf("21 22 23 24 25 26 27 28 29 30 31 32 33 34 35 36 37 38 39 40 41")

tests/records/events/test_api.py: 1 warning
tests/records/systemfields/test_calculated_systemfield.py: 1 warning
tests/records/systemfields/test_last_activity_field.py: 1 warning
tests/records/systemfields/test_last_reply_field.py: 1 warning
tests/records/test_request_api.py: 1 warning
tests/records/test_request_numberseq.py: 1 warning
tests/records/test_systemfield_relatedrecord.py: 1 warning
tests/resources/events/test_request_events_resources.py: 1 warning
tests/resources/requests/test_requests_resources.py: 1 warning
tests/resources/user_moderation/test_user_moderation_resources.py: 1 warning
tests/services/components/test_request_reviewers_component.py: 1 warning
tests/services/events/test_event_permissions.py: 1 warning
tests/services/events/test_request_events_service.py: 1 warning
tests/services/events/test_request_events_service_config.py: 1 warning
tests/services/requests/test_request_permissions.py: 1 warning
tests/services/requests/test_request_search_permissions.py: 1 warning
tests/services/requests/test_requests_schemas.py: 1 warning
tests/services/requests/test_requests_service.py: 1 warning
tests/services/requests/test_requests_service_config.py: 1 warning
tests/services/requests/test_requests_tasks.py: 1 warning
tests/services/user_moderation/test_user_moderation_service.py: 1 warning
tests/test_alembic.py: 1 warning
  /home/runner/work/test-zip-extract-repository/test-zip-extract-repository/workdir/tests/invenio-requests/original/.venv/lib/python3.14/site-packages/invenio_rest/ext.py:29: FutureWarning: CSRF validation will be enabled by default in the version 1.3.x
    self.init_app(app)

tests/records/test_systemfield_relatedrecord.py::test_no_assignment
tests/records/test_systemfield_relatedrecord.py::test_record_assignment
tests/records/test_systemfield_relatedrecord.py::test_id_assignment
tests/records/test_systemfield_relatedrecord.py::test_remove_assignment
tests/records/test_systemfield_relatedrecord.py::test_dump_created_by
  /home/runner/work/test-zip-extract-repository/test-zip-extract-repository/workdir/tests/invenio-requests/original/.venv/lib/python3.14/site-packages/invenio_records/api.py:334: SAWarning: nested transaction already deassociated from connection
    with db.session.begin_nested():

tests/resources/events/test_request_events_resources.py: 14 warnings
tests/resources/requests/test_requests_resources.py: 6 warnings
tests/resources/user_moderation/test_user_moderation_resources.py: 11 warnings
  /home/runner/work/test-zip-extract-repository/test-zip-extract-repository/workdir/tests/invenio-requests/original/.venv/lib/python3.14/site-packages/flask_security/utils.py:77: DeprecationWarning: Remember me support has been removed.
    warnings.warn("Remember me support has been removed.", DeprecationWarning)

tests/test_alembic.py::test_alembic
  /home/runner/work/test-zip-extract-repository/test-zip-extract-repository/workdir/tests/invenio-requests/original/.venv/lib/python3.14/site-packages/alembic/config.py:580: DeprecationWarning: No path_separator found in configuration; falling back to legacy splitting on spaces/commas for version_locations.  Consider adding path_separator=os to Alembic config.
    util.warn_deprecated(

tests/test_alembic.py::test_alembic
  /home/runner/work/test-zip-extract-repository/test-zip-extract-repository/workdir/tests/invenio-requests/original/.venv/lib/python3.14/site-packages/invenio_oauthclient/alembic/bff1f190b9bd_add_timestamp_oauthclient.py:27: DeprecationWarning: datetime.datetime.utcnow() is deprecated and scheduled for removal in a future version. Use timezone-aware objects to represent datetimes in UTC: datetime.datetime.now(datetime.UTC).
    current_date = datetime.utcnow()

tests/test_alembic.py::test_alembic
  /home/runner/work/test-zip-extract-repository/test-zip-extract-repository/workdir/tests/invenio-requests/original/.venv/lib/python3.14/site-packages/invenio_oauthclient/alembic/97bbc733896c_create_oauthclient_tables.py:76: SADeprecationWarning: The from_engine() method on Inspector is deprecated and will be removed in a future release.  Please use the sqlalchemy.inspect() function on an Engine or Connection in order to acquire an Inspector. (deprecated since: 1.4)
    insp = Inspector.from_engine(ctx.connection.engine)

tests/test_alembic.py::test_alembic
  /home/runner/work/test-zip-extract-repository/test-zip-extract-repository/workdir/tests/invenio-requests/original/.venv/lib/python3.14/site-packages/alembic/ddl/postgresql.py:202: UserWarning: autoincrement and existing_autoincrement only make sense for MySQL
    super().alter_column(

tests/test_alembic.py::test_alembic
  /home/runner/work/test-zip-extract-repository/test-zip-extract-repository/workdir/tests/invenio-requests/original/.venv/lib/python3.14/site-packages/invenio_accounts/alembic/9848d0149abd_create_accounts_tables.py:99: SADeprecationWarning: The from_engine() method on Inspector is deprecated and will be removed in a future release.  Please use the sqlalchemy.inspect() function on an Engine or Connection in order to acquire an Inspector. (deprecated since: 1.4)
    insp = Inspector.from_engine(ctx.connection.engine)

-- Docs: https://docs.pytest.org/en/stable/how-to/capture-warnings.html
================================ tests coverage ================================
_______________ coverage: platform linux, python 3.14.2-final-0 ________________

Name                                                                             Stmts   Miss  Cover   Missing
--------------------------------------------------------------------------------------------------------------
invenio_requests/__init__.py                                                         5      0   100%
invenio_requests/alembic/5cd30a3503c9_create_requests_branch.py                      8      0   100%
invenio_requests/alembic/74b23178bfbe_change_datetime_types.py                      15      0   100%
invenio_requests/alembic/1759321170_add_index_to_request_events_request_id_.py       9      0   100%
invenio_requests/alembic/a14fa442680f_create_tables.py                              18      0   100%
invenio_requests/config.py                                                          39      0   100%
invenio_requests/customizations/__init__.py                                          5      0   100%
invenio_requests/customizations/actions.py                                          64      1    98%   89
invenio_requests/customizations/event_types.py                                      69      5    93%   67-69, 74, 78
invenio_requests/customizations/request_types.py                                    92      9    90%   128, 193-198, 243-244, 274, 278
invenio_requests/customizations/states.py                                            5      0   100%
invenio_requests/customizations/user_moderation/__init__.py                          2      0   100%
invenio_requests/customizations/user_moderation/user_moderation.py                  29      0   100%
invenio_requests/errors.py                                                          41      5    88%   72, 92, 104-108
invenio_requests/ext.py                                                             66      2    97%   124, 133
invenio_requests/notifications/__init__.py                                           0      0   100%
invenio_requests/notifications/builders.py                                          21      0   100%
invenio_requests/notifications/filters.py                                           14      1    93%   28
invenio_requests/notifications/generators.py                                        59      3    95%   33, 131-133
invenio_requests/proxies.py                                                         16      0   100%
invenio_requests/records/__init__.py                                                 3      0   100%
invenio_requests/records/api.py                                                     81      3    96%   106-109
invenio_requests/records/dumpers/__init__.py                                         4      0   100%
invenio_requests/records/dumpers/calculated.py                                      10      0   100%
invenio_requests/records/dumpers/granttokens.py                                     20      2    90%   35-36
invenio_requests/records/dumpers/parentchild.py                                      8      0   100%
invenio_requests/records/jsonschemas/__init__.py                                     0      0   100%
invenio_requests/records/mappings/__init__.py                                        0      0   100%
invenio_requests/records/mappings/os-v1/__init__.py                                  0      0   100%
invenio_requests/records/mappings/os-v2/__init__.py                                  0      0   100%
invenio_requests/records/mappings/v7/__init__.py                                     0      0   100%
invenio_requests/records/models.py                                                  46      0   100%
invenio_requests/records/systemfields/__init__.py                                    9      0   100%
invenio_requests/records/systemfields/computed.py                                   65      1    98%   123
invenio_requests/records/systemfields/entity_reference.py                           15      0   100%
invenio_requests/records/systemfields/event_type.py                                 48      2    96%   32, 62
invenio_requests/records/systemfields/expired_state.py                              13      0   100%
invenio_requests/records/systemfields/identity.py                                   11      2    82%   20-21
invenio_requests/records/systemfields/relatedrecord.py                              96     20    79%   33, 37-39, 47-49, 57-58, 65-67, 136-137, 156-159, 170-171, 183
invenio_requests/records/systemfields/request_state.py                              10      0   100%
invenio_requests/records/systemfields/request_type.py                               30      1    97%   41
invenio_requests/records/systemfields/status.py                                     11      0   100%
invenio_requests/records/validators.py                                               6      4    33%   20-24
invenio_requests/registry.py                                                        17      0   100%
invenio_requests/resolvers/__init__.py                                               1      0   100%
invenio_requests/resolvers/registry.py                                               6      0   100%
invenio_requests/resolvers/requests.py                                              15      4    73%   28, 37, 47, 56
invenio_requests/resources/__init__.py                                               3      0   100%
invenio_requests/resources/events/__init__.py                                        3      0   100%
invenio_requests/resources/events/config.py                                         15      0   100%
invenio_requests/resources/events/resource.py                                       72      2    97%   171-178
invenio_requests/resources/requests/__init__.py                                      3      0   100%
invenio_requests/resources/requests/config.py                                       22      0   100%
invenio_requests/resources/requests/fields.py                                       16      6    62%   30, 32, 41-46
invenio_requests/resources/requests/resource.py                                     67      6    91%   86-92, 114-120, 126-130
invenio_requests/services/__init__.py                                                4      0   100%
invenio_requests/services/events/__init__.py                                         3      0   100%
invenio_requests/services/events/config.py                                          99     19    81%   66-67, 70-72, 93, 103-115, 208-212
invenio_requests/services/events/service.py                                        171     24    86%   99, 222, 402-453, 581, 594
invenio_requests/services/generators.py                                             89      9    90%   49, 74, 112, 141, 172, 178, 185, 195, 199
invenio_requests/services/links.py                                                  71      1    99%   91
invenio_requests/services/permissions.py                                            23      0   100%
invenio_requests/services/requests/__init__.py                                       5      0   100%
invenio_requests/services/requests/components.py                                    96      5    95%   176-185
invenio_requests/services/requests/config.py                                        37      0   100%
invenio_requests/services/requests/facets.py                                         5      0   100%
invenio_requests/services/requests/params.py                                        57     11    81%   34, 60, 81, 83, 110-124, 137-138
invenio_requests/services/requests/results.py                                       84      8    90%   53, 63, 88-90, 97, 103, 118
invenio_requests/services/requests/service.py                                      106      2    98%   48, 337
invenio_requests/services/results.py                                                50     20    60%   32, 62-63, 67, 80-83, 88-90, 95-101, 105-107
invenio_requests/services/schemas.py                                                47      0   100%
invenio_requests/services/user_moderation/__init__.py                                2      0   100%
invenio_requests/services/user_moderation/errors.py                                  5      0   100%
invenio_requests/services/user_moderation/service.py                                36      1    97%   100
invenio_requests/tasks.py                                                           25      7    72%   47-49, 61-66
invenio_requests/views/__init__.py                                                   5      0   100%
invenio_requests/views/api.py                                                        6      0   100%
invenio_requests/views/decorators.py                                                13      9    31%   21-34
invenio_requests/views/requests.py                                                   0      0   100%
invenio_requests/views/ui.py                                                        19      5    74%   23, 28, 33-36
invenio_requests/webpack.py                                                          2      0   100%
--------------------------------------------------------------------------------------------------------------
TOTAL                                                                             2363    200    92%
================= 125 passed, 105 warnings in 86.57s (0:01:26) =================
 Container docker_services_cli-postgresql-1  Stopping
 Container docker_services_cli-redis-1  Stopping
 Container docker_services_cli-opensearch-1  Stopping
 Container docker_services_cli-redis-1  Stopped
 Container docker_services_cli-redis-1  Removing
 Container docker_services_cli-redis-1  Removed
 Container docker_services_cli-postgresql-1  Stopped
 Container docker_services_cli-postgresql-1  Removing
 Container docker_services_cli-postgresql-1  Removed
 Container docker_services_cli-opensearch-1  Stopped
 Container docker_services_cli-opensearch-1  Removing
 Container docker_services_cli-opensearch-1  Removed
 Network docker_services_cli_default  Removing
 Network docker_services_cli_default  Removed
