running extract_messages
extracting messages from invenio_accounts/__init__.py (encoding="utf-8")
extracting messages from invenio_accounts/admin.py (encoding="utf-8")
extracting messages from invenio_accounts/api.py (encoding="utf-8")
extracting messages from invenio_accounts/cli.py (encoding="utf-8")
extracting messages from invenio_accounts/config.py (encoding="utf-8")
extracting messages from invenio_accounts/datastore.py (encoding="utf-8")
extracting messages from invenio_accounts/domains.py (encoding="utf-8")
extracting messages from invenio_accounts/errors.py (encoding="utf-8")
extracting messages from invenio_accounts/ext.py (encoding="utf-8")
extracting messages from invenio_accounts/forms.py (encoding="utf-8")
extracting messages from invenio_accounts/hash.py (encoding="utf-8")
extracting messages from invenio_accounts/models.py (encoding="utf-8")
extracting messages from invenio_accounts/proxies.py (encoding="utf-8")
extracting messages from invenio_accounts/sessions.py (encoding="utf-8")
extracting messages from invenio_accounts/signals.py (encoding="utf-8")
extracting messages from invenio_accounts/tasks.py (encoding="utf-8")
extracting messages from invenio_accounts/testutils.py (encoding="utf-8")
extracting messages from invenio_accounts/utils.py (encoding="utf-8")
extracting messages from invenio_accounts/alembic/037afe10e9ff_add_user_moderation_fields.py (encoding="utf-8")
extracting messages from invenio_accounts/alembic/62efc52773d4_create_useridentity_table.py (encoding="utf-8")
extracting messages from invenio_accounts/alembic/6ec5ce377ca3_create_domains.py (encoding="utf-8")
extracting messages from invenio_accounts/alembic/843bc79c426f_create_accounts_branch.py (encoding="utf-8")
extracting messages from invenio_accounts/alembic/9848d0149abd_create_accounts_tables.py (encoding="utf-8")
extracting messages from invenio_accounts/alembic/999dcbd19ace_users_versioning.py (encoding="utf-8")
extracting messages from invenio_accounts/alembic/dfbdf43a3e96_separate_login_info.py (encoding="utf-8")
extracting messages from invenio_accounts/alembic/e12419831262_add_new_columns_on_sessionactivity.py (encoding="utf-8")
extracting messages from invenio_accounts/alembic/eb9743315a9d_add_userprofile.py (encoding="utf-8")
extracting messages from invenio_accounts/alembic/f2522cdd5fcd_change_accountsrole_primary_key_to_string.py (encoding="utf-8")
extracting messages from invenio_accounts/context_processors/__init__.py (encoding="utf-8")
extracting messages from invenio_accounts/context_processors/jwt.py (encoding="utf-8")
extracting messages from invenio_accounts/profiles/__init__.py (encoding="utf-8")
extracting messages from invenio_accounts/profiles/dicts.py (encoding="utf-8")
extracting messages from invenio_accounts/profiles/schemas.py (encoding="utf-8")
extracting messages from invenio_accounts/templates/invenio_accounts/_macros.html (encoding="utf-8")
extracting messages from invenio_accounts/templates/invenio_accounts/base.html (encoding="utf-8")
extracting messages from invenio_accounts/templates/invenio_accounts/base_cover.html (encoding="utf-8")
extracting messages from invenio_accounts/templates/invenio_accounts/change_password.html (encoding="utf-8")
extracting messages from invenio_accounts/templates/invenio_accounts/forgot_password.html (encoding="utf-8")
extracting messages from invenio_accounts/templates/invenio_accounts/jwt.html (encoding="utf-8")
extracting messages from invenio_accounts/templates/invenio_accounts/login_user.html (encoding="utf-8")
extracting messages from invenio_accounts/templates/invenio_accounts/register_user.html (encoding="utf-8")
extracting messages from invenio_accounts/templates/invenio_accounts/reset_password.html (encoding="utf-8")
extracting messages from invenio_accounts/templates/invenio_accounts/send_confirmation.html (encoding="utf-8")
extracting messages from invenio_accounts/templates/invenio_accounts/send_login.html (encoding="utf-8")
extracting messages from invenio_accounts/templates/invenio_accounts/settings/base.html (encoding="utf-8")
extracting messages from invenio_accounts/templates/invenio_accounts/settings/security.html (encoding="utf-8")
extracting messages from invenio_accounts/templates/security/email/change_notice_rest.html (encoding="utf-8")
extracting messages from invenio_accounts/templates/semantic-ui/invenio_accounts/_macros.html (encoding="utf-8")
extracting messages from invenio_accounts/templates/semantic-ui/invenio_accounts/base.html (encoding="utf-8")
extracting messages from invenio_accounts/templates/semantic-ui/invenio_accounts/base_cover.html (encoding="utf-8")
extracting messages from invenio_accounts/templates/semantic-ui/invenio_accounts/change_password.html (encoding="utf-8")
extracting messages from invenio_accounts/templates/semantic-ui/invenio_accounts/forgot_password.html (encoding="utf-8")
extracting messages from invenio_accounts/templates/semantic-ui/invenio_accounts/jwt.html (encoding="utf-8")
extracting messages from invenio_accounts/templates/semantic-ui/invenio_accounts/login_user.html (encoding="utf-8")
extracting messages from invenio_accounts/templates/semantic-ui/invenio_accounts/register_user.html (encoding="utf-8")
extracting messages from invenio_accounts/templates/semantic-ui/invenio_accounts/reset_password.html (encoding="utf-8")
extracting messages from invenio_accounts/templates/semantic-ui/invenio_accounts/send_confirmation.html (encoding="utf-8")
extracting messages from invenio_accounts/templates/semantic-ui/invenio_accounts/send_login.html (encoding="utf-8")
extracting messages from invenio_accounts/templates/semantic-ui/invenio_accounts/settings/base.html (encoding="utf-8")
extracting messages from invenio_accounts/templates/semantic-ui/invenio_accounts/settings/security.html (encoding="utf-8")
extracting messages from invenio_accounts/views/__init__.py (encoding="utf-8")
extracting messages from invenio_accounts/views/rest.py (encoding="utf-8")
extracting messages from invenio_accounts/views/security.py (encoding="utf-8")
extracting messages from invenio_accounts/views/settings.py (encoding="utf-8")
writing PO template file to /dev/null
 postgresql Pulling 
 redis Pulling 
 4f4fb700ef54 Already exists 
 redis Pulled 
 postgresql Pulled 
 Network docker_services_cli_default  Creating
 Network docker_services_cli_default  Created
 Container docker_services_cli-redis-1  Creating
 Container docker_services_cli-postgresql-1  Creating
 Container docker_services_cli-redis-1  Created
 Container docker_services_cli-postgresql-1  Created
 Container docker_services_cli-postgresql-1  Starting
 Container docker_services_cli-redis-1  Starting
 Container docker_services_cli-redis-1  Started
 Container docker_services_cli-postgresql-1  Started
============================= test session starts ==============================
platform linux -- Python 3.14.2, pytest-8.4.2, pluggy-1.6.0
rootdir: /home/runner/work/test-zip-extract-repository/test-zip-extract-repository/workdir/tests/invenio-accounts/original
configfile: setup.cfg
testpaths: tests, invenio_accounts
plugins: isort-4.0.0, flask-1.3.0, black-ng-0.4.1, invenio-3.4.2, github-actions-annotate-failures-0.3.0, pydocstyle-2.4.0, cov-7.0.0, pycodestyle-2.5.0
collected 97 items / 1 skipped
tests/test_admin.py 
                                                  [  3%]
tests/test_cli.py 
                                                   [  7%]
tests/test_forms.py ..                                                   [  9%]
tests/test_hash.py 
                                            [ 19%]
tests/test_invenio_accounts.py ....s
                           [ 35%]
tests/test_models.py 
                                            [ 43%]
tests/test_schemas.py ...                                                [ 46%]
tests/test_sessions.py 
ss
                                        [ 56%]
tests/test_tasks.py 
                                                 [ 60%]
tests/test_template_context_processors.py 
                             [ 62%]
tests/test_token_duration.py 
                                         [ 65%]
tests/test_utils.py 
                                             [ 74%]
tests/test_validated_dicts.py ...                                        [ 77%]
tests/test_views.py 
                                               [ 83%]
tests/test_views_rest.py 
                                [100%]
=============================== warnings summary ===============================
venv/lib/python3.14/site-packages/webargs/compat.py:8
    MARSHMALLOW_VERSION_INFO = tuple(LooseVersion(ma.__version__).version)  # type: tuple
venv/lib/python3.14/site-packages/webargs/compat.py:8
    MARSHMALLOW_VERSION_INFO = tuple(LooseVersion(ma.__version__).version)  # type: tuple
venv/lib/python3.14/site-packages/webargs/__init__.py:13
    __version_info__ = tuple(LooseVersion(__version__).version)
venv/lib/python3.14/site-packages/flask_admin/contrib/__init__.py:2
    __import__('pkg_resources').declare_namespace(__name__)
venv/lib/python3.14/site-packages/pkg_resources/__init__.py:3148
  Implementing implicit namespace packages (as specified in PEP 420) is preferred to `pkg_resources.declare_namespace`. See https://setuptools.pypa.io/en/latest/references/keywords.html#keyword-namespace-packages
    declare_namespace(pkg)
venv/lib/python3.14/site-packages/flask_admin/contrib/__init__.py:2
  Implementing implicit namespace packages (as specified in PEP 420) is preferred to `pkg_resources.declare_namespace`. See https://setuptools.pypa.io/en/latest/references/keywords.html#keyword-namespace-packages
    __import__('pkg_resources').declare_namespace(__name__)
venv/lib/python3.14/site-packages/pkg_resources/__init__.py:2560
  Implementing implicit namespace packages (as specified in PEP 420) is preferred to `pkg_resources.declare_namespace`. See https://setuptools.pypa.io/en/latest/references/keywords.html#keyword-namespace-packages
    declare_namespace(parent)
    return util.wrap_callable(lambda ctx: fn(), fn)  # type: ignore
    warnings.warn(
tests/test_admin.py::test_admin
tests/test_cli.py::test_cli_activate_deactivate
    user.confirmed_at = datetime.utcnow()
    target.updated = datetime.utcnow()
tests/test_admin.py::test_admin_createuser
tests/test_admin.py::test_admin_createuser
tests/test_admin.py::test_admin_createuser
tests/test_admin.py::test_admin_createuser
    return self.field_class(*self.args, **kw)
tests/test_admin.py::test_admin_sessions
tests/test_admin.py::test_admin_sessions
  /home/runner/work/test-zip-extract-repository/test-zip-extract-repository/workdir/tests/invenio-accounts/original/.venv/lib/python3.14/site-packages/flask_admin/contrib/sqla/view.py:1119: LegacyAPIWarning: The Query.get() method is considered legacy as of the 1.x series of SQLAlchemy and becomes a legacy construct in 2.0. The method is now available as Session.get() (deprecated since: 2.0) (Background on SQLAlchemy 2.0 at: https://sqlalche.me/e/b8d9)
    return self.session.query(self.model).get(tools.iterdecode(id))
tests/test_hash.py::test_unicode_regression
tests/test_hash.py::test_invenio_aes_encrypted_email
tests/test_hash.py::test_legacy_user_login
tests/test_hash.py::test_monkey_patch_legacy
    encrypted_password = ctx.encrypt(
tests/test_hash.py::test_unicode_regression
tests/test_hash.py::test_invenio_aes_encrypted_email
tests/test_hash.py::test_legacy_user_login
tests/test_hash.py::test_monkey_patch_legacy
    warn("CryptContext.hash(): 'scheme' keyword is deprecated as of "
tests/test_hash.py::test_unicode_regression
tests/test_hash.py::test_invenio_aes_encrypted_email
tests/test_hash.py::test_legacy_user_login
tests/test_hash.py::test_monkey_patch_legacy
    return self.hash(*args, **kwds)
tests/test_tasks.py::test_clean_session_table
tests/test_tasks.py::test_clean_session_table
    expired_moment = datetime.utcnow() - lifetime
tests/test_tasks.py::test_delete_ips
    datetime.utcnow()
tests/test_tasks.py::test_delete_ips
    last_login_at2 = datetime.utcnow()
tests/test_tasks.py::test_delete_ips
    datetime.utcnow() - current_app.config["ACCOUNTS_RETENTION_PERIOD"]
tests/test_template_context_processors.py::test_context_processor_jwt
tests/test_template_context_processors.py::test_context_processor_jwt_token
tests/test_utils.py::test_jwt_token
tests/test_utils.py::test_jwt_expired_token
    now = datetime.utcnow()
tests/test_template_context_processors.py::test_context_processor_jwt
tests/test_template_context_processors.py::test_context_processor_jwt_token
tests/test_utils.py::test_jwt_token
tests/test_utils.py::test_jwt_expired_token
  /home/runner/work/test-zip-extract-repository/test-zip-extract-repository/workdir/tests/invenio-accounts/original/.venv/lib/python3.14/site-packages/jwt/api_jwt.py:153: InsecureKeyLengthWarning: The HMAC key is 9 bytes long, which is below the minimum recommended length of 32 bytes for SHA256. See RFC 7518 Section 3.2
    return self._jws.encode(
tests/test_utils.py::test_jwt_token
tests/test_utils.py::test_jwt_expired_token
  /home/runner/work/test-zip-extract-repository/test-zip-extract-repository/workdir/tests/invenio-accounts/original/.venv/lib/python3.14/site-packages/jwt/api_jwt.py:371: InsecureKeyLengthWarning: The HMAC key is 9 bytes long, which is below the minimum recommended length of 32 bytes for SHA256. See RFC 7518 Section 3.2
    decoded = self.decode_complete(
    self.init_app(app)
================================ tests coverage ================================
_______________ coverage: platform linux, python 3.14.2-final-0 ________________
Name                                                                                 Stmts   Miss  Cover   Missing
invenio_accounts/__init__.py                                                            11      4    64%   48-54
invenio_accounts/admin.py                                                              113      8    93%   74, 190-196
invenio_accounts/alembic/6ec5ce377ca3_create_domains.py                                 18      8    56%   24-85, 92-95
invenio_accounts/alembic/037afe10e9ff_add_user_moderation_fields.py                     14      6    57%   22-26, 31-33
invenio_accounts/alembic/62efc52773d4_create_useridentity_table.py                      11      3    73%   22-36, 46
invenio_accounts/alembic/843bc79c426f_create_accounts_branch.py                          8      0   100%
invenio_accounts/alembic/999dcbd19ace_users_versioning.py                               33     24    27%   24-55, 60-66
invenio_accounts/alembic/9848d0149abd_create_accounts_tables.py                         29     19    34%   25-93, 98-111
invenio_accounts/alembic/dfbdf43a3e96_separate_login_info.py                            26     16    38%   26-59, 65-104
invenio_accounts/alembic/e12419831262_add_new_columns_on_sessionactivity.py             22     14    36%   23-29, 34-40
invenio_accounts/alembic/eb9743315a9d_add_userprofile.py                                20     10    50%   24-64, 71-77
invenio_accounts/alembic/f2522cdd5fcd_change_accountsrole_primary_key_to_string.py      39     28    28%   27-75, 87-132
invenio_accounts/api.py                                                                 40      9    78%   56-58, 62-64, 68-70
invenio_accounts/cli.py                                                                117      8    93%   74, 173-180
invenio_accounts/config.py                                                             134      0   100%
invenio_accounts/context_processors/__init__.py                                          0      0   100%
invenio_accounts/context_processors/jwt.py                                              10      0   100%
invenio_accounts/datastore.py                                                           82     23    72%   31-37, 41-46, 90-96, 112, 117, 121, 124-127
invenio_accounts/domains.py                                                             15      3    80%   31-33
invenio_accounts/errors.py                                                               7      2    71%   29-30
invenio_accounts/ext.py                                                                141     23    84%   68, 75, 104-109, 324-325, 335-337, 342-344, 349-360, 368-371, 379-390
invenio_accounts/forms.py                                                               49      6    88%   51, 105-110
invenio_accounts/hash.py                                                                56      0   100%
invenio_accounts/models.py                                                             322     26    92%   213-214, 241, 243-248, 256, 265, 267-272, 280, 308, 461-466, 477-481, 490-491, 496-497
invenio_accounts/profiles/__init__.py                                                    3      0   100%
invenio_accounts/profiles/dicts.py                                                      50      2    96%   54-55
invenio_accounts/profiles/schemas.py                                                    25      0   100%
invenio_accounts/proxies.py                                                             15      0   100%
invenio_accounts/sessions.py                                                            62      2    97%   59, 137
invenio_accounts/signals.py                                                              6      0   100%
invenio_accounts/tasks.py                                                               40     12    70%   59-60, 88-158
invenio_accounts/testutils.py                                                           37      6    84%   115-120, 129
invenio_accounts/utils.py                                                              134      8    94%   93, 144, 160, 248-249, 254-255, 278
invenio_accounts/views/__init__.py                                                       2      0   100%
invenio_accounts/views/rest.py                                                         264     10    96%   73, 173, 260, 262, 315, 349, 417, 419, 463, 553
invenio_accounts/views/security.py                                                      31      2    94%   50, 64
invenio_accounts/views/settings.py                                                      18      0   100%
TOTAL                                                                                 2004    282    86%
============ 94 passed, 4 skipped, 454 warnings in 82.58s (0:01:22) ============
 Container docker_services_cli-redis-1  Stopping
 Container docker_services_cli-postgresql-1  Stopping
 Container docker_services_cli-postgresql-1  Stopped
 Container docker_services_cli-postgresql-1  Removing
 Container docker_services_cli-postgresql-1  Removed
 Container docker_services_cli-redis-1  Stopped
 Container docker_services_cli-redis-1  Removing
 Container docker_services_cli-redis-1  Removed
 Network docker_services_cli_default  Removing
 Network docker_services_cli_default  Removed
