running extract_messages
extracting messages from invenio_oaiserver/__init__.py (encoding="utf-8")
extracting messages from invenio_oaiserver/admin.py (encoding="utf-8")
extracting messages from invenio_oaiserver/config.py (encoding="utf-8")
extracting messages from invenio_oaiserver/errors.py (encoding="utf-8")
extracting messages from invenio_oaiserver/ext.py (encoding="utf-8")
extracting messages from invenio_oaiserver/fetchers.py (encoding="utf-8")
extracting messages from invenio_oaiserver/minters.py (encoding="utf-8")
extracting messages from invenio_oaiserver/models.py (encoding="utf-8")
extracting messages from invenio_oaiserver/percolator.py (encoding="utf-8")
extracting messages from invenio_oaiserver/provider.py (encoding="utf-8")
extracting messages from invenio_oaiserver/proxies.py (encoding="utf-8")
extracting messages from invenio_oaiserver/query.py (encoding="utf-8")
extracting messages from invenio_oaiserver/receivers.py (encoding="utf-8")
extracting messages from invenio_oaiserver/response.py (encoding="utf-8")
extracting messages from invenio_oaiserver/resumption_token.py (encoding="utf-8")
extracting messages from invenio_oaiserver/utils.py (encoding="utf-8")
extracting messages from invenio_oaiserver/verbs.py (encoding="utf-8")
extracting messages from invenio_oaiserver/alembic/5d25c1981985_add_system_created_field.py (encoding="utf-8")
extracting messages from invenio_oaiserver/alembic/759d47cbdba7_create_oaiserver_branch.py (encoding="utf-8")
extracting messages from invenio_oaiserver/alembic/e655021de0de_create_oiaserver_tables.py (encoding="utf-8")
extracting messages from invenio_oaiserver/alembic/f9b1e3f7d3b1_change_datetime_types.py (encoding="utf-8")
extracting messages from invenio_oaiserver/schemas/__init__.py (encoding="utf-8")
extracting messages from invenio_oaiserver/search/__init__.py (encoding="utf-8")
extracting messages from invenio_oaiserver/search/component_templates/__init__.py (encoding="utf-8")
extracting messages from invenio_oaiserver/search/component_templates/os-v2/__init__.py (encoding="utf-8")
extracting messages from invenio_oaiserver/search/component_templates/v7/__init__.py (encoding="utf-8")
extracting messages from invenio_oaiserver/views/__init__.py (encoding="utf-8")
extracting messages from invenio_oaiserver/views/server.py (encoding="utf-8")
writing PO template file to /dev/null
 postgresql Pulling 
 opensearch Pulling 
 rabbitmq Pulling 
 b0a0cf830b12 Pulling fs layer 
 91d2729fa4d5 Pulling fs layer 
 c1cb13b19080 Pulling fs layer 
 cb628c265f09 Pulling fs layer 
 9739ced65621 Pulling fs layer 
 050d9f8c3b1c Pulling fs layer 
 ae3bb1b347a4 Pulling fs layer 
 e0d55fdb4d15 Pulling fs layer 
 710e142705f8 Pulling fs layer 
 f8406d9c00ea Pulling fs layer 
 873532e5f8c7 Pulling fs layer 
 dda3d8fbd5ed Pulling fs layer 
 283a477db7bb Pulling fs layer 
 c199bff16b05 Pulling fs layer 
 d686b50ce172 Pulling fs layer 
 f4e7f62f4b80 Pulling fs layer 
 d63c4408fdb7 Pulling fs layer 
 14e6209d5fa8 Pulling fs layer 
 5e1c03b67a78 Pulling fs layer 
 efa05c660812 Pulling fs layer 
 3fadc669ef11 Pulling fs layer 
 7084ac8f4ab6 Pulling fs layer 
 20043066d3d5 Pulling fs layer 
 beb0d870d438 Pulling fs layer 
 eb77aa907276 Pulling fs layer 
 e8c6d4883897 Pulling fs layer 
 0ffa8f8aba1e Pulling fs layer 
 f9dd052e142d Pulling fs layer 
 648eb81b3252 Pulling fs layer 
 2e81b9cb93cd Pulling fs layer 
 4f4fb700ef54 Pulling fs layer 
 dda3d8fbd5ed Downloading [==================================================>]  1.165kB/1.165kB
 4f4fb700ef54 Already exists 
 20043066d3d5 Downloading [===>                                               ]  2.097MB/29.72MB
 b0a0cf830b12 Downloading [========>                                          ]  5.243MB/29.15MB
 f4e7f62f4b80 Download complete 
 cb628c265f09 Download complete 
 f8406d9c00ea Download complete 
 5e1c03b67a78 Download complete 
 d686b50ce172 Downloading [====>                                              ]  1.049MB/12.47MB
 c199bff16b05 Download complete 
 91d2729fa4d5 Download complete 
 e0d55fdb4d15 Downloading [>                                                  ]  1.049MB/109MB
 873532e5f8c7 Download complete 
 050d9f8c3b1c Download complete 
 ae3bb1b347a4 Download complete 
 dda3d8fbd5ed Download complete 
 c1cb13b19080 Download complete 
 9739ced65621 Downloading [===================>                               ]  3.146MB/8.069MB
 710e142705f8 Download complete 
 e0d55fdb4d15 Downloading [==>                                                ]  5.243MB/109MB
 2e81b9cb93cd Download complete 
 eb77aa907276 Downloading [>                                                  ]  2.097MB/907.7MB
 283a477db7bb Download complete 
 9739ced65621 Download complete 
 b0a0cf830b12 Downloading [================>                                  ]  9.437MB/29.15MB
 e8c6d4883897 Download complete 
 0ffa8f8aba1e Download complete 
 d686b50ce172 Downloading [=============================>                     ]   7.34MB/12.47MB
 d63c4408fdb7 Downloading [====>                                              ]  2.097MB/21.31MB
 648eb81b3252 Download complete 
 f9dd052e142d Downloading [=>                                                 ]  1.049MB/52.33MB
 efa05c660812 Download complete 
 3fadc669ef11 Downloading [==>                                                ]  2.097MB/43.48MB
 20043066d3d5 Downloading [==========>                                        ]  6.291MB/29.72MB
 7ec4c696b8bb Download complete 
 14e6209d5fa8 Download complete 
 7084ac8f4ab6 Downloading [==============>                                    ]  2.097MB/7.468MB
 beb0d870d438 Download complete 
 b0a0cf830b12 Downloading [=========================>                         ]  14.68MB/29.15MB
 f9dd052e142d Downloading [======>                                            ]  6.291MB/52.33MB
 eb77aa907276 Downloading [>                                                  ]   7.34MB/907.7MB
 d686b50ce172 Downloading [==============================================>    ]  11.53MB/12.47MB
 d63c4408fdb7 Downloading [=================>                                 ]   7.34MB/21.31MB
 3fadc669ef11 Downloading [========>                                          ]   7.34MB/43.48MB
 20043066d3d5 Downloading [===================>                               ]  11.53MB/29.72MB
 56b5e4f0933d Download complete 
 5682dec5b749 Downloading [====================================>              ]  4.194MB/5.719MB
 e0d55fdb4d15 Downloading [=====>                                             ]  11.53MB/109MB
 16ef6b12768c Download complete 
 7084ac8f4ab6 Downloading [=================================================> ]   7.34MB/7.468MB
 b0a0cf830b12 Downloading [=====================================>             ]  22.02MB/29.15MB
 f9dd052e142d Downloading [==============>                                    ]  14.68MB/52.33MB
 eb77aa907276 Downloading [>                                                  ]  13.63MB/907.7MB
 5682dec5b749 Download complete 
 7084ac8f4ab6 Download complete 
 e0d55fdb4d15 Downloading [========>                                          ]  18.87MB/109MB
 d686b50ce172 Download complete 
 d63c4408fdb7 Downloading [==================================>                ]  14.68MB/21.31MB
 3fadc669ef11 Downloading [================>                                  ]  14.68MB/43.48MB
 20043066d3d5 Downloading [===============================>                   ]  18.87MB/29.72MB
 f9dd052e142d Downloading [========================>                          ]  25.17MB/52.33MB
 eb77aa907276 Downloading [>                                                  ]  14.68MB/907.7MB
 b0a0cf830b12 Download complete 
 e0d55fdb4d15 Downloading [=============>                                     ]  29.36MB/109MB
 d63c4408fdb7 Download complete 
 3fadc669ef11 Downloading [=========================>                         ]  22.02MB/43.48MB
 20043066d3d5 Downloading [===============================================>   ]  28.31MB/29.72MB
 b0a0cf830b12 Extracting 1 s
 eb77aa907276 Downloading [=>                                                 ]  22.02MB/907.7MB
 f9dd052e142d Downloading [================================>                  ]  33.55MB/52.33MB
 e0d55fdb4d15 Downloading [================>                                  ]   36.7MB/109MB
 3fadc669ef11 Downloading [====================================>              ]  31.46MB/43.48MB
 20043066d3d5 Download complete 
 20043066d3d5 Extracting 1 s
 b0a0cf830b12 Extracting 1 s
 e0d55fdb4d15 Downloading [=====================>                             ]  47.19MB/109MB
 3fadc669ef11 Downloading [===============================================>   ]  40.89MB/43.48MB
 f9dd052e142d Downloading [==========================================>        ]  44.04MB/52.33MB
 eb77aa907276 Downloading [=>                                                 ]  31.51MB/907.7MB
 20043066d3d5 Extracting 1 s
 b0a0cf830b12 Extracting 1 s
 f9dd052e142d Downloading [==================================================>]  52.33MB/52.33MB
 e0d55fdb4d15 Downloading [=========================>                         ]  55.57MB/109MB
 eb77aa907276 Downloading [==>                                                ]  44.04MB/907.7MB
 3fadc669ef11 Download complete 
 20043066d3d5 Extracting 1 s
 b0a0cf830b12 Extracting 1 s
 e0d55fdb4d15 Downloading [==============================>                    ]   66.2MB/109MB
 f9dd052e142d Download complete 
 eb77aa907276 Downloading [===>                                               ]  55.57MB/907.7MB
 f9dd052e142d Extracting 1 s
 20043066d3d5 Extracting 1 s
 b0a0cf830b12 Extracting 1 s
 e0d55fdb4d15 Downloading [===================================>               ]  77.59MB/109MB
 eb77aa907276 Downloading [===>                                               ]  69.21MB/907.7MB
 f9dd052e142d Extracting 1 s
 20043066d3d5 Extracting 1 s
 b0a0cf830b12 Extracting 1 s
 e0d55fdb4d15 Downloading [=========================================>         ]  90.18MB/109MB
 eb77aa907276 Downloading [====>                                              ]  82.84MB/907.7MB
 f9dd052e142d Extracting 1 s
 20043066d3d5 Extracting 1 s
 b0a0cf830b12 Extracting 1 s
 eb77aa907276 Downloading [=====>                                             ]  95.42MB/907.7MB
 e0d55fdb4d15 Downloading [================================================>  ]  104.6MB/109MB
 f9dd052e142d Extracting 1 s
 20043066d3d5 Extracting 1 s
 b0a0cf830b12 Extracting 1 s
 eb77aa907276 Downloading [======>                                            ]  110.1MB/907.7MB
 e0d55fdb4d15 Download complete 
 f9dd052e142d Extracting 1 s
 20043066d3d5 Extracting 1 s
 b0a0cf830b12 Extracting 1 s
 eb77aa907276 Downloading [======>                                            ]  124.8MB/907.7MB
 f9dd052e142d Extracting 1 s
 20043066d3d5 Extracting 1 s
 b0a0cf830b12 Extracting 1 s
 eb77aa907276 Downloading [=======>                                           ]  139.5MB/907.7MB
 f9dd052e142d Extracting 1 s
 20043066d3d5 Extracting 1 s
 b0a0cf830b12 Extracting 1 s
 eb77aa907276 Downloading [========>                                          ]  158.9MB/907.7MB
 f9dd052e142d Extracting 1 s
 20043066d3d5 Extracting 1 s
 b0a0cf830b12 Extracting 2 s
 eb77aa907276 Downloading [=========>                                         ]  177.2MB/907.7MB
 f9dd052e142d Extracting 1 s
 20043066d3d5 Extracting 2 s
 b0a0cf830b12 Extracting 2 s
 eb77aa907276 Downloading [==========>                                        ]    194MB/907.7MB
 f9dd052e142d Extracting 1 s
 20043066d3d5 Extracting 2 s
 b0a0cf830b12 Extracting 2 s
 eb77aa907276 Downloading [===========>                                       ]  211.8MB/907.7MB
 f9dd052e142d Extracting 1 s
 20043066d3d5 Extracting 2 s
 b0a0cf830b12 Extracting 2 s
 eb77aa907276 Downloading [============>                                      ]  228.6MB/907.7MB
 f9dd052e142d Extracting 2 s
 20043066d3d5 Extracting 2 s
 b0a0cf830b12 Extracting 2 s
 eb77aa907276 Downloading [=============>                                     ]  246.4MB/907.7MB
 f9dd052e142d Extracting 2 s
 20043066d3d5 Extracting 2 s
 b0a0cf830b12 Extracting 2 s
 eb77aa907276 Downloading [==============>                                    ]  263.2MB/907.7MB
 20043066d3d5 Extracting 2 s
 f9dd052e142d Extracting 2 s
 b0a0cf830b12 Extracting 2 s
 eb77aa907276 Downloading [===============>                                   ]  283.1MB/907.7MB
 f9dd052e142d Extracting 2 s
 20043066d3d5 Extracting 2 s
 b0a0cf830b12 Extracting 2 s
 eb77aa907276 Downloading [================>                                  ]    302MB/907.7MB
 f9dd052e142d Extracting 2 s
 20043066d3d5 Pull complete 
 3fadc669ef11 Extracting 1 s
 b0a0cf830b12 Extracting 2 s
 eb77aa907276 Downloading [=================>                                 ]  318.8MB/907.7MB
 f9dd052e142d Extracting 2 s
 3fadc669ef11 Extracting 1 s
 b0a0cf830b12 Extracting 2 s
 eb77aa907276 Downloading [=================>                                 ]  320.9MB/907.7MB
 f9dd052e142d Extracting 2 s
 3fadc669ef11 Extracting 1 s
 dda3d8fbd5ed Pull complete 
 283a477db7bb Extracting 1 s
 b0a0cf830b12 Pull complete 
 eb77aa907276 Downloading [==================>                                ]  328.2MB/907.7MB
 91d2729fa4d5 Extracting 1 s
 f9dd052e142d Extracting 2 s
 3fadc669ef11 Extracting 1 s
 283a477db7bb Pull complete 
 eb77aa907276 Downloading [==================>                                ]  342.9MB/907.7MB
 f9dd052e142d Extracting 2 s
 91d2729fa4d5 Pull complete 
 3fadc669ef11 Extracting 1 s
 9739ced65621 Extracting 1 s
 eb77aa907276 Downloading [===================>                               ]  355.5MB/907.7MB
 f9dd052e142d Extracting 2 s
 9739ced65621 Extracting 1 s
 3fadc669ef11 Extracting 1 s
 eb77aa907276 Downloading [====================>                              ]  370.1MB/907.7MB
 f9dd052e142d Extracting 3 s
 3fadc669ef11 Extracting 1 s
 9739ced65621 Extracting 1 s
 eb77aa907276 Downloading [=====================>                             ]  383.8MB/907.7MB
 f9dd052e142d Extracting 3 s
 3fadc669ef11 Extracting 1 s
 9739ced65621 Extracting 1 s
 eb77aa907276 Downloading [=====================>                             ]  394.3MB/907.7MB
 f9dd052e142d Extracting 3 s
 ae3bb1b347a4 Extracting 1 s
 9739ced65621 Pull complete 
 3fadc669ef11 Extracting 1 s
 eb77aa907276 Downloading [======================>                            ]  399.5MB/907.7MB
 f8406d9c00ea Pull complete 
 c199bff16b05 Pull complete 
 ae3bb1b347a4 Pull complete 
 f9dd052e142d Extracting 3 s
 e0d55fdb4d15 Extracting 1 s
 3fadc669ef11 Extracting 1 s
 eb77aa907276 Downloading [======================>                            ]  416.3MB/907.7MB
 7084ac8f4ab6 Extracting 1 s
 f9dd052e142d Extracting 3 s
 e0d55fdb4d15 Extracting 1 s
 3fadc669ef11 Pull complete 
 eb77aa907276 Downloading [=======================>                           ]    432MB/907.7MB
 f9dd052e142d Extracting 3 s
 e0d55fdb4d15 Extracting 1 s
 7084ac8f4ab6 Extracting 1 s
 eb77aa907276 Downloading [========================>                          ]  450.9MB/907.7MB
 7084ac8f4ab6 Extracting 1 s
 e0d55fdb4d15 Extracting 1 s
 f9dd052e142d Extracting 3 s
 eb77aa907276 Downloading [=========================>                         ]  468.7MB/907.7MB
 beb0d870d438 Pull complete 
 e0d55fdb4d15 Extracting 1 s
 f9dd052e142d Extracting 3 s
 7084ac8f4ab6 Pull complete 
 d63c4408fdb7 Extracting 1 s
 eb77aa907276 Downloading [==========================>                        ]  486.5MB/907.7MB
 f9dd052e142d Extracting 3 s
 e0d55fdb4d15 Extracting 1 s
 d63c4408fdb7 Extracting 1 s
 eb77aa907276 Downloading [===========================>                       ]  501.9MB/907.7MB
 e0d55fdb4d15 Extracting 1 s
 f9dd052e142d Extracting 3 s
 d63c4408fdb7 Extracting 1 s
 eb77aa907276 Downloading [============================>                      ]  521.1MB/907.7MB
 f9dd052e142d Extracting 4 s
 d63c4408fdb7 Extracting 1 s
 e0d55fdb4d15 Extracting 1 s
 eb77aa907276 Downloading [=============================>                     ]    539MB/907.7MB
 e0d55fdb4d15 Extracting 1 s
 f9dd052e142d Extracting 4 s
 d63c4408fdb7 Extracting 1 s
 eb77aa907276 Downloading [==============================>                    ]  555.7MB/907.7MB
 e8c6d4883897 Extracting 1 s
 d63c4408fdb7 Extracting 1 s
 e0d55fdb4d15 Extracting 1 s
 f9dd052e142d Pull complete 
 eb77aa907276 Downloading [===============================>                   ]  573.9MB/907.7MB
 e8c6d4883897 Extracting 1 s
 e0d55fdb4d15 Extracting 2 s
 d63c4408fdb7 Extracting 1 s
 eb77aa907276 Downloading [================================>                  ]  592.7MB/907.7MB
 e8c6d4883897 Extracting 1 s
 e0d55fdb4d15 Extracting 2 s
 d63c4408fdb7 Extracting 1 s
 eb77aa907276 Downloading [=================================>                 ]  610.3MB/907.7MB
 d63c4408fdb7 Extracting 1 s
 e0d55fdb4d15 Extracting 2 s
 eb77aa907276 Downloading [==================================>                ]  629.1MB/907.7MB
 e8c6d4883897 Pull complete 
 e0d55fdb4d15 Extracting 2 s
 648eb81b3252 Pull complete 
 d63c4408fdb7 Extracting 1 s
 eb77aa907276 Downloading [===================================>               ]  650.1MB/907.7MB
 d63c4408fdb7 Extracting 2 s
 e0d55fdb4d15 Extracting 2 s
 eb77aa907276 Downloading [====================================>              ]  667.9MB/907.7MB
 f4e7f62f4b80 Pull complete 
 5e1c03b67a78 Pull complete 
 efa05c660812 Pull complete 
 14e6209d5fa8 Pull complete 
 e0d55fdb4d15 Extracting 2 s
 d686b50ce172 Extracting 1 s
 d63c4408fdb7 Pull complete 
 eb77aa907276 Downloading [======================================>            ]  692.1MB/907.7MB
 d686b50ce172 Extracting 1 s
 e0d55fdb4d15 Extracting 2 s
 eb77aa907276 Downloading [=======================================>           ]  714.1MB/907.7MB
 d686b50ce172 Extracting 1 s
 e0d55fdb4d15 Extracting 2 s
 eb77aa907276 Downloading [========================================>          ]    734MB/907.7MB
 d686b50ce172 Extracting 1 s
 e0d55fdb4d15 Extracting 2 s
 eb77aa907276 Downloading [========================================>          ]  743.4MB/907.7MB
 d686b50ce172 Extracting 1 s
 e0d55fdb4d15 Extracting 2 s
 eb77aa907276 Downloading [=========================================>         ]  758.7MB/907.7MB
 d686b50ce172 Extracting 1 s
 e0d55fdb4d15 Extracting 2 s
 d686b50ce172 Pull complete 
 rabbitmq Pulled 
 eb77aa907276 Downloading [==========================================>        ]    778MB/907.7MB
 e0d55fdb4d15 Extracting 3 s
 eb77aa907276 Downloading [============================================>      ]    799MB/907.7MB
 e0d55fdb4d15 Extracting 3 s
 eb77aa907276 Downloading [=============================================>     ]  818.9MB/907.7MB
 e0d55fdb4d15 Extracting 3 s
 eb77aa907276 Downloading [==============================================>    ]  843.1MB/907.7MB
 e0d55fdb4d15 Extracting 3 s
 eb77aa907276 Downloading [===============================================>   ]  859.8MB/907.7MB
 e0d55fdb4d15 Extracting 3 s
 eb77aa907276 Downloading [================================================>  ]  881.9MB/907.7MB
 e0d55fdb4d15 Extracting 3 s
 eb77aa907276 Downloading [=================================================> ]    906MB/907.7MB
 e0d55fdb4d15 Extracting 3 s
 eb77aa907276 Downloading [==================================================>]  907.7MB/907.7MB
 e0d55fdb4d15 Extracting 3 s
 eb77aa907276 Downloading [==================================================>]  907.7MB/907.7MB
 e0d55fdb4d15 Extracting 3 s
 eb77aa907276 Downloading [==================================================>]  907.7MB/907.7MB
 e0d55fdb4d15 Extracting 3 s
 eb77aa907276 Downloading [==================================================>]  907.7MB/907.7MB
 e0d55fdb4d15 Extracting 4 s
 eb77aa907276 Downloading [==================================================>]  907.7MB/907.7MB
 e0d55fdb4d15 Extracting 4 s
 eb77aa907276 Downloading [==================================================>]  907.7MB/907.7MB
 e0d55fdb4d15 Extracting 4 s
 eb77aa907276 Downloading [==================================================>]  907.7MB/907.7MB
 e0d55fdb4d15 Extracting 4 s
 eb77aa907276 Downloading [==================================================>]  907.7MB/907.7MB
 e0d55fdb4d15 Extracting 4 s
 eb77aa907276 Downloading [==================================================>]  907.7MB/907.7MB
 e0d55fdb4d15 Extracting 4 s
 eb77aa907276 Downloading [==================================================>]  907.7MB/907.7MB
 e0d55fdb4d15 Pull complete 
 eb77aa907276 Downloading [==================================================>]  907.7MB/907.7MB
 eb77aa907276 Downloading [==================================================>]  907.7MB/907.7MB
 eb77aa907276 Downloading [==================================================>]  907.7MB/907.7MB
 eb77aa907276 Downloading [==================================================>]  907.7MB/907.7MB
 c1cb13b19080 Extracting 1 s
 eb77aa907276 Downloading [==================================================>]  907.7MB/907.7MB
 c1cb13b19080 Extracting 1 s
 eb77aa907276 Downloading [==================================================>]  907.7MB/907.7MB
 c1cb13b19080 Extracting 1 s
 eb77aa907276 Downloading [==================================================>]  907.7MB/907.7MB
 eb77aa907276 Download complete 
 c1cb13b19080 Pull complete 
 eb77aa907276 Extracting 1 s
 873532e5f8c7 Extracting 1 s
 eb77aa907276 Extracting 1 s
 cb628c265f09 Pull complete 
 873532e5f8c7 Pull complete 
 050d9f8c3b1c Pull complete 
 710e142705f8 Pull complete 
 postgresql Pulled 
 eb77aa907276 Extracting 1 s
 eb77aa907276 Extracting 1 s
 eb77aa907276 Extracting 1 s
 eb77aa907276 Extracting 1 s
 eb77aa907276 Extracting 1 s
 eb77aa907276 Extracting 1 s
 eb77aa907276 Extracting 1 s
 eb77aa907276 Extracting 1 s
 eb77aa907276 Extracting 1 s
 eb77aa907276 Extracting 1 s
 eb77aa907276 Extracting 2 s
 eb77aa907276 Extracting 2 s
 eb77aa907276 Extracting 2 s
 eb77aa907276 Extracting 2 s
 eb77aa907276 Extracting 2 s
 eb77aa907276 Extracting 2 s
 eb77aa907276 Extracting 2 s
 eb77aa907276 Extracting 2 s
 eb77aa907276 Extracting 2 s
 eb77aa907276 Extracting 2 s
 eb77aa907276 Extracting 3 s
 eb77aa907276 Extracting 3 s
 eb77aa907276 Extracting 3 s
 eb77aa907276 Extracting 3 s
 eb77aa907276 Extracting 3 s
 eb77aa907276 Extracting 3 s
 eb77aa907276 Extracting 3 s
 eb77aa907276 Extracting 3 s
 eb77aa907276 Extracting 3 s
 eb77aa907276 Extracting 3 s
 eb77aa907276 Extracting 4 s
 eb77aa907276 Extracting 4 s
 eb77aa907276 Extracting 4 s
 eb77aa907276 Extracting 4 s
 eb77aa907276 Extracting 4 s
 eb77aa907276 Extracting 4 s
 eb77aa907276 Extracting 4 s
 eb77aa907276 Extracting 4 s
 eb77aa907276 Extracting 4 s
 eb77aa907276 Extracting 4 s
 eb77aa907276 Extracting 5 s
 eb77aa907276 Extracting 5 s
 eb77aa907276 Extracting 5 s
 eb77aa907276 Extracting 5 s
 eb77aa907276 Extracting 5 s
 eb77aa907276 Extracting 5 s
 4f4fb700ef54 Pull complete 
 2e81b9cb93cd Pull complete 
 0ffa8f8aba1e Pull complete 
 eb77aa907276 Pull complete 
 opensearch Pulled 
 Network docker_services_cli_default  Creating
 Network docker_services_cli_default  Created
 Container docker_services_cli-postgresql-1  Creating
 Container docker_services_cli-rabbitmq-1  Creating
 Container docker_services_cli-opensearch-1  Creating
 Container docker_services_cli-opensearch-1  Created
 Container docker_services_cli-rabbitmq-1  Created
 Container docker_services_cli-postgresql-1  Created
 Container docker_services_cli-postgresql-1  Starting
 Container docker_services_cli-rabbitmq-1  Starting
 Container docker_services_cli-opensearch-1  Starting
 Container docker_services_cli-rabbitmq-1  Started
 Container docker_services_cli-postgresql-1  Started
 Container docker_services_cli-opensearch-1  Started
::warning file=/home/runner/work/test-zip-extract-repository/test-zip-extract-repository/workdir/tests/invenio-oaiserver/original/.venv/lib/python3.14/site-packages/webargs/compat.py,line=8::The '__version__' attribute is deprecated and will be removed in in a future version. Use feature detection or 'importlib.metadata.version("marshmallow")' instead.
::warning file=/home/runner/work/test-zip-extract-repository/test-zip-extract-repository/workdir/tests/invenio-oaiserver/original/.venv/lib/python3.14/site-packages/webargs/compat.py,line=8::distutils Version classes are deprecated. Use packaging.version instead.
::warning file=/home/runner/work/test-zip-extract-repository/test-zip-extract-repository/workdir/tests/invenio-oaiserver/original/.venv/lib/python3.14/site-packages/webargs/__init__.py,line=13::distutils Version classes are deprecated. Use packaging.version instead.
============================= test session starts ==============================
platform linux -- Python 3.14.2, pytest-8.4.2, pluggy-1.6.0
rootdir: /home/runner/work/test-zip-extract-repository/test-zip-extract-repository/workdir/tests/invenio-oaiserver/original
configfile: setup.cfg
testpaths: tests, invenio_oaiserver
plugins: invenio-4.0.0, isort-4.0.0, flask-1.3.0, github-actions-annotate-failures-0.3.0, pydocstyle-2.4.0, cov-7.0.0, black-0.6.0, pycodestyle-2.5.0
collected 34 items
::warning file=/home/runner/work/test-zip-extract-repository/test-zip-extract-repository/workdir/tests/invenio-oaiserver/original/.venv/lib/python3.14/site-packages/flask_admin/contrib/__init__.py,line=2::pkg_resources is deprecated as an API. See https://setuptools.pypa.io/en/latest/pkg_resources.html. The pkg_resources package is slated for removal as early as 2025-11-30. Refrain from using this package or pin to Setuptools<81.
::warning file=/home/runner/work/test-zip-extract-repository/test-zip-extract-repository/workdir/tests/invenio-oaiserver/original/.venv/lib/python3.14/site-packages/pkg_resources/__init__.py,line=3148::Deprecated call to `pkg_resources.declare_namespace('sphinxcontrib')`.%0AImplementing implicit namespace packages (as specified in PEP 420) is preferred to `pkg_resources.declare_namespace`. See https://setuptools.pypa.io/en/latest/references/keywords.html#keyword-namespace-packages
::warning file=/home/runner/work/test-zip-extract-repository/test-zip-extract-repository/workdir/tests/invenio-oaiserver/original/.venv/lib/python3.14/site-packages/flask_admin/contrib/__init__.py,line=2::Deprecated call to `pkg_resources.declare_namespace('flask_admin.contrib')`.%0AImplementing implicit namespace packages (as specified in PEP 420) is preferred to `pkg_resources.declare_namespace`. See https://setuptools.pypa.io/en/latest/references/keywords.html#keyword-namespace-packages
::warning file=/home/runner/work/test-zip-extract-repository/test-zip-extract-repository/workdir/tests/invenio-oaiserver/original/.venv/lib/python3.14/site-packages/pkg_resources/__init__.py,line=2560::Deprecated call to `pkg_resources.declare_namespace('flask_admin')`.%0AImplementing implicit namespace packages (as specified in PEP 420) is preferred to `pkg_resources.declare_namespace`. See https://setuptools.pypa.io/en/latest/references/keywords.html#keyword-namespace-packages

tests/test_admin.py .::warning file=/home/runner/work/test-zip-extract-repository/test-zip-extract-repository/workdir/tests/invenio-oaiserver/original/.venv/lib/python3.14/site-packages/flask_admin/contrib/sqla/view.py,line=1119::The Query.get() method is considered legacy as of the 1.x series of SQLAlchemy and becomes a legacy construct in 2.0. The method is now available as Session.get() (deprecated since: 2.0)
                                                    [  2%]
tests/test_app.py ..                                                     [  8%]
tests/test_invenio_oaiserver.py ..::warning file=/home/runner/work/test-zip-extract-repository/test-zip-extract-repository/workdir/tests/invenio-oaiserver/original/invenio_oaiserver/ext.py,line=169::Please specify the OAISERVER_ID_PREFIX configuration.default value is: oai:runnervmjduv7:
...s                                   [ 26%]
tests/test_percolator.py ..::warning file=/home/runner/work/test-zip-extract-repository/test-zip-extract-repository/workdir/tests/invenio-oaiserver/original/.venv/lib/python3.14/site-packages/invenio_records/api.py,line=334::nested transaction already deassociated from connection
.::warning file=/home/runner/work/test-zip-extract-repository/test-zip-extract-repository/workdir/tests/invenio-oaiserver/original/.venv/lib/python3.14/site-packages/invenio_records/api.py,line=334::nested transaction already deassociated from connection
.::warning file=/home/runner/work/test-zip-extract-repository/test-zip-extract-repository/workdir/tests/invenio-oaiserver/original/.venv/lib/python3.14/site-packages/invenio_records/api.py,line=334::nested transaction already deassociated from connection
                                            [ 38%]
tests/test_verbs.py ....::warning file=/home/runner/work/test-zip-extract-repository/test-zip-extract-repository/workdir/tests/invenio-oaiserver/original/.venv/lib/python3.14/site-packages/invenio_records/api.py,line=334::nested transaction already deassociated from connection
.::warning file=/home/runner/work/test-zip-extract-repository/test-zip-extract-repository/workdir/tests/invenio-oaiserver/original/.venv/lib/python3.14/site-packages/invenio_records/api.py,line=334::nested transaction already deassociated from connection
::warning file=/home/runner/work/test-zip-extract-repository/test-zip-extract-repository/workdir/tests/invenio-oaiserver/original/tests/test_verbs.py,line=263::nested transaction already deassociated from connection
....::warning file=/home/runner/work/test-zip-extract-repository/test-zip-extract-repository/workdir/tests/invenio-oaiserver/original/.venv/lib/python3.14/site-packages/invenio_records/api.py,line=334::nested transaction already deassociated from connection
::warning file=/home/runner/work/test-zip-extract-repository/test-zip-extract-repository/workdir/tests/invenio-oaiserver/original/tests/test_verbs.py,line=366::nested transaction already deassociated from connection
.......::warning file=/home/runner/work/test-zip-extract-repository/test-zip-extract-repository/workdir/tests/invenio-oaiserver/original/.venv/lib/python3.14/site-packages/invenio_records/api.py,line=334::nested transaction already deassociated from connection
::warning file=/home/runner/work/test-zip-extract-repository/test-zip-extract-repository/workdir/tests/invenio-oaiserver/original/tests/test_verbs.py,line=600::nested transaction already deassociated from connection
::warning file=/home/runner/work/test-zip-extract-repository/test-zip-extract-repository/workdir/tests/invenio-oaiserver/original/invenio_oaiserver/resumption_token.py,line=43::Schema().dump().data and Schema().dump().errors as well as Schema().load().data and Schema().loads().dataattributes are deprecated in marshmallow v3.x.
::warning file=/home/runner/work/test-zip-extract-repository/test-zip-extract-repository/workdir/tests/invenio-oaiserver/original/invenio_oaiserver/resumption_token.py,line=69::Schema().dump().data and Schema().dump().errors as well as Schema().load().data and Schema().loads().dataattributes are deprecated in marshmallow v3.x.
::warning file=/home/runner/work/test-zip-extract-repository/test-zip-extract-repository/workdir/tests/invenio-oaiserver/original/invenio_oaiserver/resumption_token.py,line=83::Schema().dump().data and Schema().dump().errors as well as Schema().load().data and Schema().loads().dataattributes are deprecated in marshmallow v3.x.
::warning file=/home/runner/work/test-zip-extract-repository/test-zip-extract-repository/workdir/tests/invenio-oaiserver/original/invenio_oaiserver/resumption_token.py,line=84::Schema().dump().data and Schema().dump().errors as well as Schema().load().data and Schema().loads().dataattributes are deprecated in marshmallow v3.x.
::warning file=/home/runner/work/test-zip-extract-repository/test-zip-extract-repository/workdir/tests/invenio-oaiserver/original/invenio_oaiserver/resumption_token.py,line=43::Schema().dump().data and Schema().dump().errors as well as Schema().load().data and Schema().loads().dataattributes are deprecated in marshmallow v3.x.
::warning file=/home/runner/work/test-zip-extract-repository/test-zip-extract-repository/workdir/tests/invenio-oaiserver/original/invenio_oaiserver/resumption_token.py,line=69::Schema().dump().data and Schema().dump().errors as well as Schema().load().data and Schema().loads().dataattributes are deprecated in marshmallow v3.x.
::warning file=/home/runner/work/test-zip-extract-repository/test-zip-extract-repository/workdir/tests/invenio-oaiserver/original/invenio_oaiserver/resumption_token.py,line=83::Schema().dump().data and Schema().dump().errors as well as Schema().load().data and Schema().loads().dataattributes are deprecated in marshmallow v3.x.
::warning file=/home/runner/work/test-zip-extract-repository/test-zip-extract-repository/workdir/tests/invenio-oaiserver/original/invenio_oaiserver/resumption_token.py,line=84::Schema().dump().data and Schema().dump().errors as well as Schema().load().data and Schema().loads().dataattributes are deprecated in marshmallow v3.x.
::warning file=/home/runner/work/test-zip-extract-repository/test-zip-extract-repository/workdir/tests/invenio-oaiserver/original/invenio_oaiserver/resumption_token.py,line=43::Schema().dump().data and Schema().dump().errors as well as Schema().load().data and Schema().loads().dataattributes are deprecated in marshmallow v3.x.
::warning file=/home/runner/work/test-zip-extract-repository/test-zip-extract-repository/workdir/tests/invenio-oaiserver/original/invenio_oaiserver/resumption_token.py,line=69::Schema().dump().data and Schema().dump().errors as well as Schema().load().data and Schema().loads().dataattributes are deprecated in marshmallow v3.x.
::warning file=/home/runner/work/test-zip-extract-repository/test-zip-extract-repository/workdir/tests/invenio-oaiserver/original/invenio_oaiserver/resumption_token.py,line=83::Schema().dump().data and Schema().dump().errors as well as Schema().load().data and Schema().loads().dataattributes are deprecated in marshmallow v3.x.
::warning file=/home/runner/work/test-zip-extract-repository/test-zip-extract-repository/workdir/tests/invenio-oaiserver/original/invenio_oaiserver/resumption_token.py,line=84::Schema().dump().data and Schema().dump().errors as well as Schema().load().data and Schema().loads().dataattributes are deprecated in marshmallow v3.x.
::warning file=/home/runner/work/test-zip-extract-repository/test-zip-extract-repository/workdir/tests/invenio-oaiserver/original/invenio_oaiserver/resumption_token.py,line=43::Schema().dump().data and Schema().dump().errors as well as Schema().load().data and Schema().loads().dataattributes are deprecated in marshmallow v3.x.
::warning file=/home/runner/work/test-zip-extract-repository/test-zip-extract-repository/workdir/tests/invenio-oaiserver/original/invenio_oaiserver/resumption_token.py,line=69::Schema().dump().data and Schema().dump().errors as well as Schema().load().data and Schema().loads().dataattributes are deprecated in marshmallow v3.x.
::warning file=/home/runner/work/test-zip-extract-repository/test-zip-extract-repository/workdir/tests/invenio-oaiserver/original/invenio_oaiserver/resumption_token.py,line=83::Schema().dump().data and Schema().dump().errors as well as Schema().load().data and Schema().loads().dataattributes are deprecated in marshmallow v3.x.
::warning file=/home/runner/work/test-zip-extract-repository/test-zip-extract-repository/workdir/tests/invenio-oaiserver/original/invenio_oaiserver/resumption_token.py,line=84::Schema().dump().data and Schema().dump().errors as well as Schema().load().data and Schema().loads().dataattributes are deprecated in marshmallow v3.x.
::warning file=/home/runner/work/test-zip-extract-repository/test-zip-extract-repository/workdir/tests/invenio-oaiserver/original/invenio_oaiserver/resumption_token.py,line=43::Schema().dump().data and Schema().dump().errors as well as Schema().load().data and Schema().loads().dataattributes are deprecated in marshmallow v3.x.
::warning file=/home/runner/work/test-zip-extract-repository/test-zip-extract-repository/workdir/tests/invenio-oaiserver/original/invenio_oaiserver/resumption_token.py,line=43::Schema().dump().data and Schema().dump().errors as well as Schema().load().data and Schema().loads().dataattributes are deprecated in marshmallow v3.x.
::warning file=/home/runner/work/test-zip-extract-repository/test-zip-extract-repository/workdir/tests/invenio-oaiserver/original/invenio_oaiserver/resumption_token.py,line=69::Schema().dump().data and Schema().dump().errors as well as Schema().load().data and Schema().loads().dataattributes are deprecated in marshmallow v3.x.
::warning file=/home/runner/work/test-zip-extract-repository/test-zip-extract-repository/workdir/tests/invenio-oaiserver/original/invenio_oaiserver/resumption_token.py,line=83::Schema().dump().data and Schema().dump().errors as well as Schema().load().data and Schema().loads().dataattributes are deprecated in marshmallow v3.x.
::warning file=/home/runner/work/test-zip-extract-repository/test-zip-extract-repository/workdir/tests/invenio-oaiserver/original/invenio_oaiserver/resumption_token.py,line=84::Schema().dump().data and Schema().dump().errors as well as Schema().load().data and Schema().loads().dataattributes are deprecated in marshmallow v3.x.
::warning file=/home/runner/work/test-zip-extract-repository/test-zip-extract-repository/workdir/tests/invenio-oaiserver/original/invenio_oaiserver/resumption_token.py,line=43::Schema().dump().data and Schema().dump().errors as well as Schema().load().data and Schema().loads().dataattributes are deprecated in marshmallow v3.x.
.::warning file=/home/runner/work/test-zip-extract-repository/test-zip-extract-repository/workdir/tests/invenio-oaiserver/original/.venv/lib/python3.14/site-packages/invenio_records/api.py,line=334::nested transaction already deassociated from connection
::warning file=/home/runner/work/test-zip-extract-repository/test-zip-extract-repository/workdir/tests/invenio-oaiserver/original/tests/test_verbs.py,line=910::nested transaction already deassociated from connection
.::warning file=/home/runner/work/test-zip-extract-repository/test-zip-extract-repository/workdir/tests/invenio-oaiserver/original/.venv/lib/python3.14/site-packages/invenio_records/api.py,line=334::nested transaction already deassociated from connection
.::warning file=/home/runner/work/test-zip-extract-repository/test-zip-extract-repository/workdir/tests/invenio-oaiserver/original/.venv/lib/python3.14/site-packages/invenio_records/api.py,line=334::nested transaction already deassociated from connection
.::warning file=/home/runner/work/test-zip-extract-repository/test-zip-extract-repository/workdir/tests/invenio-oaiserver/original/invenio_oaiserver/resumption_token.py,line=43::Schema().dump().data and Schema().dump().errors as well as Schema().load().data and Schema().loads().dataattributes are deprecated in marshmallow v3.x.
::warning file=/home/runner/work/test-zip-extract-repository/test-zip-extract-repository/workdir/tests/invenio-oaiserver/original/invenio_oaiserver/resumption_token.py,line=69::Schema().dump().data and Schema().dump().errors as well as Schema().load().data and Schema().loads().dataattributes are deprecated in marshmallow v3.x.
::warning file=/home/runner/work/test-zip-extract-repository/test-zip-extract-repository/workdir/tests/invenio-oaiserver/original/invenio_oaiserver/resumption_token.py,line=83::Schema().dump().data and Schema().dump().errors as well as Schema().load().data and Schema().loads().dataattributes are deprecated in marshmallow v3.x.
::warning file=/home/runner/work/test-zip-extract-repository/test-zip-extract-repository/workdir/tests/invenio-oaiserver/original/invenio_oaiserver/resumption_token.py,line=84::Schema().dump().data and Schema().dump().errors as well as Schema().load().data and Schema().loads().dataattributes are deprecated in marshmallow v3.x.
::warning file=/home/runner/work/test-zip-extract-repository/test-zip-extract-repository/workdir/tests/invenio-oaiserver/original/invenio_oaiserver/resumption_token.py,line=43::Schema().dump().data and Schema().dump().errors as well as Schema().load().data and Schema().loads().dataattributes are deprecated in marshmallow v3.x.
::warning file=/home/runner/work/test-zip-extract-repository/test-zip-extract-repository/workdir/tests/invenio-oaiserver/original/invenio_oaiserver/resumption_token.py,line=69::Schema().dump().data and Schema().dump().errors as well as Schema().load().data and Schema().loads().dataattributes are deprecated in marshmallow v3.x.
::warning file=/home/runner/work/test-zip-extract-repository/test-zip-extract-repository/workdir/tests/invenio-oaiserver/original/invenio_oaiserver/resumption_token.py,line=83::Schema().dump().data and Schema().dump().errors as well as Schema().load().data and Schema().loads().dataattributes are deprecated in marshmallow v3.x.
::warning file=/home/runner/work/test-zip-extract-repository/test-zip-extract-repository/workdir/tests/invenio-oaiserver/original/invenio_oaiserver/resumption_token.py,line=84::Schema().dump().data and Schema().dump().errors as well as Schema().load().data and Schema().loads().dataattributes are deprecated in marshmallow v3.x.
.                                [100%]

=============================== warnings summary ===============================
.venv/lib/python3.14/site-packages/webargs/compat.py:8
  /home/runner/work/test-zip-extract-repository/test-zip-extract-repository/workdir/tests/invenio-oaiserver/original/.venv/lib/python3.14/site-packages/webargs/compat.py:8: DeprecationWarning: The '__version__' attribute is deprecated and will be removed in in a future version. Use feature detection or 'importlib.metadata.version("marshmallow")' instead.
    MARSHMALLOW_VERSION_INFO = tuple(LooseVersion(ma.__version__).version)  # type: tuple

.venv/lib/python3.14/site-packages/webargs/compat.py:8
  /home/runner/work/test-zip-extract-repository/test-zip-extract-repository/workdir/tests/invenio-oaiserver/original/.venv/lib/python3.14/site-packages/webargs/compat.py:8: DeprecationWarning: distutils Version classes are deprecated. Use packaging.version instead.
    MARSHMALLOW_VERSION_INFO = tuple(LooseVersion(ma.__version__).version)  # type: tuple

.venv/lib/python3.14/site-packages/webargs/__init__.py:13
  /home/runner/work/test-zip-extract-repository/test-zip-extract-repository/workdir/tests/invenio-oaiserver/original/.venv/lib/python3.14/site-packages/webargs/__init__.py:13: DeprecationWarning: distutils Version classes are deprecated. Use packaging.version instead.
    __version_info__ = tuple(LooseVersion(__version__).version)

.venv/lib/python3.14/site-packages/flask_admin/contrib/__init__.py:2
  /home/runner/work/test-zip-extract-repository/test-zip-extract-repository/workdir/tests/invenio-oaiserver/original/.venv/lib/python3.14/site-packages/flask_admin/contrib/__init__.py:2: UserWarning: pkg_resources is deprecated as an API. See https://setuptools.pypa.io/en/latest/pkg_resources.html. The pkg_resources package is slated for removal as early as 2025-11-30. Refrain from using this package or pin to Setuptools<81.
    __import__('pkg_resources').declare_namespace(__name__)

.venv/lib/python3.14/site-packages/pkg_resources/__init__.py:3148
  /home/runner/work/test-zip-extract-repository/test-zip-extract-repository/workdir/tests/invenio-oaiserver/original/.venv/lib/python3.14/site-packages/pkg_resources/__init__.py:3148: DeprecationWarning: Deprecated call to `pkg_resources.declare_namespace('sphinxcontrib')`.
  Implementing implicit namespace packages (as specified in PEP 420) is preferred to `pkg_resources.declare_namespace`. See https://setuptools.pypa.io/en/latest/references/keywords.html#keyword-namespace-packages
    declare_namespace(pkg)

.venv/lib/python3.14/site-packages/flask_admin/contrib/__init__.py:2
  /home/runner/work/test-zip-extract-repository/test-zip-extract-repository/workdir/tests/invenio-oaiserver/original/.venv/lib/python3.14/site-packages/flask_admin/contrib/__init__.py:2: DeprecationWarning: Deprecated call to `pkg_resources.declare_namespace('flask_admin.contrib')`.
  Implementing implicit namespace packages (as specified in PEP 420) is preferred to `pkg_resources.declare_namespace`. See https://setuptools.pypa.io/en/latest/references/keywords.html#keyword-namespace-packages
    __import__('pkg_resources').declare_namespace(__name__)

.venv/lib/python3.14/site-packages/pkg_resources/__init__.py:2560
  /home/runner/work/test-zip-extract-repository/test-zip-extract-repository/workdir/tests/invenio-oaiserver/original/.venv/lib/python3.14/site-packages/pkg_resources/__init__.py:2560: DeprecationWarning: Deprecated call to `pkg_resources.declare_namespace('flask_admin')`.
  Implementing implicit namespace packages (as specified in PEP 420) is preferred to `pkg_resources.declare_namespace`. See https://setuptools.pypa.io/en/latest/references/keywords.html#keyword-namespace-packages
    declare_namespace(parent)

tests/test_admin.py::test_admin
  /home/runner/work/test-zip-extract-repository/test-zip-extract-repository/workdir/tests/invenio-oaiserver/original/.venv/lib/python3.14/site-packages/flask_admin/contrib/sqla/view.py:1119: LegacyAPIWarning: The Query.get() method is considered legacy as of the 1.x series of SQLAlchemy and becomes a legacy construct in 2.0. The method is now available as Session.get() (deprecated since: 2.0) (Background on SQLAlchemy 2.0 at: https://sqlalche.me/e/b8d9)
    return self.session.query(self.model).get(tools.iterdecode(id))

tests/test_invenio_oaiserver.py::test_init
  /home/runner/work/test-zip-extract-repository/test-zip-extract-repository/workdir/tests/invenio-oaiserver/original/invenio_oaiserver/ext.py:169: UserWarning: Please specify the OAISERVER_ID_PREFIX configuration.default value is: oai:runnervmjduv7:
    warnings.warn(

tests/test_percolator.py: 3 warnings
tests/test_verbs.py: 7 warnings
  /home/runner/work/test-zip-extract-repository/test-zip-extract-repository/workdir/tests/invenio-oaiserver/original/.venv/lib/python3.14/site-packages/invenio_records/api.py:334: SAWarning: nested transaction already deassociated from connection
    with db.session.begin_nested():

tests/test_verbs.py::test_getrecord
  /home/runner/work/test-zip-extract-repository/test-zip-extract-repository/workdir/tests/invenio-oaiserver/original/tests/test_verbs.py:263: SAWarning: nested transaction already deassociated from connection
    with db.session.begin_nested():

tests/test_verbs.py::test_listmetadataformats_record
  /home/runner/work/test-zip-extract-repository/test-zip-extract-repository/workdir/tests/invenio-oaiserver/original/tests/test_verbs.py:366: SAWarning: nested transaction already deassociated from connection
    with db.session.begin_nested():

tests/test_verbs.py::test_listrecords
  /home/runner/work/test-zip-extract-repository/test-zip-extract-repository/workdir/tests/invenio-oaiserver/original/tests/test_verbs.py:600: SAWarning: nested transaction already deassociated from connection
    with db.session.begin_nested():

tests/test_verbs.py::test_listrecords
tests/test_verbs.py::test_listrecords
tests/test_verbs.py::test_listrecords
tests/test_verbs.py::test_listrecords
tests/test_verbs.py::test_listrecords
tests/test_verbs.py::test_listrecords
tests/test_verbs.py::test_listrecords
tests/test_verbs.py::test_list_sets_long
tests/test_verbs.py::test_list_sets_long
  /home/runner/work/test-zip-extract-repository/test-zip-extract-repository/workdir/tests/invenio-oaiserver/original/invenio_oaiserver/resumption_token.py:43: PendingDeprecationWarning: Schema().dump().data and Schema().dump().errors as well as Schema().load().data and Schema().loads().dataattributes are deprecated in marshmallow v3.x.
    kwargs=schema.dump(schema_kwargs).data,

tests/test_verbs.py::test_listrecords
tests/test_verbs.py::test_listrecords
tests/test_verbs.py::test_listrecords
tests/test_verbs.py::test_listrecords
tests/test_verbs.py::test_listrecords
tests/test_verbs.py::test_list_sets_long
tests/test_verbs.py::test_list_sets_long
  /home/runner/work/test-zip-extract-repository/test-zip-extract-repository/workdir/tests/invenio-oaiserver/original/invenio_oaiserver/resumption_token.py:69: PendingDeprecationWarning: Schema().dump().data and Schema().dump().errors as well as Schema().load().data and Schema().loads().dataattributes are deprecated in marshmallow v3.x.
    result["kwargs"] = _schema_from_verb(data["verb"]).load(schema_kwargs).data

tests/test_verbs.py::test_listrecords
tests/test_verbs.py::test_listrecords
tests/test_verbs.py::test_listrecords
tests/test_verbs.py::test_listrecords
tests/test_verbs.py::test_listrecords
tests/test_verbs.py::test_list_sets_long
tests/test_verbs.py::test_list_sets_long
  /home/runner/work/test-zip-extract-repository/test-zip-extract-repository/workdir/tests/invenio-oaiserver/original/invenio_oaiserver/resumption_token.py:83: PendingDeprecationWarning: Schema().dump().data and Schema().dump().errors as well as Schema().load().data and Schema().loads().dataattributes are deprecated in marshmallow v3.x.
    result.data.get("resumptionToken", {}).update(

tests/test_verbs.py::test_listrecords
tests/test_verbs.py::test_listrecords
tests/test_verbs.py::test_listrecords
tests/test_verbs.py::test_listrecords
tests/test_verbs.py::test_listrecords
tests/test_verbs.py::test_list_sets_long
tests/test_verbs.py::test_list_sets_long
  /home/runner/work/test-zip-extract-repository/test-zip-extract-repository/workdir/tests/invenio-oaiserver/original/invenio_oaiserver/resumption_token.py:84: PendingDeprecationWarning: Schema().dump().data and Schema().dump().errors as well as Schema().load().data and Schema().loads().dataattributes are deprecated in marshmallow v3.x.
    result.data.get("resumptionToken", {}).get("kwargs", {})

tests/test_verbs.py::test_listidentifiers
  /home/runner/work/test-zip-extract-repository/test-zip-extract-repository/workdir/tests/invenio-oaiserver/original/tests/test_verbs.py:910: SAWarning: nested transaction already deassociated from connection
    with db.session.begin_nested():

-- Docs: https://docs.pytest.org/en/stable/how-to/capture-warnings.html
================================ tests coverage ================================
_______________ coverage: platform linux, python 3.14.2-final-0 ________________

Name                                                                 Stmts   Miss  Cover   Missing
--------------------------------------------------------------------------------------------------
invenio_oaiserver/__init__.py                                            4      0   100%
invenio_oaiserver/admin.py                                              21      3    86%   52-54
invenio_oaiserver/alembic/5d25c1981985_add_system_created_field.py      10      2    80%   22, 36
invenio_oaiserver/alembic/759d47cbdba7_create_oaiserver_branch.py       10      2    80%   23, 28
invenio_oaiserver/alembic/e655021de0de_create_oiaserver_tables.py       12      4    67%   23-35, 42-43
invenio_oaiserver/alembic/f9b1e3f7d3b1_change_datetime_types.py         13      6    54%   25-27, 32-34
invenio_oaiserver/config.py                                             54      0   100%
invenio_oaiserver/errors.py                                              3      0   100%
invenio_oaiserver/ext.py                                                78      4    95%   76-77, 83-84
invenio_oaiserver/fetchers.py                                           17      2    88%   30, 44
invenio_oaiserver/minters.py                                            13      0   100%
invenio_oaiserver/models.py                                             23      1    96%   82
invenio_oaiserver/percolator.py                                         72      9    88%   69, 77-78, 91, 118-139, 146, 178
invenio_oaiserver/provider.py                                           16      0   100%
invenio_oaiserver/proxies.py                                             4      0   100%
invenio_oaiserver/query.py                                              61      1    98%   27
invenio_oaiserver/receivers.py                                           8      1    88%   28
invenio_oaiserver/response.py                                          176      4    98%   148-152, 245
invenio_oaiserver/resumption_token.py                                   35      0   100%
invenio_oaiserver/schemas/__init__.py                                    0      0   100%
invenio_oaiserver/search/__init__.py                                     0      0   100%
invenio_oaiserver/search/component_templates/__init__.py                 0      0   100%
invenio_oaiserver/search/component_templates/os-v2/__init__.py           0      0   100%
invenio_oaiserver/search/component_templates/v7/__init__.py              0      0   100%
invenio_oaiserver/utils.py                                              83      3    96%   55, 82, 185
invenio_oaiserver/verbs.py                                              71      5    93%   51-53, 60, 67
invenio_oaiserver/views/__init__.py                                      0      0   100%
invenio_oaiserver/views/server.py                                       45      7    84%   48-55, 77
--------------------------------------------------------------------------------------------------
TOTAL                                                                  829     54    93%
================= 33 passed, 1 skipped, 53 warnings in 17.09s ==================
 Container docker_services_cli-rabbitmq-1  Stopping
 Container docker_services_cli-opensearch-1  Stopping
 Container docker_services_cli-postgresql-1  Stopping
 Container docker_services_cli-postgresql-1  Stopped
 Container docker_services_cli-postgresql-1  Removing
 Container docker_services_cli-postgresql-1  Removed
 Container docker_services_cli-opensearch-1  Stopped
 Container docker_services_cli-opensearch-1  Removing
 Container docker_services_cli-opensearch-1  Removed
 Container docker_services_cli-rabbitmq-1  Stopped
 Container docker_services_cli-rabbitmq-1  Removing
 Container docker_services_cli-rabbitmq-1  Removed
 Network docker_services_cli_default  Removing
 Network docker_services_cli_default  Removed
