 rabbitmq Pulling 
 postgresql Pulling 
 redis Pulling 
 opensearch Pulling 
 4f4fb700ef54 Already exists 
 4f4fb700ef54 Already exists 
 redis Pulled 
 rabbitmq Pulled 
 postgresql Pulled 
 opensearch Pulled 
 Network docker_services_cli_default  Creating
 Network docker_services_cli_default  Created
 Container docker_services_cli-postgresql-1  Creating
 Container docker_services_cli-rabbitmq-1  Creating
 Container docker_services_cli-redis-1  Creating
 Container docker_services_cli-opensearch-1  Creating
 Container docker_services_cli-postgresql-1  Created
 Container docker_services_cli-rabbitmq-1  Created
 Container docker_services_cli-opensearch-1  Created
 Container docker_services_cli-redis-1  Created
 Container docker_services_cli-opensearch-1  Starting
 Container docker_services_cli-redis-1  Starting
 Container docker_services_cli-postgresql-1  Starting
 Container docker_services_cli-rabbitmq-1  Starting
 Container docker_services_cli-redis-1  Started
 Container docker_services_cli-postgresql-1  Started
 Container docker_services_cli-rabbitmq-1  Started
 Container docker_services_cli-opensearch-1  Started
============================= test session starts ==============================
platform linux -- Python 3.14.2, pytest-8.4.2, pluggy-1.6.0
rootdir: /home/runner/work/test-zip-extract-repository/test-zip-extract-repository/workdir/tests/invenio-checks/original
configfile: setup.cfg
testpaths: docs, tests, invenio_checks
plugins: isort-4.0.0, flask-1.3.0, invenio-3.4.2, github-actions-annotate-failures-0.3.0, pydocstyle-2.4.0, cov-7.0.0, black-0.6.0, pycodestyle-2.5.0
collected 92 items
tests/contrib/file_formats/test_check.py .                               [  1%]
tests/contrib/metadata/test_expressions.py ............................. [ 32%]
                               [ 78%]
tests/contrib/metadata/test_rules.py ..................                  [ 97%]
tests/test_invenio_checks.py ..                                          [100%]
=============================== warnings summary ===============================
venv/lib/python3.14/site-packages/invenio_records/resolver.py:14
venv/lib/python3.14/site-packages/invenio_records/resolver.py:14
    from jsonschema import RefResolutionError, RefResolver
venv/lib/python3.14/site-packages/invenio_records/resolver.py:14
venv/lib/python3.14/site-packages/invenio_records/resolver.py:14
    from jsonschema import RefResolutionError, RefResolver
venv/lib/python3.14/site-packages/fs/__init__.py:4
    __import__("pkg_resources").declare_namespace(__name__)  # type: ignore
venv/lib/python3.14/site-packages/pkg_resources/__init__.py:3148
  Implementing implicit namespace packages (as specified in PEP 420) is preferred to `pkg_resources.declare_namespace`. See https://setuptools.pypa.io/en/latest/references/keywords.html#keyword-namespace-packages
    declare_namespace(pkg)
venv/lib/python3.14/site-packages/fs/__init__.py:4
  Implementing implicit namespace packages (as specified in PEP 420) is preferred to `pkg_resources.declare_namespace`. See https://setuptools.pypa.io/en/latest/references/keywords.html#keyword-namespace-packages
    __import__("pkg_resources").declare_namespace(__name__)  # type: ignore
venv/lib/python3.14/site-packages/fs/opener/__init__.py:6
  Implementing implicit namespace packages (as specified in PEP 420) is preferred to `pkg_resources.declare_namespace`. See https://setuptools.pypa.io/en/latest/references/keywords.html#keyword-namespace-packages
    __import__("pkg_resources").declare_namespace(__name__)  # type: ignore
venv/lib/python3.14/site-packages/pkg_resources/__init__.py:2560
  Implementing implicit namespace packages (as specified in PEP 420) is preferred to `pkg_resources.declare_namespace`. See https://setuptools.pypa.io/en/latest/references/keywords.html#keyword-namespace-packages
    declare_namespace(parent)
venv/lib/python3.14/site-packages/edtf/parser/grammar.py:9
    pyparsing.ParserElement.enablePackrat()
venv/lib/python3.14/site-packages/edtf/parser/grammar.py:52
    oneThru12 = oneOf(["%.2d" % i for i in range(1, 13)])
venv/lib/python3.14/site-packages/edtf/parser/grammar.py:53
    oneThru13 = oneOf(["%.2d" % i for i in range(1, 14)])
venv/lib/python3.14/site-packages/edtf/parser/grammar.py:54
    oneThru23 = oneOf(["%.2d" % i for i in range(1, 24)])
venv/lib/python3.14/site-packages/edtf/parser/grammar.py:55
    zeroThru23 = oneOf(["%.2d" % i for i in range(0, 24)])
venv/lib/python3.14/site-packages/edtf/parser/grammar.py:56
    oneThru29 = oneOf(["%.2d" % i for i in range(1, 30)])
venv/lib/python3.14/site-packages/edtf/parser/grammar.py:57
    oneThru30 = oneOf(["%.2d" % i for i in range(1, 31)])
venv/lib/python3.14/site-packages/edtf/parser/grammar.py:58
    oneThru31 = oneOf(["%.2d" % i for i in range(1, 32)])
venv/lib/python3.14/site-packages/edtf/parser/grammar.py:59
    oneThru59 = oneOf(["%.2d" % i for i in range(1, 60)])
venv/lib/python3.14/site-packages/edtf/parser/grammar.py:60
    zeroThru59 = oneOf(["%.2d" % i for i in range(0, 60)])
venv/lib/python3.14/site-packages/edtf/parser/grammar.py:63
    positiveDigit = Word(nums, exact=1, excludeChars="0")
venv/lib/python3.14/site-packages/edtf/parser/grammar.py:73
    (oneOf("01 03 05 07 08 10 12")("month") + "-" + oneThru31("day"))
venv/lib/python3.14/site-packages/edtf/parser/grammar.py:74
    ^ (oneOf("04 06 09 11")("month") + "-" + oneThru30("day"))
    p.addParseAction(cls.parse_action)
venv/lib/python3.14/site-packages/edtf/parser/grammar.py:119
    UASymbol = Combine(oneOf("? ~ %"))
venv/lib/python3.14/site-packages/edtf/parser/grammar.py:122
    seasonNumber = oneOf("21 22 23 24")
venv/lib/python3.14/site-packages/edtf/parser/grammar.py:155
    l1Start.addParseAction(f)
venv/lib/python3.14/site-packages/edtf/parser/grammar.py:157
    l1End.addParseAction(f)
venv/lib/python3.14/site-packages/edtf/parser/grammar.py:199
    monthWithX = Combine(oneOf("0X 1X") ^ ("X" + digitOrX))("month")
venv/lib/python3.14/site-packages/edtf/parser/grammar.py:303
venv/lib/python3.14/site-packages/edtf/parser/grammar.py:303
    earlier = L("..").addParseAction(f)("lower") + date("upper").addParseAction(f)
venv/lib/python3.14/site-packages/edtf/parser/grammar.py:304
venv/lib/python3.14/site-packages/edtf/parser/grammar.py:304
    later = date("lower").addParseAction(f) + L("..").addParseAction(f)("upper")
venv/lib/python3.14/site-packages/edtf/parser/grammar.py:325
    seasonL2Number = oneOf("21 22 23 24 25 26 27 28 29 30 31 32 33 34 35 36 37 38 39 40 41")
venv/lib/python3.14/site-packages/invenio_records_resources/services/files/schema.py:154
  /home/runner/work/test-zip-extract-repository/test-zip-extract-repository/workdir/tests/invenio-checks/original/.venv/lib/python3.14/site-packages/invenio_records_resources/services/files/schema.py:154: RemovedInMarshmallow4Warning: The 'default' argument to fields is deprecated. Use 'dump_default' instead
    storage_class = Str(default="L", dump_only=False)
    warnings.warn(
venv/lib/python3.14/site-packages/invenio_communities/communities/resources/ui_schema.py:16
    from idutils import detect_identifier_schemes, to_url
venv/lib/python3.14/site-packages/marshmallow/fields.py:986
venv/lib/python3.14/site-packages/marshmallow/fields.py:986
venv/lib/python3.14/site-packages/marshmallow/fields.py:986
venv/lib/python3.14/site-packages/marshmallow/fields.py:986
venv/lib/python3.14/site-packages/marshmallow/fields.py:986
  /home/runner/work/test-zip-extract-repository/test-zip-extract-repository/workdir/tests/invenio-checks/original/.venv/lib/python3.14/site-packages/marshmallow/fields.py:986: RemovedInMarshmallow4Warning: The 'default' argument to fields is deprecated. Use 'dump_default' instead
    super().__init__(**kwargs)
venv/lib/python3.14/site-packages/marshmallow/utils.py:361
  /home/runner/work/test-zip-extract-repository/test-zip-extract-repository/workdir/tests/invenio-checks/original/.venv/lib/python3.14/site-packages/marshmallow/utils.py:361: ChangedInMarshmallow4Warning: `Field` should not be instantiated. Use `fields.Raw` or  another field subclass instead
    return cls_or_instance()
venv/lib/python3.14/site-packages/flask_resources/serializers/base.py:56
  /home/runner/work/test-zip-extract-repository/test-zip-extract-repository/workdir/tests/invenio-checks/original/.venv/lib/python3.14/site-packages/flask_resources/serializers/base.py:56: RemovedInMarshmallow4Warning: The `context` parameter is deprecated and will be removed in marshmallow 4.0. Use `contextvars.ContextVar` to pass context instead
    self.object_schema = object_schema_cls(
venv/lib/python3.14/site-packages/flask_resources/serializers/base.py:59
    warn(
venv/lib/python3.14/site-packages/flask_resources/parsers/schema.py:61
  /home/runner/work/test-zip-extract-repository/test-zip-extract-repository/workdir/tests/invenio-checks/original/.venv/lib/python3.14/site-packages/flask_resources/parsers/schema.py:61: RemovedInMarshmallow4Warning: The `context` parameter is deprecated and will be removed in marshmallow 4.0. Use `contextvars.ContextVar` to pass context instead
    super().__init__(**kwargs)
================================ tests coverage ================================
_______________ coverage: platform linux, python 3.14.2-final-0 ________________
Name                                                        Stmts   Miss  Cover   Missing
invenio_checks/__init__.py                                      3      0   100%
invenio_checks/alembic/1742548610_create_checks_branch.py       8      2    75%   19, 24
invenio_checks/alembic/1742549302_create_base_tables.py        20      8    60%   28-109, 121-124
invenio_checks/api.py                                          39     27    31%   25-27, 32-35, 48-95
invenio_checks/base.py                                         34      7    79%   26, 30, 43, 47, 50, 59, 64
invenio_checks/components.py                                  100     72    28%   27-29, 47-49, 53-70, 75-86, 91-104, 108-139, 143-145, 149-155, 159-164, 168-181
invenio_checks/config.py                                        2      0   100%
invenio_checks/contrib/__init__.py                              0      0   100%
invenio_checks/contrib/file_formats.py                         81     10    88%   51, 55-56, 78, 115, 120, 123, 127, 131, 158
invenio_checks/contrib/metadata/__init__.py                     4      0   100%
invenio_checks/contrib/metadata/check.py                       90     61    32%   32-34, 38, 42-44, 57-71, 76-102, 106-119, 127-130, 135-145, 150-160
invenio_checks/contrib/metadata/expressions.py                198     18    91%   34, 77, 190-191, 203-204, 247-248, 288, 359, 398-406
invenio_checks/contrib/metadata/rules.py                       65      0   100%
invenio_checks/ext.py                                          15      0   100%
invenio_checks/models.py                                       57      6    89%   42-45, 67, 73
invenio_checks/proxies.py                                       3      0   100%
invenio_checks/services/__init__.py                             4      0   100%
invenio_checks/services/config.py                              24      0   100%
invenio_checks/services/permissions.py                         16      0   100%
invenio_checks/services/results.py                             42     27    36%   22, 31-35, 40-47, 53-56, 61-75
invenio_checks/services/schema.py                              24      0   100%
invenio_checks/services/services.py                            15      6    60%   23, 31, 35, 39, 43, 47
invenio_checks/utils.py                                         6      0   100%
invenio_checks/views/__init__.py                                2      0   100%
invenio_checks/views/ui.py                                      4      0   100%
TOTAL                                                         856    244    71%
======================= 92 passed, 149 warnings in 9.75s =======================
 Container docker_services_cli-redis-1  Stopping
 Container docker_services_cli-opensearch-1  Stopping
 Container docker_services_cli-postgresql-1  Stopping
 Container docker_services_cli-rabbitmq-1  Stopping
 Container docker_services_cli-postgresql-1  Stopped
 Container docker_services_cli-postgresql-1  Removing
 Container docker_services_cli-redis-1  Stopped
 Container docker_services_cli-redis-1  Removing
 Container docker_services_cli-postgresql-1  Removed
 Container docker_services_cli-redis-1  Removed
 Container docker_services_cli-opensearch-1  Stopped
 Container docker_services_cli-opensearch-1  Removing
 Container docker_services_cli-opensearch-1  Removed
 Container docker_services_cli-rabbitmq-1  Stopped
 Container docker_services_cli-rabbitmq-1  Removing
 Container docker_services_cli-rabbitmq-1  Removed
 Network docker_services_cli_default  Removing
 Network docker_services_cli_default  Removed
