 redis Pulling 
 opensearch Pulling 
 rabbitmq Pulling 
 7b28be0c8c4d Pulling fs layer 
 c5761dea9b0e Pulling fs layer 
 22dca8215bc4 Pulling fs layer 
 4831516dd0cb Pulling fs layer 
 bbf018d6d4b8 Pulling fs layer 
 edcaff0d5e7e Pulling fs layer 
 4f4fb700ef54 Pulling fs layer 
 47a60771af96 Pulling fs layer 
 f9dd052e142d Pulling fs layer 
 2e81b9cb93cd Pulling fs layer 
 e8c6d4883897 Pulling fs layer 
 648eb81b3252 Pulling fs layer 
 eb77aa907276 Pulling fs layer 
 4f4fb700ef54 Pulling fs layer 
 0ffa8f8aba1e Pulling fs layer 
 4f4fb700ef54 Already exists 
 4f4fb700ef54 Already exists 
 7084ac8f4ab6 Pulling fs layer 
 d63c4408fdb7 Pulling fs layer 
 20043066d3d5 Pulling fs layer 
 efa05c660812 Pulling fs layer 
 3fadc669ef11 Pulling fs layer 
 d686b50ce172 Pulling fs layer 
 f4e7f62f4b80 Pulling fs layer 
 beb0d870d438 Pulling fs layer 
 5e1c03b67a78 Pulling fs layer 
 14e6209d5fa8 Pulling fs layer 
 7b28be0c8c4d Download complete 
 bbf018d6d4b8 Download complete 
 22dca8215bc4 Downloading [=====================================>             ]  11.53MB/15.35MB
 e8c6d4883897 Downloading [==================================================>]  4.398MB/4.398MB
 c5761dea9b0e Download complete 
 47a60771af96 Download complete 
 22dca8215bc4 Download complete 
 0ffa8f8aba1e Download complete 
 edcaff0d5e7e Download complete 
 4831516dd0cb Downloading [=============================>                     ]  16.78MB/28.23MB
 e8c6d4883897 Download complete 
 2e81b9cb93cd Download complete 
 e7da101a9486 Download complete 
 648eb81b3252 Download complete 
 eb77aa907276 Downloading [>                                                  ]  8.389MB/907.7MB
 4831516dd0cb Downloading [==================================================>]  28.23MB/28.23MB
 f9dd052e142d Downloading [===========>                                       ]  12.15MB/52.33MB
 eb77aa907276 Downloading [=>                                                 ]  23.23MB/907.7MB
 14e6209d5fa8 Downloading [==================================================>]     833B/833B
 c4cc93acbec6 Download complete 
 16ef6b12768c Download complete 
 efa05c660812 Downloading [==================================================>]     189B/189B
 f4e7f62f4b80 Download complete 
 f9dd052e142d Downloading [==================>                                ]  18.87MB/52.33MB
 eb77aa907276 Downloading [=>                                                 ]  31.46MB/907.7MB
 4831516dd0cb Download complete 
 7ec4c696b8bb Download complete 
 beb0d870d438 Download complete 
 20043066d3d5 Downloading [========>                                          ]  5.243MB/29.72MB
 efa05c660812 Download complete 
 5e1c03b67a78 Download complete 
 14e6209d5fa8 Download complete 
 7084ac8f4ab6 Downloading [==============================>                    ]  4.493MB/7.468MB
 d686b50ce172 Downloading [========>                                          ]  2.097MB/12.47MB
 d63c4408fdb7 Downloading [==============>                                    ]  6.291MB/21.31MB
 3fadc669ef11 Downloading [=======>                                           ]  6.291MB/43.48MB
 4831516dd0cb Extracting 1 s
 eb77aa907276 Downloading [==>                                                ]  39.85MB/907.7MB
 f9dd052e142d Downloading [==========================>                        ]  27.26MB/52.33MB
 7084ac8f4ab6 Download complete 
 d686b50ce172 Downloading [=====================================>             ]  9.437MB/12.47MB
 d63c4408fdb7 Downloading [==================================>                ]  14.68MB/21.31MB
 3fadc669ef11 Downloading [===============>                                   ]  13.63MB/43.48MB
 20043066d3d5 Downloading [=====================>                             ]  12.58MB/29.72MB
 4831516dd0cb Extracting 1 s
 20043066d3d5 Downloading [===================================>               ]  20.97MB/29.72MB
 f9dd052e142d Downloading [===================================>               ]   36.7MB/52.33MB
 eb77aa907276 Downloading [==>                                                ]  49.58MB/907.7MB
 d686b50ce172 Download complete 
 d63c4408fdb7 Download complete 
 3fadc669ef11 Downloading [========================>                          ]  21.16MB/43.48MB
 4831516dd0cb Extracting 1 s
 3fadc669ef11 Downloading [=====================================>             ]  32.51MB/43.48MB
 20043066d3d5 Download complete 
 eb77aa907276 Downloading [===>                                               ]  61.87MB/907.7MB
 f9dd052e142d Downloading [===============================================>   ]  49.28MB/52.33MB
 20043066d3d5 Extracting 1 s
 4831516dd0cb Extracting 1 s
 3fadc669ef11 Downloading [==================================================>]  43.48MB/43.48MB
 f9dd052e142d Download complete 
 eb77aa907276 Downloading [====>                                              ]  74.53MB/907.7MB
 4831516dd0cb Extracting 1 s
 f9dd052e142d Extracting 1 s
 20043066d3d5 Extracting 1 s
 eb77aa907276 Downloading [=====>                                             ]  91.18MB/907.7MB
 3fadc669ef11 Download complete 
 4831516dd0cb Extracting 1 s
 f9dd052e142d Extracting 1 s
 20043066d3d5 Extracting 1 s
 eb77aa907276 Downloading [=====>                                             ]  108.9MB/907.7MB
 f9dd052e142d Extracting 1 s
 4831516dd0cb Extracting 1 s
 20043066d3d5 Extracting 1 s
 eb77aa907276 Downloading [======>                                            ]  126.9MB/907.7MB
 f9dd052e142d Extracting 1 s
 4831516dd0cb Extracting 1 s
 20043066d3d5 Extracting 1 s
 eb77aa907276 Downloading [=======>                                           ]  144.7MB/907.7MB
 4831516dd0cb Extracting 1 s
 f9dd052e142d Extracting 1 s
 20043066d3d5 Extracting 1 s
 eb77aa907276 Downloading [=========>                                         ]  165.7MB/907.7MB
 f9dd052e142d Extracting 1 s
 4831516dd0cb Extracting 1 s
 20043066d3d5 Extracting 1 s
 eb77aa907276 Downloading [==========>                                        ]  185.6MB/907.7MB
 4831516dd0cb Extracting 1 s
 f9dd052e142d Extracting 1 s
 20043066d3d5 Extracting 1 s
 eb77aa907276 Downloading [===========>                                       ]  205.4MB/907.7MB
 f9dd052e142d Extracting 1 s
 4831516dd0cb Extracting 2 s
 20043066d3d5 Extracting 1 s
 eb77aa907276 Downloading [============>                                      ]  224.4MB/907.7MB
 f9dd052e142d Extracting 1 s
 20043066d3d5 Extracting 1 s
 4831516dd0cb Extracting 2 s
 eb77aa907276 Downloading [=============>                                     ]  241.2MB/907.7MB
 f9dd052e142d Extracting 1 s
 20043066d3d5 Extracting 2 s
 4831516dd0cb Extracting 2 s
 eb77aa907276 Downloading [==============>                                    ]  255.9MB/907.7MB
 4831516dd0cb Extracting 2 s
 20043066d3d5 Extracting 2 s
 f9dd052e142d Extracting 2 s
 eb77aa907276 Downloading [===============>                                   ]  275.8MB/907.7MB
 f9dd052e142d Extracting 2 s
 4831516dd0cb Extracting 2 s
 20043066d3d5 Extracting 2 s
 eb77aa907276 Downloading [================>                                  ]  294.6MB/907.7MB
 4831516dd0cb Extracting 2 s
 f9dd052e142d Extracting 2 s
 20043066d3d5 Extracting 2 s
 eb77aa907276 Downloading [=================>                                 ]  312.6MB/907.7MB
 f9dd052e142d Extracting 2 s
 20043066d3d5 Extracting 2 s
 4831516dd0cb Extracting 2 s
 eb77aa907276 Downloading [==================>                                ]  332.4MB/907.7MB
 f9dd052e142d Extracting 2 s
 4831516dd0cb Extracting 2 s
 20043066d3d5 Extracting 2 s
 eb77aa907276 Downloading [==================>                                ]  341.8MB/907.7MB
 f9dd052e142d Extracting 2 s
 4831516dd0cb Extracting 2 s
 20043066d3d5 Extracting 2 s
 eb77aa907276 Downloading [===================>                               ]  356.5MB/907.7MB
 f9dd052e142d Extracting 2 s
 20043066d3d5 Extracting 2 s
 4831516dd0cb Extracting 2 s
 eb77aa907276 Downloading [====================>                              ]  371.2MB/907.7MB
 47a60771af96 Extracting 1 s
 4831516dd0cb Pull complete 
 20043066d3d5 Extracting 2 s
 f9dd052e142d Extracting 2 s
 eb77aa907276 Downloading [=====================>                             ]  385.9MB/907.7MB
 7b28be0c8c4d Extracting 1 s
 47a60771af96 Pull complete 
 f9dd052e142d Extracting 2 s
 20043066d3d5 Extracting 2 s
 7b28be0c8c4d Extracting 1 s
 eb77aa907276 Downloading [======================>                            ]  405.8MB/907.7MB
 20043066d3d5 Extracting 2 s
 f9dd052e142d Extracting 2 s
 eb77aa907276 Downloading [=======================>                           ]  426.1MB/907.7MB
 7b28be0c8c4d Pull complete 
 f9dd052e142d Extracting 3 s
 edcaff0d5e7e Extracting 1 s
 20043066d3d5 Pull complete 
 3fadc669ef11 Extracting 1 s
 eb77aa907276 Downloading [========================>                          ]  445.6MB/907.7MB
 22dca8215bc4 Extracting 1 s
 edcaff0d5e7e Pull complete 
 f9dd052e142d Extracting 3 s
 3fadc669ef11 Extracting 1 s
 eb77aa907276 Downloading [=========================>                         ]  460.3MB/907.7MB
 22dca8215bc4 Extracting 1 s
 f9dd052e142d Extracting 3 s
 3fadc669ef11 Extracting 1 s
 eb77aa907276 Downloading [==========================>                        ]  477.1MB/907.7MB
 22dca8215bc4 Extracting 1 s
 f9dd052e142d Extracting 3 s
 3fadc669ef11 Extracting 1 s
 eb77aa907276 Downloading [===========================>                       ]  493.8MB/907.7MB
 22dca8215bc4 Extracting 1 s
 f9dd052e142d Extracting 3 s
 3fadc669ef11 Extracting 1 s
 eb77aa907276 Downloading [============================>                      ]  512.8MB/907.7MB
 22dca8215bc4 Extracting 1 s
 f9dd052e142d Extracting 3 s
 3fadc669ef11 Extracting 1 s
 eb77aa907276 Downloading [=============================>                     ]  534.8MB/907.7MB
 22dca8215bc4 Extracting 1 s
 f9dd052e142d Extracting 3 s
 3fadc669ef11 Extracting 1 s
 eb77aa907276 Downloading [==============================>                    ]  552.6MB/907.7MB
 22dca8215bc4 Extracting 1 s
 3fadc669ef11 Extracting 1 s
 f9dd052e142d Extracting 3 s
 eb77aa907276 Downloading [==============================>                    ]  552.6MB/907.7MB
 22dca8215bc4 Pull complete 
 f9dd052e142d Extracting 3 s
 3fadc669ef11 Extracting 1 s
 eb77aa907276 Downloading [===============================>                   ]  563.1MB/907.7MB
 4f4fb700ef54 Pull complete 
 bbf018d6d4b8 Pull complete 
 c5761dea9b0e Pull complete 
 f9dd052e142d Extracting 3 s
 3fadc669ef11 Extracting 1 s
 redis Pulled 
 eb77aa907276 Downloading [===============================>                   ]  579.9MB/907.7MB
 f9dd052e142d Extracting 3 s
 3fadc669ef11 Extracting 1 s
 eb77aa907276 Downloading [=================================>                 ]    601MB/907.7MB
 3fadc669ef11 Extracting 2 s
 f9dd052e142d Extracting 4 s
 eb77aa907276 Downloading [==================================>                ]  621.8MB/907.7MB
 7084ac8f4ab6 Extracting 1 s
 f9dd052e142d Extracting 4 s
 3fadc669ef11 Pull complete 
 eb77aa907276 Downloading [===================================>               ]  644.7MB/907.7MB
 7084ac8f4ab6 Extracting 1 s
 f9dd052e142d Extracting 4 s
 eb77aa907276 Downloading [====================================>              ]  666.9MB/907.7MB
 beb0d870d438 Extracting 1 s
 f9dd052e142d Extracting 4 s
 7084ac8f4ab6 Pull complete 
 eb77aa907276 Downloading [=====================================>             ]  686.9MB/907.7MB
 beb0d870d438 Pull complete 
 f9dd052e142d Extracting 4 s
 d63c4408fdb7 Extracting 1 s
 eb77aa907276 Downloading [=======================================>           ]  710.9MB/907.7MB
 e8c6d4883897 Extracting 1 s
 d63c4408fdb7 Extracting 1 s
 f9dd052e142d Pull complete 
 eb77aa907276 Downloading [========================================>          ]    734MB/907.7MB
 e8c6d4883897 Extracting 1 s
 d63c4408fdb7 Extracting 1 s
 eb77aa907276 Downloading [=========================================>         ]    756MB/907.7MB
 e8c6d4883897 Pull complete 
 648eb81b3252 Pull complete 
 d63c4408fdb7 Extracting 1 s
 eb77aa907276 Downloading [==========================================>        ]    778MB/907.7MB
 d63c4408fdb7 Extracting 1 s
 eb77aa907276 Downloading [============================================>      ]    799MB/907.7MB
 d63c4408fdb7 Extracting 1 s
 eb77aa907276 Downloading [=============================================>     ]  824.2MB/907.7MB
 d63c4408fdb7 Extracting 1 s
 f4e7f62f4b80 Extracting 1 s
 eb77aa907276 Downloading [==============================================>    ]  847.2MB/907.7MB
 efa05c660812 Pull complete 
 d63c4408fdb7 Pull complete 
 eb77aa907276 Downloading [================================================>  ]  872.4MB/907.7MB
 f4e7f62f4b80 Pull complete 
 5e1c03b67a78 Pull complete 
 14e6209d5fa8 Pull complete 
 d686b50ce172 Extracting 1 s
 eb77aa907276 Downloading [=================================================> ]  897.6MB/907.7MB
 d686b50ce172 Extracting 1 s
 eb77aa907276 Downloading [==================================================>]  907.7MB/907.7MB
 d686b50ce172 Extracting 1 s
 d686b50ce172 Extracting 1 s
 eb77aa907276 Downloading [==================================================>]  907.7MB/907.7MB
 eb77aa907276 Downloading [==================================================>]  907.7MB/907.7MB
 d686b50ce172 Extracting 1 s
 d686b50ce172 Pull complete 
 eb77aa907276 Downloading [==================================================>]  907.7MB/907.7MB
 eb77aa907276 Downloading [==================================================>]  907.7MB/907.7MB
 eb77aa907276 Downloading [==================================================>]  907.7MB/907.7MB
 rabbitmq Pulled 
 eb77aa907276 Downloading [==================================================>]  907.7MB/907.7MB
 eb77aa907276 Downloading [==================================================>]  907.7MB/907.7MB
 eb77aa907276 Downloading [==================================================>]  907.7MB/907.7MB
 eb77aa907276 Downloading [==================================================>]  907.7MB/907.7MB
 eb77aa907276 Downloading [==================================================>]  907.7MB/907.7MB
 eb77aa907276 Downloading [==================================================>]  907.7MB/907.7MB
 eb77aa907276 Downloading [==================================================>]  907.7MB/907.7MB
 eb77aa907276 Downloading [==================================================>]  907.7MB/907.7MB
 eb77aa907276 Downloading [==================================================>]  907.7MB/907.7MB
 eb77aa907276 Downloading [==================================================>]  907.7MB/907.7MB
 eb77aa907276 Downloading [==================================================>]  907.7MB/907.7MB
 eb77aa907276 Downloading [==================================================>]  907.7MB/907.7MB
 eb77aa907276 Downloading [==================================================>]  907.7MB/907.7MB
 eb77aa907276 Downloading [==================================================>]  907.7MB/907.7MB
 eb77aa907276 Downloading [==================================================>]  907.7MB/907.7MB
 eb77aa907276 Downloading [==================================================>]  907.7MB/907.7MB
 eb77aa907276 Download complete 
 eb77aa907276 Extracting 1 s
 eb77aa907276 Extracting 1 s
 eb77aa907276 Extracting 1 s
 eb77aa907276 Extracting 1 s
 eb77aa907276 Extracting 1 s
 eb77aa907276 Extracting 1 s
 eb77aa907276 Extracting 1 s
 eb77aa907276 Extracting 1 s
 eb77aa907276 Extracting 1 s
 eb77aa907276 Extracting 1 s
 eb77aa907276 Extracting 2 s
 eb77aa907276 Extracting 2 s
 eb77aa907276 Extracting 2 s
 eb77aa907276 Extracting 2 s
 eb77aa907276 Extracting 2 s
 eb77aa907276 Extracting 2 s
 eb77aa907276 Extracting 2 s
 eb77aa907276 Extracting 2 s
 eb77aa907276 Extracting 2 s
 eb77aa907276 Extracting 2 s
 eb77aa907276 Extracting 3 s
 eb77aa907276 Extracting 3 s
 eb77aa907276 Extracting 3 s
 eb77aa907276 Extracting 3 s
 eb77aa907276 Extracting 3 s
 eb77aa907276 Extracting 3 s
 eb77aa907276 Extracting 3 s
 eb77aa907276 Extracting 3 s
 eb77aa907276 Extracting 3 s
 eb77aa907276 Extracting 3 s
 eb77aa907276 Extracting 4 s
 eb77aa907276 Extracting 4 s
 eb77aa907276 Extracting 4 s
 eb77aa907276 Extracting 4 s
 eb77aa907276 Extracting 4 s
 eb77aa907276 Extracting 4 s
 eb77aa907276 Extracting 4 s
 eb77aa907276 Extracting 4 s
 eb77aa907276 Extracting 4 s
 eb77aa907276 Extracting 4 s
 eb77aa907276 Extracting 5 s
 eb77aa907276 Extracting 5 s
 eb77aa907276 Extracting 5 s
 eb77aa907276 Extracting 5 s
 eb77aa907276 Extracting 5 s
 eb77aa907276 Extracting 5 s
 4f4fb700ef54 Pull complete 
 0ffa8f8aba1e Pull complete 
 2e81b9cb93cd Pull complete 
 eb77aa907276 Pull complete 
 opensearch Pulled 
 Network docker_services_cli_default  Creating
 Network docker_services_cli_default  Created
 Container docker_services_cli-rabbitmq-1  Creating
 Container docker_services_cli-redis-1  Creating
 Container docker_services_cli-opensearch-1  Creating
 Container docker_services_cli-rabbitmq-1  Created
 Container docker_services_cli-opensearch-1  Created
 Container docker_services_cli-redis-1  Created
 Container docker_services_cli-opensearch-1  Starting
 Container docker_services_cli-redis-1  Starting
 Container docker_services_cli-rabbitmq-1  Starting
 Container docker_services_cli-opensearch-1  Started
 Container docker_services_cli-rabbitmq-1  Started
 Container docker_services_cli-redis-1  Started
::warning file=/home/runner/work/test-zip-extract-repository/test-zip-extract-repository/workdir/tests/invenio-indexer/original/.venv/lib/python3.14/site-packages/invenio_records/resolver.py,line=14::jsonschema.exceptions.RefResolutionError is deprecated as of version 4.18.0. If you wish to catch potential reference resolution errors, directly catch referencing.exceptions.Unresolvable.
::warning file=/home/runner/work/test-zip-extract-repository/test-zip-extract-repository/workdir/tests/invenio-indexer/original/.venv/lib/python3.14/site-packages/invenio_records/resolver.py,line=14::jsonschema.RefResolver is deprecated as of v4.18.0, in favor of the https://github.com/python-jsonschema/referencing library, which provides more compliant referencing behavior as well as more flexible APIs for customization. A future release will remove RefResolver. Please file a feature request (on referencing) if you are missing an API for the kind of customization you need.
::warning file=/home/runner/work/test-zip-extract-repository/test-zip-extract-repository/workdir/tests/invenio-indexer/original/.venv/lib/python3.14/site-packages/invenio_records/resolver.py,line=14::jsonschema.exceptions.RefResolutionError is deprecated as of version 4.18.0. If you wish to catch potential reference resolution errors, directly catch referencing.exceptions.Unresolvable.
::warning file=/home/runner/work/test-zip-extract-repository/test-zip-extract-repository/workdir/tests/invenio-indexer/original/.venv/lib/python3.14/site-packages/invenio_records/resolver.py,line=14::jsonschema.RefResolver is deprecated as of v4.18.0, in favor of the https://github.com/python-jsonschema/referencing library, which provides more compliant referencing behavior as well as more flexible APIs for customization. A future release will remove RefResolver. Please file a feature request (on referencing) if you are missing an API for the kind of customization you need.
============================= test session starts ==============================
platform linux -- Python 3.14.2, pytest-8.4.2, pluggy-1.6.0
rootdir: /home/runner/work/test-zip-extract-repository/test-zip-extract-repository/workdir/tests/invenio-indexer/original
configfile: setup.cfg
testpaths: docs, tests, invenio_indexer
plugins: isort-4.0.0, flask-1.3.0, black-ng-0.4.1, invenio-3.4.2, github-actions-annotate-failures-0.3.0, pydocstyle-2.4.0, cov-7.0.0, pycodestyle-2.5.0
collected 34 items

tests/test_api.py ..::warning file=/home/runner/work/test-zip-extract-repository/test-zip-extract-repository/workdir/tests/invenio-indexer/original/.venv/lib/python3.14/site-packages/sqlalchemy/sql/schema.py,line=3624::datetime.datetime.utcnow() is deprecated and scheduled for removal in a future version. Use timezone-aware objects to represent datetimes in UTC: datetime.datetime.now(datetime.UTC).
::warning file=/home/runner/work/test-zip-extract-repository/test-zip-extract-repository/workdir/tests/invenio-indexer/original/.venv/lib/python3.14/site-packages/sqlalchemy/sql/schema.py,line=3624::datetime.datetime.utcnow() is deprecated and scheduled for removal in a future version. Use timezone-aware objects to represent datetimes in UTC: datetime.datetime.now(datetime.UTC).
::warning file=/home/runner/work/test-zip-extract-repository/test-zip-extract-repository/workdir/tests/invenio-indexer/original/.venv/lib/python3.14/site-packages/invenio_records/api.py,line=335::nested transaction already deassociated from connection
::warning file=/home/runner/work/test-zip-extract-repository/test-zip-extract-repository/workdir/tests/invenio-indexer/original/.venv/lib/python3.14/site-packages/invenio_records/models.py,line=44::datetime.datetime.utcnow() is deprecated and scheduled for removal in a future version. Use timezone-aware objects to represent datetimes in UTC: datetime.datetime.now(datetime.UTC).
::warning file=/home/runner/work/test-zip-extract-repository/test-zip-extract-repository/workdir/tests/invenio-indexer/original/.venv/lib/python3.14/site-packages/invenio_records/api.py,line=496::nested transaction already deassociated from connection
.::warning file=/home/runner/work/test-zip-extract-repository/test-zip-extract-repository/workdir/tests/invenio-indexer/original/.venv/lib/python3.14/site-packages/sqlalchemy/sql/schema.py,line=3624::datetime.datetime.utcnow() is deprecated and scheduled for removal in a future version. Use timezone-aware objects to represent datetimes in UTC: datetime.datetime.now(datetime.UTC).
::warning file=/home/runner/work/test-zip-extract-repository/test-zip-extract-repository/workdir/tests/invenio-indexer/original/.venv/lib/python3.14/site-packages/sqlalchemy/sql/schema.py,line=3624::datetime.datetime.utcnow() is deprecated and scheduled for removal in a future version. Use timezone-aware objects to represent datetimes in UTC: datetime.datetime.now(datetime.UTC).
::warning file=/home/runner/work/test-zip-extract-repository/test-zip-extract-repository/workdir/tests/invenio-indexer/original/.venv/lib/python3.14/site-packages/invenio_records/api.py,line=335::nested transaction already deassociated from connection
.::warning file=/home/runner/work/test-zip-extract-repository/test-zip-extract-repository/workdir/tests/invenio-indexer/original/.venv/lib/python3.14/site-packages/sqlalchemy/sql/schema.py,line=3624::datetime.datetime.utcnow() is deprecated and scheduled for removal in a future version. Use timezone-aware objects to represent datetimes in UTC: datetime.datetime.now(datetime.UTC).
::warning file=/home/runner/work/test-zip-extract-repository/test-zip-extract-repository/workdir/tests/invenio-indexer/original/.venv/lib/python3.14/site-packages/sqlalchemy/sql/schema.py,line=3624::datetime.datetime.utcnow() is deprecated and scheduled for removal in a future version. Use timezone-aware objects to represent datetimes in UTC: datetime.datetime.now(datetime.UTC).
::warning file=/home/runner/work/test-zip-extract-repository/test-zip-extract-repository/workdir/tests/invenio-indexer/original/.venv/lib/python3.14/site-packages/invenio_records/api.py,line=335::nested transaction already deassociated from connection
.::warning file=/home/runner/work/test-zip-extract-repository/test-zip-extract-repository/workdir/tests/invenio-indexer/original/.venv/lib/python3.14/site-packages/sqlalchemy/sql/schema.py,line=3624::datetime.datetime.utcnow() is deprecated and scheduled for removal in a future version. Use timezone-aware objects to represent datetimes in UTC: datetime.datetime.now(datetime.UTC).
::warning file=/home/runner/work/test-zip-extract-repository/test-zip-extract-repository/workdir/tests/invenio-indexer/original/.venv/lib/python3.14/site-packages/sqlalchemy/sql/schema.py,line=3624::datetime.datetime.utcnow() is deprecated and scheduled for removal in a future version. Use timezone-aware objects to represent datetimes in UTC: datetime.datetime.now(datetime.UTC).
::warning file=/home/runner/work/test-zip-extract-repository/test-zip-extract-repository/workdir/tests/invenio-indexer/original/.venv/lib/python3.14/site-packages/invenio_records/api.py,line=335::nested transaction already deassociated from connection
::warning file=/home/runner/work/test-zip-extract-repository/test-zip-extract-repository/workdir/tests/invenio-indexer/original/.venv/lib/python3.14/site-packages/sqlalchemy/sql/schema.py,line=3624::datetime.datetime.utcnow() is deprecated and scheduled for removal in a future version. Use timezone-aware objects to represent datetimes in UTC: datetime.datetime.now(datetime.UTC).
::warning file=/home/runner/work/test-zip-extract-repository/test-zip-extract-repository/workdir/tests/invenio-indexer/original/.venv/lib/python3.14/site-packages/sqlalchemy/sql/schema.py,line=3624::datetime.datetime.utcnow() is deprecated and scheduled for removal in a future version. Use timezone-aware objects to represent datetimes in UTC: datetime.datetime.now(datetime.UTC).
.::warning file=/home/runner/work/test-zip-extract-repository/test-zip-extract-repository/workdir/tests/invenio-indexer/original/.venv/lib/python3.14/site-packages/sqlalchemy/sql/schema.py,line=3624::datetime.datetime.utcnow() is deprecated and scheduled for removal in a future version. Use timezone-aware objects to represent datetimes in UTC: datetime.datetime.now(datetime.UTC).
::warning file=/home/runner/work/test-zip-extract-repository/test-zip-extract-repository/workdir/tests/invenio-indexer/original/.venv/lib/python3.14/site-packages/sqlalchemy/sql/schema.py,line=3624::datetime.datetime.utcnow() is deprecated and scheduled for removal in a future version. Use timezone-aware objects to represent datetimes in UTC: datetime.datetime.now(datetime.UTC).
::warning file=/home/runner/work/test-zip-extract-repository/test-zip-extract-repository/workdir/tests/invenio-indexer/original/.venv/lib/python3.14/site-packages/invenio_records/api.py,line=335::nested transaction already deassociated from connection
.....::warning file=/home/runner/work/test-zip-extract-repository/test-zip-extract-repository/workdir/tests/invenio-indexer/original/.venv/lib/python3.14/site-packages/sqlalchemy/sql/schema.py,line=3624::datetime.datetime.utcnow() is deprecated and scheduled for removal in a future version. Use timezone-aware objects to represent datetimes in UTC: datetime.datetime.now(datetime.UTC).
::warning file=/home/runner/work/test-zip-extract-repository/test-zip-extract-repository/workdir/tests/invenio-indexer/original/.venv/lib/python3.14/site-packages/sqlalchemy/sql/schema.py,line=3624::datetime.datetime.utcnow() is deprecated and scheduled for removal in a future version. Use timezone-aware objects to represent datetimes in UTC: datetime.datetime.now(datetime.UTC).
::warning file=/home/runner/work/test-zip-extract-repository/test-zip-extract-repository/workdir/tests/invenio-indexer/original/.venv/lib/python3.14/site-packages/invenio_records/api.py,line=335::nested transaction already deassociated from connection
...::warning file=/home/runner/work/test-zip-extract-repository/test-zip-extract-repository/workdir/tests/invenio-indexer/original/.venv/lib/python3.14/site-packages/sqlalchemy/sql/schema.py,line=3624::datetime.datetime.utcnow() is deprecated and scheduled for removal in a future version. Use timezone-aware objects to represent datetimes in UTC: datetime.datetime.now(datetime.UTC).
::warning file=/home/runner/work/test-zip-extract-repository/test-zip-extract-repository/workdir/tests/invenio-indexer/original/.venv/lib/python3.14/site-packages/sqlalchemy/sql/schema.py,line=3624::datetime.datetime.utcnow() is deprecated and scheduled for removal in a future version. Use timezone-aware objects to represent datetimes in UTC: datetime.datetime.now(datetime.UTC).
::warning file=/home/runner/work/test-zip-extract-repository/test-zip-extract-repository/workdir/tests/invenio-indexer/original/.venv/lib/python3.14/site-packages/invenio_records/api.py,line=335::nested transaction already deassociated from connection
.::warning file=/home/runner/work/test-zip-extract-repository/test-zip-extract-repository/workdir/tests/invenio-indexer/original/.venv/lib/python3.14/site-packages/sqlalchemy/sql/schema.py,line=3624::datetime.datetime.utcnow() is deprecated and scheduled for removal in a future version. Use timezone-aware objects to represent datetimes in UTC: datetime.datetime.now(datetime.UTC).
::warning file=/home/runner/work/test-zip-extract-repository/test-zip-extract-repository/workdir/tests/invenio-indexer/original/.venv/lib/python3.14/site-packages/sqlalchemy/sql/schema.py,line=3624::datetime.datetime.utcnow() is deprecated and scheduled for removal in a future version. Use timezone-aware objects to represent datetimes in UTC: datetime.datetime.now(datetime.UTC).
::warning file=/home/runner/work/test-zip-extract-repository/test-zip-extract-repository/workdir/tests/invenio-indexer/original/.venv/lib/python3.14/site-packages/invenio_records/api.py,line=335::nested transaction already deassociated from connection
::warning file=/home/runner/work/test-zip-extract-repository/test-zip-extract-repository/workdir/tests/invenio-indexer/original/.venv/lib/python3.14/site-packages/sqlalchemy/sql/schema.py,line=3624::datetime.datetime.utcnow() is deprecated and scheduled for removal in a future version. Use timezone-aware objects to represent datetimes in UTC: datetime.datetime.now(datetime.UTC).
::warning file=/home/runner/work/test-zip-extract-repository/test-zip-extract-repository/workdir/tests/invenio-indexer/original/.venv/lib/python3.14/site-packages/sqlalchemy/sql/schema.py,line=3624::datetime.datetime.utcnow() is deprecated and scheduled for removal in a future version. Use timezone-aware objects to represent datetimes in UTC: datetime.datetime.now(datetime.UTC).
.                                       [ 47%]
tests/test_cli.py ..::warning file=/home/runner/work/test-zip-extract-repository/test-zip-extract-repository/workdir/tests/invenio-indexer/original/.venv/lib/python3.14/site-packages/sqlalchemy/sql/schema.py,line=3624::datetime.datetime.utcnow() is deprecated and scheduled for removal in a future version. Use timezone-aware objects to represent datetimes in UTC: datetime.datetime.now(datetime.UTC).
::warning file=/home/runner/work/test-zip-extract-repository/test-zip-extract-repository/workdir/tests/invenio-indexer/original/.venv/lib/python3.14/site-packages/sqlalchemy/sql/schema.py,line=3624::datetime.datetime.utcnow() is deprecated and scheduled for removal in a future version. Use timezone-aware objects to represent datetimes in UTC: datetime.datetime.now(datetime.UTC).
::warning file=/home/runner/work/test-zip-extract-repository/test-zip-extract-repository/workdir/tests/invenio-indexer/original/.venv/lib/python3.14/site-packages/invenio_records/api.py,line=335::nested transaction already deassociated from connection
::warning file=/home/runner/work/test-zip-extract-repository/test-zip-extract-repository/workdir/tests/invenio-indexer/original/.venv/lib/python3.14/site-packages/sqlalchemy/sql/schema.py,line=3624::datetime.datetime.utcnow() is deprecated and scheduled for removal in a future version. Use timezone-aware objects to represent datetimes in UTC: datetime.datetime.now(datetime.UTC).
::warning file=/home/runner/work/test-zip-extract-repository/test-zip-extract-repository/workdir/tests/invenio-indexer/original/.venv/lib/python3.14/site-packages/sqlalchemy/sql/schema.py,line=3624::datetime.datetime.utcnow() is deprecated and scheduled for removal in a future version. Use timezone-aware objects to represent datetimes in UTC: datetime.datetime.now(datetime.UTC).
::warning file=/home/runner/work/test-zip-extract-repository/test-zip-extract-repository/workdir/tests/invenio-indexer/original/.venv/lib/python3.14/site-packages/sqlalchemy/sql/schema.py,line=3624::datetime.datetime.utcnow() is deprecated and scheduled for removal in a future version. Use timezone-aware objects to represent datetimes in UTC: datetime.datetime.now(datetime.UTC).
::warning file=/home/runner/work/test-zip-extract-repository/test-zip-extract-repository/workdir/tests/invenio-indexer/original/.venv/lib/python3.14/site-packages/sqlalchemy/sql/schema.py,line=3624::datetime.datetime.utcnow() is deprecated and scheduled for removal in a future version. Use timezone-aware objects to represent datetimes in UTC: datetime.datetime.now(datetime.UTC).
::warning file=/home/runner/work/test-zip-extract-repository/test-zip-extract-repository/workdir/tests/invenio-indexer/original/.venv/lib/python3.14/site-packages/sqlalchemy/sql/schema.py,line=3624::datetime.datetime.utcnow() is deprecated and scheduled for removal in a future version. Use timezone-aware objects to represent datetimes in UTC: datetime.datetime.now(datetime.UTC).
::warning file=/home/runner/work/test-zip-extract-repository/test-zip-extract-repository/workdir/tests/invenio-indexer/original/.venv/lib/python3.14/site-packages/sqlalchemy/sql/schema.py,line=3624::datetime.datetime.utcnow() is deprecated and scheduled for removal in a future version. Use timezone-aware objects to represent datetimes in UTC: datetime.datetime.now(datetime.UTC).
::warning file=/home/runner/work/test-zip-extract-repository/test-zip-extract-repository/workdir/tests/invenio-indexer/original/invenio_indexer/cli.py,line=118::Query.values() is deprecated and will be removed in a future release.  Please use Query.with_entities() (deprecated since: 1.4)
::warning file=/home/runner/work/test-zip-extract-repository/test-zip-extract-repository/workdir/tests/invenio-indexer/original/.venv/lib/python3.14/site-packages/invenio_records/models.py,line=44::datetime.datetime.utcnow() is deprecated and scheduled for removal in a future version. Use timezone-aware objects to represent datetimes in UTC: datetime.datetime.now(datetime.UTC).
::warning file=/home/runner/work/test-zip-extract-repository/test-zip-extract-repository/workdir/tests/invenio-indexer/original/.venv/lib/python3.14/site-packages/invenio_records/api.py,line=496::nested transaction already deassociated from connection
::warning file=/home/runner/work/test-zip-extract-repository/test-zip-extract-repository/workdir/tests/invenio-indexer/original/invenio_indexer/cli.py,line=118::Query.values() is deprecated and will be removed in a future release.  Please use Query.with_entities() (deprecated since: 1.4)
.                                                    [ 55%]
tests/test_invenio_indexer.py ...::warning file=/home/runner/work/test-zip-extract-repository/test-zip-extract-repository/workdir/tests/invenio-indexer/original/.venv/lib/python3.14/site-packages/sqlalchemy/sql/schema.py,line=3624::datetime.datetime.utcnow() is deprecated and scheduled for removal in a future version. Use timezone-aware objects to represent datetimes in UTC: datetime.datetime.now(datetime.UTC).
::warning file=/home/runner/work/test-zip-extract-repository/test-zip-extract-repository/workdir/tests/invenio-indexer/original/.venv/lib/python3.14/site-packages/sqlalchemy/sql/schema.py,line=3624::datetime.datetime.utcnow() is deprecated and scheduled for removal in a future version. Use timezone-aware objects to represent datetimes in UTC: datetime.datetime.now(datetime.UTC).
::warning file=/home/runner/work/test-zip-extract-repository/test-zip-extract-repository/workdir/tests/invenio-indexer/original/.venv/lib/python3.14/site-packages/invenio_records/api.py,line=335::nested transaction already deassociated from connection
.::warning file=/home/runner/work/test-zip-extract-repository/test-zip-extract-repository/workdir/tests/invenio-indexer/original/.venv/lib/python3.14/site-packages/sqlalchemy/sql/schema.py,line=3624::datetime.datetime.utcnow() is deprecated and scheduled for removal in a future version. Use timezone-aware objects to represent datetimes in UTC: datetime.datetime.now(datetime.UTC).
::warning file=/home/runner/work/test-zip-extract-repository/test-zip-extract-repository/workdir/tests/invenio-indexer/original/.venv/lib/python3.14/site-packages/sqlalchemy/sql/schema.py,line=3624::datetime.datetime.utcnow() is deprecated and scheduled for removal in a future version. Use timezone-aware objects to represent datetimes in UTC: datetime.datetime.now(datetime.UTC).
::warning file=/home/runner/work/test-zip-extract-repository/test-zip-extract-repository/workdir/tests/invenio-indexer/original/.venv/lib/python3.14/site-packages/invenio_records/api.py,line=335::nested transaction already deassociated from connection
::warning file=/home/runner/work/test-zip-extract-repository/test-zip-extract-repository/workdir/tests/invenio-indexer/original/.venv/lib/python3.14/site-packages/sqlalchemy/sql/schema.py,line=3624::datetime.datetime.utcnow() is deprecated and scheduled for removal in a future version. Use timezone-aware objects to represent datetimes in UTC: datetime.datetime.now(datetime.UTC).
::warning file=/home/runner/work/test-zip-extract-repository/test-zip-extract-repository/workdir/tests/invenio-indexer/original/.venv/lib/python3.14/site-packages/sqlalchemy/sql/schema.py,line=3624::datetime.datetime.utcnow() is deprecated and scheduled for removal in a future version. Use timezone-aware objects to represent datetimes in UTC: datetime.datetime.now(datetime.UTC).
::warning file=/home/runner/work/test-zip-extract-repository/test-zip-extract-repository/workdir/tests/invenio-indexer/original/.venv/lib/python3.14/site-packages/sqlalchemy/sql/schema.py,line=3624::datetime.datetime.utcnow() is deprecated and scheduled for removal in a future version. Use timezone-aware objects to represent datetimes in UTC: datetime.datetime.now(datetime.UTC).
::warning file=/home/runner/work/test-zip-extract-repository/test-zip-extract-repository/workdir/tests/invenio-indexer/original/.venv/lib/python3.14/site-packages/sqlalchemy/sql/schema.py,line=3624::datetime.datetime.utcnow() is deprecated and scheduled for removal in a future version. Use timezone-aware objects to represent datetimes in UTC: datetime.datetime.now(datetime.UTC).
::warning file=/home/runner/work/test-zip-extract-repository/test-zip-extract-repository/workdir/tests/invenio-indexer/original/.venv/lib/python3.14/site-packages/invenio_records/models.py,line=44::datetime.datetime.utcnow() is deprecated and scheduled for removal in a future version. Use timezone-aware objects to represent datetimes in UTC: datetime.datetime.now(datetime.UTC).
                                       [ 67%]
tests/test_registry.py .                                                 [ 70%]
tests/test_tasks.py ...                                                  [ 79%]
tests/test_utils.py ......                                               [ 97%]
invenio_indexer/__init__.py .::warning file=/home/runner/work/test-zip-extract-repository/test-zip-extract-repository/workdir/tests/invenio-indexer/original/.venv/lib/python3.14/site-packages/sqlalchemy/sql/schema.py,line=3624::datetime.datetime.utcnow() is deprecated and scheduled for removal in a future version. Use timezone-aware objects to represent datetimes in UTC: datetime.datetime.now(datetime.UTC).
::warning file=/home/runner/work/test-zip-extract-repository/test-zip-extract-repository/workdir/tests/invenio-indexer/original/.venv/lib/python3.14/site-packages/sqlalchemy/sql/schema.py,line=3624::datetime.datetime.utcnow() is deprecated and scheduled for removal in a future version. Use timezone-aware objects to represent datetimes in UTC: datetime.datetime.now(datetime.UTC).
::warning file=/home/runner/work/test-zip-extract-repository/test-zip-extract-repository/workdir/tests/invenio-indexer/original/.venv/lib/python3.14/site-packages/invenio_records/api.py,line=335::nested transaction already deassociated from connection
::warning file=/home/runner/work/test-zip-extract-repository/test-zip-extract-repository/workdir/tests/invenio-indexer/original/.venv/lib/python3.14/site-packages/sqlalchemy/sql/schema.py,line=3624::datetime.datetime.utcnow() is deprecated and scheduled for removal in a future version. Use timezone-aware objects to represent datetimes in UTC: datetime.datetime.now(datetime.UTC).
::warning file=/home/runner/work/test-zip-extract-repository/test-zip-extract-repository/workdir/tests/invenio-indexer/original/.venv/lib/python3.14/site-packages/sqlalchemy/sql/schema.py,line=3624::datetime.datetime.utcnow() is deprecated and scheduled for removal in a future version. Use timezone-aware objects to represent datetimes in UTC: datetime.datetime.now(datetime.UTC).
                                            [100%]

=============================== warnings summary ===============================
.venv/lib/python3.14/site-packages/invenio_records/resolver.py:14
.venv/lib/python3.14/site-packages/invenio_records/resolver.py:14
  /home/runner/work/test-zip-extract-repository/test-zip-extract-repository/workdir/tests/invenio-indexer/original/.venv/lib/python3.14/site-packages/invenio_records/resolver.py:14: DeprecationWarning: jsonschema.exceptions.RefResolutionError is deprecated as of version 4.18.0. If you wish to catch potential reference resolution errors, directly catch referencing.exceptions.Unresolvable.
    from jsonschema import RefResolutionError, RefResolver

.venv/lib/python3.14/site-packages/invenio_records/resolver.py:14
.venv/lib/python3.14/site-packages/invenio_records/resolver.py:14
  /home/runner/work/test-zip-extract-repository/test-zip-extract-repository/workdir/tests/invenio-indexer/original/.venv/lib/python3.14/site-packages/invenio_records/resolver.py:14: DeprecationWarning: jsonschema.RefResolver is deprecated as of v4.18.0, in favor of the https://github.com/python-jsonschema/referencing library, which provides more compliant referencing behavior as well as more flexible APIs for customization. A future release will remove RefResolver. Please file a feature request (on referencing) if you are missing an API for the kind of customization you need.
    from jsonschema import RefResolutionError, RefResolver

tests/test_api.py: 20 warnings
tests/test_cli.py: 8 warnings
tests/test_invenio_indexer.py: 8 warnings
invenio_indexer/__init__.py: 4 warnings
  /home/runner/work/test-zip-extract-repository/test-zip-extract-repository/workdir/tests/invenio-indexer/original/.venv/lib/python3.14/site-packages/sqlalchemy/sql/schema.py:3624: DeprecationWarning: datetime.datetime.utcnow() is deprecated and scheduled for removal in a future version. Use timezone-aware objects to represent datetimes in UTC: datetime.datetime.now(datetime.UTC).
    return util.wrap_callable(lambda ctx: fn(), fn)  # type: ignore

tests/test_api.py: 8 warnings
tests/test_cli.py: 1 warning
tests/test_invenio_indexer.py: 2 warnings
invenio_indexer/__init__.py: 1 warning
  /home/runner/work/test-zip-extract-repository/test-zip-extract-repository/workdir/tests/invenio-indexer/original/.venv/lib/python3.14/site-packages/invenio_records/api.py:335: SAWarning: nested transaction already deassociated from connection
    with db.session.begin_nested():

tests/test_api.py::test_delete_action
tests/test_cli.py::test_reindex
tests/test_invenio_indexer.py::test_index_prefixing
  /home/runner/work/test-zip-extract-repository/test-zip-extract-repository/workdir/tests/invenio-indexer/original/.venv/lib/python3.14/site-packages/invenio_records/models.py:44: DeprecationWarning: datetime.datetime.utcnow() is deprecated and scheduled for removal in a future version. Use timezone-aware objects to represent datetimes in UTC: datetime.datetime.now(datetime.UTC).
    target.updated = datetime.utcnow()

tests/test_api.py::test_delete_action
tests/test_cli.py::test_reindex
  /home/runner/work/test-zip-extract-repository/test-zip-extract-repository/workdir/tests/invenio-indexer/original/.venv/lib/python3.14/site-packages/invenio_records/api.py:496: SAWarning: nested transaction already deassociated from connection
    with db.session.begin_nested():

tests/test_cli.py::test_reindex
tests/test_cli.py::test_reindex
  /home/runner/work/test-zip-extract-repository/test-zip-extract-repository/workdir/tests/invenio-indexer/original/invenio_indexer/cli.py:118: SADeprecationWarning: Query.values() is deprecated and will be removed in a future release.  Please use Query.with_entities() (deprecated since: 1.4)
    .values(PersistentIdentifier.object_uuid)

-- Docs: https://docs.pytest.org/en/stable/how-to/capture-warnings.html
================================ tests coverage ================================
_______________ coverage: platform linux, python 3.14.2-final-0 ________________

Name                          Stmts   Miss  Cover   Missing
-----------------------------------------------------------
invenio_indexer/__init__.py       4      0   100%
invenio_indexer/api.py          179     22    88%   106, 116, 118-127, 159, 195-200, 238-247, 261-262, 398-399, 459
invenio_indexer/cli.py           82      3    96%   26, 35, 82
invenio_indexer/config.py        21      0   100%
invenio_indexer/ext.py           26      0   100%
invenio_indexer/proxies.py        7      0   100%
invenio_indexer/registry.py      16      0   100%
invenio_indexer/signals.py       16      0   100%
invenio_indexer/tasks.py         21      3    86%   29, 44, 59
invenio_indexer/utils.py         26      0   100%
-----------------------------------------------------------
TOTAL                           398     28    93%
======================= 34 passed, 63 warnings in 3.75s ========================
/home/runner/work/test-zip-extract-repository/test-zip-extract-repository/workdir/tests/invenio-indexer/original/.venv/lib/python3.14/site-packages/_pytest/unraisableexception.py:33: ResourceWarning: unclosed database in <sqlite3.Connection object at 0x7f613c4218a0>
  gc.collect()
ResourceWarning: Enable tracemalloc to get the object allocation traceback
/home/runner/work/test-zip-extract-repository/test-zip-extract-repository/workdir/tests/invenio-indexer/original/.venv/lib/python3.14/site-packages/_pytest/unraisableexception.py:33: ResourceWarning: unclosed database in <sqlite3.Connection object at 0x7f613c4626b0>
  gc.collect()
ResourceWarning: Enable tracemalloc to get the object allocation traceback
/home/runner/work/test-zip-extract-repository/test-zip-extract-repository/workdir/tests/invenio-indexer/original/.venv/lib/python3.14/site-packages/_pytest/unraisableexception.py:33: ResourceWarning: unclosed database in <sqlite3.Connection object at 0x7f613c35da80>
  gc.collect()
ResourceWarning: Enable tracemalloc to get the object allocation traceback
/home/runner/work/test-zip-extract-repository/test-zip-extract-repository/workdir/tests/invenio-indexer/original/.venv/lib/python3.14/site-packages/_pytest/unraisableexception.py:33: ResourceWarning: unclosed database in <sqlite3.Connection object at 0x7f613c35c400>
  gc.collect()
ResourceWarning: Enable tracemalloc to get the object allocation traceback
/home/runner/work/test-zip-extract-repository/test-zip-extract-repository/workdir/tests/invenio-indexer/original/.venv/lib/python3.14/site-packages/_pytest/unraisableexception.py:33: ResourceWarning: unclosed database in <sqlite3.Connection object at 0x7f613c420d60>
  gc.collect()
ResourceWarning: Enable tracemalloc to get the object allocation traceback
/home/runner/work/test-zip-extract-repository/test-zip-extract-repository/workdir/tests/invenio-indexer/original/.venv/lib/python3.14/site-packages/_pytest/unraisableexception.py:33: ResourceWarning: unclosed database in <sqlite3.Connection object at 0x7f613c6bde40>
  gc.collect()
ResourceWarning: Enable tracemalloc to get the object allocation traceback
/home/runner/work/test-zip-extract-repository/test-zip-extract-repository/workdir/tests/invenio-indexer/original/.venv/lib/python3.14/site-packages/_pytest/unraisableexception.py:33: ResourceWarning: unclosed database in <sqlite3.Connection object at 0x7f613c3ae4d0>
  gc.collect()
ResourceWarning: Enable tracemalloc to get the object allocation traceback
/home/runner/work/test-zip-extract-repository/test-zip-extract-repository/workdir/tests/invenio-indexer/original/.venv/lib/python3.14/site-packages/_pytest/unraisableexception.py:33: ResourceWarning: unclosed database in <sqlite3.Connection object at 0x7f613c3afd30>
  gc.collect()
ResourceWarning: Enable tracemalloc to get the object allocation traceback
/home/runner/work/test-zip-extract-repository/test-zip-extract-repository/workdir/tests/invenio-indexer/original/.venv/lib/python3.14/site-packages/_pytest/unraisableexception.py:33: ResourceWarning: unclosed database in <sqlite3.Connection object at 0x7f613c5e4d60>
  gc.collect()
ResourceWarning: Enable tracemalloc to get the object allocation traceback
/home/runner/work/test-zip-extract-repository/test-zip-extract-repository/workdir/tests/invenio-indexer/original/.venv/lib/python3.14/site-packages/_pytest/unraisableexception.py:33: ResourceWarning: unclosed database in <sqlite3.Connection object at 0x7f613c461210>
  gc.collect()
ResourceWarning: Enable tracemalloc to get the object allocation traceback
/home/runner/work/test-zip-extract-repository/test-zip-extract-repository/workdir/tests/invenio-indexer/original/.venv/lib/python3.14/site-packages/_pytest/unraisableexception.py:33: ResourceWarning: unclosed database in <sqlite3.Connection object at 0x7f613c3acd60>
  gc.collect()
ResourceWarning: Enable tracemalloc to get the object allocation traceback
/home/runner/work/test-zip-extract-repository/test-zip-extract-repository/workdir/tests/invenio-indexer/original/.venv/lib/python3.14/site-packages/_pytest/unraisableexception.py:33: ResourceWarning: unclosed database in <sqlite3.Connection object at 0x7f613c272b60>
  gc.collect()
ResourceWarning: Enable tracemalloc to get the object allocation traceback
/home/runner/work/test-zip-extract-repository/test-zip-extract-repository/workdir/tests/invenio-indexer/original/.venv/lib/python3.14/site-packages/_pytest/unraisableexception.py:33: ResourceWarning: unclosed database in <sqlite3.Connection object at 0x7f613c463880>
  gc.collect()
ResourceWarning: Enable tracemalloc to get the object allocation traceback
/home/runner/work/test-zip-extract-repository/test-zip-extract-repository/workdir/tests/invenio-indexer/original/.venv/lib/python3.14/site-packages/_pytest/unraisableexception.py:33: ResourceWarning: unclosed database in <sqlite3.Connection object at 0x7f613c6dc220>
  gc.collect()
ResourceWarning: Enable tracemalloc to get the object allocation traceback
/home/runner/work/test-zip-extract-repository/test-zip-extract-repository/workdir/tests/invenio-indexer/original/.venv/lib/python3.14/site-packages/_pytest/unraisableexception.py:33: ResourceWarning: unclosed database in <sqlite3.Connection object at 0x7f613c3ac4f0>
  gc.collect()
ResourceWarning: Enable tracemalloc to get the object allocation traceback
/home/runner/work/test-zip-extract-repository/test-zip-extract-repository/workdir/tests/invenio-indexer/original/.venv/lib/python3.14/site-packages/_pytest/unraisableexception.py:33: ResourceWarning: unclosed database in <sqlite3.Connection object at 0x7f613c185f30>
  gc.collect()
ResourceWarning: Enable tracemalloc to get the object allocation traceback
/home/runner/work/test-zip-extract-repository/test-zip-extract-repository/workdir/tests/invenio-indexer/original/.venv/lib/python3.14/site-packages/_pytest/unraisableexception.py:33: ResourceWarning: unclosed database in <sqlite3.Connection object at 0x7f613c1aaf20>
  gc.collect()
ResourceWarning: Enable tracemalloc to get the object allocation traceback
/home/runner/work/test-zip-extract-repository/test-zip-extract-repository/workdir/tests/invenio-indexer/original/.venv/lib/python3.14/site-packages/_pytest/unraisableexception.py:33: ResourceWarning: unclosed database in <sqlite3.Connection object at 0x7f613c02a4d0>
  gc.collect()
ResourceWarning: Enable tracemalloc to get the object allocation traceback
/home/runner/work/test-zip-extract-repository/test-zip-extract-repository/workdir/tests/invenio-indexer/original/.venv/lib/python3.14/site-packages/_pytest/unraisableexception.py:33: ResourceWarning: unclosed database in <sqlite3.Connection object at 0x7f613c02bd30>
  gc.collect()
ResourceWarning: Enable tracemalloc to get the object allocation traceback
/home/runner/work/test-zip-extract-repository/test-zip-extract-repository/workdir/tests/invenio-indexer/original/.venv/lib/python3.14/site-packages/_pytest/unraisableexception.py:33: ResourceWarning: unclosed database in <sqlite3.Connection object at 0x7f613c0b5d50>
  gc.collect()
ResourceWarning: Enable tracemalloc to get the object allocation traceback
/home/runner/work/test-zip-extract-repository/test-zip-extract-repository/workdir/tests/invenio-indexer/original/.venv/lib/python3.14/site-packages/_pytest/unraisableexception.py:33: ResourceWarning: unclosed database in <sqlite3.Connection object at 0x7f613c0b7880>
  gc.collect()
ResourceWarning: Enable tracemalloc to get the object allocation traceback
/home/runner/work/test-zip-extract-repository/test-zip-extract-repository/workdir/tests/invenio-indexer/original/.venv/lib/python3.14/site-packages/_pytest/unraisableexception.py:33: ResourceWarning: unclosed database in <sqlite3.Connection object at 0x7f613bf014e0>
  gc.collect()
ResourceWarning: Enable tracemalloc to get the object allocation traceback
/home/runner/work/test-zip-extract-repository/test-zip-extract-repository/workdir/tests/invenio-indexer/original/.venv/lib/python3.14/site-packages/_pytest/unraisableexception.py:33: ResourceWarning: unclosed database in <sqlite3.Connection object at 0x7f613bf03100>
  gc.collect()
ResourceWarning: Enable tracemalloc to get the object allocation traceback
/home/runner/work/test-zip-extract-repository/test-zip-extract-repository/workdir/tests/invenio-indexer/original/.venv/lib/python3.14/site-packages/_pytest/unraisableexception.py:33: ResourceWarning: unclosed database in <sqlite3.Connection object at 0x7f613bf40d60>
  gc.collect()
ResourceWarning: Enable tracemalloc to get the object allocation traceback
/home/runner/work/test-zip-extract-repository/test-zip-extract-repository/workdir/tests/invenio-indexer/original/.venv/lib/python3.14/site-packages/_pytest/unraisableexception.py:33: ResourceWarning: unclosed database in <sqlite3.Connection object at 0x7f613bf42980>
  gc.collect()
ResourceWarning: Enable tracemalloc to get the object allocation traceback
/home/runner/work/test-zip-extract-repository/test-zip-extract-repository/workdir/tests/invenio-indexer/original/.venv/lib/python3.14/site-packages/_pytest/unraisableexception.py:33: ResourceWarning: unclosed database in <sqlite3.Connection object at 0x7f613bf78310>
  gc.collect()
ResourceWarning: Enable tracemalloc to get the object allocation traceback
/home/runner/work/test-zip-extract-repository/test-zip-extract-repository/workdir/tests/invenio-indexer/original/.venv/lib/python3.14/site-packages/_pytest/unraisableexception.py:33: ResourceWarning: unclosed database in <sqlite3.Connection object at 0x7f613bf7a200>
  gc.collect()
ResourceWarning: Enable tracemalloc to get the object allocation traceback
/home/runner/work/test-zip-extract-repository/test-zip-extract-repository/workdir/tests/invenio-indexer/original/.venv/lib/python3.14/site-packages/_pytest/unraisableexception.py:33: ResourceWarning: unclosed database in <sqlite3.Connection object at 0x7f613bf7be20>
  gc.collect()
ResourceWarning: Enable tracemalloc to get the object allocation traceback
 Container docker_services_cli-redis-1  Stopping
 Container docker_services_cli-opensearch-1  Stopping
 Container docker_services_cli-rabbitmq-1  Stopping
 Container docker_services_cli-redis-1  Stopped
 Container docker_services_cli-redis-1  Removing
 Container docker_services_cli-redis-1  Removed
 Container docker_services_cli-opensearch-1  Stopped
 Container docker_services_cli-opensearch-1  Removing
 Container docker_services_cli-opensearch-1  Removed
 Container docker_services_cli-rabbitmq-1  Stopped
 Container docker_services_cli-rabbitmq-1  Removing
 Container docker_services_cli-rabbitmq-1  Removed
 Network docker_services_cli_default  Removing
 Network docker_services_cli_default  Removed
