 rabbitmq Pulling 
 redis Pulling 
 postgresql Pulling 
 opensearch Pulling 
 eb77aa907276 Pulling fs layer 
 e8c6d4883897 Pulling fs layer 
 2e81b9cb93cd Pulling fs layer 
 f9dd052e142d Pulling fs layer 
 4f4fb700ef54 Pulling fs layer 
 0ffa8f8aba1e Pulling fs layer 
 648eb81b3252 Pulling fs layer 
 4831516dd0cb Pulling fs layer 
 c5761dea9b0e Pulling fs layer 
 bbf018d6d4b8 Pulling fs layer 
 22dca8215bc4 Pulling fs layer 
 4f4fb700ef54 Pulling fs layer 
 7b28be0c8c4d Pulling fs layer 
 edcaff0d5e7e Pulling fs layer 
 47a60771af96 Pulling fs layer 
 4f4fb700ef54 Already exists 
 4f4fb700ef54 Already exists 
 d686b50ce172 Pulling fs layer 
 efa05c660812 Pulling fs layer 
 5e1c03b67a78 Pulling fs layer 
 14e6209d5fa8 Pulling fs layer 
 d63c4408fdb7 Pulling fs layer 
 20043066d3d5 Pulling fs layer 
 3fadc669ef11 Pulling fs layer 
 7084ac8f4ab6 Pulling fs layer 
 f4e7f62f4b80 Pulling fs layer 
 beb0d870d438 Pulling fs layer 
 dda3d8fbd5ed Pulling fs layer 
 91d2729fa4d5 Pulling fs layer 
 e0d55fdb4d15 Pulling fs layer 
 c199bff16b05 Pulling fs layer 
 050d9f8c3b1c Pulling fs layer 
 9739ced65621 Pulling fs layer 
 710e142705f8 Pulling fs layer 
 873532e5f8c7 Pulling fs layer 
 ae3bb1b347a4 Pulling fs layer 
 283a477db7bb Pulling fs layer 
 f8406d9c00ea Pulling fs layer 
 b0a0cf830b12 Pulling fs layer 
 cb628c265f09 Pulling fs layer 
 c1cb13b19080 Pulling fs layer 
 e8c6d4883897 Download complete 
 eb77aa907276 Downloading [>                                                  ]  8.389MB/907.7MB
 4831516dd0cb Downloading [=================================>                 ]  18.87MB/28.23MB
 c5761dea9b0e Download complete 
 efa05c660812 Download complete 
 beb0d870d438 Download complete 
 14e6209d5fa8 Download complete 
 050d9f8c3b1c Download complete 
 873532e5f8c7 Download complete 
 dda3d8fbd5ed Download complete 
 20043066d3d5 Downloading [===>                                               ]  2.097MB/29.72MB
 eb77aa907276 Downloading [>                                                  ]  14.68MB/907.7MB
 f9dd052e142d Downloading [====>                                              ]  4.194MB/52.33MB
 4831516dd0cb Downloading [==========================================>        ]  24.12MB/28.23MB
 cb628c265f09 Download complete 
 e0d55fdb4d15 Downloading [>                                                  ]  1.049MB/109MB
 648eb81b3252 Download complete 
 f4e7f62f4b80 Download complete 
 bbf018d6d4b8 Download complete 
 22dca8215bc4 Downloading [=================>                                 ]  5.243MB/15.35MB
 91d2729fa4d5 Download complete 
 0ffa8f8aba1e Download complete 
 5e1c03b67a78 Download complete 
 d63c4408fdb7 Downloading [====>                                              ]  2.097MB/21.31MB
 7b28be0c8c4d Download complete 
 c199bff16b05 Download complete 
 710e142705f8 Download complete 
 edcaff0d5e7e Download complete 
 2e81b9cb93cd Download complete 
 47a60771af96 Download complete 
 c1cb13b19080 Download complete 
 f8406d9c00ea Download complete 
 22dca8215bc4 Downloading [==============================>                    ]  9.437MB/15.35MB
 4831516dd0cb Downloading [==================================================>]  28.23MB/28.23MB
 20043066d3d5 Downloading [==========>                                        ]  6.291MB/29.72MB
 3fadc669ef11 Downloading [====>                                              ]  4.194MB/43.48MB
 d63c4408fdb7 Downloading [==============>                                    ]  6.291MB/21.31MB
 7084ac8f4ab6 Downloading [============================>                      ]  4.194MB/7.468MB
 d686b50ce172 Downloading [================>                                  ]  4.194MB/12.47MB
 eb77aa907276 Downloading [=>                                                 ]  18.87MB/907.7MB
 f9dd052e142d Downloading [========>                                          ]  8.389MB/52.33MB
 283a477db7bb Downloading [==================================================>]  4.533MB/4.533MB
 b0a0cf830b12 Downloading [=======>                                           ]  4.194MB/29.15MB
 e0d55fdb4d15 Downloading [==>                                                ]  5.243MB/109MB
 9739ced65621 Downloading [=========================>                         ]  4.194MB/8.069MB
 ae3bb1b347a4 Download complete 
 20043066d3d5 Downloading [===============>                                   ]  9.437MB/29.72MB
 3fadc669ef11 Downloading [========>                                          ]   7.34MB/43.48MB
 16ef6b12768c Downloading [================>                                  ]  1.049MB/3.088MB
 d63c4408fdb7 Downloading [======================>                            ]  9.437MB/21.31MB
 7084ac8f4ab6 Downloading [==================================================>]  7.468MB/7.468MB
 d686b50ce172 Downloading [=============================>                     ]   7.34MB/12.47MB
 7ec4c696b8bb Downloading [==================================================>]  11.09kB/11.09kB
 e0d55fdb4d15 Downloading [===>                                               ]  8.389MB/109MB
 9739ced65621 Downloading [===============================================>   ]  7.709MB/8.069MB
 5682dec5b749 Downloading [=========>                                         ]  1.049MB/5.719MB
 eb77aa907276 Downloading [=>                                                 ]  23.07MB/907.7MB
 f9dd052e142d Downloading [============>                                      ]  12.58MB/52.33MB
 22dca8215bc4 Downloading [========================================>          ]  12.58MB/15.35MB
 283a477db7bb Download complete 
 b0a0cf830b12 Downloading [==============>                                    ]  8.389MB/29.15MB
 4831516dd0cb Download complete 
 e7da101a9486 Download complete 
 c4cc93acbec6 Downloading [============================================>      ]  2.097MB/2.377MB
 4831516dd0cb Extracting 1 s
 5682dec5b749 Downloading [=============================================>     ]  5.243MB/5.719MB
 b0a0cf830b12 Downloading [===================>                               ]  11.53MB/29.15MB
 f9dd052e142d Downloading [================>                                  ]  16.78MB/52.33MB
 eb77aa907276 Downloading [=>                                                 ]  27.26MB/907.7MB
 56b5e4f0933d Download complete 
 e0d55fdb4d15 Downloading [=====>                                             ]  12.58MB/109MB
 c4cc93acbec6 Download complete 
 22dca8215bc4 Download complete 
 9739ced65621 Download complete 
 d686b50ce172 Download complete 
 7ec4c696b8bb Download complete 
 20043066d3d5 Downloading [======================>                            ]  13.63MB/29.72MB
 3fadc669ef11 Downloading [=============>                                     ]  11.73MB/43.48MB
 16ef6b12768c Download complete 
 d63c4408fdb7 Downloading [==================================>                ]  14.68MB/21.31MB
 7084ac8f4ab6 Download complete 
 4831516dd0cb Extracting 1 s
 f9dd052e142d Downloading [======================>                            ]  23.07MB/52.33MB
 eb77aa907276 Downloading [=>                                                 ]   34.6MB/907.7MB
 3fadc669ef11 Downloading [======================>                            ]  19.92MB/43.48MB
 d63c4408fdb7 Downloading [==================================================>]  21.31MB/21.31MB
 20043066d3d5 Downloading [===================================>               ]  20.97MB/29.72MB
 5682dec5b749 Download complete 
 b0a0cf830b12 Downloading [==============================>                    ]  17.83MB/29.15MB
 e0d55fdb4d15 Downloading [=======>                                           ]  15.73MB/109MB
 4831516dd0cb Extracting 1 s
 20043066d3d5 Downloading [=================================================> ]  29.36MB/29.72MB
 3fadc669ef11 Downloading [================================>                  ]  28.31MB/43.48MB
 eb77aa907276 Downloading [==>                                                ]  41.94MB/907.7MB
 f9dd052e142d Downloading [==============================>                    ]  31.46MB/52.33MB
 e0d55fdb4d15 Downloading [===========>                                       ]  25.17MB/109MB
 b0a0cf830b12 Downloading [==============================================>    ]  27.26MB/29.15MB
 d63c4408fdb7 Download complete 
 4831516dd0cb Extracting 1 s
 e0d55fdb4d15 Downloading [==============>                                    ]  32.51MB/109MB
 b0a0cf830b12 Download complete 
 eb77aa907276 Downloading [==>                                                ]  50.33MB/907.7MB
 f9dd052e142d Downloading [=====================================>             ]   38.8MB/52.33MB
 20043066d3d5 Download complete 
 3fadc669ef11 Downloading [=======================================>           ]   34.6MB/43.48MB
 4831516dd0cb Extracting 1 s
 20043066d3d5 Extracting 1 s
 b0a0cf830b12 Extracting 1 s
 eb77aa907276 Downloading [===>                                               ]  57.67MB/907.7MB
 f9dd052e142d Downloading [=============================================>     ]  47.19MB/52.33MB
 e0d55fdb4d15 Downloading [===================>                               ]  41.94MB/109MB
 3fadc669ef11 Downloading [==================================================>]  43.48MB/43.48MB
 4831516dd0cb Extracting 1 s
 20043066d3d5 Extracting 1 s
 b0a0cf830b12 Extracting 1 s
 e0d55fdb4d15 Downloading [========================>                          ]  52.43MB/109MB
 eb77aa907276 Downloading [===>                                               ]  69.21MB/907.7MB
 f9dd052e142d Download complete 
 3fadc669ef11 Download complete 
 f9dd052e142d Extracting 1 s
 4831516dd0cb Extracting 1 s
 20043066d3d5 Extracting 1 s
 b0a0cf830b12 Extracting 1 s
 eb77aa907276 Downloading [====>                                              ]  78.64MB/907.7MB
 e0d55fdb4d15 Downloading [=============================>                     ]  65.01MB/109MB
 4831516dd0cb Extracting 1 s
 f9dd052e142d Extracting 1 s
 20043066d3d5 Extracting 1 s
 b0a0cf830b12 Extracting 1 s
 e0d55fdb4d15 Downloading [===================================>               ]  77.59MB/109MB
 eb77aa907276 Downloading [====>                                              ]  90.18MB/907.7MB
 4831516dd0cb Extracting 1 s
 f9dd052e142d Extracting 1 s
 20043066d3d5 Extracting 1 s
 b0a0cf830b12 Extracting 1 s
 eb77aa907276 Downloading [=====>                                             ]  104.7MB/907.7MB
 e0d55fdb4d15 Downloading [========================================>          ]  88.08MB/109MB
 4831516dd0cb Extracting 1 s
 f9dd052e142d Extracting 1 s
 20043066d3d5 Extracting 1 s
 b0a0cf830b12 Extracting 1 s
 e0d55fdb4d15 Downloading [==============================================>    ]  100.7MB/109MB
 eb77aa907276 Downloading [======>                                            ]  115.3MB/907.7MB
 f9dd052e142d Extracting 1 s
 4831516dd0cb Extracting 1 s
 20043066d3d5 Extracting 1 s
 b0a0cf830b12 Extracting 1 s
 e0d55fdb4d15 Downloading [==================================================>]    109MB/109MB
 eb77aa907276 Downloading [=======>                                           ]    130MB/907.7MB
 f9dd052e142d Extracting 1 s
 4831516dd0cb Extracting 2 s
 20043066d3d5 Extracting 1 s
 b0a0cf830b12 Extracting 1 s
 eb77aa907276 Downloading [========>                                          ]  145.8MB/907.7MB
 e0d55fdb4d15 Download complete 
 f9dd052e142d Extracting 1 s
 4831516dd0cb Extracting 2 s
 20043066d3d5 Extracting 1 s
 b0a0cf830b12 Extracting 1 s
 eb77aa907276 Downloading [========>                                          ]  162.5MB/907.7MB
 f9dd052e142d Extracting 1 s
 4831516dd0cb Extracting 2 s
 20043066d3d5 Extracting 1 s
 b0a0cf830b12 Extracting 1 s
 eb77aa907276 Downloading [=========>                                         ]  177.2MB/907.7MB
 f9dd052e142d Extracting 1 s
 4831516dd0cb Extracting 2 s
 20043066d3d5 Extracting 1 s
 b0a0cf830b12 Extracting 1 s
 eb77aa907276 Downloading [==========>                                        ]  194.5MB/907.7MB
 f9dd052e142d Extracting 1 s
 4831516dd0cb Extracting 2 s
 20043066d3d5 Extracting 2 s
 b0a0cf830b12 Extracting 2 s
 eb77aa907276 Downloading [===========>                                       ]  211.8MB/907.7MB
 f9dd052e142d Extracting 1 s
 4831516dd0cb Extracting 2 s
 20043066d3d5 Extracting 2 s
 b0a0cf830b12 Extracting 2 s
 eb77aa907276 Downloading [============>                                      ]  225.4MB/907.7MB
 f9dd052e142d Extracting 2 s
 4831516dd0cb Extracting 2 s
 20043066d3d5 Extracting 2 s
 b0a0cf830b12 Extracting 2 s
 eb77aa907276 Downloading [=============>                                     ]    237MB/907.7MB
 4831516dd0cb Extracting 2 s
 f9dd052e142d Extracting 2 s
 20043066d3d5 Extracting 2 s
 b0a0cf830b12 Extracting 2 s
 eb77aa907276 Downloading [=============>                                     ]  247.5MB/907.7MB
 f9dd052e142d Extracting 2 s
 4831516dd0cb Extracting 2 s
 20043066d3d5 Extracting 2 s
 b0a0cf830b12 Extracting 2 s
 eb77aa907276 Downloading [==============>                                    ]    260MB/907.7MB
 f9dd052e142d Extracting 2 s
 4831516dd0cb Extracting 2 s
 20043066d3d5 Extracting 2 s
 b0a0cf830b12 Extracting 2 s
 eb77aa907276 Downloading [===============>                                   ]    280MB/907.7MB
 f9dd052e142d Extracting 2 s
 4831516dd0cb Extracting 3 s
 20043066d3d5 Extracting 2 s
 b0a0cf830b12 Extracting 2 s
 eb77aa907276 Downloading [================>                                  ]  295.8MB/907.7MB
 f9dd052e142d Extracting 2 s
 4831516dd0cb Extracting 3 s
 20043066d3d5 Extracting 2 s
 b0a0cf830b12 Extracting 2 s
 eb77aa907276 Downloading [=================>                                 ]  322.1MB/907.7MB
 f9dd052e142d Extracting 2 s
 4831516dd0cb Extracting 3 s
 20043066d3d5 Extracting 2 s
 b0a0cf830b12 Extracting 2 s
 eb77aa907276 Downloading [==================>                                ]  341.8MB/907.7MB
 f9dd052e142d Extracting 2 s
 4831516dd0cb Extracting 3 s
 20043066d3d5 Extracting 2 s
 b0a0cf830b12 Extracting 2 s
 eb77aa907276 Downloading [===================>                               ]  362.1MB/907.7MB
 4831516dd0cb Extracting 3 s
 f9dd052e142d Extracting 2 s
 20043066d3d5 Extracting 3 s
 b0a0cf830b12 Extracting 3 s
 eb77aa907276 Downloading [=====================>                             ]  385.9MB/907.7MB
 f9dd052e142d Extracting 2 s
 4831516dd0cb Extracting 3 s
 20043066d3d5 Extracting 3 s
 b0a0cf830b12 Extracting 3 s
 eb77aa907276 Downloading [======================>                            ]    410MB/907.7MB
 f9dd052e142d Extracting 3 s
 4831516dd0cb Extracting 3 s
 20043066d3d5 Extracting 3 s
 b0a0cf830b12 Extracting 3 s
 eb77aa907276 Downloading [=======================>                           ]    431MB/907.7MB
 f9dd052e142d Extracting 3 s
 20043066d3d5 Extracting 3 s
 4831516dd0cb Extracting 3 s
 b0a0cf830b12 Extracting 3 s
 eb77aa907276 Downloading [========================>                          ]  442.5MB/907.7MB
 7b28be0c8c4d Extracting 1 s
 47a60771af96 Pull complete 
 f9dd052e142d Extracting 3 s
 4831516dd0cb Pull complete 
 20043066d3d5 Extracting 3 s
 b0a0cf830b12 Extracting 3 s
 eb77aa907276 Downloading [=========================>                         ]  455.1MB/907.7MB
 7b28be0c8c4d Pull complete 
 edcaff0d5e7e Extracting 1 s
 f9dd052e142d Extracting 3 s
 20043066d3d5 Extracting 3 s
 b0a0cf830b12 Extracting 3 s
 eb77aa907276 Downloading [=========================>                         ]  471.9MB/907.7MB
 edcaff0d5e7e Pull complete 
 22dca8215bc4 Extracting 1 s
 f9dd052e142d Extracting 3 s
 20043066d3d5 Extracting 3 s
 b0a0cf830b12 Extracting 3 s
 eb77aa907276 Downloading [==========================>                        ]  486.5MB/907.7MB
 22dca8215bc4 Extracting 1 s
 f9dd052e142d Extracting 3 s
 20043066d3d5 Extracting 3 s
 b0a0cf830b12 Extracting 3 s
 eb77aa907276 Downloading [===========================>                       ]  501.2MB/907.7MB
 22dca8215bc4 Extracting 1 s
 f9dd052e142d Extracting 3 s
 20043066d3d5 Extracting 3 s
 b0a0cf830b12 Pull complete 
 eb77aa907276 Downloading [============================>                      ]  516.2MB/907.7MB
 dda3d8fbd5ed Pull complete 
 22dca8215bc4 Extracting 1 s
 f9dd052e142d Extracting 3 s
 283a477db7bb Extracting 1 s
 20043066d3d5 Pull complete 
 3fadc669ef11 Extracting 1 s
 eb77aa907276 Downloading [=============================>                     ]  531.6MB/907.7MB
 22dca8215bc4 Extracting 1 s
 f9dd052e142d Extracting 3 s
 3fadc669ef11 Extracting 1 s
 283a477db7bb Extracting 1 s
 eb77aa907276 Downloading [==============================>                    ]  547.4MB/907.7MB
 22dca8215bc4 Extracting 1 s
 91d2729fa4d5 Extracting 1 s
 f9dd052e142d Extracting 3 s
 3fadc669ef11 Extracting 1 s
 283a477db7bb Pull complete 
 eb77aa907276 Downloading [==============================>                    ]    561MB/907.7MB
 bbf018d6d4b8 Pull complete 
 22dca8215bc4 Pull complete 
 91d2729fa4d5 Pull complete 
 f9dd052e142d Extracting 4 s
 3fadc669ef11 Extracting 1 s
 9739ced65621 Extracting 1 s
 eb77aa907276 Downloading [===============================>                   ]  574.6MB/907.7MB
 4f4fb700ef54 Pull complete 
 c5761dea9b0e Pull complete 
 f9dd052e142d Extracting 4 s
 9739ced65621 Extracting 1 s
 3fadc669ef11 Extracting 1 s
 redis Pulled 
 eb77aa907276 Downloading [================================>                  ]  592.4MB/907.7MB
 f9dd052e142d Extracting 4 s
 3fadc669ef11 Extracting 1 s
 9739ced65621 Extracting 1 s
 eb77aa907276 Downloading [=================================>                 ]  607.1MB/907.7MB
 f9dd052e142d Extracting 4 s
 3fadc669ef11 Extracting 1 s
 9739ced65621 Extracting 1 s
 eb77aa907276 Downloading [==================================>                ]  622.9MB/907.7MB
 f9dd052e142d Extracting 4 s
 3fadc669ef11 Extracting 1 s
 9739ced65621 Extracting 1 s
 eb77aa907276 Downloading [===================================>               ]  639.6MB/907.7MB
 f9dd052e142d Extracting 4 s
 9739ced65621 Extracting 1 s
 3fadc669ef11 Extracting 1 s
 eb77aa907276 Downloading [====================================>              ]  656.4MB/907.7MB
 f9dd052e142d Extracting 4 s
 ae3bb1b347a4 Extracting 1 s
 3fadc669ef11 Extracting 1 s
 9739ced65621 Pull complete 
 eb77aa907276 Downloading [====================================>              ]    670MB/907.7MB
 f9dd052e142d Extracting 4 s
 ae3bb1b347a4 Extracting 1 s
 3fadc669ef11 Extracting 1 s
 eb77aa907276 Downloading [=====================================>             ]  686.8MB/907.7MB
 c199bff16b05 Pull complete 
 f9dd052e142d Extracting 4 s
 f8406d9c00ea Pull complete 
 ae3bb1b347a4 Pull complete 
 3fadc669ef11 Extracting 2 s
 e0d55fdb4d15 Extracting 1 s
 eb77aa907276 Downloading [======================================>            ]  705.7MB/907.7MB
 e0d55fdb4d15 Extracting 1 s
 f9dd052e142d Extracting 4 s
 3fadc669ef11 Extracting 2 s
 eb77aa907276 Downloading [=======================================>           ]  724.6MB/907.7MB
 f9dd052e142d Extracting 5 s
 e0d55fdb4d15 Extracting 1 s
 3fadc669ef11 Pull complete 
 eb77aa907276 Downloading [========================================>          ]  742.4MB/907.7MB
 e0d55fdb4d15 Extracting 1 s
 f9dd052e142d Extracting 5 s
 7084ac8f4ab6 Extracting 1 s
 eb77aa907276 Downloading [=========================================>         ]  760.2MB/907.7MB
 e0d55fdb4d15 Extracting 1 s
 7084ac8f4ab6 Extracting 1 s
 f9dd052e142d Extracting 5 s
 eb77aa907276 Downloading [==========================================>        ]    778MB/907.7MB
 e0d55fdb4d15 Extracting 1 s
 7084ac8f4ab6 Pull complete 
 f9dd052e142d Extracting 5 s
 eb77aa907276 Downloading [===========================================>       ]  796.4MB/907.7MB
 beb0d870d438 Pull complete 
 d63c4408fdb7 Extracting 1 s
 e0d55fdb4d15 Extracting 1 s
 f9dd052e142d Extracting 5 s
 eb77aa907276 Downloading [============================================>      ]  814.7MB/907.7MB
 d63c4408fdb7 Extracting 1 s
 f9dd052e142d Extracting 5 s
 e0d55fdb4d15 Extracting 1 s
 eb77aa907276 Downloading [=============================================>     ]  831.5MB/907.7MB
 d63c4408fdb7 Extracting 1 s
 f9dd052e142d Extracting 5 s
 e0d55fdb4d15 Extracting 1 s
 eb77aa907276 Downloading [==============================================>    ]  850.4MB/907.7MB
 e8c6d4883897 Extracting 1 s
 f9dd052e142d Pull complete 
 e0d55fdb4d15 Extracting 1 s
 d63c4408fdb7 Extracting 1 s
 eb77aa907276 Downloading [===============================================>   ]  869.3MB/907.7MB
 e8c6d4883897 Extracting 1 s
 e0d55fdb4d15 Extracting 1 s
 d63c4408fdb7 Extracting 1 s
 eb77aa907276 Downloading [================================================>  ]  888.4MB/907.7MB
 e8c6d4883897 Extracting 1 s
 d63c4408fdb7 Extracting 1 s
 e0d55fdb4d15 Extracting 2 s
 eb77aa907276 Downloading [==================================================>]  907.7MB/907.7MB
 e8c6d4883897 Pull complete 
 648eb81b3252 Pull complete 
 e0d55fdb4d15 Extracting 2 s
 d63c4408fdb7 Extracting 1 s
 eb77aa907276 Downloading [==================================================>]  907.7MB/907.7MB
 e0d55fdb4d15 Extracting 2 s
 d63c4408fdb7 Extracting 1 s
 eb77aa907276 Downloading [==================================================>]  907.7MB/907.7MB
 d63c4408fdb7 Extracting 1 s
 e0d55fdb4d15 Extracting 2 s
 eb77aa907276 Downloading [==================================================>]  907.7MB/907.7MB
 d63c4408fdb7 Extracting 1 s
 e0d55fdb4d15 Extracting 2 s
 eb77aa907276 Downloading [==================================================>]  907.7MB/907.7MB
 d63c4408fdb7 Extracting 1 s
 e0d55fdb4d15 Extracting 2 s
 eb77aa907276 Downloading [==================================================>]  907.7MB/907.7MB
 d63c4408fdb7 Extracting 2 s
 e0d55fdb4d15 Extracting 2 s
 eb77aa907276 Downloading [==================================================>]  907.7MB/907.7MB
 d63c4408fdb7 Extracting 2 s
 e0d55fdb4d15 Extracting 2 s
 eb77aa907276 Downloading [==================================================>]  907.7MB/907.7MB
 d63c4408fdb7 Extracting 2 s
 e0d55fdb4d15 Extracting 2 s
 eb77aa907276 Downloading [==================================================>]  907.7MB/907.7MB
 d63c4408fdb7 Extracting 2 s
 e0d55fdb4d15 Extracting 2 s
 eb77aa907276 Downloading [==================================================>]  907.7MB/907.7MB
 e0d55fdb4d15 Extracting 3 s
 d63c4408fdb7 Extracting 2 s
 eb77aa907276 Downloading [==================================================>]  907.7MB/907.7MB
 eb77aa907276 Downloading [==================================================>]  907.7MB/907.7MB
 d63c4408fdb7 Pull complete 
 e0d55fdb4d15 Extracting 3 s
 eb77aa907276 Downloading [==================================================>]  907.7MB/907.7MB
 e0d55fdb4d15 Extracting 3 s
 e0d55fdb4d15 Extracting 3 s
 eb77aa907276 Downloading [==================================================>]  907.7MB/907.7MB
 e0d55fdb4d15 Extracting 3 s
 eb77aa907276 Downloading [==================================================>]  907.7MB/907.7MB
 efa05c660812 Extracting 1 s
 e0d55fdb4d15 Extracting 3 s
 eb77aa907276 Downloading [==================================================>]  907.7MB/907.7MB
 e0d55fdb4d15 Extracting 3 s
 eb77aa907276 Downloading [==================================================>]  907.7MB/907.7MB
 e0d55fdb4d15 Extracting 3 s
 eb77aa907276 Downloading [==================================================>]  907.7MB/907.7MB
 efa05c660812 Pull complete 
 e0d55fdb4d15 Extracting 3 s
 eb77aa907276 Download complete 
 14e6209d5fa8 Pull complete 
 f4e7f62f4b80 Pull complete 
 5e1c03b67a78 Pull complete 
 eb77aa907276 Extracting 1 s
 d686b50ce172 Extracting 1 s
 e0d55fdb4d15 Extracting 4 s
 d686b50ce172 Extracting 1 s
 eb77aa907276 Extracting 1 s
 e0d55fdb4d15 Extracting 4 s
 d686b50ce172 Extracting 1 s
 eb77aa907276 Extracting 1 s
 e0d55fdb4d15 Extracting 4 s
 d686b50ce172 Extracting 1 s
 eb77aa907276 Extracting 1 s
 e0d55fdb4d15 Extracting 4 s
 d686b50ce172 Extracting 1 s
 eb77aa907276 Extracting 1 s
 c1cb13b19080 Extracting 1 s
 e0d55fdb4d15 Pull complete 
 d686b50ce172 Pull complete 
 050d9f8c3b1c Pull complete 
 rabbitmq Pulled 
 873532e5f8c7 Pull complete 
 cb628c265f09 Pull complete 
 eb77aa907276 Extracting 1 s
 710e142705f8 Pull complete 
 c1cb13b19080 Pull complete 
 postgresql Pulled 
 eb77aa907276 Extracting 1 s
 eb77aa907276 Extracting 1 s
 eb77aa907276 Extracting 1 s
 eb77aa907276 Extracting 1 s
 eb77aa907276 Extracting 1 s
 eb77aa907276 Extracting 2 s
 eb77aa907276 Extracting 2 s
 eb77aa907276 Extracting 2 s
 eb77aa907276 Extracting 2 s
 eb77aa907276 Extracting 2 s
 eb77aa907276 Extracting 2 s
 eb77aa907276 Extracting 2 s
 eb77aa907276 Extracting 2 s
 eb77aa907276 Extracting 2 s
 eb77aa907276 Extracting 2 s
 eb77aa907276 Extracting 3 s
 eb77aa907276 Extracting 3 s
 eb77aa907276 Extracting 3 s
 eb77aa907276 Extracting 3 s
 eb77aa907276 Extracting 3 s
 eb77aa907276 Extracting 3 s
 eb77aa907276 Extracting 3 s
 eb77aa907276 Extracting 3 s
 eb77aa907276 Extracting 3 s
 eb77aa907276 Extracting 3 s
 eb77aa907276 Extracting 4 s
 eb77aa907276 Extracting 4 s
 eb77aa907276 Extracting 4 s
 eb77aa907276 Extracting 4 s
 eb77aa907276 Extracting 4 s
 eb77aa907276 Extracting 4 s
 eb77aa907276 Extracting 4 s
 eb77aa907276 Extracting 4 s
 eb77aa907276 Extracting 4 s
 eb77aa907276 Extracting 4 s
 eb77aa907276 Extracting 5 s
 eb77aa907276 Extracting 5 s
 eb77aa907276 Extracting 5 s
 eb77aa907276 Extracting 5 s
 eb77aa907276 Extracting 5 s
 eb77aa907276 Extracting 5 s
 eb77aa907276 Extracting 5 s
 eb77aa907276 Extracting 5 s
 eb77aa907276 Extracting 5 s
 4f4fb700ef54 Pull complete 
 0ffa8f8aba1e Pull complete 
 2e81b9cb93cd Pull complete 
 eb77aa907276 Pull complete 
 opensearch Pulled 
 Network docker_services_cli_default  Creating
 Network docker_services_cli_default  Created
 Container docker_services_cli-postgresql-1  Creating
 Container docker_services_cli-rabbitmq-1  Creating
 Container docker_services_cli-opensearch-1  Creating
 Container docker_services_cli-redis-1  Creating
 Container docker_services_cli-postgresql-1  Created
 Container docker_services_cli-opensearch-1  Created
 Container docker_services_cli-redis-1  Created
 Container docker_services_cli-rabbitmq-1  Created
 Container docker_services_cli-rabbitmq-1  Starting
 Container docker_services_cli-postgresql-1  Starting
 Container docker_services_cli-opensearch-1  Starting
 Container docker_services_cli-redis-1  Starting
 Container docker_services_cli-redis-1  Started
 Container docker_services_cli-opensearch-1  Started
 Container docker_services_cli-rabbitmq-1  Started
 Container docker_services_cli-postgresql-1  Started
============================= test session starts ==============================
platform linux -- Python 3.14.2, pytest-8.4.2, pluggy-1.6.0
rootdir: /home/runner/work/test-zip-extract-repository/test-zip-extract-repository/workdir/tests/invenio-stats/original
configfile: setup.cfg
testpaths: tests, invenio_stats
plugins: invenio-4.0.0, isort-4.0.0, flask-1.3.0, github-actions-annotate-failures-0.3.0, pydocstyle-2.4.0, cov-7.0.0, black-0.6.0, pycodestyle-2.5.0
collected 52 items

tests/contrib/test_event_builders.py ..::warning file=/home/runner/work/test-zip-extract-repository/test-zip-extract-repository/workdir/tests/invenio-stats/original/.venv/lib/python3.14/site-packages/invenio_records/api.py,line=334::nested transaction already deassociated from connection
                                  [  3%]
tests/test_aggregations.py .::warning file=/home/runner/work/test-zip-extract-repository/test-zip-extract-repository/workdir/tests/invenio-stats/original/.venv/lib/python3.14/site-packages/invenio_rest/ext.py,line=29::CSRF validation will be enabled by default in the version 1.3.x
........                                     [ 21%]
tests/test_cli.py .::warning file=/home/runner/work/test-zip-extract-repository/test-zip-extract-repository/workdir/tests/invenio-stats/original/.venv/lib/python3.14/site-packages/invenio_rest/ext.py,line=29::CSRF validation will be enabled by default in the version 1.3.x
...                                                   [ 28%]
tests/test_events.py .::warning file=/home/runner/work/test-zip-extract-repository/test-zip-extract-repository/workdir/tests/invenio-stats/original/.venv/lib/python3.14/site-packages/invenio_rest/ext.py,line=29::CSRF validation will be enabled by default in the version 1.3.x
.                                                  [ 32%]
tests/test_invenio_stats.py ...::warning file=/home/runner/work/test-zip-extract-repository/test-zip-extract-repository/workdir/tests/invenio-stats/original/.venv/lib/python3.14/site-packages/invenio_rest/ext.py,line=29::CSRF validation will be enabled by default in the version 1.3.x
                                          [ 38%]
tests/test_prefixing.py .::warning file=/home/runner/work/test-zip-extract-repository/test-zip-extract-repository/workdir/tests/invenio-stats/original/.venv/lib/python3.14/site-packages/invenio_rest/ext.py,line=29::CSRF validation will be enabled by default in the version 1.3.x
                                                [ 40%]
tests/test_processors.py .............::warning file=/home/runner/work/test-zip-extract-repository/test-zip-extract-repository/workdir/tests/invenio-stats/original/.venv/lib/python3.14/site-packages/invenio_rest/ext.py,line=29::CSRF validation will be enabled by default in the version 1.3.x
.......                            [ 78%]
tests/test_queries.py .::warning file=/home/runner/work/test-zip-extract-repository/test-zip-extract-repository/workdir/tests/invenio-stats/original/.venv/lib/python3.14/site-packages/invenio_rest/ext.py,line=29::CSRF validation will be enabled by default in the version 1.3.x
.                                                 [ 82%]
tests/test_receivers.py .::warning file=/home/runner/work/test-zip-extract-repository/test-zip-extract-repository/workdir/tests/invenio-stats/original/.venv/lib/python3.14/site-packages/invenio_rest/ext.py,line=29::CSRF validation will be enabled by default in the version 1.3.x
.                                               [ 86%]
tests/test_tasks.py .::warning file=/home/runner/work/test-zip-extract-repository/test-zip-extract-repository/workdir/tests/invenio-stats/original/.venv/lib/python3.14/site-packages/invenio_rest/ext.py,line=29::CSRF validation will be enabled by default in the version 1.3.x
                                                    [ 88%]
tests/test_utils.py .::warning file=/home/runner/work/test-zip-extract-repository/test-zip-extract-repository/workdir/tests/invenio-stats/original/.venv/lib/python3.14/site-packages/invenio_rest/ext.py,line=29::CSRF validation will be enabled by default in the version 1.3.x
.                                                   [ 92%]
tests/test_views.py .::warning file=/home/runner/work/test-zip-extract-repository/test-zip-extract-repository/workdir/tests/invenio-stats/original/.venv/lib/python3.14/site-packages/invenio_rest/ext.py,line=29::CSRF validation will be enabled by default in the version 1.3.x
...                                                 [100%]

=============================== warnings summary ===============================
tests/contrib/test_event_builders.py::test_record_view_event_builder
  /home/runner/work/test-zip-extract-repository/test-zip-extract-repository/workdir/tests/invenio-stats/original/.venv/lib/python3.14/site-packages/invenio_records/api.py:334: SAWarning: nested transaction already deassociated from connection
    with db.session.begin_nested():

tests/test_aggregations.py: 1 warning
tests/test_cli.py: 1 warning
tests/test_events.py: 1 warning
tests/test_invenio_stats.py: 1 warning
tests/test_prefixing.py: 1 warning
tests/test_processors.py: 1 warning
tests/test_queries.py: 1 warning
tests/test_receivers.py: 1 warning
tests/test_tasks.py: 1 warning
tests/test_utils.py: 1 warning
tests/test_views.py: 1 warning
  /home/runner/work/test-zip-extract-repository/test-zip-extract-repository/workdir/tests/invenio-stats/original/.venv/lib/python3.14/site-packages/invenio_rest/ext.py:29: FutureWarning: CSRF validation will be enabled by default in the version 1.3.x
    self.init_app(app)

-- Docs: https://docs.pytest.org/en/stable/how-to/capture-warnings.html
================================ tests coverage ================================
_______________ coverage: platform linux, python 3.14.2-final-0 ________________

Name                                                                      Stmts   Miss  Cover   Missing
-------------------------------------------------------------------------------------------------------
invenio_stats/__init__.py                                                     4      0   100%
invenio_stats/aggregations.py                                               131      2    98%   143, 285
invenio_stats/bookmark.py                                                    52      5    90%   101-103, 127, 129, 131
invenio_stats/cli.py                                                         88      0   100%
invenio_stats/config.py                                                      14      0   100%
invenio_stats/contrib/__init__.py                                             0      0   100%
invenio_stats/contrib/aggregations/__init__.py                                0      0   100%
invenio_stats/contrib/aggregations/aggr_file_download/__init__.py             0      0   100%
invenio_stats/contrib/aggregations/aggr_file_download/os-v1/__init__.py       0      0   100%
invenio_stats/contrib/aggregations/aggr_file_download/os-v2/__init__.py       0      0   100%
invenio_stats/contrib/aggregations/aggr_file_download/v7/__init__.py          0      0   100%
invenio_stats/contrib/aggregations/aggr_record_view/__init__.py               0      0   100%
invenio_stats/contrib/aggregations/aggr_record_view/os-v1/__init__.py         0      0   100%
invenio_stats/contrib/aggregations/aggr_record_view/os-v2/__init__.py         0      0   100%
invenio_stats/contrib/aggregations/aggr_record_view/v7/__init__.py            0      0   100%
invenio_stats/contrib/config.py                                               7      0   100%
invenio_stats/contrib/event_builders.py                                      15      0   100%
invenio_stats/contrib/file_download/__init__.py                               0      0   100%
invenio_stats/contrib/file_download/os-v1/__init__.py                         0      0   100%
invenio_stats/contrib/file_download/os-v2/__init__.py                         0      0   100%
invenio_stats/contrib/file_download/v7/__init__.py                            0      0   100%
invenio_stats/contrib/record_view/__init__.py                                 0      0   100%
invenio_stats/contrib/record_view/os-v1/__init__.py                           0      0   100%
invenio_stats/contrib/record_view/os-v2/__init__.py                           0      0   100%
invenio_stats/contrib/record_view/v7/__init__.py                              0      0   100%
invenio_stats/errors.py                                                      19      2    89%   61-62
invenio_stats/ext.py                                                         88      7    92%   51-56, 78, 98, 116, 177
invenio_stats/processors.py                                                  86      4    95%   104, 125, 194, 196
invenio_stats/proxies.py                                                      3      0   100%
invenio_stats/queries.py                                                    150     19    87%   40-43, 45, 50, 104, 115, 120, 138, 176, 245, 263, 281, 323-328
invenio_stats/queues.py                                                       3      0   100%
invenio_stats/receivers.py                                                   31      3    90%   36, 55-58
invenio_stats/tasks.py                                                       24      0   100%
invenio_stats/templates.py                                                   14      4    71%   31, 37-39
invenio_stats/utils.py                                                       41      1    98%   110
invenio_stats/views.py                                                       41      6    85%   49, 63, 95-99
-------------------------------------------------------------------------------------------------------
TOTAL                                                                       811     53    93%
======================= 52 passed, 12 warnings in 24.50s =======================
 Container docker_services_cli-redis-1  Stopping
 Container docker_services_cli-postgresql-1  Stopping
 Container docker_services_cli-rabbitmq-1  Stopping
 Container docker_services_cli-opensearch-1  Stopping
 Container docker_services_cli-redis-1  Stopped
 Container docker_services_cli-redis-1  Removing
 Container docker_services_cli-postgresql-1  Stopped
 Container docker_services_cli-postgresql-1  Removing
 Container docker_services_cli-redis-1  Removed
 Container docker_services_cli-postgresql-1  Removed
 Container docker_services_cli-opensearch-1  Stopped
 Container docker_services_cli-opensearch-1  Removing
 Container docker_services_cli-opensearch-1  Removed
 Container docker_services_cli-rabbitmq-1  Stopped
 Container docker_services_cli-rabbitmq-1  Removing
 Container docker_services_cli-rabbitmq-1  Removed
 Network docker_services_cli_default  Removing
 Network docker_services_cli_default  Removed
