 redis Pulling 
 postgresql Pulling 
 dda3d8fbd5ed Pulling fs layer 
 873532e5f8c7 Pulling fs layer 
 91d2729fa4d5 Pulling fs layer 
 c199bff16b05 Pulling fs layer 
 050d9f8c3b1c Pulling fs layer 
 9739ced65621 Pulling fs layer 
 b0a0cf830b12 Pulling fs layer 
 e0d55fdb4d15 Pulling fs layer 
 cb628c265f09 Pulling fs layer 
 f8406d9c00ea Pulling fs layer 
 c1cb13b19080 Pulling fs layer 
 283a477db7bb Pulling fs layer 
 710e142705f8 Pulling fs layer 
 ae3bb1b347a4 Pulling fs layer 
 c5761dea9b0e Pulling fs layer 
 4831516dd0cb Pulling fs layer 
 47a60771af96 Pulling fs layer 
 7b28be0c8c4d Pulling fs layer 
 edcaff0d5e7e Pulling fs layer 
 22dca8215bc4 Pulling fs layer 
 bbf018d6d4b8 Pulling fs layer 
 4f4fb700ef54 Pulling fs layer 
 ae3bb1b347a4 Downloading [==================================================>]  1.196MB/1.196MB
 dda3d8fbd5ed Downloading [==================================================>]  1.165kB/1.165kB
 283a477db7bb Downloading [==============================================>    ]  4.194MB/4.533MB
 c1cb13b19080 Download complete 
 9739ced65621 Downloading [=========================>                         ]  4.194MB/8.069MB
 bbf018d6d4b8 Download complete 
 4f4fb700ef54 Already exists 
 710e142705f8 Download complete 
 e7da101a9486 Download complete 
 c5761dea9b0e Downloading [==================================================>]     573B/573B
 f8406d9c00ea Download complete 
 91d2729fa4d5 Download complete 
 47a60771af96 Download complete 
 7b28be0c8c4d Downloading [==================================================>]     874B/874B
 c199bff16b05 Download complete 
 b0a0cf830b12 Downloading [=======>                                           ]  4.194MB/29.15MB
 050d9f8c3b1c Download complete 
 873532e5f8c7 Download complete 
 cb628c265f09 Download complete 
 e0d55fdb4d15 Downloading [>                                                  ]  1.049MB/109MB
 9739ced65621 Download complete 
 c5761dea9b0e Download complete 
 5682dec5b749 Download complete 
 b0a0cf830b12 Downloading [=======================>                           ]  13.63MB/29.15MB
 e0d55fdb4d15 Downloading [====>                                              ]  9.437MB/109MB
 c4cc93acbec6 Download complete 
 4831516dd0cb Downloading [===============>                                   ]  8.708MB/28.23MB
 7b28be0c8c4d Download complete 
 ae3bb1b347a4 Download complete 
 56b5e4f0933d Download complete 
 edcaff0d5e7e Download complete 
 dda3d8fbd5ed Download complete 
 22dca8215bc4 Downloading [===========================>                       ]  8.389MB/15.35MB
 283a477db7bb Download complete 
 b0a0cf830b12 Downloading [=============================================>     ]  26.29MB/29.15MB
 e0d55fdb4d15 Downloading [===========>                                       ]  24.12MB/109MB
 22dca8215bc4 Download complete 
 4831516dd0cb Downloading [=======================================>           ]  22.02MB/28.23MB
 e0d55fdb4d15 Downloading [==================>                                ]  39.85MB/109MB
 b0a0cf830b12 Download complete 
 4831516dd0cb Download complete 
 4831516dd0cb Extracting 1 s
 b0a0cf830b12 Extracting 1 s
 e0d55fdb4d15 Downloading [========================>                          ]  52.43MB/109MB
 4831516dd0cb Extracting 1 s
 b0a0cf830b12 Extracting 1 s
 e0d55fdb4d15 Downloading [=============================>                     ]  65.01MB/109MB
 4831516dd0cb Extracting 1 s
 b0a0cf830b12 Extracting 1 s
 e0d55fdb4d15 Downloading [=====================================>             ]  81.79MB/109MB
 4831516dd0cb Extracting 1 s
 b0a0cf830b12 Extracting 1 s
 e0d55fdb4d15 Downloading [=============================================>     ]  99.02MB/109MB
 4831516dd0cb Extracting 1 s
 b0a0cf830b12 Extracting 1 s
 e0d55fdb4d15 Download complete 
 4831516dd0cb Extracting 1 s
 b0a0cf830b12 Extracting 1 s
 4831516dd0cb Extracting 1 s
 b0a0cf830b12 Extracting 1 s
 4831516dd0cb Extracting 1 s
 b0a0cf830b12 Extracting 1 s
 4831516dd0cb Extracting 1 s
 b0a0cf830b12 Extracting 1 s
 4831516dd0cb Extracting 1 s
 b0a0cf830b12 Extracting 1 s
 4831516dd0cb Extracting 1 s
 b0a0cf830b12 Extracting 1 s
 4831516dd0cb Pull complete 
 b0a0cf830b12 Pull complete 
 47a60771af96 Pull complete 
 7b28be0c8c4d Pull complete 
 edcaff0d5e7e Extracting 1 s
 dda3d8fbd5ed Pull complete 
 283a477db7bb Extracting 1 s
 91d2729fa4d5 Extracting 1 s
 edcaff0d5e7e Pull complete 
 22dca8215bc4 Extracting 1 s
 283a477db7bb Pull complete 
 91d2729fa4d5 Pull complete 
 22dca8215bc4 Extracting 1 s
 9739ced65621 Extracting 1 s
 bbf018d6d4b8 Pull complete 
 4f4fb700ef54 Pull complete 
 c5761dea9b0e Pull complete 
 bbf018d6d4b8 Pull complete 
 9739ced65621 Extracting 1 s
 4f4fb700ef54 Pull complete 
 c5761dea9b0e Pull complete 
 22dca8215bc4 Pull complete 
 redis Pulled 
 9739ced65621 Pull complete 
 ae3bb1b347a4 Pull complete 
 f8406d9c00ea Pull complete 
 c199bff16b05 Pull complete 
 e0d55fdb4d15 Extracting 1 s
 e0d55fdb4d15 Extracting 1 s
 e0d55fdb4d15 Extracting 1 s
 e0d55fdb4d15 Extracting 1 s
 e0d55fdb4d15 Extracting 1 s
 e0d55fdb4d15 Extracting 1 s
 e0d55fdb4d15 Extracting 1 s
 e0d55fdb4d15 Extracting 1 s
 e0d55fdb4d15 Extracting 1 s
 e0d55fdb4d15 Extracting 1 s
 e0d55fdb4d15 Extracting 1 s
 e0d55fdb4d15 Extracting 2 s
 e0d55fdb4d15 Extracting 2 s
 e0d55fdb4d15 Extracting 2 s
 e0d55fdb4d15 Extracting 2 s
 e0d55fdb4d15 Extracting 2 s
 e0d55fdb4d15 Extracting 2 s
 e0d55fdb4d15 Extracting 2 s
 c1cb13b19080 Extracting 1 s
 e0d55fdb4d15 Pull complete 
 c1cb13b19080 Pull complete 
 710e142705f8 Pull complete 
 050d9f8c3b1c Pull complete 
 873532e5f8c7 Pull complete 
 cb628c265f09 Pull complete 
 postgresql Pulled 
 Network docker_services_cli_default  Creating
 Network docker_services_cli_default  Created
 Container docker_services_cli-redis-1  Creating
 Container docker_services_cli-postgresql-1  Creating
 Container docker_services_cli-postgresql-1  Created
 Container docker_services_cli-redis-1  Created
 Container docker_services_cli-postgresql-1  Starting
 Container docker_services_cli-redis-1  Starting
 Container docker_services_cli-redis-1  Started
 Container docker_services_cli-postgresql-1  Started
============================= test session starts ==============================
platform linux -- Python 3.14.2, pytest-8.4.2, pluggy-1.6.0
rootdir: /home/runner/work/test-zip-extract-repository/test-zip-extract-repository/workdir/tests/invenio-webhooks/original
configfile: setup.cfg
testpaths: docs, tests, invenio_webhooks
plugins: invenio-4.0.0, isort-4.0.0, flask-1.3.0, github-actions-annotate-failures-0.3.0, pydocstyle-2.4.0, cov-7.0.0, black-0.6.0, pycodestyle-2.5.0
collected 18 items

tests/test_api.py .::warning file=/home/runner/work/test-zip-extract-repository/test-zip-extract-repository/workdir/tests/invenio-webhooks/original/.venv/lib/python3.14/site-packages/invenio_oauth2server/ext.py,line=332::You are overriding the default OAuthlib "URL encoded" set of valid characters. Make sure that the characters defined in oauthlib.common.urlencoded are indeed limitting your needs.
...::warning file=/home/runner/work/test-zip-extract-repository/test-zip-extract-repository/workdir/tests/invenio-webhooks/original/.venv/lib/python3.14/site-packages/flask_security/datastore.py,line=208::get_user method is deprecated, user get_user_by_email/get_user_by_id
...                                                [ 38%]
tests/test_invenio_webhooks.py ..s.                                      [ 61%]
tests/test_receivers.py ..::warning file=/home/runner/work/test-zip-extract-repository/test-zip-extract-repository/workdir/tests/invenio-webhooks/original/invenio_webhooks/models.py,line=147::The Query.get() method is considered legacy as of the 1.x series of SQLAlchemy and becomes a legacy construct in 2.0. The method is now available as Session.get() (deprecated since: 2.0)
.....::warning file=/home/runner/work/test-zip-extract-repository/test-zip-extract-repository/workdir/tests/invenio-webhooks/original/.venv/lib/python3.14/site-packages/celery/backends/base.py,line=577::Results are not stored in backend and should not be retrieved when task_always_eager is enabled, unless task_store_eager_result is enabled.
::warning file=/home/runner/work/test-zip-extract-repository/test-zip-extract-repository/workdir/tests/invenio-webhooks/original/invenio_webhooks/models.py,line=147::The Query.get() method is considered legacy as of the 1.x series of SQLAlchemy and becomes a legacy construct in 2.0. The method is now available as Session.get() (deprecated since: 2.0)
::warning file=/home/runner/work/test-zip-extract-repository/test-zip-extract-repository/workdir/tests/invenio-webhooks/original/tests/test_receivers.py,line=221::The Query.get() method is considered legacy as of the 1.x series of SQLAlchemy and becomes a legacy construct in 2.0. The method is now available as Session.get() (deprecated since: 2.0)
                                          [100%]

=============================== warnings summary ===============================
tests/test_api.py::test_405_methods
  /home/runner/work/test-zip-extract-repository/test-zip-extract-repository/workdir/tests/invenio-webhooks/original/.venv/lib/python3.14/site-packages/invenio_oauth2server/ext.py:332: RuntimeWarning: You are overriding the default OAuthlib "URL encoded" set of valid characters. Make sure that the characters defined in oauthlib.common.urlencoded are indeed limitting your needs.
    warnings.warn(

tests/test_api.py::test_webhook_post_no_token
  /home/runner/work/test-zip-extract-repository/test-zip-extract-repository/workdir/tests/invenio-webhooks/original/.venv/lib/python3.14/site-packages/flask_security/datastore.py:208: DeprecationWarning: get_user method is deprecated, user get_user_by_email/get_user_by_id
    warnings.warn(

tests/test_receivers.py::test_receiver_registration
tests/test_receivers.py::test_event_status
  /home/runner/work/test-zip-extract-repository/test-zip-extract-repository/workdir/tests/invenio-webhooks/original/invenio_webhooks/models.py:147: LegacyAPIWarning: The Query.get() method is considered legacy as of the 1.x series of SQLAlchemy and becomes a legacy construct in 2.0. The method is now available as Session.get() (deprecated since: 2.0) (Background on SQLAlchemy 2.0 at: https://sqlalche.me/e/b8d9)
    event = Event.query.get(event_id)

tests/test_receivers.py::test_event_status
  /home/runner/work/test-zip-extract-repository/test-zip-extract-repository/workdir/tests/invenio-webhooks/original/.venv/lib/python3.14/site-packages/celery/backends/base.py:577: RuntimeWarning: Results are not stored in backend and should not be retrieved when task_always_eager is enabled, unless task_store_eager_result is enabled.
    warnings.warn(

tests/test_receivers.py::test_event_status
  /home/runner/work/test-zip-extract-repository/test-zip-extract-repository/workdir/tests/invenio-webhooks/original/tests/test_receivers.py:221: LegacyAPIWarning: The Query.get() method is considered legacy as of the 1.x series of SQLAlchemy and becomes a legacy construct in 2.0. The method is now available as Session.get() (deprecated since: 2.0) (Background on SQLAlchemy 2.0 at: https://sqlalche.me/e/b8d9)
    event = Event.query.get(event_id)

-- Docs: https://docs.pytest.org/en/stable/how-to/capture-warnings.html
================================ tests coverage ================================
_______________ coverage: platform linux, python 3.14.2-final-0 ________________

Name                                                              Stmts   Miss  Cover   Missing
-----------------------------------------------------------------------------------------------
invenio_webhooks/__init__.py                                          5      0   100%
invenio_webhooks/_compat.py                                           8      2    75%   46-47
invenio_webhooks/alembic/201faeb649c7_change_datetime_types.py       13      6    54%   41-43, 48-50
invenio_webhooks/alembic/469925575192_create_webhooks_branch.py      10      2    80%   38, 43
invenio_webhooks/alembic/a095bd179f5c_create_webhooks_tables.py      16      6    62%   41-70, 80-81
invenio_webhooks/config.py                                            3      0   100%
invenio_webhooks/errors.py                                            4      0   100%
invenio_webhooks/ext.py                                              29      1    97%   56
invenio_webhooks/models.py                                          130      9    93%   196-197, 270-271, 276-277, 283-285
invenio_webhooks/proxies.py                                           3      0   100%
invenio_webhooks/signatures.py                                       12      0   100%
invenio_webhooks/views.py                                            88      7    92%   114, 141-145, 169
-----------------------------------------------------------------------------------------------
TOTAL                                                               321     33    90%
================== 17 passed, 1 skipped, 6 warnings in 4.85s ===================
 Container docker_services_cli-redis-1  Stopping
 Container docker_services_cli-postgresql-1  Stopping
 Container docker_services_cli-postgresql-1  Stopped
 Container docker_services_cli-postgresql-1  Removing
 Container docker_services_cli-postgresql-1  Removed
 Container docker_services_cli-redis-1  Stopped
 Container docker_services_cli-redis-1  Removing
 Container docker_services_cli-redis-1  Removed
 Network docker_services_cli_default  Removing
 Network docker_services_cli_default  Removed
