running extract_messages
extracting messages from invenio_records_resources/__init__.py (encoding="utf-8")
extracting messages from invenio_records_resources/config.py (encoding="utf-8")
extracting messages from invenio_records_resources/errors.py (encoding="utf-8")
extracting messages from invenio_records_resources/ext.py (encoding="utf-8")
extracting messages from invenio_records_resources/pagination.py (encoding="utf-8")
extracting messages from invenio_records_resources/proxies.py (encoding="utf-8")
extracting messages from invenio_records_resources/registry.py (encoding="utf-8")
extracting messages from invenio_records_resources/tasks.py (encoding="utf-8")
extracting messages from invenio_records_resources/factories/__init__.py (encoding="utf-8")
extracting messages from invenio_records_resources/factories/factory.py (encoding="utf-8")
extracting messages from invenio_records_resources/records/__init__.py (encoding="utf-8")
extracting messages from invenio_records_resources/records/api.py (encoding="utf-8")
extracting messages from invenio_records_resources/records/dumpers.py (encoding="utf-8")
extracting messages from invenio_records_resources/records/models.py (encoding="utf-8")
extracting messages from invenio_records_resources/records/providers.py (encoding="utf-8")
extracting messages from invenio_records_resources/records/resolver.py (encoding="utf-8")
extracting messages from invenio_records_resources/records/transfer.py (encoding="utf-8")
extracting messages from invenio_records_resources/records/jsonschemas/__init__.py (encoding="utf-8")
extracting messages from invenio_records_resources/records/systemfields/__init__.py (encoding="utf-8")
extracting messages from invenio_records_resources/records/systemfields/calculated.py (encoding="utf-8")
extracting messages from invenio_records_resources/records/systemfields/entity_reference.py (encoding="utf-8")
extracting messages from invenio_records_resources/records/systemfields/index.py (encoding="utf-8")
extracting messages from invenio_records_resources/records/systemfields/pid.py (encoding="utf-8")
extracting messages from invenio_records_resources/records/systemfields/pid_statuscheck.py (encoding="utf-8")
extracting messages from invenio_records_resources/records/systemfields/relations.py (encoding="utf-8")
extracting messages from invenio_records_resources/records/systemfields/files/__init__.py (encoding="utf-8")
extracting messages from invenio_records_resources/records/systemfields/files/field.py (encoding="utf-8")
extracting messages from invenio_records_resources/records/systemfields/files/manager.py (encoding="utf-8")
extracting messages from invenio_records_resources/references/__init__.py (encoding="utf-8")
extracting messages from invenio_records_resources/references/grants.py (encoding="utf-8")
extracting messages from invenio_records_resources/references/registry.py (encoding="utf-8")
extracting messages from invenio_records_resources/references/entity_resolvers/__init__.py (encoding="utf-8")
extracting messages from invenio_records_resources/references/entity_resolvers/base.py (encoding="utf-8")
extracting messages from invenio_records_resources/references/entity_resolvers/records.py (encoding="utf-8")
extracting messages from invenio_records_resources/references/entity_resolvers/results.py (encoding="utf-8")
extracting messages from invenio_records_resources/resources/__init__.py (encoding="utf-8")
extracting messages from invenio_records_resources/resources/errors.py (encoding="utf-8")
extracting messages from invenio_records_resources/resources/files/__init__.py (encoding="utf-8")
extracting messages from invenio_records_resources/resources/files/config.py (encoding="utf-8")
extracting messages from invenio_records_resources/resources/files/parser.py (encoding="utf-8")
extracting messages from invenio_records_resources/resources/files/resource.py (encoding="utf-8")
extracting messages from invenio_records_resources/resources/records/__init__.py (encoding="utf-8")
extracting messages from invenio_records_resources/resources/records/args.py (encoding="utf-8")
extracting messages from invenio_records_resources/resources/records/config.py (encoding="utf-8")
extracting messages from invenio_records_resources/resources/records/headers.py (encoding="utf-8")
extracting messages from invenio_records_resources/resources/records/resource.py (encoding="utf-8")
extracting messages from invenio_records_resources/resources/records/utils.py (encoding="utf-8")
extracting messages from invenio_records_resources/services/__init__.py (encoding="utf-8")
extracting messages from invenio_records_resources/services/errors.py (encoding="utf-8")
extracting messages from invenio_records_resources/services/uow.py (encoding="utf-8")
extracting messages from invenio_records_resources/services/base/__init__.py (encoding="utf-8")
extracting messages from invenio_records_resources/services/base/components.py (encoding="utf-8")
extracting messages from invenio_records_resources/services/base/config.py (encoding="utf-8")
extracting messages from invenio_records_resources/services/base/links.py (encoding="utf-8")
extracting messages from invenio_records_resources/services/base/results.py (encoding="utf-8")
extracting messages from invenio_records_resources/services/base/service.py (encoding="utf-8")
extracting messages from invenio_records_resources/services/base/utils.py (encoding="utf-8")
extracting messages from invenio_records_resources/services/custom_fields/__init__.py (encoding="utf-8")
extracting messages from invenio_records_resources/services/custom_fields/base.py (encoding="utf-8")
extracting messages from invenio_records_resources/services/custom_fields/boolean.py (encoding="utf-8")
extracting messages from invenio_records_resources/services/custom_fields/date.py (encoding="utf-8")
extracting messages from invenio_records_resources/services/custom_fields/errors.py (encoding="utf-8")
extracting messages from invenio_records_resources/services/custom_fields/mappings.py (encoding="utf-8")
extracting messages from invenio_records_resources/services/custom_fields/number.py (encoding="utf-8")
extracting messages from invenio_records_resources/services/custom_fields/schema.py (encoding="utf-8")
extracting messages from invenio_records_resources/services/custom_fields/text.py (encoding="utf-8")
extracting messages from invenio_records_resources/services/custom_fields/validate.py (encoding="utf-8")
extracting messages from invenio_records_resources/services/files/__init__.py (encoding="utf-8")
extracting messages from invenio_records_resources/services/files/config.py (encoding="utf-8")
extracting messages from invenio_records_resources/services/files/generators.py (encoding="utf-8")
extracting messages from invenio_records_resources/services/files/links.py (encoding="utf-8")
extracting messages from invenio_records_resources/services/files/results.py (encoding="utf-8")
extracting messages from invenio_records_resources/services/files/schema.py (encoding="utf-8")
extracting messages from invenio_records_resources/services/files/service.py (encoding="utf-8")
extracting messages from invenio_records_resources/services/files/tasks.py (encoding="utf-8")
extracting messages from invenio_records_resources/services/files/components/__init__.py (encoding="utf-8")
extracting messages from invenio_records_resources/services/files/components/base.py (encoding="utf-8")
extracting messages from invenio_records_resources/services/files/components/content.py (encoding="utf-8")
extracting messages from invenio_records_resources/services/files/components/metadata.py (encoding="utf-8")
extracting messages from invenio_records_resources/services/files/components/multipart.py (encoding="utf-8")
extracting messages from invenio_records_resources/services/files/components/processor.py (encoding="utf-8")
extracting messages from invenio_records_resources/services/files/extractors/__init__.py (encoding="utf-8")
extracting messages from invenio_records_resources/services/files/extractors/base.py (encoding="utf-8")
extracting messages from invenio_records_resources/services/files/extractors/reply_stream.py (encoding="utf-8")
extracting messages from invenio_records_resources/services/files/extractors/zip.py (encoding="utf-8")
extracting messages from invenio_records_resources/services/files/processors/__init__.py (encoding="utf-8")
extracting messages from invenio_records_resources/services/files/processors/base.py (encoding="utf-8")
extracting messages from invenio_records_resources/services/files/processors/image.py (encoding="utf-8")
extracting messages from invenio_records_resources/services/files/processors/zip.py (encoding="utf-8")
extracting messages from invenio_records_resources/services/files/transfer/__init__.py (encoding="utf-8")
extracting messages from invenio_records_resources/services/files/transfer/base.py (encoding="utf-8")
extracting messages from invenio_records_resources/services/files/transfer/constants.py (encoding="utf-8")
extracting messages from invenio_records_resources/services/files/transfer/registry.py (encoding="utf-8")
extracting messages from invenio_records_resources/services/files/transfer/providers/__init__.py (encoding="utf-8")
extracting messages from invenio_records_resources/services/files/transfer/providers/fetch.py (encoding="utf-8")
extracting messages from invenio_records_resources/services/files/transfer/providers/local.py (encoding="utf-8")
extracting messages from invenio_records_resources/services/files/transfer/providers/multipart.py (encoding="utf-8")
extracting messages from invenio_records_resources/services/files/transfer/providers/remote.py (encoding="utf-8")
extracting messages from invenio_records_resources/services/records/__init__.py (encoding="utf-8")
extracting messages from invenio_records_resources/services/records/config.py (encoding="utf-8")
extracting messages from invenio_records_resources/services/records/links.py (encoding="utf-8")
extracting messages from invenio_records_resources/services/records/results.py (encoding="utf-8")
extracting messages from invenio_records_resources/services/records/schema.py (encoding="utf-8")
extracting messages from invenio_records_resources/services/records/service.py (encoding="utf-8")
extracting messages from invenio_records_resources/services/records/components/__init__.py (encoding="utf-8")
extracting messages from invenio_records_resources/services/records/components/base.py (encoding="utf-8")
extracting messages from invenio_records_resources/services/records/components/data.py (encoding="utf-8")
extracting messages from invenio_records_resources/services/records/components/files.py (encoding="utf-8")
extracting messages from invenio_records_resources/services/records/components/metadata.py (encoding="utf-8")
extracting messages from invenio_records_resources/services/records/components/relations.py (encoding="utf-8")
extracting messages from invenio_records_resources/services/records/facets/__init__.py (encoding="utf-8")
extracting messages from invenio_records_resources/services/records/facets/facets.py (encoding="utf-8")
extracting messages from invenio_records_resources/services/records/facets/labels.py (encoding="utf-8")
extracting messages from invenio_records_resources/services/records/facets/response.py (encoding="utf-8")
extracting messages from invenio_records_resources/services/records/params/__init__.py (encoding="utf-8")
extracting messages from invenio_records_resources/services/records/params/base.py (encoding="utf-8")
extracting messages from invenio_records_resources/services/records/params/facets.py (encoding="utf-8")
extracting messages from invenio_records_resources/services/records/params/filter.py (encoding="utf-8")
extracting messages from invenio_records_resources/services/records/params/pagination.py (encoding="utf-8")
extracting messages from invenio_records_resources/services/records/params/querystr.py (encoding="utf-8")
extracting messages from invenio_records_resources/services/records/params/sort.py (encoding="utf-8")
extracting messages from invenio_records_resources/services/records/queryparser/__init__.py (encoding="utf-8")
extracting messages from invenio_records_resources/services/records/queryparser/query.py (encoding="utf-8")
extracting messages from invenio_records_resources/services/records/queryparser/suggest.py (encoding="utf-8")
extracting messages from invenio_records_resources/services/records/queryparser/transformer.py (encoding="utf-8")
extracting messages from invenio_records_resources/services/references/__init__.py (encoding="utf-8")
extracting messages from invenio_records_resources/services/references/schema.py (encoding="utf-8")
extracting messages from tests/__init__.py (encoding="utf-8")
extracting messages from tests/conftest.py (encoding="utf-8")
extracting messages from tests/test_invenio_resources.py (encoding="utf-8")
extracting messages from tests/test_tasks.py (encoding="utf-8")
extracting messages from tests/factories/__init__.py (encoding="utf-8")
extracting messages from tests/factories/conftest.py (encoding="utf-8")
extracting messages from tests/factories/test_factory.py (encoding="utf-8")
extracting messages from tests/factories/test_service.py (encoding="utf-8")
extracting messages from tests/mock_module/__init__.py (encoding="utf-8")
extracting messages from tests/mock_module/api.py (encoding="utf-8")
extracting messages from tests/mock_module/config.py (encoding="utf-8")
extracting messages from tests/mock_module/extractor.py (encoding="utf-8")
extracting messages from tests/mock_module/models.py (encoding="utf-8")
extracting messages from tests/mock_module/permissions.py (encoding="utf-8")
extracting messages from tests/mock_module/resource.py (encoding="utf-8")
extracting messages from tests/mock_module/schemas.py (encoding="utf-8")
extracting messages from tests/mock_module/jsonschemas/__init__.py (encoding="utf-8")
extracting messages from tests/mock_module/mappings/__init__.py (encoding="utf-8")
extracting messages from tests/mock_module/mappings/os-v1/__init__.py (encoding="utf-8")
extracting messages from tests/mock_module/mappings/os-v2/__init__.py (encoding="utf-8")
extracting messages from tests/mock_module/mappings/v7/__init__.py (encoding="utf-8")
extracting messages from tests/mock_module_factory/__init__.py (encoding="utf-8")
extracting messages from tests/mock_module_factory/grants.py (encoding="utf-8")
extracting messages from tests/mock_module_factory/jsonschemas/__init__.py (encoding="utf-8")
extracting messages from tests/mock_module_factory/mappings/__init__.py (encoding="utf-8")
extracting messages from tests/mock_module_factory/mappings/os-v1/__init__.py (encoding="utf-8")
extracting messages from tests/mock_module_factory/mappings/os-v2/__init__.py (encoding="utf-8")
extracting messages from tests/mock_module_factory/mappings/v7/__init__.py (encoding="utf-8")
extracting messages from tests/records/conftest.py (encoding="utf-8")
extracting messages from tests/records/test_api.py (encoding="utf-8")
extracting messages from tests/records/test_dumpers.py (encoding="utf-8")
extracting messages from tests/records/test_systemfield_files.py (encoding="utf-8")
extracting messages from tests/records/test_systemfield_index.py (encoding="utf-8")
extracting messages from tests/records/test_systemfield_modelpid.py (encoding="utf-8")
extracting messages from tests/records/test_systemfield_pid.py (encoding="utf-8")
extracting messages from tests/records/test_systemfield_pidstatus.py (encoding="utf-8")
extracting messages from tests/resources/conftest.py (encoding="utf-8")
extracting messages from tests/resources/test_files_resource.py (encoding="utf-8")
extracting messages from tests/resources/test_resource_faceting.py (encoding="utf-8")
extracting messages from tests/resources/test_resource_links.py (encoding="utf-8")
extracting messages from tests/resources/test_resource_pagination.py (encoding="utf-8")
extracting messages from tests/resources/test_resource_preference.py (encoding="utf-8")
extracting messages from tests/resources/test_resource_sorting.py (encoding="utf-8")
extracting messages from tests/resources/test_resources.py (encoding="utf-8")
extracting messages from tests/resources/test_resources_etag.py (encoding="utf-8")
extracting messages from tests/resources/files/__init__.py (encoding="utf-8")
extracting messages from tests/resources/files/conftest.py (encoding="utf-8")
extracting messages from tests/resources/files/test_zip.py (encoding="utf-8")
extracting messages from tests/services/conftest.py (encoding="utf-8")
extracting messages from tests/services/test_results.py (encoding="utf-8")
extracting messages from tests/services/test_results_expand.py (encoding="utf-8")
extracting messages from tests/services/test_service.py (encoding="utf-8")
extracting messages from tests/services/test_service_create.py (encoding="utf-8")
extracting messages from tests/services/test_service_create_update.py (encoding="utf-8")
extracting messages from tests/services/test_service_date_facet.py (encoding="utf-8")
extracting messages from tests/services/test_service_facets.py (encoding="utf-8")
extracting messages from tests/services/test_service_pagination.py (encoding="utf-8")
extracting messages from tests/services/test_service_queryparser.py (encoding="utf-8")
extracting messages from tests/services/test_service_relation_propagation.py (encoding="utf-8")
extracting messages from tests/services/test_service_revision_id.py (encoding="utf-8")
extracting messages from tests/services/test_service_sort.py (encoding="utf-8")
extracting messages from tests/services/test_utils.py (encoding="utf-8")
extracting messages from tests/services/custom_fields/test_base_cf.py (encoding="utf-8")
extracting messages from tests/services/custom_fields/test_boolean_cf.py (encoding="utf-8")
extracting messages from tests/services/custom_fields/test_date_cf.py (encoding="utf-8")
extracting messages from tests/services/custom_fields/test_number_cf.py (encoding="utf-8")
extracting messages from tests/services/custom_fields/test_schema_cf.py (encoding="utf-8")
extracting messages from tests/services/custom_fields/test_text_cf.py (encoding="utf-8")
extracting messages from tests/services/custom_fields/test_validate.py (encoding="utf-8")
extracting messages from tests/services/files/conftest.py (encoding="utf-8")
extracting messages from tests/services/files/files_utils.py (encoding="utf-8")
extracting messages from tests/services/files/test_file_extractors.py (encoding="utf-8")
extracting messages from tests/services/files/test_file_results.py (encoding="utf-8")
extracting messages from tests/services/files/test_file_service.py (encoding="utf-8")
extracting messages from tests/services/files/test_files_options.py (encoding="utf-8")
extracting messages from tests/services/files/test_files_processing.py (encoding="utf-8")
extracting messages from tests/services/files/test_zip.py (encoding="utf-8")
extracting messages from tests/services/files/s3/conftest.py (encoding="utf-8")
extracting messages from tests/services/files/s3/test_service_s3_backend.py (encoding="utf-8")
writing PO template file to /dev/null
 opensearch Pulling 
 minio Pulling 
 postgresql Pulling 
 redis Pulling 
 b0a0cf830b12 Pulling fs layer 
 c199bff16b05 Pulling fs layer 
 f8406d9c00ea Pulling fs layer 
 cb628c265f09 Pulling fs layer 
 873532e5f8c7 Pulling fs layer 
 710e142705f8 Pulling fs layer 
 283a477db7bb Pulling fs layer 
 dda3d8fbd5ed Pulling fs layer 
 e0d55fdb4d15 Pulling fs layer 
 c1cb13b19080 Pulling fs layer 
 91d2729fa4d5 Pulling fs layer 
 050d9f8c3b1c Pulling fs layer 
 ae3bb1b347a4 Pulling fs layer 
 9739ced65621 Pulling fs layer 
 4831516dd0cb Pulling fs layer 
 22dca8215bc4 Pulling fs layer 
 bbf018d6d4b8 Pulling fs layer 
 47a60771af96 Pulling fs layer 
 4f4fb700ef54 Pulling fs layer 
 7b28be0c8c4d Pulling fs layer 
 c5761dea9b0e Pulling fs layer 
 edcaff0d5e7e Pulling fs layer 
 34013573f278 Pulling fs layer 
 1008deaf6ec4 Pulling fs layer 
 b83ce1c86227 Pulling fs layer 
 81260b173076 Pulling fs layer 
 71e9fc939447 Pulling fs layer 
 f94d28849fa3 Pulling fs layer 
 c1bc68842c41 Pulling fs layer 
 f9c0805c25ee Pulling fs layer 
 0288b5a0d7e7 Pulling fs layer 
 f8406d9c00ea Download complete 
 4f4fb700ef54 Already exists 
 2e81b9cb93cd Pulling fs layer 
 f9dd052e142d Pulling fs layer 
 eb77aa907276 Pulling fs layer 
 4f4fb700ef54 Pulling fs layer 
 0ffa8f8aba1e Pulling fs layer 
 e8c6d4883897 Pulling fs layer 
 648eb81b3252 Pulling fs layer 
 34013573f278 Download complete 
 1008deaf6ec4 Downloading [====>                                              ]  1.049MB/11.19MB
 c1bc68842c41 Downloading [==================================================>]  180.3kB/180.3kB
 81260b173076 Downloading [==================================================>]  122.7kB/122.7kB
 71e9fc939447 Downloading [=====================>                             ]  1.049MB/2.402MB
 f94d28849fa3 Downloading [================================>                  ]  1.049MB/1.637MB
 c199bff16b05 Download complete 
 4f4fb700ef54 Already exists 
 873532e5f8c7 Download complete 
 bbf018d6d4b8 Download complete 
 050d9f8c3b1c Download complete 
 47a60771af96 Download complete 
 710e142705f8 Download complete 
 c5761dea9b0e Downloading [==================================================>]     573B/573B
 edcaff0d5e7e Downloading [==================================================>]  1.438MB/1.438MB
 4831516dd0cb Downloading [=>                                                 ]  1.049MB/28.23MB
 22dca8215bc4 Downloading [======>                                            ]  2.097MB/15.35MB
 7b28be0c8c4d Downloading [==================================================>]     874B/874B
 dda3d8fbd5ed Download complete 
 283a477db7bb Downloading [==============================================>    ]  4.194MB/4.533MB
 e0d55fdb4d15 Downloading [=>                                                 ]  3.146MB/109MB
 b0a0cf830b12 Downloading [===>                                               ]  2.097MB/29.15MB
 cb628c265f09 Download complete 
 c1cb13b19080 Download complete 
 91d2729fa4d5 Downloading [==================================================>]   1.45MB/1.45MB
 ae3bb1b347a4 Downloading [==================================================>]  1.196MB/1.196MB
 9739ced65621 Downloading [================================>                  ]  5.243MB/8.069MB
 0ffa8f8aba1e Downloading [==================================================>]     226B/226B
 c1bc68842c41 Download complete 
 f9c0805c25ee Downloading [=====>                                             ]  4.194MB/39.45MB
 c5761dea9b0e Download complete 
 9739ced65621 Downloading [==================================================>]  8.069MB/8.069MB
 edcaff0d5e7e Download complete 
 4831516dd0cb Downloading [===========>                                       ]  6.291MB/28.23MB
 22dca8215bc4 Downloading [====================>                              ]  6.291MB/15.35MB
 2e81b9cb93cd Download complete 
 f9dd052e142d Downloading [=>                                                 ]  1.049MB/52.33MB
 0288b5a0d7e7 Download complete 
 81260b173076 Download complete 
 7b28be0c8c4d Download complete 
 283a477db7bb Download complete 
 e0d55fdb4d15 Downloading [===>                                               ]   7.34MB/109MB
 b0a0cf830b12 Downloading [==========>                                        ]  6.291MB/29.15MB
 71e9fc939447 Download complete 
 f94d28849fa3 Download complete 
 b83ce1c86227 Downloading [============================>                      ]  4.194MB/7.241MB
 1008deaf6ec4 Downloading [=======================>                           ]  5.243MB/11.19MB
 91d2729fa4d5 Download complete 
 ae3bb1b347a4 Download complete 
 f9dd052e142d Downloading [======>                                            ]  6.291MB/52.33MB
 eb77aa907276 Downloading [>                                                  ]  5.243MB/907.7MB
 e0d55fdb4d15 Downloading [=====>                                             ]  12.58MB/109MB
 b0a0cf830b12 Downloading [=================>                                 ]  10.49MB/29.15MB
 0ffa8f8aba1e Download complete 
 56b5e4f0933d Download complete 
 b83ce1c86227 Download complete 
 1008deaf6ec4 Downloading [==============================================>    ]  10.49MB/11.19MB
 f9c0805c25ee Downloading [===========>                                       ]  9.437MB/39.45MB
 e8c6d4883897 Download complete 
 c4cc93acbec6 Download complete 
 9739ced65621 Download complete 
 e7da101a9486 Download complete 
 4831516dd0cb Downloading [====================>                              ]  11.53MB/28.23MB
 22dca8215bc4 Downloading [=====================================>             ]  11.53MB/15.35MB
 648eb81b3252 Download complete 
 b83ce1c86227 Extracting 1 s
 f9dd052e142d Downloading [=============>                                     ]  13.63MB/52.33MB
 eb77aa907276 Downloading [>                                                  ]  11.53MB/907.7MB
 4831516dd0cb Downloading [=================================>                 ]  18.87MB/28.23MB
 e0d55fdb4d15 Downloading [========>                                          ]  18.87MB/109MB
 b0a0cf830b12 Downloading [==============================>                    ]  17.83MB/29.15MB
 1008deaf6ec4 Download complete 
 f9c0805c25ee Downloading [=====================>                             ]  16.78MB/39.45MB
 22dca8215bc4 Download complete 
 b83ce1c86227 Extracting 1 s
 e0d55fdb4d15 Downloading [===========>                                       ]  25.17MB/109MB
 b0a0cf830b12 Downloading [===========================================>       ]  25.17MB/29.15MB
 f9dd052e142d Downloading [===================>                               ]   20.7MB/52.33MB
 eb77aa907276 Downloading [=>                                                 ]  18.87MB/907.7MB
 f9c0805c25ee Downloading [==============================>                    ]  24.12MB/39.45MB
 4831516dd0cb Downloading [================================================>  ]  27.26MB/28.23MB
 b83ce1c86227 Extracting 1 s
 f9c0805c25ee Downloading [=========================================>         ]  32.51MB/39.45MB
 e0d55fdb4d15 Downloading [===============>                                   ]  33.55MB/109MB
 f9dd052e142d Downloading [===========================>                       ]  28.31MB/52.33MB
 eb77aa907276 Downloading [=>                                                 ]  27.26MB/907.7MB
 b0a0cf830b12 Download complete 
 5682dec5b749 Downloading [==================>                                ]  2.097MB/5.719MB
 4831516dd0cb Download complete 
 b83ce1c86227 Extracting 1 s
 4831516dd0cb Extracting 1 s
 b0a0cf830b12 Extracting 1 s
 e0d55fdb4d15 Downloading [===================>                               ]  41.94MB/109MB
 5682dec5b749 Downloading [====================================>              ]  4.194MB/5.719MB
 f9c0805c25ee Downloading [=================================================> ]   38.8MB/39.45MB
 f9dd052e142d Downloading [====================================>              ]  38.25MB/52.33MB
 eb77aa907276 Downloading [=>                                                 ]  34.98MB/907.7MB
 b83ce1c86227 Extracting 1 s
 4831516dd0cb Extracting 1 s
 b0a0cf830b12 Extracting 1 s
 e0d55fdb4d15 Downloading [=======================>                           ]  51.28MB/109MB
 5682dec5b749 Downloading [====================================>              ]  4.194MB/5.719MB
 f9dd052e142d Downloading [===============================================>   ]  49.28MB/52.33MB
 eb77aa907276 Downloading [==>                                                ]  44.04MB/907.7MB
 f9c0805c25ee Download complete 
 4831516dd0cb Extracting 1 s
 b83ce1c86227 Extracting 1 s
 b0a0cf830b12 Extracting 1 s
 e0d55fdb4d15 Downloading [===========================>                       ]  60.82MB/109MB
 5682dec5b749 Downloading [====================================>              ]  4.194MB/5.719MB
 f9dd052e142d Download complete 
 eb77aa907276 Downloading [===>                                               ]  55.57MB/907.7MB
 f94d28849fa3 Extracting 1 s
 b83ce1c86227 Pull complete 
 f9dd052e142d Extracting 1 s
 4831516dd0cb Extracting 1 s
 b0a0cf830b12 Extracting 1 s
 e0d55fdb4d15 Downloading [=================================>                 ]   73.4MB/109MB
 eb77aa907276 Downloading [===>                                               ]  66.06MB/907.7MB
 5682dec5b749 Download complete 
 f9dd052e142d Extracting 1 s
 4831516dd0cb Extracting 1 s
 f94d28849fa3 Pull complete 
 b0a0cf830b12 Extracting 1 s
 e0d55fdb4d15 Downloading [======================================>            ]  84.93MB/109MB
 eb77aa907276 Downloading [====>                                              ]  78.64MB/907.7MB
 81260b173076 Pull complete 
 f9c0805c25ee Extracting 1 s
 f9dd052e142d Extracting 1 s
 b0a0cf830b12 Extracting 1 s
 4831516dd0cb Extracting 1 s
 e0d55fdb4d15 Downloading [===========================================>       ]  95.42MB/109MB
 eb77aa907276 Downloading [====>                                              ]  90.18MB/907.7MB
 f9c0805c25ee Extracting 1 s
 f9dd052e142d Extracting 1 s
 4831516dd0cb Extracting 1 s
 b0a0cf830b12 Extracting 1 s
 eb77aa907276 Downloading [=====>                                             ]  100.7MB/907.7MB
 e0d55fdb4d15 Downloading [================================================>  ]  105.9MB/109MB
 f9c0805c25ee Extracting 1 s
 f9dd052e142d Extracting 1 s
 4831516dd0cb Extracting 1 s
 b0a0cf830b12 Extracting 1 s
 eb77aa907276 Downloading [======>                                            ]  114.3MB/907.7MB
 e0d55fdb4d15 Download complete 
 f9dd052e142d Extracting 1 s
 f9c0805c25ee Extracting 1 s
 4831516dd0cb Extracting 1 s
 b0a0cf830b12 Extracting 1 s
 eb77aa907276 Downloading [=======>                                           ]  132.1MB/907.7MB
 f9dd052e142d Extracting 1 s
 f9c0805c25ee Extracting 1 s
 4831516dd0cb Extracting 1 s
 b0a0cf830b12 Extracting 1 s
 eb77aa907276 Downloading [========>                                          ]  147.8MB/907.7MB
 f9c0805c25ee Extracting 1 s
 f9dd052e142d Extracting 1 s
 4831516dd0cb Extracting 1 s
 b0a0cf830b12 Extracting 1 s
 eb77aa907276 Downloading [=========>                                         ]  165.7MB/907.7MB
 f9c0805c25ee Extracting 1 s
 f9dd052e142d Extracting 1 s
 4831516dd0cb Extracting 2 s
 b0a0cf830b12 Extracting 2 s
 eb77aa907276 Downloading [=========>                                         ]  176.2MB/907.7MB
 f9c0805c25ee Extracting 1 s
 f9dd052e142d Extracting 1 s
 4831516dd0cb Extracting 2 s
 b0a0cf830b12 Extracting 2 s
 eb77aa907276 Downloading [==========>                                        ]  187.7MB/907.7MB
 f9dd052e142d Extracting 1 s
 f9c0805c25ee Extracting 1 s
 4831516dd0cb Extracting 2 s
 b0a0cf830b12 Extracting 2 s
 eb77aa907276 Downloading [===========>                                       ]  204.5MB/907.7MB
 f9c0805c25ee Extracting 1 s
 f9dd052e142d Extracting 2 s
 4831516dd0cb Extracting 2 s
 b0a0cf830b12 Extracting 2 s
 eb77aa907276 Downloading [============>                                      ]  220.2MB/907.7MB
 f9c0805c25ee Extracting 1 s
 f9dd052e142d Extracting 2 s
 4831516dd0cb Extracting 2 s
 b0a0cf830b12 Extracting 2 s
 eb77aa907276 Downloading [============>                                      ]  233.8MB/907.7MB
 f9dd052e142d Extracting 2 s
 f9c0805c25ee Extracting 2 s
 4831516dd0cb Extracting 2 s
 b0a0cf830b12 Extracting 2 s
 eb77aa907276 Downloading [=============>                                     ]  245.4MB/907.7MB
 f9c0805c25ee Extracting 2 s
 f9dd052e142d Extracting 2 s
 4831516dd0cb Extracting 2 s
 b0a0cf830b12 Extracting 2 s
 eb77aa907276 Downloading [==============>                                    ]  261.1MB/907.7MB
 f9c0805c25ee Extracting 2 s
 f9dd052e142d Extracting 2 s
 4831516dd0cb Extracting 2 s
 b0a0cf830b12 Extracting 2 s
 eb77aa907276 Downloading [===============>                                   ]  272.6MB/907.7MB
 f9dd052e142d Extracting 2 s
 f9c0805c25ee Extracting 2 s
 4831516dd0cb Extracting 2 s
 b0a0cf830b12 Extracting 2 s
 eb77aa907276 Downloading [===============>                                   ]  285.2MB/907.7MB
 f9c0805c25ee Extracting 2 s
 f9dd052e142d Extracting 2 s
 4831516dd0cb Extracting 2 s
 b0a0cf830b12 Extracting 2 s
 eb77aa907276 Downloading [================>                                  ]  297.8MB/907.7MB
 f9c0805c25ee Extracting 2 s
 f9dd052e142d Extracting 2 s
 4831516dd0cb Pull complete 
 b0a0cf830b12 Extracting 3 s
 eb77aa907276 Downloading [=================>                                 ]  313.5MB/907.7MB
 47a60771af96 Pull complete 
 dda3d8fbd5ed Pull complete 
 edcaff0d5e7e Extracting 1 s
 1008deaf6ec4 Extracting 1 s
 f9c0805c25ee Pull complete 
 7b28be0c8c4d Pull complete 
 f9dd052e142d Extracting 2 s
 283a477db7bb Extracting 1 s
 b0a0cf830b12 Pull complete 
 eb77aa907276 Downloading [==================>                                ]  329.3MB/907.7MB
 edcaff0d5e7e Pull complete 
 1008deaf6ec4 Extracting 1 s
 22dca8215bc4 Extracting 1 s
 283a477db7bb Extracting 1 s
 f9dd052e142d Extracting 2 s
 eb77aa907276 Downloading [===================>                               ]    345MB/907.7MB
 22dca8215bc4 Extracting 1 s
 f9dd052e142d Extracting 3 s
 1008deaf6ec4 Extracting 1 s
 283a477db7bb Pull complete 
 91d2729fa4d5 Extracting 1 s
 eb77aa907276 Downloading [===================>                               ]  360.7MB/907.7MB
 22dca8215bc4 Extracting 1 s
 1008deaf6ec4 Extracting 1 s
 f9dd052e142d Extracting 3 s
 91d2729fa4d5 Pull complete 
 9739ced65621 Extracting 1 s
 eb77aa907276 Downloading [====================>                              ]  370.1MB/907.7MB
 1008deaf6ec4 Pull complete 
 22dca8215bc4 Extracting 1 s
 f9dd052e142d Extracting 3 s
 9739ced65621 Extracting 1 s
 eb77aa907276 Downloading [=====================>                             ]  382.7MB/907.7MB
 22dca8215bc4 Extracting 1 s
 71e9fc939447 Extracting 1 s
 f9dd052e142d Extracting 3 s
 9739ced65621 Extracting 1 s
 eb77aa907276 Downloading [======================>                            ]  399.5MB/907.7MB
 34013573f278 Pull complete 
 c1bc68842c41 Pull complete 
 0288b5a0d7e7 Pull complete 
 22dca8215bc4 Extracting 1 s
 71e9fc939447 Pull complete 
 f9dd052e142d Extracting 3 s
 9739ced65621 Extracting 1 s
 minio Pulled 
 eb77aa907276 Downloading [======================>                            ]  413.1MB/907.7MB
 4f4fb700ef54 Pull complete 
 bbf018d6d4b8 Pull complete 
 c5761dea9b0e Extracting 1 s
 22dca8215bc4 Pull complete 
 f9dd052e142d Extracting 3 s
 9739ced65621 Extracting 1 s
 c5761dea9b0e Pull complete 
 redis Pulled 
 eb77aa907276 Downloading [=======================>                           ]  428.9MB/907.7MB
 f9dd052e142d Extracting 3 s
 9739ced65621 Extracting 1 s
 eb77aa907276 Downloading [========================>                          ]  448.8MB/907.7MB
 f9dd052e142d Extracting 3 s
 ae3bb1b347a4 Extracting 1 s
 9739ced65621 Pull complete 
 eb77aa907276 Downloading [=========================>                         ]  468.7MB/907.7MB
 f8406d9c00ea Pull complete 
 c199bff16b05 Pull complete 
 f9dd052e142d Extracting 3 s
 ae3bb1b347a4 Pull complete 
 e0d55fdb4d15 Extracting 1 s
 eb77aa907276 Downloading [==========================>                        ]  485.5MB/907.7MB
 e0d55fdb4d15 Extracting 1 s
 f9dd052e142d Extracting 3 s
 eb77aa907276 Downloading [===========================>                       ]  506.5MB/907.7MB
 f9dd052e142d Extracting 4 s
 e0d55fdb4d15 Extracting 1 s
 eb77aa907276 Downloading [============================>                      ]  514.9MB/907.7MB
 f9dd052e142d Extracting 4 s
 e0d55fdb4d15 Extracting 1 s
 eb77aa907276 Downloading [============================>                      ]  526.4MB/907.7MB
 e0d55fdb4d15 Extracting 1 s
 f9dd052e142d Extracting 4 s
 eb77aa907276 Downloading [=============================>                     ]  544.2MB/907.7MB
 e0d55fdb4d15 Extracting 1 s
 f9dd052e142d Extracting 4 s
 eb77aa907276 Downloading [==============================>                    ]    561MB/907.7MB
 e8c6d4883897 Extracting 1 s
 f9dd052e142d Pull complete 
 e0d55fdb4d15 Extracting 1 s
 eb77aa907276 Downloading [===============================>                   ]  578.8MB/907.7MB
 e8c6d4883897 Extracting 1 s
 e0d55fdb4d15 Extracting 1 s
 eb77aa907276 Downloading [================================>                  ]  597.7MB/907.7MB
 e8c6d4883897 Pull complete 
 648eb81b3252 Pull complete 
 e0d55fdb4d15 Extracting 1 s
 eb77aa907276 Downloading [==================================>                ]  618.6MB/907.7MB
 e0d55fdb4d15 Extracting 1 s
 eb77aa907276 Downloading [===================================>               ]  641.7MB/907.7MB
 e0d55fdb4d15 Extracting 1 s
 eb77aa907276 Downloading [====================================>              ]  658.5MB/907.7MB
 e0d55fdb4d15 Extracting 2 s
 eb77aa907276 Downloading [=====================================>             ]  678.4MB/907.7MB
 e0d55fdb4d15 Extracting 2 s
 eb77aa907276 Downloading [======================================>            ]  701.5MB/907.7MB
 e0d55fdb4d15 Extracting 2 s
 eb77aa907276 Downloading [=======================================>           ]  724.6MB/907.7MB
 e0d55fdb4d15 Extracting 2 s
 eb77aa907276 Downloading [=========================================>         ]  744.5MB/907.7MB
 e0d55fdb4d15 Extracting 2 s
 eb77aa907276 Downloading [==========================================>        ]  763.4MB/907.7MB
 e0d55fdb4d15 Extracting 2 s
 eb77aa907276 Downloading [===========================================>       ]  785.4MB/907.7MB
 e0d55fdb4d15 Extracting 2 s
 eb77aa907276 Downloading [============================================>      ]  803.2MB/907.7MB
 e0d55fdb4d15 Extracting 2 s
 eb77aa907276 Downloading [=============================================>     ]    820MB/907.7MB
 e0d55fdb4d15 Extracting 2 s
 eb77aa907276 Downloading [=============================================>     ]  830.5MB/907.7MB
 e0d55fdb4d15 Extracting 2 s
 eb77aa907276 Downloading [==============================================>    ]  844.1MB/907.7MB
 e0d55fdb4d15 Extracting 3 s
 eb77aa907276 Downloading [===============================================>   ]  857.7MB/907.7MB
 e0d55fdb4d15 Extracting 3 s
 eb77aa907276 Downloading [================================================>  ]  874.5MB/907.7MB
 e0d55fdb4d15 Extracting 3 s
 eb77aa907276 Downloading [=================================================> ]  893.8MB/907.7MB
 e0d55fdb4d15 Extracting 3 s
 eb77aa907276 Downloading [==================================================>]  907.7MB/907.7MB
 e0d55fdb4d15 Extracting 3 s
 eb77aa907276 Downloading [==================================================>]  907.7MB/907.7MB
 e0d55fdb4d15 Extracting 3 s
 eb77aa907276 Downloading [==================================================>]  907.7MB/907.7MB
 e0d55fdb4d15 Extracting 3 s
 eb77aa907276 Downloading [==================================================>]  907.7MB/907.7MB
 e0d55fdb4d15 Extracting 3 s
 eb77aa907276 Downloading [==================================================>]  907.7MB/907.7MB
 e0d55fdb4d15 Extracting 3 s
 eb77aa907276 Downloading [==================================================>]  907.7MB/907.7MB
 e0d55fdb4d15 Extracting 3 s
 eb77aa907276 Downloading [==================================================>]  907.7MB/907.7MB
 e0d55fdb4d15 Extracting 4 s
 eb77aa907276 Downloading [==================================================>]  907.7MB/907.7MB
 e0d55fdb4d15 Extracting 4 s
 eb77aa907276 Downloading [==================================================>]  907.7MB/907.7MB
 e0d55fdb4d15 Extracting 4 s
 eb77aa907276 Downloading [==================================================>]  907.7MB/907.7MB
 eb77aa907276 Downloading [==================================================>]  907.7MB/907.7MB
 eb77aa907276 Downloading [==================================================>]  907.7MB/907.7MB
 eb77aa907276 Downloading [==================================================>]  907.7MB/907.7MB
 eb77aa907276 Downloading [==================================================>]  907.7MB/907.7MB
 eb77aa907276 Downloading [==================================================>]  907.7MB/907.7MB
 eb77aa907276 Downloading [==================================================>]  907.7MB/907.7MB
 eb77aa907276 Downloading [==================================================>]  907.7MB/907.7MB
 e0d55fdb4d15 Pull complete 
 eb77aa907276 Downloading [==================================================>]  907.7MB/907.7MB
 eb77aa907276 Download complete 
 873532e5f8c7 Pull complete 
 050d9f8c3b1c Pull complete 
 eb77aa907276 Extracting 1 s
 c1cb13b19080 Pull complete 
 710e142705f8 Pull complete 
 cb628c265f09 Pull complete 
 postgresql Pulled 
 eb77aa907276 Extracting 1 s
 eb77aa907276 Extracting 1 s
 eb77aa907276 Extracting 1 s
 eb77aa907276 Extracting 1 s
 eb77aa907276 Extracting 1 s
 eb77aa907276 Extracting 1 s
 eb77aa907276 Extracting 1 s
 eb77aa907276 Extracting 1 s
 eb77aa907276 Extracting 1 s
 eb77aa907276 Extracting 1 s
 eb77aa907276 Extracting 2 s
 eb77aa907276 Extracting 2 s
 eb77aa907276 Extracting 2 s
 eb77aa907276 Extracting 2 s
 eb77aa907276 Extracting 2 s
 eb77aa907276 Extracting 2 s
 eb77aa907276 Extracting 2 s
 eb77aa907276 Extracting 2 s
 eb77aa907276 Extracting 2 s
 eb77aa907276 Extracting 2 s
 eb77aa907276 Extracting 3 s
 eb77aa907276 Extracting 3 s
 eb77aa907276 Extracting 3 s
 eb77aa907276 Extracting 3 s
 eb77aa907276 Extracting 3 s
 eb77aa907276 Extracting 3 s
 eb77aa907276 Extracting 3 s
 eb77aa907276 Extracting 3 s
 eb77aa907276 Extracting 3 s
 eb77aa907276 Extracting 3 s
 eb77aa907276 Extracting 4 s
 eb77aa907276 Extracting 4 s
 eb77aa907276 Extracting 4 s
 eb77aa907276 Extracting 4 s
 eb77aa907276 Extracting 4 s
 eb77aa907276 Extracting 4 s
 eb77aa907276 Extracting 4 s
 eb77aa907276 Extracting 4 s
 eb77aa907276 Extracting 4 s
 eb77aa907276 Extracting 4 s
 eb77aa907276 Extracting 5 s
 eb77aa907276 Extracting 5 s
 eb77aa907276 Extracting 5 s
 eb77aa907276 Extracting 5 s
 eb77aa907276 Extracting 5 s
 eb77aa907276 Extracting 5 s
 4f4fb700ef54 Pull complete 
 2e81b9cb93cd Pull complete 
 0ffa8f8aba1e Pull complete 
 eb77aa907276 Pull complete 
 opensearch Pulled 
 Network docker_services_cli_default  Creating
 Network docker_services_cli_default  Created
 Container docker_services_cli-opensearch-1  Creating
 Container docker_services_cli-minio-1  Creating
 Container docker_services_cli-postgresql-1  Creating
 Container docker_services_cli-redis-1  Creating
 Container docker_services_cli-redis-1  Created
 Container docker_services_cli-opensearch-1  Created
 Container docker_services_cli-minio-1  Created
 Container docker_services_cli-postgresql-1  Created
 Container docker_services_cli-redis-1  Starting
 Container docker_services_cli-minio-1  Starting
 Container docker_services_cli-opensearch-1  Starting
 Container docker_services_cli-postgresql-1  Starting
 Container docker_services_cli-opensearch-1  Started
 Container docker_services_cli-minio-1  Started
 Container docker_services_cli-redis-1  Started
 Container docker_services_cli-postgresql-1  Started
Generating LALR tables
WARNING: 2 shift/reduce conflicts
WARNING: 2 reduce/reduce conflicts
WARNING: reduce/reduce conflict in state 24 resolved using rule (phrase_or_possibly_negative_term -> PHRASE)
WARNING: rejected rule (phrase_or_term -> PHRASE) in state 24
ImportError while loading conftest '/home/runner/work/test-zip-extract-repository/test-zip-extract-repository/workdir/tests/invenio-records-resources/original/tests/conftest.py'.
tests/conftest.py:25: in <module>
    from tests.mock_module.config import FileServiceConfig, ServiceConfig
tests/mock_module/__init__.py:15: in <module>
    from tests.mock_module.config import (
tests/mock_module/config.py:36: in <module>
    from .api import Record, RecordWithFiles
tests/mock_module/api.py:30: in <module>
    from . import models
tests/mock_module/models.py:23: in <module>
    class RecordMetadata(db.Model, RecordMetadataBase):
tests/mock_module/models.py:28: in RecordMetadata
    expires_at = db.Column(db.UTCDateTime(), nullable=True)
                           ^^^^^^^^^^^^^^
.venv/lib/python3.14/site-packages/flask_sqlalchemy/extension.py:1008: in __getattr__
    raise AttributeError(name)
E   AttributeError: UTCDateTime
 Container docker_services_cli-opensearch-1  Stopping
 Container docker_services_cli-redis-1  Stopping
 Container docker_services_cli-minio-1  Stopping
 Container docker_services_cli-postgresql-1  Stopping
 Container docker_services_cli-postgresql-1  Stopped
 Container docker_services_cli-postgresql-1  Removing
 Container docker_services_cli-minio-1  Stopped
 Container docker_services_cli-minio-1  Removing
 Container docker_services_cli-minio-1  Removed
 Container docker_services_cli-postgresql-1  Removed
 Container docker_services_cli-redis-1  Stopped
 Container docker_services_cli-redis-1  Removing
 Container docker_services_cli-redis-1  Removed
 Container docker_services_cli-opensearch-1  Stopped
 Container docker_services_cli-opensearch-1  Removing
 Container docker_services_cli-opensearch-1  Removed
 Network docker_services_cli_default  Removing
 Network docker_services_cli_default  Removed
