 postgresql Pulling 
 opensearch Pulling 
 cb628c265f09 Pulling fs layer 
 f8406d9c00ea Pulling fs layer 
 283a477db7bb Pulling fs layer 
 c199bff16b05 Pulling fs layer 
 9739ced65621 Pulling fs layer 
 b0a0cf830b12 Pulling fs layer 
 e0d55fdb4d15 Pulling fs layer 
 ae3bb1b347a4 Pulling fs layer 
 dda3d8fbd5ed Pulling fs layer 
 c1cb13b19080 Pulling fs layer 
 710e142705f8 Pulling fs layer 
 873532e5f8c7 Pulling fs layer 
 050d9f8c3b1c Pulling fs layer 
 91d2729fa4d5 Pulling fs layer 
 2e81b9cb93cd Pulling fs layer 
 648eb81b3252 Pulling fs layer 
 f9dd052e142d Pulling fs layer 
 0ffa8f8aba1e Pulling fs layer 
 e8c6d4883897 Pulling fs layer 
 4f4fb700ef54 Pulling fs layer 
 eb77aa907276 Pulling fs layer 
 4f4fb700ef54 Already exists 
 648eb81b3252 Download complete 
 cb628c265f09 Download complete 
 eb77aa907276 Downloading [>                                                  ]    983kB/907.7MB
 91d2729fa4d5 Download complete 
 e0d55fdb4d15 Downloading [=>                                                 ]  3.146MB/109MB
 dda3d8fbd5ed Downloading [==================================================>]  1.165kB/1.165kB
 710e142705f8 Downloading [==================================================>]  5.421kB/5.421kB
 f8406d9c00ea Download complete 
 283a477db7bb Downloading [==================================================>]  4.533MB/4.533MB
 ae3bb1b347a4 Downloading [===========================================>       ]  1.049MB/1.196MB
 c1cb13b19080 Downloading [==================================================>]  9.925kB/9.925kB
 873532e5f8c7 Downloading [==================================================>]     128B/128B
 050d9f8c3b1c Downloading [==================================================>]     169B/169B
 c199bff16b05 Download complete 
 c1cb13b19080 Download complete 
 873532e5f8c7 Download complete 
 2e81b9cb93cd Download complete 
 050d9f8c3b1c Download complete 
 9739ced65621 Downloading [===================>                               ]  3.146MB/8.069MB
 e0d55fdb4d15 Downloading [==>                                                ]  5.243MB/109MB
 dda3d8fbd5ed Download complete 
 eb77aa907276 Downloading [>                                                  ]  2.097MB/907.7MB
 710e142705f8 Download complete 
 283a477db7bb Download complete 
 b0a0cf830b12 Downloading [=>                                                 ]  1.049MB/29.15MB
 ae3bb1b347a4 Downloading [==================================================>]  1.196MB/1.196MB
 0ffa8f8aba1e Download complete 
 9739ced65621 Download complete 
 e0d55fdb4d15 Downloading [==========>                                        ]  22.02MB/109MB
 e8c6d4883897 Download complete 
 eb77aa907276 Downloading [>                                                  ]  6.291MB/907.7MB
 f9dd052e142d Downloading [========>                                          ]  8.389MB/52.33MB
 56b5e4f0933d Download complete 
 b0a0cf830b12 Downloading [================>                                  ]  9.437MB/29.15MB
 ae3bb1b347a4 Download complete 
 5682dec5b749 Downloading [================================================>  ]  5.521MB/5.719MB
 e0d55fdb4d15 Downloading [================>                                  ]  35.65MB/109MB
 b0a0cf830b12 Downloading [===========================================>       ]  25.17MB/29.15MB
 f9dd052e142d Downloading [======================>                            ]  23.07MB/52.33MB
 eb77aa907276 Downloading [>                                                  ]  12.58MB/907.7MB
 f9dd052e142d Downloading [=====================================>             ]  38.99MB/52.33MB
 eb77aa907276 Downloading [=>                                                 ]  19.92MB/907.7MB
 5682dec5b749 Download complete 
 e0d55fdb4d15 Downloading [=======================>                           ]  51.55MB/109MB
 b0a0cf830b12 Download complete 
 b0a0cf830b12 Extracting 1 s
 e0d55fdb4d15 Downloading [===============================>                   ]  68.16MB/109MB
 eb77aa907276 Downloading [=>                                                 ]  28.31MB/907.7MB
 f9dd052e142d Downloading [==================================================>]  52.33MB/52.33MB
 b0a0cf830b12 Extracting 1 s
 eb77aa907276 Downloading [==>                                                ]  37.75MB/907.7MB
 e0d55fdb4d15 Downloading [======================================>            ]  84.93MB/109MB
 f9dd052e142d Download complete 
 f9dd052e142d Extracting 1 s
 b0a0cf830b12 Extracting 1 s
 eb77aa907276 Downloading [==>                                                ]  49.28MB/907.7MB
 e0d55fdb4d15 Downloading [==============================================>    ]  100.7MB/109MB
 f9dd052e142d Extracting 1 s
 b0a0cf830b12 Extracting 1 s
 eb77aa907276 Downloading [===>                                               ]  62.91MB/907.7MB
 e0d55fdb4d15 Download complete 
 f9dd052e142d Extracting 1 s
 b0a0cf830b12 Extracting 1 s
 eb77aa907276 Downloading [====>                                              ]  77.59MB/907.7MB
 f9dd052e142d Extracting 1 s
 b0a0cf830b12 Extracting 1 s
 eb77aa907276 Downloading [=====>                                             ]  94.37MB/907.7MB
 f9dd052e142d Extracting 1 s
 b0a0cf830b12 Extracting 1 s
 eb77aa907276 Downloading [======>                                            ]  113.2MB/907.7MB
 f9dd052e142d Extracting 1 s
 b0a0cf830b12 Extracting 1 s
 eb77aa907276 Downloading [=======>                                           ]  131.1MB/907.7MB
 f9dd052e142d Extracting 1 s
 b0a0cf830b12 Extracting 1 s
 eb77aa907276 Downloading [========>                                          ]  149.8MB/907.7MB
 f9dd052e142d Extracting 1 s
 b0a0cf830b12 Extracting 1 s
 eb77aa907276 Downloading [=========>                                         ]  166.8MB/907.7MB
 f9dd052e142d Extracting 1 s
 b0a0cf830b12 Extracting 1 s
 eb77aa907276 Downloading [==========>                                        ]  184.5MB/907.7MB
 f9dd052e142d Extracting 1 s
 b0a0cf830b12 Extracting 2 s
 eb77aa907276 Downloading [===========>                                       ]  202.4MB/907.7MB
 f9dd052e142d Extracting 1 s
 b0a0cf830b12 Extracting 2 s
 eb77aa907276 Downloading [============>                                      ]  220.2MB/907.7MB
 f9dd052e142d Extracting 2 s
 b0a0cf830b12 Extracting 2 s
 eb77aa907276 Downloading [=============>                                     ]    238MB/907.7MB
 f9dd052e142d Extracting 2 s
 dda3d8fbd5ed Pull complete 
 b0a0cf830b12 Pull complete 
 eb77aa907276 Downloading [==============>                                    ]  256.9MB/907.7MB
 f9dd052e142d Extracting 2 s
 283a477db7bb Extracting 1 s
 eb77aa907276 Downloading [===============>                                   ]  273.7MB/907.7MB
 91d2729fa4d5 Pull complete 
 f9dd052e142d Extracting 2 s
 283a477db7bb Pull complete 
 9739ced65621 Extracting 1 s
 eb77aa907276 Downloading [================>                                  ]  292.6MB/907.7MB
 f9dd052e142d Extracting 2 s
 9739ced65621 Extracting 1 s
 eb77aa907276 Downloading [================>                                  ]  308.3MB/907.7MB
 f9dd052e142d Extracting 2 s
 9739ced65621 Extracting 1 s
 eb77aa907276 Downloading [=================>                                 ]  326.1MB/907.7MB
 f9dd052e142d Extracting 2 s
 eb77aa907276 Downloading [==================>                                ]  341.7MB/907.7MB
 f8406d9c00ea Pull complete 
 c199bff16b05 Pull complete 
 f9dd052e142d Extracting 2 s
 9739ced65621 Pull complete 
 ae3bb1b347a4 Pull complete 
 e0d55fdb4d15 Extracting 1 s
 eb77aa907276 Downloading [===================>                               ]  359.7MB/907.7MB
 f9dd052e142d Extracting 2 s
 e0d55fdb4d15 Extracting 1 s
 eb77aa907276 Downloading [====================>                              ]  378.5MB/907.7MB
 e0d55fdb4d15 Extracting 1 s
 f9dd052e142d Extracting 2 s
 eb77aa907276 Downloading [=====================>                             ]  397.4MB/907.7MB
 f9dd052e142d Extracting 3 s
 e0d55fdb4d15 Extracting 1 s
 eb77aa907276 Downloading [======================>                            ]  416.3MB/907.7MB
 f9dd052e142d Extracting 3 s
 e0d55fdb4d15 Extracting 1 s
 eb77aa907276 Downloading [=======================>                           ]  434.1MB/907.7MB
 f9dd052e142d Extracting 3 s
 e0d55fdb4d15 Extracting 1 s
 eb77aa907276 Downloading [========================>                          ]  451.9MB/907.7MB
 e8c6d4883897 Extracting 1 s
 e0d55fdb4d15 Extracting 1 s
 f9dd052e142d Pull complete 
 eb77aa907276 Downloading [=========================>                         ]  469.8MB/907.7MB
 e0d55fdb4d15 Extracting 1 s
 e8c6d4883897 Extracting 1 s
 eb77aa907276 Downloading [==========================>                        ]  488.6MB/907.7MB
 e8c6d4883897 Extracting 1 s
 e0d55fdb4d15 Extracting 1 s
 eb77aa907276 Downloading [===========================>                       ]  505.4MB/907.7MB
 648eb81b3252 Pull complete 
 e8c6d4883897 Pull complete 
 e0d55fdb4d15 Extracting 1 s
 eb77aa907276 Downloading [============================>                      ]    519MB/907.7MB
 e0d55fdb4d15 Extracting 1 s
 eb77aa907276 Downloading [=============================>                     ]  537.9MB/907.7MB
 e0d55fdb4d15 Extracting 2 s
 eb77aa907276 Downloading [==============================>                    ]  556.8MB/907.7MB
 e0d55fdb4d15 Extracting 2 s
 eb77aa907276 Downloading [===============================>                   ]  574.6MB/907.7MB
 e0d55fdb4d15 Extracting 2 s
 eb77aa907276 Downloading [================================>                  ]  593.3MB/907.7MB
 e0d55fdb4d15 Extracting 2 s
 eb77aa907276 Downloading [=================================>                 ]  612.4MB/907.7MB
 e0d55fdb4d15 Extracting 2 s
 eb77aa907276 Downloading [==================================>                ]  631.2MB/907.7MB
 e0d55fdb4d15 Extracting 2 s
 eb77aa907276 Downloading [===================================>               ]  650.1MB/907.7MB
 e0d55fdb4d15 Extracting 2 s
 eb77aa907276 Downloading [====================================>              ]  665.8MB/907.7MB
 e0d55fdb4d15 Extracting 2 s
 eb77aa907276 Downloading [=====================================>             ]  685.8MB/907.7MB
 e0d55fdb4d15 Extracting 2 s
 eb77aa907276 Downloading [======================================>            ]  701.5MB/907.7MB
 e0d55fdb4d15 Extracting 2 s
 eb77aa907276 Downloading [=======================================>           ]  720.4MB/907.7MB
 e0d55fdb4d15 Extracting 3 s
 eb77aa907276 Downloading [========================================>          ]  739.2MB/907.7MB
 e0d55fdb4d15 Extracting 3 s
 eb77aa907276 Downloading [=========================================>         ]  759.2MB/907.7MB
 e0d55fdb4d15 Extracting 3 s
 eb77aa907276 Downloading [==========================================>        ]    777MB/907.7MB
 e0d55fdb4d15 Extracting 3 s
 eb77aa907276 Downloading [===========================================>       ]    798MB/907.7MB
 e0d55fdb4d15 Extracting 3 s
 eb77aa907276 Downloading [=============================================>     ]  818.9MB/907.7MB
 e0d55fdb4d15 Extracting 3 s
 eb77aa907276 Downloading [==============================================>    ]  837.8MB/907.7MB
 c1cb13b19080 Extracting 1 s
 e0d55fdb4d15 Pull complete 
 cb628c265f09 Pull complete 
 c1cb13b19080 Pull complete 
 873532e5f8c7 Pull complete 
 050d9f8c3b1c Pull complete 
 710e142705f8 Pull complete 
 postgresql Pulled 
 eb77aa907276 Downloading [===============================================>   ]  854.6MB/907.7MB
 eb77aa907276 Downloading [================================================>  ]  875.5MB/907.7MB
 eb77aa907276 Downloading [=================================================> ]  894.4MB/907.7MB
 eb77aa907276 Downloading [==================================================>]  907.7MB/907.7MB
 eb77aa907276 Downloading [==================================================>]  907.7MB/907.7MB
 eb77aa907276 Downloading [==================================================>]  907.7MB/907.7MB
 eb77aa907276 Downloading [==================================================>]  907.7MB/907.7MB
 eb77aa907276 Downloading [==================================================>]  907.7MB/907.7MB
 eb77aa907276 Downloading [==================================================>]  907.7MB/907.7MB
 eb77aa907276 Downloading [==================================================>]  907.7MB/907.7MB
 eb77aa907276 Downloading [==================================================>]  907.7MB/907.7MB
 eb77aa907276 Downloading [==================================================>]  907.7MB/907.7MB
 eb77aa907276 Downloading [==================================================>]  907.7MB/907.7MB
 eb77aa907276 Downloading [==================================================>]  907.7MB/907.7MB
 eb77aa907276 Downloading [==================================================>]  907.7MB/907.7MB
 eb77aa907276 Downloading [==================================================>]  907.7MB/907.7MB
 eb77aa907276 Downloading [==================================================>]  907.7MB/907.7MB
 eb77aa907276 Downloading [==================================================>]  907.7MB/907.7MB
 eb77aa907276 Downloading [==================================================>]  907.7MB/907.7MB
 eb77aa907276 Download complete 
 eb77aa907276 Extracting 1 s
 eb77aa907276 Extracting 1 s
 eb77aa907276 Extracting 1 s
 eb77aa907276 Extracting 1 s
 eb77aa907276 Extracting 1 s
 eb77aa907276 Extracting 1 s
 eb77aa907276 Extracting 1 s
 eb77aa907276 Extracting 1 s
 eb77aa907276 Extracting 1 s
 eb77aa907276 Extracting 1 s
 eb77aa907276 Extracting 2 s
 eb77aa907276 Extracting 2 s
 eb77aa907276 Extracting 2 s
 eb77aa907276 Extracting 2 s
 eb77aa907276 Extracting 2 s
 eb77aa907276 Extracting 2 s
 eb77aa907276 Extracting 2 s
 eb77aa907276 Extracting 2 s
 eb77aa907276 Extracting 2 s
 eb77aa907276 Extracting 2 s
 eb77aa907276 Extracting 2 s
 eb77aa907276 Extracting 3 s
 eb77aa907276 Extracting 3 s
 eb77aa907276 Extracting 3 s
 eb77aa907276 Extracting 3 s
 eb77aa907276 Extracting 3 s
 eb77aa907276 Extracting 3 s
 eb77aa907276 Extracting 3 s
 eb77aa907276 Extracting 3 s
 eb77aa907276 Extracting 3 s
 eb77aa907276 Extracting 4 s
 eb77aa907276 Extracting 4 s
 eb77aa907276 Extracting 4 s
 eb77aa907276 Extracting 4 s
 eb77aa907276 Extracting 4 s
 eb77aa907276 Extracting 4 s
 eb77aa907276 Extracting 4 s
 eb77aa907276 Extracting 4 s
 eb77aa907276 Extracting 4 s
 eb77aa907276 Extracting 4 s
 eb77aa907276 Extracting 5 s
 eb77aa907276 Extracting 5 s
 eb77aa907276 Extracting 5 s
 eb77aa907276 Extracting 5 s
 eb77aa907276 Extracting 5 s
 eb77aa907276 Extracting 5 s
 4f4fb700ef54 Pull complete 
 2e81b9cb93cd Pull complete 
 0ffa8f8aba1e Pull complete 
 eb77aa907276 Pull complete 
 opensearch Pulled 
 Network docker_services_cli_default  Creating
 Network docker_services_cli_default  Created
 Container docker_services_cli-postgresql-1  Creating
 Container docker_services_cli-opensearch-1  Creating
 Container docker_services_cli-opensearch-1  Created
 Container docker_services_cli-postgresql-1  Created
 Container docker_services_cli-postgresql-1  Starting
 Container docker_services_cli-opensearch-1  Starting
 Container docker_services_cli-postgresql-1  Started
 Container docker_services_cli-opensearch-1  Started
============================= test session starts ==============================
platform linux -- Python 3.14.2, pytest-8.4.2, pluggy-1.6.0
rootdir: /home/runner/work/test-zip-extract-repository/test-zip-extract-repository/workdir/tests/invenio-search/original
configfile: setup.cfg
testpaths: docs, tests, invenio_search
plugins: isort-4.0.0, flask-1.3.0, black-ng-0.4.1, invenio-3.4.2, github-actions-annotate-failures-0.3.0, pydocstyle-2.4.0, cov-7.0.0, pycodestyle-2.5.0
collected 54 items

tests/test_cli.py ....                                                   [  7%]
tests/test_invenio_search.py ..............................              [ 62%]
tests/test_query.py ...............                                      [ 90%]
tests/test_utils.py .....                                                [100%]

================================ tests coverage ================================
_______________ coverage: platform linux, python 3.14.2-final-0 ________________

Name                         Stmts   Miss  Cover   Missing
----------------------------------------------------------
invenio_search/__init__.py       5      0   100%
invenio_search/api.py          129      8    94%   50, 54, 58, 62, 106, 114, 250, 258
invenio_search/cli.py          122      6    95%   27, 40, 116-122, 180-181
invenio_search/config.py        12      0   100%
invenio_search/engine.py        33     16    52%   26-28, 34-37, 48, 65-71, 76, 81, 86-87
invenio_search/errors.py         2      0   100%
invenio_search/ext.py          275     13    95%   119, 127-136, 225, 344, 373, 443-444, 460, 532, 536, 546
invenio_search/proxies.py        8      0   100%
invenio_search/utils.py         23      0   100%
----------------------------------------------------------
TOTAL                          609     43    93%
============================== 54 passed in 5.69s ==============================
 Container docker_services_cli-postgresql-1  Stopping
 Container docker_services_cli-opensearch-1  Stopping
 Container docker_services_cli-postgresql-1  Stopped
 Container docker_services_cli-postgresql-1  Removing
 Container docker_services_cli-postgresql-1  Removed
 Container docker_services_cli-opensearch-1  Stopped
 Container docker_services_cli-opensearch-1  Removing
 Container docker_services_cli-opensearch-1  Removed
 Network docker_services_cli_default  Removing
 Network docker_services_cli_default  Removed
